CP065313.1_3	TRANS	2	24	0
CP065313.1_3	TRANS	34	56	0
CP065313.1_8	Cation_ATPase_N	4	60	73788.0761553392
CP065313.1_8	TRANS	13	32	0
CP065313.1_8	TRANS	37	59	0
CP065313.1_9	DysFC	28	55	1413.17322784791
CP065313.1_11	TRANS	7	41	0
CP065313.1_14	KOW	25	52	1835.83546949655
CP065313.1_17	SIGNAL	1	21	0
CP065313.1_17	TRANS	7	24	0
CP065313.1_17	P68HR	8	40	139961.039680438
CP065313.1_18	TRANS	16	38	0
CP065313.1_19	TRANS	4	23	0
CP065313.1_19	TRANS	30	52	0
CP065313.1_20	TRANS	4	23	0
CP065313.1_20	TRANS	30	52	0
CP065313.1_23	SIGNAL	1	23	0
CP065313.1_24	HTH_ICLR	10	60	86.6015012914872
CP065313.1_25	TRANS	15	36	0
CP065313.1_27	GIT	8	38	1037.48189182258
CP065313.1_28	CFEM	7	54	265382.945547834
CP065313.1_28	Knot1	13	53	1423.90586660089
CP065313.1_28	RINGv	14	54	3457.92308379422
CP065313.1_28	FYVE	14	59	798.900050450583
CP065313.1_28	CNX	17	48	1700.61943886331
CP065313.1_30	ZnF_ZZ	4	46	1897.67491304047
CP065313.1_30	Molybdop_Fe4S4	4	45	108761.749210324
CP065313.1_30	BBOX	5	49	1612.45919538429
CP065313.1_30	RPOL9	8	60	0.316374667714812
CP065313.1_30	ZnF_C2C2	8	41	422.166182000553
CP065313.1_30	C1_4	9	46	8223.23506159981
CP065313.1_30	CxxC_CXXC_SSSS	10	39	10109.1436107516
CP065313.1_30	RPOLCX	10	53	1692.50320155992
CP065313.1_30	TRASH	10	44	195091.541135848
CP065313.1_31	TRANS	13	35	0
CP065313.1_31	TRANS	39	57	0
CP065313.1_36	TRANS	32	49	0
CP065313.1_37	TRANS	2	19	0
CP065313.1_37	TRANS	23	40	0
CP065313.1_39	IDEAL	23	52	57972.4570338152
CP065313.1_39	S_100	24	60	126711.957648109
CP065313.1_41	SIGNAL	1	20	0
CP065313.1_42	SIGNAL	1	23	0
CP065313.1_42	TRANS	7	29	0
CP065313.1_42	ChtBD1	13	49	1135.29455666502
CP065313.1_42	fCBD	20	58	1222.76178457144
CP065313.1_42	END	36	50	377.443125471054
CP065313.1_45	NOSIC	14	55	43711.7382052559
CP065313.1_49	SIGNAL	1	22	0
CP065313.1_49	TRANS	7	26	0
CP065313.1_50	SIGNAL	1	21	0
CP065313.1_50	TPR	20	53	481.087179436528
CP065313.1_50	SEL1	22	51	604.748981655431
CP065313.1_51	TRANS	26	48	0
CP065313.1_52	TRANS	7	29	0
CP065313.1_52	TRANS	39	58	0
CP065313.1_53	SIGNAL	1	22	0
CP065313.1_53	PRY	9	53	1059.59308947721
CP065313.1_54	TRANS	9	31	0
CP065313.1_56	S_100	24	60	298131.661543507
CP065313.1_59	NOSIC	14	55	43711.7382052559
CP065313.1_61	Matrilin_ccoil	18	48	150076.774950645
CP065313.1_62	SIGNAL	1	20	0
CP065313.1_62	TRANS	31	53	0
CP065313.1_63	P-II	4	60	5.2107586283525e-09
CP065313.1_64	PLDc	1	28	894.147356956475
CP065313.1_64	SIGNAL	1	25	0
CP065313.1_65	SIGNAL	1	19	0
CP065313.1_70	TRANS	4	23	0
CP065313.1_70	TRANS	25	44	0
CP065313.1_73	HTH_MERR	28	60	96.7514897657583
CP065313.1_77	TRANS	10	32	0
CP065313.1_78	SIGNAL	1	21	0
CP065313.1_78	TRANS	7	29	0
CP065313.1_80	TRANS	13	35	0
CP065313.1_81	SIGNAL	1	22	0
CP065313.1_82	TRANS	6	28	0
CP065313.1_82	TRANS	35	57	0
CP065313.1_84	BRLZ	9	60	134.684926718679
CP065313.1_84	DSS1_SEM1	16	53	330973.844800519
CP065313.1_84	COIL	27	58	0
CP065313.1_87	IENR1	13	60	1259.81146856218
CP065313.1_88	TRANS	4	18	0
CP065313.1_88	TRANS	27	49	0
CP065313.1_89	TRANS	13	35	0
CP065313.1_90	Antimicrobial21	3	23	1768.83721939934
CP065313.1_90	EGF_CA	5	30	1067.25610370072
CP065313.1_90	ZnF_C2HC	8	21	1248.12313781819
CP065313.1_93	KASH	9	54	18750.1313598522
CP065313.1_93	TRANS	13	35	0
CP065313.1_95	TRANS	25	47	0
CP065313.1_96	TRANS	34	56	0
CP065313.1_98	IENR1	6	54	1430.24152713254
CP065313.1_98	HTH_ICLR	7	56	1545.88190048991
CP065313.1_99	SIGNAL	1	19	0
CP065313.1_99	TRANS	7	29	0
CP065313.1_99	TRANS	39	58	0
CP065313.1_100	TRANS	2	24	0
CP065313.1_100	TRANS	34	56	0
CP065313.1_101	Romo1	4	50	166017.929949501
CP065313.1_101	TRANS	7	29	0
CP065313.1_103	TRANS	3	25	0
CP065313.1_107	ZnF_C4	16	44	2231.7732530289
CP065313.1_107	FU	16	43	1056.20087319395
CP065313.1_108	TRANS	21	43	0
CP065313.1_109	TRANS	5	27	0
CP065313.1_109	TRANS	37	59	0
CP065313.1_114	HTH_CRP	6	52	665.884051264231
CP065313.1_116	TRANS	5	27	0
CP065313.1_116	TRANS	36	58	0
CP065313.1_120	HTH_MERR	1	59	6.43943386886154e-16
CP065313.1_121	CXC	34	58	2032.36432864166
CP065313.1_124	SIGNAL	1	32	0
CP065313.1_125	Sorb	18	60	1022.88648688555
CP065313.1_126	c-clamp	16	44	136078.339642743
CP065313.1_128	Copper-fist	14	35	87107.0862826034
CP065313.1_130	SIGNAL	1	24	0
CP065313.1_131	HTH_GNTR	9	60	9.21797749948973e-05
CP065313.1_131	HTH_DEOR	26	60	1020.84279399536
CP065313.1_132	ACTH_domain	15	53	49005.6727745894
CP065313.1_133	CTLH	2	55	1415.64035993577
CP065313.1_133	HTH_GNTR	2	55	110.412506428196
CP065313.1_133	HTH_CRP	2	59	2218.89263260713
CP065313.1_134	PLP	13	54	781.536923289646
CP065313.1_139	TRANS	7	24	0
CP065313.1_139	TRANS	34	56	0
CP065313.1_140	TRANS	21	43	0
CP065313.1_141	SIGNAL	1	19	0
CP065313.1_141	TRANS	5	22	0
CP065313.1_141	Elong-fact-P_C	26	55	10275.6846874972
CP065313.1_142	TRANS	9	28	0
CP065313.1_142	TRANS	38	57	0
CP065313.1_143	TRANS	12	34	0
CP065313.1_147	GLUCA	17	41	1313.14048657913
CP065313.1_150	CpcD	2	49	113455.382015156
CP065313.1_151	TRANS	7	25	0
CP065313.1_152	IKKbetaNEMObind	1	33	83693.6126285693
CP065313.1_153	TRANS	29	51	0
CP065313.1_154	TRANS	31	50	0
CP065313.1_156	SEL1	17	52	1139.62303044989
CP065313.1_157	TRANS	20	42	0
CP065313.1_158	TRANS	7	29	0
CP065313.1_158	TRANS	39	58	0
CP065313.1_160	SIGNAL	1	21	0
CP065313.1_160	TRANS	7	29	0
CP065313.1_165	SIGNAL	1	21	0
CP065313.1_166	SIGNAL	1	32	0
CP065313.1_167	SIGNAL	1	18	0
CP065313.1_168	SIGNAL	1	18	0
CP065313.1_169	Ribosomal_S27	3	50	126060.240015977
CP065313.1_169	IBR	4	52	113.556774887395
CP065313.1_169	RPOL9	14	59	249.032944850218
CP065313.1_169	ZnF_GATA	19	60	870.653124342155
CP065313.1_169	Prim_Zn_Ribbon	20	56	398.857421536066
CP065313.1_169	ZnF_RBZ	21	50	232.036710579345
CP065313.1_169	RPOLCX	21	59	2220.24316720669
CP065313.1_169	ZnF_C2C2	23	53	30.1053103885185
CP065313.1_169	ZnF_C2H2	23	43	1424.02221269607
CP065313.1_169	PTI	23	48	819.506877367456
CP065313.1_169	TRASH	25	53	195091.541135848
CP065313.1_171	Y1_Tnp	2	60	9599.65112366263
CP065313.1_174	CUE	1	40	131.852225027032
CP065313.1_180	TRANS	5	24	0
CP065313.1_183	VHP	14	38	1168.8447669945
CP065313.1_184	TRANS	37	59	0
CP065313.1_190	SANT	6	55	618.868555484177
CP065313.1_193	TRANS	30	52	0
CP065313.1_194	SIGNAL	1	20	0
CP065313.1_196	TRANS	28	50	0
CP065313.1_197	Defensin_propep	1	54	133483.912558332
CP065313.1_197	SIGNAL	1	19	0
CP065313.1_199	COIL	4	36	0
CP065313.1_200	PLEC	3	48	689.624440658519
CP065313.1_205	Zalpha	2	57	951.468670326471
CP065313.1_206	ProRS-C_1	1	57	98347.4816925111
CP065313.1_207	Mterf	12	42	1287.9374629049
CP065313.1_208	SIGNAL	1	20	0
CP065313.1_209	TRANS	10	32	0
CP065313.1_210	TRANS	7	26	0
CP065313.1_210	TRANS	36	58	0
CP065313.1_211	SIGNAL	1	19	0
CP065313.1_211	TRANS	7	29	0
CP065313.1_212	Pumilio	13	48	273.94515086834
CP065313.1_215	TRANS	13	30	0
CP065313.1_215	TRANS	40	59	0
CP065313.1_216	IRO	35	52	1937.00474748602
CP065313.1_217	SIGNAL	1	22	0
CP065313.1_217	S4	5	55	360.493628996676
CP065313.1_219	TRANS	37	59	0
CP065313.1_221	BHL	1	60	0.00530769509245814
CP065313.1_221	HTH_ARAC	2	56	1093.58231891314
CP065313.1_223	ZnF_GATA	4	57	146.784712319314
CP065313.1_223	ZnF_ZZ	4	48	1164.67288284616
CP065313.1_223	Prim_Zn_Ribbon	5	40	84525.4599791754
CP065313.1_223	BBOX	5	47	3939.9375912943
CP065313.1_223	zf-C4_ClpX	7	51	2.57041576747183
CP065313.1_223	ZnF_C2C2	8	43	486.515711147977
CP065313.1_223	LIM	9	53	688.213038456438
CP065313.1_223	CxxC_CXXC_SSSS	9	42	66258.9254185723
CP065313.1_223	PHD	9	38	389.837539059842
CP065313.1_223	C1_4	9	45	84701.9193149352
CP065313.1_223	zf-AD	9	60	414.910624142327
CP065313.1_223	TRASH	10	45	153755.795818406
CP065313.1_226	TRANS	28	47	0
CP065313.1_227	CxxC_CXXC_SSSS	3	28	3622.57768916662
CP065313.1_227	LIM	4	45	110.503167323101
CP065313.1_227	ZnF_AN1	5	34	110.041281112205
CP065313.1_229	TDU	42	57	2700.24609734123
CP065313.1_230	SIGNAL	1	23	0
CP065313.1_230	HNS	19	60	2422.4092037155
CP065313.1_231	TRANS	12	31	0
CP065313.1_232	TRANS	15	37	0
CP065313.1_235	Defensin_propep	1	54	45190.5832266145
CP065313.1_235	SIGNAL	1	21	0
CP065313.1_237	TRANS	4	26	0
CP065313.1_237	TRANS	39	56	0
CP065313.1_238	TRANS	21	43	0
CP065313.1_239	TRANS	7	26	0
CP065313.1_239	TRANS	41	59	0
CP065313.1_240	BAF	1	60	6194.56140209224
CP065313.1_240	HhH1	3	22	234.316256395338
CP065313.1_241	SIGNAL	1	26	0
CP065313.1_241	TRANS	7	29	0
CP065313.1_242	TRANS	13	35	0
CP065313.1_242	TRANS	40	59	0
CP065313.1_247	TRANS	7	26	0
CP065313.1_248	EFP	4	48	130767.639741286
CP065313.1_251	FeoA	1	60	0.000682984548405932
CP065313.1_252	FeoA	9	60	8638.29905193019
CP065313.1_252	Matrilin_ccoil	18	55	83655.6051963759
CP065313.1_258	SIGNAL	1	22	0
CP065313.1_260	SIGNAL	1	19	0
CP065313.1_260	TRANS	5	27	0
CP065313.1_264	SIGNAL	1	20	0
CP065313.1_265	Defensin_propep	1	46	151387.627849358
CP065313.1_265	SIGNAL	1	19	0
CP065313.1_267	TRANS	7	29	0
CP065313.1_269	TRANS	31	53	0
CP065313.1_271	PUG	14	53	633.475336909419
CP065313.1_271	COIL	16	33	0
CP065313.1_276	GA	1	48	17186.092358274
CP065313.1_278	LsmAD	3	47	185867.113728148
CP065313.1_279	Rho_N	13	42	2595.38450857747
CP065313.1_283	TRANS	5	27	0
CP065313.1_286	SIGNAL	1	24	0
CP065313.1_288	SIGNAL	1	23	0
CP065313.1_291	SIGNAL	1	18	0
CP065313.1_293	SIGNAL	1	24	0
CP065313.1_299	TRANS	12	34	0
CP065313.1_302	TRANS	4	21	0
CP065313.1_306	SIGNAL	1	21	0
CP065313.1_308	SFM	2	53	428.233852721588
CP065313.1_308	COIL	6	35	0
CP065313.1_308	HTH_XRE	14	60	0.379667842550315
CP065313.1_311	BH4	33	59	183.233096467007
CP065313.1_313	KOW	15	42	621.209929077711
CP065313.1_317	Cir_N	16	48	49156.5681645399
CP065313.1_318	AlcB	1	42	100843.654939245
CP065313.1_320	SIGNAL	1	20	0
CP065313.1_322	BHL	1	60	0.000308185008858772
CP065313.1_322	EKR	2	49	23204.1132058326
CP065313.1_322	Cullin_Nedd8	12	59	53431.0719685127
CP065313.1_330	TRANS	33	55	0
CP065313.1_331	EFP	4	53	13063.3607756953
CP065313.1_332	IENR2	7	23	1087.7486830925
CP065313.1_336	REC	2	60	67.6310290201342
CP065313.1_337	PAS	5	59	52.6182029086139
CP065313.1_344	dDENN	3	55	13259.0712658024
CP065313.1_345	STI1	25	56	1205.50853030593
CP065313.1_345	IENR2	30	46	1087.7486830925
CP065313.1_347	NOSIC	14	55	43711.7382052559
CP065313.1_353	TRANS	20	42	0
CP065313.1_360	SIGNAL	1	20	0
CP065313.1_363	IMPDH	6	60	227.396512642739
CP065313.1_368	Cir_N	18	48	98240.3469642017
CP065313.1_369	TRANS	12	29	0
CP065313.1_369	TRANS	33	55	0
CP065313.1_372	COIL	1	28	0
CP065313.1_372	zf-C4_ClpX	22	46	78492.3740933199
CP065313.1_378	SIGNAL	1	24	0
CP065313.1_378	OmpH	14	60	64666.4244227235
CP065313.1_379	SIGNAL	1	25	0
CP065313.1_380	TRANS	7	29	0
CP065313.1_381	Semialdhyde_dh	3	59	97446.0748224065
CP065313.1_382	TRANS	7	29	0
CP065313.1_386	UBA	5	43	301.569455022604
CP065313.1_389	TRANS	10	29	0
CP065313.1_390	CUE	12	48	1497.44737039412
CP065313.1_391	SpoVT_AbrB	18	56	60992.1633227391
CP065313.1_392	CM_2	3	58	107573.165055593
CP065313.1_393	TRANS	4	26	0
CP065313.1_399	PBD	23	51	1454.25584769238
CP065313.1_400	CxxC_CXXC_SSSS	5	50	209.305305518981
CP065313.1_401	DUF4187	3	56	151056.399165969
CP065313.1_402	TRANS	9	28	0
CP065313.1_402	TRANS	38	55	0
CP065313.1_404	FeoA	1	60	4.64509832624e-06
CP065313.1_405	FeoA	7	60	1286.14488517624
CP065313.1_406	SIGNAL	1	23	0
CP065313.1_409	TRANS	7	26	0
CP065313.1_412	TRANS	4	26	0
CP065313.1_414	TRANS	4	26	0
CP065313.1_414	TRANS	31	53	0
CP065313.1_420	LRR_BAC	33	52	1539.05365739094
CP065313.1_423	TRANS	20	39	0
CP065313.1_424	TRANS	20	42	0
CP065313.1_425	TRANS	12	34	0
CP065313.1_426	TRANS	30	52	0
CP065313.1_429	G_gamma	3	54	68824.2290957054
CP065313.1_436	TOPRIM	1	59	78.8556988728064
CP065313.1_440	TRANS	9	31	0
CP065313.1_443	TRANS	9	31	0
CP065313.1_447	Sorb	17	54	800.83556518999
CP065313.1_449	HTH_XRE	12	60	0.101729537351793
CP065313.1_449	HTH_CRP	14	58	243.875003106324
CP065313.1_449	HTH_LUXR	19	56	1009.98438748886
CP065313.1_449	HTH_LACI	21	60	6.91966568394675
CP065313.1_450	GIT	2	33	176.687292052423
CP065313.1_450	Beta-TrCP_D	3	45	39690.8569433038
CP065313.1_451	P68HR	21	51	193494.801559934
CP065313.1_452	TRANS	39	58	0
CP065313.1_453	SIGNAL	1	23	0
CP065313.1_455	Ribosomal_S13_N	1	51	129143.072576925
CP065313.1_455	SpoVT_AbrB	7	52	0.028838512329702
CP065313.1_457	SIGNAL	1	21	0
CP065313.1_457	PLEC	3	50	1438.50049217062
CP065313.1_458	TRANS	24	46	0
CP065313.1_459	SIGNAL	1	26	0
CP065313.1_459	TRANS	7	29	0
CP065313.1_463	TRANS	24	46	0
CP065313.1_464	SIGNAL	1	28	0
CP065313.1_464	DALR_2	2	52	99325.0982542214
CP065313.1_464	TRANS	7	29	0
CP065313.1_467	SpoVT_AbrB	7	52	0.123633408004345
CP065313.1_475	NAT_PEP	7	32	402.677128616304
CP065313.1_475	TRANS	35	57	0
CP065313.1_476	COIL	29	56	0
CP065313.1_477	TRANS	12	31	0
CP065313.1_479	TRANS	5	27	0
CP065313.1_479	ANX	13	48	1287.46873189468
CP065313.1_479	TRANS	37	59	0
CP065313.1_482	TRANS	12	29	0
CP065313.1_482	TRANS	39	58	0
CP065313.1_483	TRANS	5	27	0
CP065313.1_483	TRANS	32	49	0
CP065313.1_484	HTH_XRE	7	58	7.54615956531566
CP065313.1_485	HTH_XRE	1	59	1576.16885172934
CP065313.1_485	UIM	35	54	1666.32923337602
CP065313.1_487	SIGNAL	1	22	0
CP065313.1_487	TRANS	7	24	0
CP065313.1_494	KOW	27	54	1210.36079924966
CP065313.1_496	Med12	8	48	170147.356548727
CP065313.1_498	zf-PARP	3	45	39672.7703126007
CP065313.1_498	CUE	5	47	528.903391040945
CP065313.1_503	AWS	11	45	2142.20274587358
CP065313.1_511	Resolvase	3	60	1389.09433149418
CP065313.1_514	SOCS_box	6	30	117843.803779022
CP065313.1_516	SIGNAL	1	21	0
CP065313.1_517	SIGNAL	1	21	0
CP065313.1_518	TRANS	22	44	0
CP065313.1_520	Defensin_propep	1	50	46343.7361200385
CP065313.1_520	SIGNAL	1	22	0
CP065313.1_521	TRANS	4	26	0
CP065313.1_523	DALR_2	1	33	118114.739029789
CP065313.1_523	ITAM	16	36	1433.99848243275
CP065313.1_524	cwf21	13	51	97922.3734160079
CP065313.1_527	SIGNAL	1	26	0
CP065313.1_528	SIGNAL	1	23	0
CP065313.1_528	TRANS	7	24	0
CP065313.1_528	FN2	16	49	1377.58588671307
CP065313.1_532	SIGNAL	1	22	0
CP065313.1_532	TRANS	7	29	0
CP065313.1_533	LRR_CC	1	26	2083.17152323175
CP065313.1_534	TRANS	7	29	0
CP065313.1_534	Defensin_propep	15	55	338531.848217677
CP065313.1_535	TRANS	26	48	0
CP065313.1_536	SIGNAL	1	22	0
CP065313.1_536	TRANS	7	29	0
CP065313.1_537	TRANS	4	23	0
CP065313.1_538	Defensin_propep	1	53	78661.1069374558
CP065313.1_538	SIGNAL	1	20	0
CP065313.1_539	TRANS	5	24	0
CP065313.1_540	SIGNAL	1	24	0
CP065313.1_540	TRANS	5	27	0
CP065313.1_540	TRANS	42	59	0
CP065313.1_541	TRANS	7	29	0
CP065313.1_542	TRANS	15	37	0
CP065313.1_543	TRANS	20	42	0
CP065313.1_544	TRANS	21	43	0
CP065313.1_546	QLQ	26	58	50208.3625276042
CP065313.1_548	TRANS	27	49	0
CP065313.1_553	PHD	10	60	911.490789157406
CP065313.1_553	RINGv	22	60	777.899614526755
CP065313.1_553	RING	23	59	929.351537216558
CP065313.1_560	HhH1	17	36	1075.50876334375
CP065313.1_566	TRANS	27	49	0
CP065313.1_567	TRANS	21	43	0
CP065313.1_568	TRANS	7	29	0
CP065313.1_568	Col_cuticle_N	9	50	46483.2457901008
CP065313.1_569	YajC	21	60	0.259192152176498
CP065313.1_569	TRANS	22	41	0
CP065313.1_571	TAF	5	54	18414.6644722382
CP065313.1_571	EFh	31	53	1666.01853187146
CP065313.1_573	TRANS	5	24	0
CP065313.1_574	POLIIIAc	6	58	5.903708728106e-07
CP065313.1_575	GYR	29	46	1185.65513160588
CP065313.1_576	CRS1_YhbY	6	59	0.0530773190235195
CP065313.1_580	SFM	3	56	1150.19628970015
CP065313.1_580	COIL	4	31	0
CP065313.1_581	CPSase_sm_chain	12	60	6.46443831498789e-05
CP065313.1_582	Ribosomal_S15	2	57	139092.204051065
CP065313.1_584	FBOX	1	40	742.286816346308
CP065313.1_584	RNA_pol_Rpb6	8	59	8.96248880759705e-10
CP065313.1_586	SIGNAL	1	21	0
CP065313.1_586	TRANS	7	29	0
CP065313.1_587	SIGNAL	1	24	0
CP065313.1_589	TRANS	13	32	0
CP065313.1_591	TRANS	7	29	0
CP065313.1_592	HhH1	12	31	83.1406252528855
CP065313.1_594	HhH1	41	60	480.995547928233
CP065313.1_595	EZ_HEAT	2	35	1597.48801668694
CP065313.1_595	TRANS	7	29	0
CP065313.1_595	TRANS	39	58	0
CP065313.1_597	Rho_N	5	47	8.91922407023089e-17
CP065313.1_597	EFh	13	41	357.357490479659
CP065313.1_599	TRANS	21	43	0
CP065313.1_602	SIGNAL	1	24	0
CP065313.1_604	PD	16	43	1121.96915454718
CP065313.1_605	SIGNAL	1	21	0
CP065313.1_606	TPR	8	41	1688.48590418512
CP065313.1_607	TRANS	4	20	0
CP065313.1_607	TRANS	27	46	0
CP065313.1_608	TRANS	5	27	0
CP065313.1_608	TRANS	37	59	0
CP065313.1_609	TRANS	5	24	0
CP065313.1_613	TRANS	5	24	0
CP065313.1_614	TRANS	7	29	0
CP065313.1_614	RPEL	37	57	1305.10246916695
CP065313.1_617	SIGNAL	1	19	0
CP065313.1_617	Col_cuticle_N	5	47	64825.918216678
CP065313.1_617	TRANS	7	29	0
CP065313.1_619	SIGNAL	1	19	0
CP065313.1_619	TRANS	7	29	0
CP065313.1_619	ChtBD3	15	60	1469.08202795752
CP065313.1_620	SIGNAL	1	21	0
CP065313.1_620	fCBD	31	54	956.798688766147
CP065313.1_620	RINGv	35	57	1160.39086959516
CP065313.1_620	RING	36	56	1062.35264462247
CP065313.1_622	REC	5	60	17.2192410734497
CP065313.1_623	Defensin_propep	5	43	321941.61717844
CP065313.1_623	TRANS	7	29	0
CP065313.1_626	ANK	16	46	1482.42993071843
CP065313.1_627	SOCS	17	58	12.9337728895951
CP065313.1_629	TRANS	33	55	0
CP065313.1_634	SIGNAL	1	23	0
CP065313.1_634	TRANS	7	29	0
CP065313.1_639	Y1_Tnp	2	60	1978.03401162617
CP065313.1_642	GLUCA	18	44	687.124761315467
CP065313.1_647	HTH_ARSR	12	57	2251.93465632812
CP065313.1_647	LEM	22	59	783.596932126787
CP065313.1_647	GS	30	52	593.623376467507
CP065313.1_651	WAP	9	43	959.63973092558
CP065313.1_652	Y1_Tnp	10	60	102474.40133559
CP065313.1_652	AgrD	26	53	68053.7896168259
CP065313.1_654	TRANS	5	27	0
CP065313.1_657	TRANS	12	34	0
CP065313.1_660	CTNS	30	57	577.005707686155
CP065313.1_660	TRANS	36	58	0
CP065313.1_662	COIL	34	60	0
CP065313.1_664	Prim_Zn_Ribbon	12	35	14735.1164740909
CP065313.1_666	H15	7	57	3686.22453750026
CP065313.1_666	SpoU_sub_bind	7	60	3288.11300931562
CP065313.1_668	SIGNAL	1	21	0
CP065313.1_668	TRANS	7	29	0
CP065313.1_670	EZ_HEAT	23	52	2590.7217361574
CP065313.1_670	TRANS	27	49	0
CP065313.1_671	BSD	20	59	2740.73608242137
CP065313.1_672	TRANS	29	51	0
CP065313.1_673	SIGNAL	1	23	0
CP065313.1_673	TRANS	7	29	0
CP065313.1_674	TRANS	22	44	0
CP065313.1_676	Defensin_propep	1	50	55282.6514507488
CP065313.1_676	SIGNAL	1	21	0
CP065313.1_685	Antimicrobial21	13	37	93782.4923047855
CP065313.1_685	ZnF_C2HC	14	28	407.740066269463
CP065313.1_685	C1_4	25	57	62342.6313757971
CP065313.1_685	RING	26	58	750.257292500744
CP065313.1_686	TRANS	9	31	0
CP065313.1_687	TRANS	21	40	0
CP065313.1_688	SRP54_N	4	59	74499.820618524
CP065313.1_689	TRANS	5	27	0
CP065313.1_689	TRANS	37	59	0
CP065313.1_692	SIGNAL	1	17	0
CP065313.1_692	TRANS	7	29	0
CP065313.1_696	TRANS	10	32	0
CP065313.1_698	Defensin_propep	1	40	215318.27211988
CP065313.1_698	SIGNAL	1	20	0
CP065313.1_699	TRANS	5	27	0
CP065313.1_701	CM_2	14	56	82124.2064736177
CP065313.1_702	TRANS	27	49	0
CP065313.1_703	SIGNAL	1	24	0
CP065313.1_705	Gp_dh_N	3	60	0.00665306548468095
CP065313.1_708	TRANS	33	52	0
CP065313.1_709	TRANS	7	29	0
CP065313.1_709	TRANS	34	56	0
CP065313.1_712	TRANS	5	27	0
CP065313.1_712	TRANS	31	53	0
CP065313.1_713	REC	6	60	672.12016155755
CP065313.1_714	TRANS	31	53	0
CP065313.1_715	SIGNAL	1	19	0
CP065313.1_718	SIGNAL	1	22	0
CP065313.1_720	COIL	24	52	0
CP065313.1_722	VHP	16	43	85.5240114861741
CP065313.1_723	GLUCA	7	36	687.124761315467
CP065313.1_727	NAC	3	52	180009.364653171
CP065313.1_728	STN	4	54	94771.3460641344
CP065313.1_732	TRANS	15	37	0
CP065313.1_733	SIGNAL	1	20	0
CP065313.1_734	IENR1	6	57	839.194028444821
CP065313.1_735	TRANS	7	29	0
CP065313.1_738	DALR_2	23	57	37780.4452916802
CP065313.1_739	SIGNAL	1	19	0
CP065313.1_739	TRANS	5	24	0
CP065313.1_739	TRANS	39	58	0
CP065313.1_741	TRANS	35	57	0
CP065313.1_743	TRANS	4	20	0
CP065313.1_743	TRANS	27	46	0
CP065313.1_745	TRANS	15	37	0
CP065313.1_747	SIGNAL	1	18	0
CP065313.1_748	TRANS	30	52	0
CP065313.1_751	NODP	2	57	62860.7644355843
CP065313.1_751	NAT_PEP	8	30	1283.06733547614
CP065313.1_751	KAZAL	9	38	380.1883450448
CP065313.1_753	TRANS	4	21	0
CP065313.1_753	TRANS	26	48	0
CP065313.1_755	GYR	31	48	731.306338784425
CP065313.1_757	MbtH	13	48	116426.623573334
CP065313.1_757	HAT	16	48	421.15982705337
CP065313.1_758	TRANS	12	34	0
CP065313.1_759	SIGNAL	1	24	0
CP065313.1_760	TRANS	21	43	0
CP065313.1_762	SIGNAL	1	19	0
CP065313.1_763	SIGNAL	1	22	0
CP065313.1_763	Kelch	13	49	93.1855079685079
CP065313.1_764	TRANS	20	42	0
CP065313.1_766	SIGNAL	1	23	0
CP065313.1_766	KRAB	15	56	1333.59956414647
CP065313.1_767	SIGNAL	1	25	0
CP065313.1_772	SIGNAL	1	22	0
CP065313.1_772	TRANS	7	26	0
CP065313.1_774	TRANS	15	37	0
CP065313.1_775	FU	5	33	246.062776640888
CP065313.1_775	FES	16	30	3679.47057840509
CP065313.1_777	LITAF	5	53	2422.86485459567
CP065313.1_777	TRANS	18	40	0
CP065313.1_778	FU	5	33	292.432012562781
CP065313.1_780	TRANS	37	59	0
CP065313.1_781	TRANS	4	19	0
CP065313.1_781	TRANS	26	48	0
CP065313.1_782	CAP_GLY	19	59	11251.5111932322
CP065313.1_783	TRANS	4	26	0
CP065313.1_783	TRANS	31	53	0
CP065313.1_784	IQ	38	60	1757.77752632894
CP065313.1_788	TRANS	5	27	0
CP065313.1_788	Kelch	17	55	2003.9746045965
CP065313.1_789	TRANS	13	35	0
CP065313.1_793	KASH	1	43	105709.071552882
CP065313.1_793	SIGNAL	1	24	0
CP065313.1_793	TRANS	5	27	0
CP065313.1_795	TRANS	13	30	0
CP065313.1_795	TRANS	35	52	0
CP065313.1_796	IDEAL	11	35	80471.2939688554
CP065313.1_796	AgrD	24	50	98514.8285882572
CP065313.1_797	SIGNAL	1	20	0
CP065313.1_798	TRANS	11	33	0
CP065313.1_799	SIGNAL	1	23	0
CP065313.1_800	SIGNAL	1	16	0
CP065313.1_803	DnaJ	6	60	1.72085864270221e-26
CP065313.1_803	ITAM	7	26	1824.0523582182
CP065313.1_804	EZ_HEAT	17	46	2123.21090228729
CP065313.1_806	BING4CT	7	46	40313.6292368183
CP065313.1_806	RINGv	24	56	3027.24055461738
CP065313.1_808	TRANS	19	41	0
CP065313.1_809	REC	2	60	23.2011475848904
CP065313.1_810	Col_cuticle_N	9	53	2492.5393040731
CP065313.1_810	TRANS	12	34	0
CP065313.1_812	TRANS	12	31	0
CP065313.1_815	Cation_ATPase_N	4	49	82149.7422171184
CP065313.1_815	TRANS	29	51	0
CP065313.1_816	SEL1	5	34	1170.09438088079
CP065313.1_816	CNX	16	49	1073.02200837659
CP065313.1_818	TRANS	29	51	0
CP065313.1_820	LRR_RI	28	56	145.806368805363
CP065313.1_821	TRANS	9	28	0
CP065313.1_821	TRANS	38	57	0
CP065313.1_822	HTH_LUXR	6	57	597.29828011479
CP065313.1_823	SIGNAL	1	20	0
CP065313.1_823	TRANS	7	29	0
CP065313.1_824	SIGNAL	1	24	0
CP065313.1_824	Defensin_propep	5	55	321941.61717844
CP065313.1_824	TRANS	7	29	0
CP065313.1_824	Ephrin_rec_like	14	59	72883.2349562657
CP065313.1_824	CNX	20	52	1193.39131563942
CP065313.1_824	C1_4	37	60	115052.452701623
CP065313.1_824	RING	38	59	1673.54866323367
CP065313.1_825	IENR1	2	59	603.126646009754
CP065313.1_825	Mterf	27	58	2858.29664547914
CP065313.1_826	TRANS	7	29	0
CP065313.1_828	TRANS	9	28	0
CP065313.1_829	SIGNAL	1	23	0
CP065313.1_830	TRANS	7	29	0
CP065313.1_830	TRANS	39	58	0
CP065313.1_831	TRANS	13	35	0
CP065313.1_835	SIGNAL	1	21	0
CP065313.1_836	TRANS	10	32	0
CP065313.1_837	SIGNAL	1	25	0
CP065313.1_840	SIGNAL	1	20	0
CP065313.1_841	SIGNAL	1	20	0
CP065313.1_841	TRANS	7	25	0
CP065313.1_848	SIGNAL	1	23	0
CP065313.1_848	TRANS	7	29	0
CP065313.1_850	TRANS	7	29	0
CP065313.1_850	TRANS	39	58	0
CP065313.1_851	TRANS	13	35	0
CP065313.1_851	Col_cuticle_N	15	52	64825.918216678
CP065313.1_854	TRANS	34	56	0
CP065313.1_856	TRANS	12	31	0
CP065313.1_856	Defensin_propep	16	59	209969.631500893
CP065313.1_857	SIGNAL	1	24	0
CP065313.1_857	TRANS	7	24	0
CP065313.1_859	SIGNAL	1	24	0
CP065313.1_859	TRANS	7	24	0
CP065313.1_863	SIGNAL	1	16	0
CP065313.1_865	SIGNAL	1	20	0
CP065313.1_866	BC10	4	60	184543.518613355
CP065313.1_866	TRANS	37	59	0
CP065313.1_867	SIGNAL	1	25	0
CP065313.1_867	TRANS	7	26	0
CP065313.1_868	UIM	23	42	1618.47066880005
CP065313.1_869	STI1	1	47	841.762311545029
CP065313.1_870	IDEAL	4	42	14761.9424144569
CP065313.1_870	BSD	15	59	2418.59021113318
CP065313.1_871	ELM2	6	60	81302.61551673
CP065313.1_874	TRANS	15	37	0
CP065313.1_875	SIGNAL	1	29	0
CP065313.1_881	Kelch	6	58	702.579297693902
CP065313.1_881	TRANS	7	26	0
CP065313.1_881	TRANS	36	58	0
CP065313.1_884	SIGNAL	1	22	0
CP065313.1_885	TRANS	15	34	0
CP065313.1_888	TRANS	39	58	0
CP065313.1_890	TRANS	36	58	0
CP065313.1_891	Defensin_propep	1	53	347143.7224723
CP065313.1_891	SIGNAL	1	22	0
CP065313.1_891	COIL	27	60	0
CP065313.1_892	SIGNAL	1	22	0
CP065313.1_894	MGS	14	60	0.0643035897311468
CP065313.1_896	Copper-fist	4	33	64899.7031962547
CP065313.1_898	TRANS	21	43	0
CP065313.1_899	SIGNAL	1	33	0
CP065313.1_899	Defensin_propep	9	53	78661.1069374558
CP065313.1_901	EFh	27	55	139.327541121886
CP065313.1_902	TRANS	10	32	0
CP065313.1_904	GPS	2	47	1208.20235318815
CP065313.1_906	SIGNAL	1	24	0
CP065313.1_907	TRANS	7	25	0
CP065313.1_907	TRANS	29	51	0
CP065313.1_910	LysM	5	49	1402.24119741669
CP065313.1_912	HTH_CRP	2	46	1862.07062231357
CP065313.1_914	SIGNAL	1	25	0
CP065313.1_914	Defensin_propep	7	50	347143.7224723
CP065313.1_914	TRANS	7	29	0
CP065313.1_915	SIGNAL	1	21	0
CP065313.1_915	TRANS	7	29	0
CP065313.1_916	TRANS	35	57	0
CP065313.1_917	KNOX1	2	33	88247.6683377328
CP065313.1_917	TRANS	4	24	0
CP065313.1_926	TRANS	5	24	0
CP065313.1_929	TRANS	11	33	0
CP065313.1_930	TRANS	4	26	0
CP065313.1_931	TRANS	36	58	0
CP065313.1_932	SAM_HD_adjacent	1	22	412344.881129041
CP065313.1_934	TRANS	5	20	0
CP065313.1_934	TRANS	27	44	0
CP065313.1_936	Defensin_propep	1	41	22315.1307097178
CP065313.1_936	SIGNAL	1	19	0
CP065313.1_938	SIGNAL	1	27	0
CP065313.1_938	TRANS	9	31	0
CP065313.1_939	TRANS	5	27	0
CP065313.1_939	TRANS	42	59	0
CP065313.1_944	TRANS	25	47	0
CP065313.1_946	SIGNAL	1	19	0
CP065313.1_946	ZnF_ZZ	29	59	1016.86470807525
CP065313.1_946	RING	35	56	770.607328960765
CP065313.1_948	MbtH	12	45	43079.5196978007
CP065313.1_949	CTNS	7	32	2355.15458042459
CP065313.1_949	TRANS	20	42	0
CP065313.1_950	MORN	34	56	674.974533325255
CP065313.1_951	TRANS	30	47	0
CP065313.1_952	SIGNAL	1	22	0
CP065313.1_953	CxxC_CXXC_SSSS	6	27	66258.9254185723
CP065313.1_955	CxxC_CXXC_SSSS	19	60	4.52791321382919e-18
CP065313.1_955	Prim_Zn_Ribbon	21	56	2493.02909409033
CP065313.1_955	RPOLCX	22	57	170.418710674547
CP065313.1_955	RPOL9	23	47	2525.49596686932
CP065313.1_955	zf-C4_ClpX	23	58	7304.95956645855
CP065313.1_955	ZnF_C2H2	24	46	1943.5821370089
CP065313.1_957	TRANS	13	35	0
CP065313.1_958	SIGNAL	1	26	0
CP065313.1_958	TRANS	7	29	0
CP065313.1_960	CoA_binding	10	59	4250.73898643768
CP065313.1_961	SIGNAL	1	22	0
CP065313.1_962	SIGNAL	1	19	0
CP065313.1_963	SIGNAL	1	19	0
CP065313.1_963	KOW	27	54	293.214181380026
CP065313.1_963	TRANS	33	50	0
CP065313.1_965	SIGNAL	1	25	0
CP065313.1_965	Defensin_propep	2	40	204753.57513462
CP065313.1_968	KOW	25	52	2942.22204214745
CP065313.1_968	GS	26	49	414.607255834497
CP065313.1_971	Defensin_propep	1	57	194706.203970523
CP065313.1_971	TRANS	7	26	0
CP065313.1_972	SIGNAL	1	22	0
CP065313.1_973	Aamy_C	3	53	871.942118928426
CP065313.1_974	Cullin_Nedd8	7	55	124086.13362619
CP065313.1_974	SAP	10	41	165223.671666608
CP065313.1_978	ZnF_PMZ	1	21	1729.94985945441
CP065313.1_979	Fapy_DNA_glyco	2	60	0.970648695204583
CP065313.1_980	TRANS	37	59	0
CP065313.1_983	SIGNAL	1	25	0
CP065313.1_983	TRANS	10	32	0
CP065313.1_985	TRANS	25	47	0
CP065313.1_986	TRANS	20	42	0
CP065313.1_989	GLA	4	49	1706.76385144339
CP065313.1_989	SOCS	6	43	1043.00939378018
CP065313.1_990	SIGNAL	1	25	0
CP065313.1_992	SIGNAL	1	27	0
CP065313.1_996	TRANS	29	51	0
CP065313.1_997	SIGNAL	1	22	0
CP065313.1_997	DUF1518	10	50	112939.548362296
CP065313.1_998	SIGNAL	1	23	0
CP065313.1_998	TRANS	7	24	0
CP065313.1_998	CHZ	20	54	93910.1087583614
CP065313.1_999	SIGNAL	1	22	0
CP065313.1_1002	SpoVT_AbrB	8	53	3701.67551343916
CP065313.1_1003	TRANS	15	37	0
CP065313.1_1004	SIGNAL	1	24	0
CP065313.1_1005	SIGNAL	1	23	0
CP065313.1_1006	Cullin_Nedd8	2	54	107843.514571056
CP065313.1_1014	SIGNAL	1	22	0
CP065313.1_1014	TRANS	10	32	0
CP065313.1_1015	SIGNAL	1	25	0
CP065313.1_1015	TRANS	9	31	0
CP065313.1_1017	CBS	15	60	0.0125044199157402
CP065313.1_1018	PAH	17	48	145.435290404693
CP065313.1_1028	EFP	5	50	183502.005802
CP065313.1_1030	PUA	6	58	0.755967058774107
CP065313.1_1030	DysFC	23	49	2572.46910255691
CP065313.1_1034	SIGNAL	1	28	0
CP065313.1_1034	TRANS	9	31	0
CP065313.1_1035	TRANS	6	28	0
CP065313.1_1035	TRANS	35	57	0
CP065313.1_1036	HTH_GNTR	23	60	37.530693349975
CP065313.1_1038	TRANS	13	35	0
CP065313.1_1039	TRANS	5	20	0
CP065313.1_1039	RNA_pol_Rpb6	18	57	31931.1807030333
CP065313.1_1039	TRANS	27	49	0
CP065313.1_1040	SIGNAL	1	22	0
CP065313.1_1040	Col_cuticle_N	6	56	38434.4189748048
CP065313.1_1040	TRANS	7	29	0
CP065313.1_1041	ZnF_C4	7	37	1137.38053223994
CP065313.1_1042	HTH_LUXR	1	52	557.732520906639
CP065313.1_1042	Matrilin_ccoil	6	45	64126.0666922199
CP065313.1_1042	HTH_ARSR	8	59	750.643699150301
CP065313.1_1042	TAF	12	57	13877.2883303599
CP065313.1_1042	HTH_CRP	12	60	64.4011041214181
CP065313.1_1042	Mterf	16	47	2694.55469580207
CP065313.1_1043	TRANS	4	19	0
CP065313.1_1043	TRANS	26	48	0
CP065313.1_1047	HTH_DEOR	23	60	693.667611212504
CP065313.1_1048	TRANS	7	29	0
CP065313.1_1049	SIGNAL	1	23	0
CP065313.1_1049	TRANS	5	24	0
CP065313.1_1050	PGAM	3	60	5.80637291755517e-07
CP065313.1_1053	Matrilin_ccoil	7	44	158259.602592791
CP065313.1_1053	HTH_CRP	15	59	2332.82460864079
CP065313.1_1054	SIGNAL	1	24	0
CP065313.1_1055	SIGNAL	1	23	0
CP065313.1_1058	TRANS	7	26	0
CP065313.1_1064	TRANS	17	39	0
CP065313.1_1065	TRANS	5	27	0
CP065313.1_1065	TRANS	32	54	0
CP065313.1_1066	SIGNAL	1	19	0
CP065313.1_1067	SIGNAL	1	25	0
CP065313.1_1067	TRANS	9	31	0
CP065313.1_1068	TRANS	12	34	0
CP065313.1_1069	Pumilio	6	41	580.532666268187
CP065313.1_1072	TRANS	21	43	0
CP065313.1_1075	TRANS	21	43	0
CP065313.1_1077	H-kinase_dim	10	58	46943.6170898834
CP065313.1_1078	SRP54_N	14	60	750.852322961338
CP065313.1_1082	SIGNAL	1	28	0
CP065313.1_1083	SIGNAL	1	28	0
CP065313.1_1083	TRANS	7	29	0
CP065313.1_1084	SIGNAL	1	21	0
CP065313.1_1084	WD40	5	38	1016.00205672161
CP065313.1_1084	TRANS	7	29	0
CP065313.1_1088	FA	14	51	25988.1944841591
CP065313.1_1090	TRANS	10	32	0
CP065313.1_1090	YajC	12	60	87617.2238759696
CP065313.1_1090	TRANS	39	58	0
CP065313.1_1092	SIGNAL	1	21	0
CP065313.1_1093	TRANS	5	27	0
CP065313.1_1093	TRANS	42	59	0
CP065313.1_1094	TRANS	5	24	0
CP065313.1_1094	CTNS	23	48	1545.04052996881
CP065313.1_1094	TRANS	31	53	0
CP065313.1_1096	UIM	30	49	2505.29954450093
CP065313.1_1097	FTCD_N	3	60	43.4281472957069
CP065313.1_1097	X8	5	49	15847.6713857865
CP065313.1_1097	Rho_N	8	32	48190.3150671278
CP065313.1_1100	IENR1	10	56	1197.454037567
CP065313.1_1102	SIGNAL	1	21	0
CP065313.1_1102	CXC	28	59	9480.21056705554
CP065313.1_1102	ZnF_ZZ	29	60	1949.80406382256
CP065313.1_1102	ZnF_RBZ	31	56	284.427011579887
CP065313.1_1102	C1_4	34	54	24084.7020607247
CP065313.1_1103	TRANS	13	35	0
CP065313.1_1106	HTH_CRP	17	57	1684.4913801195
CP065313.1_1108	HTH_LUXR	11	60	274.639233728597
CP065313.1_1108	Mterf	28	59	444.241516373701
CP065313.1_1109	AgrD	3	27	58070.096161496
CP065313.1_1110	TRANS	20	42	0
CP065313.1_1111	TRANS	5	27	0
CP065313.1_1112	TRANS	2	24	0
CP065313.1_1112	TRANS	34	51	0
CP065313.1_1116	SIGNAL	1	29	0
CP065313.1_1116	TRANS	7	29	0
CP065313.1_1116	TRANS	39	56	0
CP065313.1_1118	TRANS	7	29	0
CP065313.1_1118	TRANS	34	56	0
CP065313.1_1121	SIGNAL	1	21	0
CP065313.1_1122	TRANS	32	54	0
CP065313.1_1123	TRANS	21	43	0
CP065313.1_1124	TRANS	21	43	0
CP065313.1_1125	Col_cuticle_N	10	59	109279.57921387
CP065313.1_1125	TRANS	15	34	0
CP065313.1_1128	Thymopoietin	1	39	49878.8852745633
CP065313.1_1131	Defensin_propep	1	31	80667.6407705746
CP065313.1_1131	SIGNAL	1	19	0
CP065313.1_1132	IlGF	6	55	623.40722885932
CP065313.1_1132	Pro_CA	30	60	59715.6774421229
CP065313.1_1135	SIGNAL	1	19	0
CP065313.1_1136	TRANS	25	47	0
CP065313.1_1137	KU	24	59	220.000644316921
CP065313.1_1138	SIGNAL	1	24	0
CP065313.1_1141	EFh	3	35	1529.6447801067
CP065313.1_1143	TRANS	10	29	0
CP065313.1_1143	TRANS	36	58	0
CP065313.1_1147	S4	1	60	3.80334275203918
CP065313.1_1148	TRANS	22	44	0
CP065313.1_1150	NAT_PEP	1	23	584.53856491208
CP065313.1_1154	SIGNAL	1	21	0
CP065313.1_1155	TRANS	13	35	0
CP065313.1_1155	TRANS	40	59	0
CP065313.1_1157	CBM_X	1	48	27129.7673225455
CP065313.1_1157	REC	2	60	9.48459367977217
CP065313.1_1158	TRANS	7	26	0
CP065313.1_1158	TRANS	36	58	0
CP065313.1_1159	SIGNAL	1	27	0
CP065313.1_1159	TRANS	13	35	0
CP065313.1_1163	COIL	11	39	0
CP065313.1_1164	TOPRIM	3	60	198.780157736004
CP065313.1_1165	NMU	26	50	64.4609555402986
CP065313.1_1166	TRANS	7	29	0
CP065313.1_1167	EFh	8	42	1150.52419165859
CP065313.1_1168	DnaJ	20	60	1.4809210603034e-07
CP065313.1_1169	SIGNAL	1	23	0
CP065313.1_1169	TRANS	5	27	0
CP065313.1_1170	HTH_DEOR	15	58	2325.51087985873
CP065313.1_1170	TRANS	21	43	0
CP065313.1_1171	TRANS	20	42	0
CP065313.1_1175	A1pp	3	60	26.3906118282405
CP065313.1_1177	TRANS	27	49	0
CP065313.1_1182	SIGNAL	1	24	0
CP065313.1_1182	Col_cuticle_N	6	52	61818.3970405138
CP065313.1_1183	RUN	3	47	2373.9939142714
CP065313.1_1183	TRANS	4	19	0
CP065313.1_1183	TRANS	26	48	0
CP065313.1_1185	IENR1	2	53	1796.97831895398
CP065313.1_1185	HTH_LUXR	8	53	943.123665092593
CP065313.1_1188	TRANS	5	20	0
CP065313.1_1188	DALR_2	9	48	104366.693582289
CP065313.1_1188	TRANS	27	49	0
CP065313.1_1189	SIGNAL	1	20	0
CP065313.1_1191	SIGNAL	1	19	0
CP065313.1_1191	TRANS	5	27	0
CP065313.1_1191	ZnF_A20	34	60	1354.27141152217
CP065313.1_1192	SIGNAL	1	23	0
CP065313.1_1192	TRANS	40	57	0
CP065313.1_1194	PADR1	18	51	75849.2167738025
CP065313.1_1195	G3P_acyltransf	1	60	193695.445556683
CP065313.1_1195	TRANS	20	42	0
CP065313.1_1196	TAF	1	43	14609.9652886629
CP065313.1_1197	SIGNAL	1	25	0
CP065313.1_1197	TRANS	7	29	0
CP065313.1_1198	HTH_CRP	22	59	1378.41266883347
CP065313.1_1199	TRANS	4	20	0
CP065313.1_1199	TRANS	27	49	0
CP065313.1_1200	BMC	6	59	92002.6223364197
CP065313.1_1203	SIGNAL	1	24	0
CP065313.1_1203	TRANS	5	27	0
CP065313.1_1203	C1	11	56	928.439517076636
CP065313.1_1203	CXC	14	47	109851.983202799
CP065313.1_1203	C1_4	37	60	77262.8025430525
CP065313.1_1205	HTH_ARSR	11	58	1656.09815513025
CP065313.1_1206	SIGNAL	1	26	0
CP065313.1_1206	TRANS	7	29	0
CP065313.1_1207	SIGNAL	1	19	0
CP065313.1_1209	Pribosyltran_N	9	60	0.000318561299752684
CP065313.1_1215	HTH_XRE	15	60	17.2327920823118
CP065313.1_1219	TRANS	37	59	0
CP065313.1_1220	TRANS	21	43	0
CP065313.1_1220	TIFY	27	56	19284.9108044039
CP065313.1_1222	TRANS	15	37	0
CP065313.1_1228	SIGNAL	1	22	0
CP065313.1_1229	SIGNAL	1	28	0
CP065313.1_1230	SIGNAL	1	22	0
CP065313.1_1230	TRANS	5	27	0
CP065313.1_1231	SIGNAL	1	20	0
CP065313.1_1233	SIGNAL	1	26	0
CP065313.1_1233	TRANS	5	22	0
CP065313.1_1237	SIGNAL	1	19	0
CP065313.1_1240	TRANS	21	39	0
CP065313.1_1243	SIGNAL	1	21	0
CP065313.1_1243	TRANS	7	29	0
CP065313.1_1245	TRANS	5	27	0
CP065313.1_1246	SIGNAL	1	19	0
CP065313.1_1246	TRANS	13	35	0
CP065313.1_1247	SIGNAL	1	25	0
CP065313.1_1250	SIGNAL	1	22	0
CP065313.1_1255	Fe_hyd_SSU	8	54	104432.664245369
CP065313.1_1256	Haemolytic	2	60	1.74203595999597e-19
CP065313.1_1258	TRANS	5	27	0
CP065313.1_1258	TRANS	42	59	0
CP065313.1_1259	SIGNAL	1	23	0
CP065313.1_1259	TRANS	7	29	0
CP065313.1_1259	ChtBD3	19	58	1402.25986336477
CP065313.1_1260	SIGNAL	1	21	0
CP065313.1_1260	Thiol-ester_cl	2	26	172764.420164916
CP065313.1_1260	TRANS	7	26	0
CP065313.1_1261	SIGNAL	1	21	0
CP065313.1_1261	TRANS	5	27	0
CP065313.1_1264	TRANS	13	35	0
CP065313.1_1264	TRANS	42	59	0
CP065313.1_1267	Jag_N	1	47	116295.686937688
CP065313.1_1268	TRANS	5	27	0
CP065313.1_1268	TRANS	37	59	0
CP065313.1_1271	SIGNAL	1	21	0
CP065313.1_1271	ZnF_C4	31	60	662.866910195411
CP065313.1_1271	RINGv	33	58	3846.02395564319
CP065313.1_1271	RING	34	60	1464.24241565395
CP065313.1_1272	PQQ	19	52	1170.45433711466
CP065313.1_1272	TRANS	20	38	0
CP065313.1_1273	TRANS	12	31	0
CP065313.1_1273	TRANS	36	58	0
CP065313.1_1274	TRANS	15	35	0
CP065313.1_1274	TRANS	42	59	0
CP065313.1_1277	TRANS	15	37	0
CP065313.1_1278	SIGNAL	1	20	0
CP065313.1_1279	SIGNAL	1	19	0
CP065313.1_1280	TRANS	7	29	0
CP065313.1_1281	KOW	32	59	1835.83546949655
CP065313.1_1281	GS	32	56	1630.49783938699
CP065313.1_1283	HTH_LACI	1	58	1597.59138889844
CP065313.1_1285	DDT	1	60	1921.40773959342
CP065313.1_1285	TRANS	7	26	0
CP065313.1_1285	TRANS	31	53	0
CP065313.1_1286	Connexin_CCC	2	49	70472.2662093132
CP065313.1_1286	TRANS	34	53	0
CP065313.1_1287	Romo1	3	60	58821.2155454621
CP065313.1_1287	TRANS	7	29	0
CP065313.1_1288	TRANS	7	29	0
CP065313.1_1294	RNA_pol_Rpb6	10	58	209634.858923024
CP065313.1_1296	TRANS	7	29	0
CP065313.1_1296	TRANS	33	55	0
CP065313.1_1299	TRANS	5	27	0
CP065313.1_1299	TRANS	40	59	0
CP065313.1_1301	TRANS	4	20	0
CP065313.1_1301	TRANS	27	46	0
CP065313.1_1302	IENR1	7	55	241.486602446473
CP065313.1_1302	HTH_CRP	16	55	617.57969404366
CP065313.1_1306	SIGNAL	1	23	0
CP065313.1_1306	TRANS	5	27	0
CP065313.1_1307	Romo1	2	60	242020.457581859
CP065313.1_1307	TRANS	4	23	0
CP065313.1_1307	TRANS	32	54	0
CP065313.1_1309	RPOLCX	24	54	1546.04624013399
CP065313.1_1310	SIGNAL	1	21	0
CP065313.1_1311	SIGNAL	1	23	0
CP065313.1_1311	TRANS	7	26	0
CP065313.1_1312	SIGNAL	1	22	0
CP065313.1_1313	HTH_GNTR	18	60	5.5240264709033
CP065313.1_1314	TRANS	10	32	0
CP065313.1_1316	SIGNAL	1	25	0
CP065313.1_1317	HTH_CRP	2	43	774.108121578097
CP065313.1_1317	HTH_XRE	3	55	2438.28528134474
CP065313.1_1317	HTH_DEOR	4	46	403.740486725051
CP065313.1_1317	HTH_MERR	9	59	10.0063193427635
CP065313.1_1318	BH4	33	59	183.233096467007
CP065313.1_1321	HTH_GNTR	11	55	472.112533327505
CP065313.1_1321	HTH_ARSR	13	59	318.241160105599
CP065313.1_1322	TRANS	9	31	0
CP065313.1_1323	SIGNAL	1	16	0
CP065313.1_1323	TRANS	4	23	0
CP065313.1_1324	SIGNAL	1	24	0
CP065313.1_1324	TRANS	9	31	0
CP065313.1_1325	REC	1	60	16.0525576472609
CP065313.1_1326	TRANS	31	53	0
CP065313.1_1328	TRANS	31	53	0
CP065313.1_1329	TRANS	3	25	0
CP065313.1_1329	TRANS	30	52	0
CP065313.1_1330	TRANS	7	25	0
CP065313.1_1331	TRANS	15	37	0
CP065313.1_1332	TRANS	10	32	0
CP065313.1_1333	IQ	22	44	547.921595215544
CP065313.1_1334	SIGNAL	1	22	0
CP065313.1_1335	SIGNAL	1	19	0
CP065313.1_1336	EFP	3	35	54656.8803595531
CP065313.1_1336	REC	5	60	953.917208878867
CP065313.1_1337	Defensin_propep	1	43	298563.521182756
CP065313.1_1337	SIGNAL	1	19	0
CP065313.1_1337	C1	20	53	1555.86777765864
CP065313.1_1337	Prim_Zn_Ribbon	29	58	60625.8939126336
CP065313.1_1337	RINGv	33	57	156.973713379776
CP065313.1_1337	RING	34	56	954.550519941281
CP065313.1_1339	SIGNAL	1	22	0
CP065313.1_1341	SIGNAL	1	20	0
CP065313.1_1345	TRANS	4	20	0
CP065313.1_1345	TRANS	27	49	0
CP065313.1_1346	HTH_GNTR	15	60	0.159329605411732
CP065313.1_1347	TRANS	7	29	0
CP065313.1_1348	SIGNAL	1	17	0
CP065313.1_1350	TRANS	7	29	0
CP065313.1_1352	HTH_LACI	6	60	5.08446043733793
CP065313.1_1352	HTH_MERR	7	60	0.0318555129990055
CP065313.1_1354	TRANS	21	39	0
CP065313.1_1356	TRANS	20	42	0
CP065313.1_1358	EGF_CA	12	57	1378.72207063417
CP065313.1_1359	TRANS	10	32	0
CP065313.1_1360	PBD	8	39	58.5813707622198
CP065313.1_1362	SIGNAL	1	21	0
CP065313.1_1362	TRANS	5	23	0
CP065313.1_1363	TRANS	10	32	0
CP065313.1_1364	Arg_tRNA_synt_N	7	60	2.3297853131134
CP065313.1_1366	TRANS	7	26	0
CP065313.1_1366	TRANS	31	53	0
CP065313.1_1367	TRANS	21	43	0
CP065313.1_1369	HintC	12	56	977.377942664814
CP065313.1_1369	TRANS	13	35	0
CP065313.1_1369	TRANS	40	59	0
CP065313.1_1370	NGN	4	57	6.72380553707627
CP065313.1_1371	RL11	9	60	0.00132113853840414
CP065313.1_1373	ANTAR	7	60	9410.69444768541
CP065313.1_1374	TRANS	31	53	0
CP065313.1_1381	Ribosomal_S10	7	60	4.15330242209477e-05
CP065313.1_1383	G3P_acyltransf	2	60	151524.41777943
CP065313.1_1383	TRANS	7	29	0
CP065313.1_1383	TRANS	39	56	0
CP065313.1_1385	Defensin_propep	1	29	185150.925869219
CP065313.1_1385	SIGNAL	1	20	0
CP065313.1_1385	RINGv	35	60	3192.69268831067
CP065313.1_1385	RING	36	59	1964.42630061449
CP065313.1_1386	SIGNAL	1	25	0
CP065313.1_1387	SIGNAL	1	20	0
CP065313.1_1388	LRR_SD22	24	45	25.4822929105602
CP065313.1_1388	LRR_TYP	28	47	1915.97733614381
CP065313.1_1396	SAP	1	28	165223.671666608
CP065313.1_1396	BRLZ	2	50	1924.26356709978
CP065313.1_1396	HALZ	11	52	1470.14554750818
CP065313.1_1398	Ribosomal_L14	1	60	6.84099459011356e-06
CP065313.1_1399	KOW	3	30	3.34436364284053e-05
CP065313.1_1400	HOX	1	53	1195.39773166362
CP065313.1_1400	H4	2	59	2188.17758527356
CP065313.1_1408	Haemolytic	6	44	112810.923106796
CP065313.1_1408	TRANS	20	41	0
CP065313.1_1410	HhH1	17	36	202.915496809809
CP065313.1_1412	Ribosomal_S4	3	60	264.088792521258
CP065313.1_1414	HisKA	6	60	274.857452975373
CP065313.1_1415	S4	12	59	1.24114560271996
CP065313.1_1416	SIGNAL	1	26	0
CP065313.1_1417	GS	37	56	613.307602502904
CP065313.1_1418	TRANS	13	35	0
CP065313.1_1421	SIGNAL	1	24	0
CP065313.1_1422	SIGNAL	1	23	0
CP065313.1_1422	TRANS	4	26	0
CP065313.1_1422	Col_cuticle_N	5	58	64825.918216678
CP065313.1_1422	COIL	23	56	0
CP065313.1_1426	TRANS	5	27	0
CP065313.1_1426	TRANS	39	56	0
CP065313.1_1428	TRANS	12	31	0
CP065313.1_1429	TRANS	7	29	0
CP065313.1_1431	Defensin_propep	1	51	16080.5275012275
CP065313.1_1431	SIGNAL	1	17	0
CP065313.1_1432	COIL	24	47	0
CP065313.1_1439	SIGNAL	1	20	0
CP065313.1_1440	TRANS	4	23	0
CP065313.1_1440	TRANS	36	58	0
CP065313.1_1442	SIGNAL	1	24	0
CP065313.1_1442	TRANS	7	29	0
CP065313.1_1448	HTH_XRE	11	60	555.251057580917
CP065313.1_1450	Spo7_2_N	7	47	194762.275768841
CP065313.1_1450	NMU	26	50	428.576630354773
CP065313.1_1451	ALAD	7	60	2.88482098922704
CP065313.1_1451	IENR2	13	29	973.896826266729
CP065313.1_1452	REC	3	60	156.929879615209
CP065313.1_1453	SIGNAL	1	20	0
CP065313.1_1453	TRANS	4	26	0
CP065313.1_1454	Ribosomal_S13_N	1	51	116670.271834355
CP065313.1_1454	SIGNAL	1	21	0
CP065313.1_1456	SIGNAL	1	20	0
CP065313.1_1456	C1	17	53	1847.74557160469
CP065313.1_1456	LIM	22	59	1822.56377002888
CP065313.1_1456	ZnF_RBZ	32	59	200.631604592566
CP065313.1_1456	ZnF_A20	33	58	957.671586935008
CP065313.1_1456	C1_4	35	59	104956.223328259
CP065313.1_1456	RING	36	56	1765.39435747994
CP065313.1_1457	SIGNAL	1	20	0
CP065313.1_1457	TRANS	4	22	0
CP065313.1_1457	CpcD	24	55	85974.4249818075
CP065313.1_1458	STI1	25	56	1205.50853030593
CP065313.1_1458	IENR2	30	46	1087.7486830925
CP065313.1_1460	HTH_XRE	11	59	2.06196508425018e-11
CP065313.1_1460	HTH_DEOR	12	47	768.968428911068
CP065313.1_1463	TRANS	5	27	0
CP065313.1_1463	ZnF_C2C2	10	44	1138.94241548163
CP065313.1_1463	TRANS	40	59	0
CP065313.1_1464	TRANS	9	31	0
CP065313.1_1465	SIGNAL	1	23	0
CP065313.1_1466	VHP	28	57	129.688648058122
CP065313.1_1467	TRANS	17	39	0
CP065313.1_1468	TRANS	16	38	0
CP065313.1_1469	TRANS	15	37	0
CP065313.1_1477	Cpl-7	4	58	10498.573570126
CP065313.1_1480	TRANS	2	20	0
CP065313.1_1480	TRANS	35	54	0
CP065313.1_1482	TRANS	7	29	0
CP065313.1_1486	ANX	5	51	136.71140934005
CP065313.1_1490	BHL	1	46	0.169850102278909
CP065313.1_1492	SIGNAL	1	22	0
CP065313.1_1493	Defensin_propep	1	42	147624.658223096
CP065313.1_1493	SIGNAL	1	21	0
CP065313.1_1497	NOSIC	14	55	43711.7382052559
CP065313.1_1498	SIGNAL	1	18	0
CP065313.1_1498	TRANS	7	24	0
CP065313.1_1500	HALZ	21	60	1424.00369849292
CP065313.1_1501	SIGNAL	1	26	0
CP065313.1_1503	KNOX2	9	55	65569.2293074129
CP065313.1_1506	SIGNAL	1	16	0
CP065313.1_1506	TRANS	5	27	0
CP065313.1_1507	TRANS	33	55	0
CP065313.1_1511	SIGNAL	1	24	0
CP065313.1_1512	TRANS	26	48	0
CP065313.1_1513	TRANS	30	52	0
CP065313.1_1517	TRANS	13	35	0
CP065313.1_1518	TRANS	15	37	0
CP065313.1_1519	TRANS	19	41	0
CP065313.1_1520	SIGNAL	1	20	0
CP065313.1_1521	TRANS	13	32	0
CP065313.1_1521	TRANS	42	59	0
CP065313.1_1522	IKKbetaNEMObind	7	48	65335.8631383566
CP065313.1_1523	CRS1_YhbY	1	54	25370.93389751
CP065313.1_1524	TRANS	4	18	0
CP065313.1_1524	TRANS	25	47	0
CP065313.1_1531	ChtBD1	1	30	634.699658224111
CP065313.1_1531	ZnF_C2C2	5	36	76.8566898708239
CP065313.1_1531	LIM	6	54	127.922411849505
CP065313.1_1531	RPOL9	7	59	1261.38553058325
CP065313.1_1531	TRASH	7	35	213308.900300535
CP065313.1_1534	BAF	1	56	76035.9544693457
CP065313.1_1535	IGR	1	56	86641.2742162923
CP065313.1_1535	DnaJ	3	42	1281.13591526908
CP065313.1_1535	cwf21	16	58	24712.1944802823
CP065313.1_1535	LEM	32	60	1818.00573847548
CP065313.1_1537	HTH_DEOR	2	60	66.3990639327383
CP065313.1_1537	HTH_GNTR	9	60	8.27240283875405e-07
CP065313.1_1539	TRANS	7	26	0
CP065313.1_1539	TRANS	36	58	0
CP065313.1_1542	FtsA	9	60	2275.82443622096
CP065313.1_1543	TRANS	15	33	0
CP065313.1_1544	KOW	5	39	1024.50725087496
CP065313.1_1545	TRANS	7	29	0
CP065313.1_1546	TRANS	5	27	0
CP065313.1_1547	TRANS	41	59	0
CP065313.1_1548	TAP_C	4	55	22706.7786882783
CP065313.1_1548	TRANS	7	24	0
CP065313.1_1549	TRANS	20	42	0
CP065313.1_1552	TRANS	40	59	0
CP065313.1_1553	TRANS	5	27	0
CP065313.1_1556	SIGNAL	1	23	0
CP065313.1_1556	TRANS	7	26	0
CP065313.1_1558	SIGNAL	1	24	0
CP065313.1_1558	TRANS	5	27	0
CP065313.1_1559	TRANS	13	35	0
CP065313.1_1559	TRANS	40	59	0
CP065313.1_1562	eIF1a	2	53	2304.24317309922
CP065313.1_1564	TRANS	5	27	0
CP065313.1_1564	TRANS	42	59	0
CP065313.1_1566	IENR1	8	55	1325.40737009278
CP065313.1_1568	TRANS	4	21	0
CP065313.1_1568	TRANS	28	50	0
CP065313.1_1570	SIGNAL	1	23	0
CP065313.1_1570	KRBA1	9	50	126163.328076586
CP065313.1_1571	NL	4	37	1156.37438997653
CP065313.1_1571	Molybdop_Fe4S4	22	60	1325.84636034328
CP065313.1_1573	TRANS	37	59	0
CP065313.1_1574	TRANS	5	27	0
CP065313.1_1574	TRANS	37	59	0
CP065313.1_1575	SIGNAL	1	19	0
CP065313.1_1576	Romo1	5	54	361084.441269222
CP065313.1_1576	TRANS	7	26	0
CP065313.1_1576	TRANS	36	58	0
CP065313.1_1577	SIGNAL	1	24	0
CP065313.1_1577	TRANS	7	26	0
CP065313.1_1579	SIGNAL	1	19	0
CP065313.1_1579	TRANS	2	19	0
CP065313.1_1579	TRANS	32	54	0
CP065313.1_1581	SIGNAL	1	21	0
CP065313.1_1582	HTH_ARSR	1	53	1272.31122496276
CP065313.1_1583	TRANS	5	19	0
CP065313.1_1583	TRANS	26	48	0
CP065313.1_1586	Cpn10	2	60	2.37393053779592e-12
CP065313.1_1587	SIGNAL	1	26	0
CP065313.1_1587	TRANS	5	27	0
CP065313.1_1588	COIL	3	60	0
CP065313.1_1588	DUF1771	7	60	41314.0230929238
CP065313.1_1588	CP12	9	59	52366.7903670753
CP065313.1_1588	IENR2	34	50	1460.52402313843
CP065313.1_1590	COIL	5	35	0
CP065313.1_1592	TRANS	5	23	0
CP065313.1_1593	TRANS	5	27	0
CP065313.1_1594	TRANS	7	29	0
CP065313.1_1596	TRANS	20	42	0
CP065313.1_1599	Lipid_DES	21	50	114793.070791058
CP065313.1_1602	RPOL9	1	60	1000.59296600403
CP065313.1_1602	ZnF_C2C2	1	40	2.69224542925912
CP065313.1_1602	Molybdop_Fe4S4	1	42	85529.3992275011
CP065313.1_1602	C1_4	2	40	108219.479822612
CP065313.1_1602	RING	3	34	730.443909057704
CP065313.1_1602	Ribosomal_S27	13	47	239551.603809463
CP065313.1_1606	SIGNAL	1	27	0
CP065313.1_1610	Semialdhyde_dh	5	60	1.65509739398563
CP065313.1_1612	TECPR	24	57	2437.38311154959
CP065313.1_1613	eIF1a	2	59	808.04548923153
CP065313.1_1614	TRANS	32	54	0
CP065313.1_1615	LITAF	9	59	1953.87023153521
CP065313.1_1615	TRANS	26	45	0
CP065313.1_1617	TRANS	24	46	0
CP065313.1_1618	TRANS	12	31	0
CP065313.1_1618	ZnF_C2HC	23	39	768.768793652299
CP065313.1_1619	TRANS	30	47	0
CP065313.1_1620	TRANS	37	59	0
CP065313.1_1627	TRANS	15	37	0
CP065313.1_1628	CoA_binding	4	60	362.590209180028
CP065313.1_1628	FOLN	27	47	989.421793588577
CP065313.1_1633	BSD	4	50	3630.79264808037
CP065313.1_1636	SIGNAL	1	23	0
CP065313.1_1638	DUF1713	4	39	63924.524685983
CP065313.1_1639	SIGNAL	1	24	0
CP065313.1_1641	SIGNAL	1	26	0
CP065313.1_1641	TRANS	7	29	0
CP065313.1_1641	LRR_RI	20	49	1913.56619721447
CP065313.1_1642	TRANS	7	29	0
CP065313.1_1644	TRANS	7	29	0
CP065313.1_1644	TRANS	39	57	0
CP065313.1_1645	SIGNAL	1	23	0
CP065313.1_1645	PHD	9	60	1274.71417828886
CP065313.1_1650	TRANS	20	42	0
CP065313.1_1652	SIGNAL	1	17	0
CP065313.1_1657	TRANS	30	52	0
CP065313.1_1659	SIGNAL	1	25	0
CP065313.1_1659	TRANS	4	21	0
CP065313.1_1661	DUF1771	12	56	172810.346093358
CP065313.1_1668	Lipid_DES	25	55	85542.3825469414
CP065313.1_1670	TRANS	13	35	0
CP065313.1_1671	SIGNAL	1	21	0
CP065313.1_1671	TRANS	5	22	0
CP065313.1_1673	TRANS	28	47	0
CP065313.1_1674	SIGNAL	1	22	0
CP065313.1_1675	SIGNAL	1	20	0
CP065313.1_1676	TRANS	28	50	0
CP065313.1_1678	TRANS	25	47	0
CP065313.1_1679	SIGNAL	1	24	0
CP065313.1_1679	TRANS	7	26	0
CP065313.1_1680	Defensin_propep	1	55	215318.27211988
CP065313.1_1680	SIGNAL	1	23	0
CP065313.1_1680	TRANS	4	26	0
CP065313.1_1683	NOSIC	14	55	43711.7382052559
CP065313.1_1685	SIGNAL	1	22	0
CP065313.1_1685	TRANS	7	24	0
CP065313.1_1686	SIGNAL	1	23	0
CP065313.1_1686	TRANS	7	29	0
CP065313.1_1687	TRANS	7	29	0
CP065313.1_1689	GS	30	57	166.219949276232
CP065313.1_1690	COIL	4	37	0
CP065313.1_1690	HALZ	7	50	2155.03875079211
CP065313.1_1691	NIL	1	58	102432.659791502
CP065313.1_1691	SIGNAL	1	23	0
CP065313.1_1691	TRANS	5	24	0
CP065313.1_1693	IBR	8	58	282.126870726935
CP065313.1_1696	HTH_LUXR	5	58	1913.13887652629
CP065313.1_1696	PolyA	6	58	1057.70335374136
CP065313.1_1696	LysM	16	53	365.673098070935
CP065313.1_1696	COIL	27	52	0
CP065313.1_1697	SIGNAL	1	23	0
CP065313.1_1697	TRANS	7	29	0
CP065313.1_1697	TRANS	39	58	0
CP065313.1_1698	XPGI	2	53	1367.25539860868
CP065313.1_1698	FANCL_C	6	50	88904.8100383352
CP065313.1_1699	TRANS	2	21	0
CP065313.1_1699	TRANS	31	50	0
CP065313.1_1701	SIGNAL	1	20	0
CP065313.1_1701	BMC	3	59	60429.0472414192
CP065313.1_1701	KOW	22	49	733.96403822675
CP065313.1_1702	NMU	26	50	170.325052113181
CP065313.1_1706	ZnF_PMZ	32	54	369.976325205616
CP065313.1_1708	DALR_2	7	45	104366.693582289
CP065313.1_1709	STN	8	50	119271.140682377
CP065313.1_1711	SIGNAL	1	20	0
CP065313.1_1712	MamL-1	5	55	113345.054937177
CP065313.1_1713	HTH_MERR	2	59	0.000463702967217604
CP065313.1_1717	SIGNAL	1	20	0
CP065313.1_1717	Col_cuticle_N	4	48	30302.2463239524
CP065313.1_1718	SIGNAL	1	24	0
CP065313.1_1718	TRANS	5	27	0
CP065313.1_1719	TRANS	21	43	0
CP065313.1_1719	PLDc	26	50	919.658918169791
CP065313.1_1719	EFh	29	58	1486.70694126486
CP065313.1_1724	REC	3	60	6.22581582872832
CP065313.1_1727	SIGNAL	1	19	0
CP065313.1_1727	ARM	2	48	742.272827455896
CP065313.1_1727	TRANS	7	24	0
CP065313.1_1728	SIGNAL	1	21	0
CP065313.1_1728	TRANS	5	27	0
CP065313.1_1729	ZM	26	51	388.943779184082
CP065313.1_1737	EKR	17	53	104464.901754965
CP065313.1_1737	TRANS	35	57	0
CP065313.1_1746	SIGNAL	1	22	0
CP065313.1_1747	SIGNAL	1	20	0
CP065313.1_1747	TRANS	4	22	0
CP065313.1_1747	CpcD	24	55	85974.4249818075
CP065313.1_1748	SIGNAL	1	20	0
CP065313.1_1748	C1	17	53	1847.74557160469
CP065313.1_1748	LIM	22	59	1822.56377002888
CP065313.1_1748	ZnF_RBZ	32	59	200.631604592566
CP065313.1_1748	ZnF_A20	33	58	957.671586935008
CP065313.1_1748	C1_4	35	59	104956.223328259
CP065313.1_1748	RING	36	56	1765.39435747994
CP065313.1_1750	STI1	25	56	1205.50853030593
CP065313.1_1750	IENR2	30	46	1087.7486830925
CP065313.1_1753	TRANS	10	32	0
CP065313.1_1754	SIGNAL	1	19	0
CP065313.1_1758	TDU	45	60	2401.64097663374
CP065313.1_1759	SCY	4	51	1564.78059824296
CP065313.1_1759	Y1_Tnp	10	60	115336.124536926
CP065313.1_1763	DUF4210	1	49	137920.095271751
CP065313.1_1765	SRP54_N	1	60	6.12924398641827e-06
CP065313.1_1766	TRANS	4	23	0
CP065313.1_1766	TRANS	35	57	0
CP065313.1_1767	TRANS	4	21	0
CP065313.1_1767	ZnF_C2HC	41	52	740.627840237011
CP065313.1_1769	TRANS	4	26	0
CP065313.1_1771	Sm	13	58	1792.5883786826
CP065313.1_1772	TRANS	13	31	0
CP065313.1_1772	TRANS	36	58	0
CP065313.1_1773	SIGNAL	1	20	0
CP065313.1_1773	TRANS	4	23	0
CP065313.1_1776	LMWPc	2	60	0.0122264036802089
CP065313.1_1777	HTH_CRP	19	59	1020.17218955785
CP065313.1_1781	DnaJ	4	60	1.1893183963666
CP065313.1_1783	WR1	11	49	717.856453617323
CP065313.1_1784	PolyA	17	59	1452.5354885014
CP065313.1_1787	COIL	2	34	0
CP065313.1_1787	DUF4187	10	55	186091.632074973
CP065313.1_1788	IGc2	13	60	1573.96392637156
CP065313.1_1789	PCRF	16	60	94852.2911047823
CP065313.1_1789	PTH	19	57	1780.32591774165
CP065313.1_1792	Connexin_CCC	11	53	75212.075916743
CP065313.1_1792	TRANS	31	53	0
CP065313.1_1797	Mac	15	57	66954.6981939729
CP065313.1_1799	HTH_CRP	15	59	1344.28123770588
CP065313.1_1800	SIGNAL	1	26	0
CP065313.1_1800	TRANS	7	26	0
CP065313.1_1801	SIGNAL	1	21	0
CP065313.1_1802	TRANS	7	29	0
CP065313.1_1803	SIGNAL	1	25	0
CP065313.1_1804	SIGNAL	1	24	0
CP065313.1_1804	TRANS	5	27	0
CP065313.1_1808	GYR	34	50	702.434502462487
CP065313.1_1809	EKR	21	60	96099.440025256
CP065313.1_1810	SIGNAL	1	22	0
CP065313.1_1810	NAT_PEP	33	56	355.62615473534
CP065313.1_1811	HTH_MERR	17	60	179.261648286889
CP065313.1_1812	S_100	2	40	81507.9349852891
CP065313.1_1812	BHL	23	59	2219.44103234002
CP065313.1_1824	SIGNAL	1	22	0
CP065313.1_1824	LysM	38	60	97.4924394457498
CP065313.1_1825	CpcD	1	37	110353.015376686
CP065313.1_1825	FISNA	1	55	46242.2959111233
CP065313.1_1826	TRANS	5	27	0
CP065313.1_1826	TRANS	34	56	0
CP065313.1_1827	TRANS	5	27	0
CP065313.1_1827	TRANS	37	59	0
CP065313.1_1828	BC10	1	57	360841.884422947
CP065313.1_1828	TRANS	10	27	0
CP065313.1_1828	TRANS	40	58	0
CP065313.1_1829	NDK	3	60	1.97722619595985e-05
CP065313.1_1829	DM15	18	57	1910.42525485218
CP065313.1_1834	TRANS	21	43	0
CP065313.1_1835	SIGNAL	1	20	0
CP065313.1_1837	Sm	10	58	39.343198929472
CP065313.1_1840	TRANS	4	26	0
CP065313.1_1841	TRANS	7	26	0
CP065313.1_1841	TRANS	41	59	0
CP065313.1_1842	HAT	19	53	1430.72350729066
CP065313.1_1843	Adenylsucc_synt	4	60	0.00847949020227102
CP065313.1_1845	GS	1	24	937.116844651755
CP065313.1_1850	SpoVT_AbrB	9	54	132.808133865187
CP065313.1_1854	TRANS	40	59	0
CP065313.1_1855	TRANS	7	29	0
CP065313.1_1855	COIL	28	57	0
CP065313.1_1857	TRANS	2	24	0
CP065313.1_1857	COIL	27	59	0
CP065313.1_1859	TRANS	13	30	0
CP065313.1_1860	TRANS	12	34	0
CP065313.1_1863	FA	7	42	178316.857237758
CP065313.1_1868	CBM_10	25	47	76503.4516143375
CP065313.1_1889	Agenet	8	53	3551.65205298728
CP065313.1_1891	Jag_N	10	50	39894.5946194141
CP065313.1_1898	TRANS	20	42	0
CP065313.1_1899	Col_cuticle_N	3	58	1744.30996081506
CP065313.1_1899	RUN	4	59	2182.52258509823
CP065313.1_1899	TRANS	5	27	0
CP065313.1_1899	COIL	35	60	0
CP065313.1_1900	SFM	12	60	428.233852721588
CP065313.1_1901	MBD	6	56	1366.20303386517
CP065313.1_1901	HTH_DEOR	10	53	1463.80030543059
CP065313.1_1903	RPEL	33	56	1264.41681562034
CP065313.1_1903	IENR2	35	51	649.192321737437
CP065313.1_1905	BSD	12	52	5118.59572238459
CP065313.1_1906	TRANS	5	23	0
CP065313.1_1921	TRANS	2	20	0
CP065313.1_1921	TRANS	24	41	0
CP065313.1_1923	SIGNAL	1	26	0
CP065313.1_1925	TRANS	7	29	0
CP065313.1_1925	TRANS	33	55	0
CP065313.1_1926	TRANS	9	27	0
CP065313.1_1926	TRANS	37	59	0
CP065313.1_1928	ZnF_ZZ	8	34	734.082547163849
CP065313.1_1928	FES	8	26	189.876672673675
CP065313.1_1928	BHD_1	20	59	85947.6208822659
CP065313.1_1932	TRANS	5	27	0
CP065313.1_1935	RPOLCX	7	39	2288.18982626063
CP065313.1_1935	RPOL9	11	54	323.254411180908
CP065313.1_1935	TRASH	11	40	213308.900300535
CP065313.1_1936	TRANS	20	37	0
CP065313.1_1937	IDEAL	17	41	100121.148886581
CP065313.1_1940	SIGNAL	1	19	0
CP065313.1_1941	CSP	3	60	3.08383874940296e-20
CP065313.1_1945	AgrD	1	30	71748.5170402435
CP065313.1_1945	HhH2	1	29	720.639807137122
CP065313.1_1945	NOSIC	2	44	56727.6355418187
CP065313.1_1946	TRANS	7	26	0
CP065313.1_1946	HX	11	55	1839.38321971487
CP065313.1_1948	EZ_HEAT	10	44	2063.67766203562
CP065313.1_1952	NGF	1	52	1275.4114125565
CP065313.1_1953	ORANGE	9	51	163089.000539444
CP065313.1_1958	ZnF_CHCC	36	60	0.00583441615536936
CP065313.1_1960	SIGNAL	1	21	0
CP065313.1_1961	SIGNAL	1	28	0
CP065313.1_1961	DUF1856	5	43	134347.598435867
CP065313.1_1963	CpcD	1	54	123293.665150434
CP065313.1_1966	P-II	4	60	1.09077204011366e-11
CP065313.1_1967	COIL	4	47	0
CP065313.1_1969	TRANS	32	54	0
CP065313.1_1972	TRANS	13	35	0
CP065313.1_1976	ANK	5	43	751.545441064431
CP065313.1_1979	SAM_HD_adjacent	16	38	326841.058871286
CP065313.1_1980	HNS	9	46	2700.10337450178
CP065313.1_1981	TRANS	13	35	0
CP065313.1_1982	SIGNAL	1	22	0
CP065313.1_1982	Col_cuticle_N	4	40	20712.7192007289
CP065313.1_1986	TRANS	13	32	0
CP065313.1_1986	TRANS	37	59	0
CP065313.1_1987	S4	13	60	1.62226694964637
CP065313.1_1988	DSX_dimer	1	60	59425.2481905715
CP065313.1_1990	AIRC	8	59	0.00013908730697696
CP065313.1_1991	4.1m	15	31	234.6480567402
CP065313.1_1992	SIGNAL	1	20	0
CP065313.1_1993	SIGNAL	1	24	0
CP065313.1_1995	ANK	20	51	380.663104188533
CP065313.1_1996	TRANS	7	29	0
CP065313.1_2006	TRANS	17	39	0
CP065313.1_2009	Costars	2	52	182504.621999232
CP065313.1_2009	COIL	2	60	0
CP065313.1_2009	BRLZ	3	50	90.7936127675168
CP065313.1_2010	Semialdhyde_dh	3	59	66827.6925872077
CP065313.1_2010	KNOX1	15	47	100954.766379496
CP065313.1_2011	SIGNAL	1	21	0
CP065313.1_2012	EFh	28	56	1866.87815139433
CP065313.1_2013	TRANS	7	29	0
CP065313.1_2017	SIGNAL	1	20	0
CP065313.1_2017	TRANS	5	27	0
CP065313.1_2017	TRANS	42	59	0
CP065313.1_2022	TRANS	4	20	0
CP065313.1_2022	TRANS	27	46	0
CP065313.1_2023	COIL	1	29	0
CP065313.1_2023	SFM	8	49	1215.03391574379
CP065313.1_2023	HAMP	11	59	289.776611814342
CP065313.1_2024	TRANS	13	32	0
CP065313.1_2024	TRANS	36	58	0
CP065313.1_2027	TRANS	13	32	0
CP065313.1_2027	TRANS	37	59	0
CP065313.1_2028	TRANS	4	21	0
CP065313.1_2028	TRANS	28	50	0
CP065313.1_2029	TRANS	5	24	0
CP065313.1_2029	TRANS	34	56	0
CP065313.1_2031	TRANS	21	43	0
CP065313.1_2032	TRANS	17	34	0
CP065313.1_2033	TRANS	26	43	0
CP065313.1_2035	TRANS	4	23	0
CP065313.1_2035	TRANS	36	58	0
CP065313.1_2036	TRANS	5	27	0
CP065313.1_2036	TRANS	37	59	0
CP065313.1_2041	TECPR	11	45	507.391324412365
CP065313.1_2045	HALZ	2	47	2087.47616754789
CP065313.1_2045	Rho_N	17	53	91064.0652804761
CP065313.1_2048	SIGNAL	1	28	0
CP065313.1_2048	TRANS	7	29	0
CP065313.1_2055	NADH_4Fe-4S	3	34	78188.8858911992
CP065313.1_2063	TRANS	5	27	0
CP065313.1_2063	Kelch	17	56	2672.33946984735
CP065313.1_2065	SIGNAL	1	20	0
CP065313.1_2065	TRANS	7	29	0
CP065313.1_2066	HOX	4	56	887.831281328626
CP065313.1_2066	HTH_XRE	11	60	3.38564898346781
CP065313.1_2067	HAT	6	38	395.533041810183
CP065313.1_2069	COIL	15	36	0
CP065313.1_2069	CM_2	16	60	0.0699513384961134
CP065313.1_2070	HOX	1	56	353.733859657137
CP065313.1_2070	THEG	14	38	778.925098565545
CP065313.1_2071	SIGNAL	1	17	0
CP065313.1_2075	BHL	3	60	0.416872698863429
CP065313.1_2077	IENR1	3	51	1623.65120858042
CP065313.1_2077	HTH_LUXR	12	56	1132.09743123167
CP065313.1_2077	HTH_ARSR	12	55	278.870264039355
CP065313.1_2079	TRANS	7	29	0
CP065313.1_2079	TRANS	39	58	0
CP065313.1_2084	HTH_XRE	13	60	0.0136288797831248
CP065313.1_2084	HTH_CRP	15	57	151.314792638236
CP065313.1_2084	HTH_LUXR	17	57	2295.74850002655
CP065313.1_2085	SIGNAL	1	25	0
CP065313.1_2085	TRANS	9	31	0
CP065313.1_2086	HTH_MERR	2	60	0.116859051674552
CP065313.1_2087	TRANS	7	26	0
CP065313.1_2087	TRANS	30	52	0
CP065313.1_2088	SIGNAL	1	21	0
CP065313.1_2089	SIGNAL	1	18	0
CP065313.1_2089	BMC	2	57	72132.6277465547
CP065313.1_2091	ITAM	15	36	387.630116190052
CP065313.1_2092	TRANS	20	42	0
CP065313.1_2094	AgrD	1	40	88638.207798295
CP065313.1_2094	SIGNAL	1	24	0
CP065313.1_2094	TRANS	7	25	0
CP065313.1_2094	TRANS	35	54	0
CP065313.1_2097	TRP_2	4	37	155054.484432498
CP065313.1_2098	tRNA_SAD	6	45	115243.577838958
CP065313.1_2098	HTH_CRP	20	54	1413.40870646623
CP065313.1_2099	TRANS	7	29	0
CP065313.1_2099	TRANS	39	59	0
CP065313.1_2101	Pro_CA	2	59	102527.066668348
CP065313.1_2101	ZnF_CHCC	5	36	1132.12663159482
CP065313.1_2102	FerA	7	60	122737.698669993
CP065313.1_2105	COIL	3	31	0
CP065313.1_2108	TRANS	7	29	0
CP065313.1_2108	VWC_out	19	57	1109.90076032022
CP065313.1_2108	Knot1	31	57	915.809160221182
CP065313.1_2108	ZnF_A20	35	59	1393.92447241814
CP065313.1_2109	SIGNAL	1	19	0
CP065313.1_2109	ZnF_RBZ	8	25	1992.21459100331
CP065313.1_2109	EGF_CA	8	33	1635.21309564226
CP065313.1_2110	HAT	17	49	1149.04130734116
CP065313.1_2111	STI1	11	55	570.34127816823
CP065313.1_2111	HTH_ARSR	13	60	0.029970010436666
CP065313.1_2112	TRANS	15	34	0
CP065313.1_2117	DysFC	23	52	583.797288976613
CP065313.1_2117	NMU	26	50	115.477223363623
CP065313.1_2121	TRANS	2	19	0
CP065313.1_2121	TRANS	23	42	0
CP065313.1_2124	TRANS	31	53	0
CP065313.1_2125	SIGNAL	1	22	0
CP065313.1_2125	TRANS	7	25	0
CP065313.1_2126	SIGNAL	1	20	0
CP065313.1_2127	SIGNAL	1	16	0
CP065313.1_2128	Defensin_propep	1	46	103771.681429429
CP065313.1_2128	SIGNAL	1	19	0
CP065313.1_2129	SIGNAL	1	23	0
CP065313.1_2129	Col_cuticle_N	7	60	92557.6850981992
CP065313.1_2130	SIGNAL	1	19	0
CP065313.1_2131	Defensin_propep	1	41	365027.781544988
CP065313.1_2131	SIGNAL	1	20	0
CP065313.1_2131	TRANS	5	27	0
CP065313.1_2132	TRANS	21	39	0
CP065313.1_2133	TRANS	25	47	0
CP065313.1_2133	GIT	33	55	1870.11350507304
CP065313.1_2135	SIGNAL	1	21	0
CP065313.1_2135	fCBD	33	54	1401.1890426472
CP065313.1_2136	SIGNAL	1	21	0
CP065313.1_2137	TRANS	21	40	0
CP065313.1_2138	SIGNAL	1	23	0
CP065313.1_2139	TRANS	19	41	0
CP065313.1_2140	TRANS	29	51	0
CP065313.1_2141	SIGNAL	1	26	0
CP065313.1_2141	TRANS	7	29	0
CP065313.1_2142	SIGNAL	1	25	0
CP065313.1_2143	TRANS	5	22	0
CP065313.1_2144	TRANS	21	43	0
CP065313.1_2151	Prim_Zn_Ribbon	38	60	65.6053601784041
CP065313.1_2153	TRANS	13	32	0
CP065313.1_2153	TRANS	37	59	0
CP065313.1_2154	TRANS	5	25	0
CP065313.1_2154	TRANS	40	59	0
CP065313.1_2155	A_amylase_inhib	5	60	89983.0250784142
CP065313.1_2155	WRKY	7	37	22067.8807866573
CP065313.1_2161	TRANS	41	58	0
CP065313.1_2166	SIGNAL	1	19	0
CP065313.1_2167	SIGNAL	1	20	0
CP065313.1_2167	TRANS	5	24	0
CP065313.1_2169	UIM	15	33	1618.47066880005
CP065313.1_2169	EFP	15	45	179116.638456998
CP065313.1_2173	TRANS	4	23	0
CP065313.1_2173	TRANS	25	44	0
CP065313.1_2176	SIGNAL	1	24	0
CP065313.1_2176	TRANS	7	29	0
CP065313.1_2179	TRANS	9	31	0
CP065313.1_2182	NOSIC	14	55	64621.1604641867
CP065313.1_2185	YajC	1	43	155339.057625901
CP065313.1_2185	SIGNAL	1	18	0
CP065313.1_2187	COIL	3	58	0
CP065313.1_2197	FES	21	41	2952.0935828133
CP065313.1_2201	TRANS	10	44	0
CP065313.1_2203	NEBU	20	49	687.216343839393
CP065313.1_2205	SIGNAL	1	19	0
CP065313.1_2206	SIGNAL	1	23	0
CP065313.1_2212	HTH_XRE	14	59	83.5506827070489
CP065313.1_2213	STI1	25	56	1205.50853030593
CP065313.1_2213	IENR2	30	46	1087.7486830925
CP065313.1_2214	TRANS	5	27	0
CP065313.1_2214	TRANS	31	53	0
CP065313.1_2216	Defensin_propep	1	47	72935.8146882208
CP065313.1_2216	SIGNAL	1	21	0
CP065313.1_2216	FA	11	46	143517.342117138
CP065313.1_2218	PLDc	12	40	1325.54485106425
CP065313.1_2219	TRANS	12	31	0
CP065313.1_2219	TRANS	41	58	0
CP065313.1_2220	SIGNAL	1	17	0
CP065313.1_2220	TRANS	5	27	0
CP065313.1_2221	SIGNAL	1	25	0
CP065313.1_2223	SIGNAL	1	23	0
CP065313.1_2224	SIGNAL	1	23	0
CP065313.1_2225	SIGNAL	1	22	0
CP065313.1_2226	TRANS	2	24	0
CP065313.1_2226	Connexin_CCC	3	59	111123.261206622
CP065313.1_2226	TRANS	34	52	0
CP065313.1_2227	SIGNAL	1	26	0
CP065313.1_2228	SIGNAL	1	21	0
CP065313.1_2229	HTH_LUXR	5	56	2295.74850002655
CP065313.1_2229	HTH_CRP	17	60	2110.50575709228
CP065313.1_2233	PostSET	12	28	1348.59621030457
CP065313.1_2234	WH2	26	47	192.575661384519
CP065313.1_2235	ANATO	14	38	315.496494603356
CP065313.1_2235	NMU	33	57	805.484173120703
CP065313.1_2238	CUE	7	50	2179.31771555311
CP065313.1_2238	SO	26	58	422.77951481835
CP065313.1_2238	GRAN	30	54	1298.35930074337
CP065313.1_2241	SIGNAL	1	29	0
CP065313.1_2242	TRANS	7	26	0
CP065313.1_2242	TRANS	31	53	0
CP065313.1_2244	SIGNAL	1	28	0
CP065313.1_2246	REC	5	60	481.84369827441
CP065313.1_2247	SIGNAL	1	27	0
CP065313.1_2247	TRANS	7	25	0
CP065313.1_2247	Defensin_propep	10	49	32566.9566839853
CP065313.1_2247	TRANS	40	57	0
CP065313.1_2248	SIGNAL	1	26	0
CP065313.1_2249	NMU	26	50	170.325052113181
CP065313.1_2253	TRANS	5	27	0
CP065313.1_2253	TRANS	32	50	0
CP065313.1_2256	HTH_GNTR	9	60	115.383749293211
CP065313.1_2257	TRANS	9	31	0
CP065313.1_2257	TRANS	35	57	0
CP065313.1_2258	TRANS	13	35	0
CP065313.1_2262	KOW	13	37	820.276250804093
CP065313.1_2262	TRANS	13	35	0
CP065313.1_2263	TRANS	12	29	0
CP065313.1_2263	TRANS	39	59	0
CP065313.1_2264	SIGNAL	1	27	0
CP065313.1_2267	TRANS	2	21	0
CP065313.1_2267	TRANS	31	53	0
CP065313.1_2270	TRANS	20	42	0
CP065313.1_2275	ZnF_PMZ	9	35	186.300143810706
CP065313.1_2277	TRANS	2	19	0
CP065313.1_2277	BC10	9	48	327905.784299539
CP065313.1_2277	TRANS	29	51	0
CP065313.1_2278	WRKY	26	56	15414.0417377699
CP065313.1_2283	CENPB	6	58	2076.16240706386
CP065313.1_2287	CALCITONIN	11	46	1177.84750478775
CP065313.1_2290	TRANS	20	42	0
CP065313.1_2292	SIGNAL	1	26	0
CP065313.1_2292	TRANS	7	26	0
CP065313.1_2292	PKS_PP_betabranch	9	52	77304.547151283
CP065313.1_2292	TRANS	30	52	0
CP065313.1_2294	TRANS	25	47	0
CP065313.1_2296	TRANS	20	42	0
CP065313.1_2299	SIGNAL	1	19	0
CP065313.1_2300	SIGNAL	1	20	0
CP065313.1_2302	SIGNAL	1	29	0
CP065313.1_2303	Spo7_2_N	7	49	128892.695552402
CP065313.1_2303	NMU	26	50	1373.14698193854
CP065313.1_2304	GIDA_assoc_3	14	60	115429.702196889
CP065313.1_2305	TRANS	19	41	0
CP065313.1_2307	tRNA_SAD	2	46	94300.4111963456
CP065313.1_2308	SIGNAL	1	22	0
CP065313.1_2311	SIGNAL	1	25	0
CP065313.1_2316	WHEP-TRS	10	59	71135.5798823458
CP065313.1_2316	AT_hook	24	36	920.938391204677
CP065313.1_2323	DM16	7	53	1180.74999008937
CP065313.1_2325	SIGNAL	1	21	0
CP065313.1_2327	TRANS	4	26	0
CP065313.1_2328	TRANS	36	53	0
CP065313.1_2329	NMU	26	50	162.248908036092
CP065313.1_2330	IENR2	6	22	649.192321737437
CP065313.1_2331	SAM_HD_adjacent	24	45	496563.418893766
CP065313.1_2332	Proteasome_A_N	3	26	102889.10443417
CP065313.1_2333	Spt4	12	55	310774.719598174
CP065313.1_2340	SIGNAL	1	22	0
CP065313.1_2340	TRANS	7	26	0
CP065313.1_2343	NOSIC	14	55	43711.7382052559
CP065313.1_2345	LEM	16	59	1722.01119687525
CP065313.1_2348	PKS_PP	5	60	1.30918817264302
CP065313.1_2348	PKS_PP_betabranch	6	56	689.509568071098
CP065313.1_2351	TRANS	4	26	0
CP065313.1_2355	TRANS	42	59	0
CP065313.1_2359	TRANS	7	26	0
CP065313.1_2362	TRANS	20	42	0
CP065313.1_2364	IENR1	5	51	109.756241151089
CP065313.1_2365	SIGNAL	1	21	0
CP065313.1_2365	TRANS	5	22	0
CP065313.1_2367	PYNP_C	6	59	25302.3025025005
CP065313.1_2367	HTH_GNTR	7	58	1928.17959895566
CP065313.1_2369	SIGNAL	1	20	0
CP065313.1_2369	ACTH_domain	18	54	106034.794253529
CP065313.1_2371	SIGNAL	1	20	0
CP065313.1_2371	TRANS	7	29	0
CP065313.1_2372	GPS	23	57	861.399543225834
CP065313.1_2375	TRANS	36	53	0
CP065313.1_2376	SIGNAL	1	20	0
CP065313.1_2380	TRANS	21	43	0
CP065313.1_2381	TRANS	21	43	0
CP065313.1_2382	TRANS	35	57	0
CP065313.1_2383	Defensin_propep	1	44	147624.658223096
CP065313.1_2383	SIGNAL	1	19	0
CP065313.1_2389	SIGNAL	1	26	0
CP065313.1_2391	TRANS	32	54	0
CP065313.1_2392	Defensin_propep	1	53	140376.596532536
CP065313.1_2392	SIGNAL	1	21	0
CP065313.1_2392	ZnF_RBZ	33	58	137.460120870634
CP065313.1_2392	RING	37	58	1718.86017132611
CP065313.1_2393	SIGNAL	1	28	0
CP065313.1_2394	FHA	8	54	1244.18665537698
CP065313.1_2395	TRANS	27	49	0
CP065313.1_2397	PolyA	11	51	1306.82380983605
CP065313.1_2397	PTH	16	44	1429.98434629033
CP065313.1_2397	IDEAL	21	58	24829.993569425
CP065313.1_2400	PostSET	13	30	1395.88888841291
CP065313.1_2400	CxxC_CXXC_SSSS	16	54	83192.5679480244
CP065313.1_2402	FU	14	56	184.5286647321
CP065313.1_2404	SIGNAL	1	24	0
CP065313.1_2404	TRANS	7	24	0
CP065313.1_2404	TRANS	34	56	0
CP065313.1_2406	SIGNAL	1	20	0
CP065313.1_2409	TRANS	4	22	0
CP065313.1_2409	TRANS	27	49	0
CP065313.1_2413	SIGNAL	1	22	0
CP065313.1_2421	SAM_HD_adjacent	26	46	544906.369305686
CP065313.1_2423	STI1	12	40	1625.85588114311
CP065313.1_2424	B5	6	50	70851.6840670352
CP065313.1_2425	SIGNAL	1	21	0
CP065313.1_2428	Enolase_N	4	60	2.8554955936023e-07
CP065313.1_2429	TRANS	12	34	0
CP065313.1_2432	TRANS	7	29	0
CP065313.1_2434	POLIIIAc	13	60	0.0485148610117481
CP065313.1_2436	TRANS	10	32	0
CP065313.1_2441	TRANS	10	32	0
CP065313.1_2443	TRANS	15	37	0
CP065313.1_2447	TRANS	10	32	0
CP065313.1_2447	TRANS	39	58	0
CP065313.1_2448	TRANS	10	28	0
CP065313.1_2448	TRANS	35	57	0
CP065313.1_2449	SIGNAL	1	25	0
CP065313.1_2451	TRANS	10	32	0
CP065313.1_2453	SIGNAL	1	20	0
CP065313.1_2455	HhH2	27	53	803.135477927835
CP065313.1_2457	SIGNAL	1	22	0
CP065313.1_2457	TRANS	5	22	0
CP065313.1_2461	Semialdhyde_dh	3	57	8022.79437447778
CP065313.1_2463	FYVE	9	60	1156.08732383097
CP065313.1_2463	IBR	10	57	1414.53185237539
CP065313.1_2463	PHD	20	55	1067.36969461444
CP065313.1_2463	ZnF_ZZ	26	58	382.409941685287
CP065313.1_2463	ZnF_RBZ	27	57	660.908514661763
CP065313.1_2463	ZnF_C2C2	30	60	1469.54621014033
CP065313.1_2463	LIM	31	54	836.336392110267
CP065313.1_2463	CxxC_CXXC_SSSS	31	58	52766.5752712409
CP065313.1_2463	C1_4	31	56	13034.1410954296
CP065313.1_2464	Beta-TrCP_D	1	35	91821.5172654892
CP065313.1_2466	TRANS	4	21	0
CP065313.1_2466	TRANS	28	50	0
CP065313.1_2469	TRANS	5	27	0
CP065313.1_2470	SIGNAL	1	16	0
CP065313.1_2473	SIGNAL	1	22	0
CP065313.1_2474	TRANS	10	32	0
CP065313.1_2476	SIGNAL	1	23	0
CP065313.1_2476	TRANS	5	27	0
CP065313.1_2479	S_TK_X	8	50	1833.48044430607
CP065313.1_2488	HTH_ASNC	1	58	954.463088280783
CP065313.1_2488	EKR	15	54	76915.5491892579
CP065313.1_2493	TRANS	5	23	0
CP065313.1_2494	STI1	22	51	1442.53616072997
CP065313.1_2497	TRANS	26	48	0
CP065313.1_2500	SIGNAL	1	25	0
CP065313.1_2500	TRANS	7	26	0
CP065313.1_2502	C1_4	35	56	87337.1061332861
CP065313.1_2503	SIGNAL	1	20	0
CP065313.1_2508	CoA_binding	9	60	2297.2866694357
CP065313.1_2508	G_patch	22	60	1284.28333668901
CP065313.1_2509	BHL	1	60	1.4597535158514e-05
CP065313.1_2509	HTH_CRP	1	46	1099.90930590771
CP065313.1_2509	HTH_LACI	4	54	1597.59138889844
CP065313.1_2510	TRANS	13	35	0
CP065313.1_2510	TRANS	40	59	0
CP065313.1_2515	TRANS	12	30	0
CP065313.1_2515	TRANS	34	51	0
CP065313.1_2516	TRANS	37	59	0
CP065313.1_2518	TRANS	15	37	0
CP065313.1_2519	ZnF_ZZ	7	40	1612.81048221182
CP065313.1_2519	ZnF_RBZ	9	33	38.2175294759315
CP065313.1_2519	RPOLCX	9	42	341.513378540428
CP065313.1_2519	RING	10	30	1862.26268982013
CP065313.1_2519	CxxC_CXXC_SSSS	12	40	9019.80902652159
CP065313.1_2520	TRANS	21	43	0
CP065313.1_2521	TRANS	24	46	0
CP065313.1_2522	SIGNAL	1	26	0
CP065313.1_2526	PUG	3	53	32.3701201610716
CP065313.1_2529	SIGNAL	1	20	0
CP065313.1_2530	TRANS	15	48	0
CP065313.1_2531	TRANS	42	59	0
CP065313.1_2534	TRANS	7	26	0
CP065313.1_2534	TRANS	30	52	0
CP065313.1_2535	Ribosomal_S15	8	60	5.34205968859266e-17
