CP065317.1_3	TRANS	21	43	0
CP065317.1_6	GIYc	15	60	177.80355996529
CP065317.1_9	TRANS	20	42	0
CP065317.1_10	HTH_LACI	1	60	1.02340111672701e-20
CP065317.1_10	HTH_XRE	3	50	81.546032075612
CP065317.1_10	HhH1	5	24	278.471041177169
CP065317.1_14	TRANS	10	32	0
CP065317.1_17	HLH	5	38	2085.40184666015
CP065317.1_19	CP12	3	32	121440.046000826
CP065317.1_19	COIL	6	50	0
CP065317.1_19	SFM	13	59	923.585514698596
CP065317.1_19	Antimicrobial21	17	47	34516.0057586237
CP065317.1_21	TRANS	7	29	0
CP065317.1_27	APC2	7	53	118826.50510803
CP065317.1_27	GIT	14	44	363.514017808346
CP065317.1_27	COIL	30	57	0
CP065317.1_29	WRKY	5	27	15882.1634725979
CP065317.1_31	TRANS	7	26	0
CP065317.1_32	HTH_DEOR	6	53	1622.48212716974
CP065317.1_33	DSX_dimer	8	58	140359.295589811
CP065317.1_34	TRANS	7	29	0
CP065317.1_35	TRANS	19	41	0
CP065317.1_41	SIGNAL	1	23	0
CP065317.1_42	CAT_RBD	1	57	4.00214768049695e-19
CP065317.1_43	TRANS	12	34	0
CP065317.1_44	HOX	3	48	1698.47703015918
CP065317.1_44	HTH_DEOR	7	56	9.59425958481451
CP065317.1_44	HTH_CRP	15	58	123.764209489545
CP065317.1_44	ORANGE	19	54	163089.000539444
CP065317.1_45	ELM2	1	56	99466.6167266541
CP065317.1_45	IDEAL	15	60	62926.7582492279
CP065317.1_47	TPR	22	55	1779.03211114411
CP065317.1_48	LRR_SD22	1	22	2147.46203018739
CP065317.1_48	TRANS	13	35	0
CP065317.1_50	TRANS	7	28	0
CP065317.1_52	ZnF_CHCC	36	60	0.00244474445888107
CP065317.1_54	RPOLCX	1	37	52.4226959318432
CP065317.1_54	C1_4	1	24	111583.85245951
CP065317.1_54	RPOL9	3	57	1.55872438239687
CP065317.1_54	ZnF_C2C2	3	28	180.158222836773
CP065317.1_54	ZnF_RBZ	4	25	55.7851421877449
CP065317.1_54	LIM	4	39	836.336392110267
CP065317.1_54	CxxC_CXXC_SSSS	4	27	2295.6725006165
CP065317.1_54	ZnF_C2HC	4	21	1202.47059529642
CP065317.1_54	RING	5	22	439.210513947558
CP065317.1_54	ZnF_CDGSH	7	37	1248.70002103309
CP065317.1_54	COIL	33	60	0
CP065317.1_57	Gp_dh_N	3	60	0.00032210101340432
CP065317.1_57	SOCS	18	49	546.47443132212
CP065317.1_59	TRANS	13	35	0
CP065317.1_59	TRANS	40	59	0
CP065317.1_60	TRANS	32	54	0
CP065317.1_62	TRANS	3	25	0
CP065317.1_63	SIGNAL	1	24	0
CP065317.1_65	TRANS	7	29	0
CP065317.1_68	FBD	1	57	2290.28435808386
CP065317.1_69	S4	2	59	5.33351574502018e-15
CP065317.1_69	DUF167	9	52	128657.701546364
CP065317.1_70	TRANS	7	29	0
CP065317.1_70	TRANS	39	58	0
CP065317.1_71	ZnF_A20	1	23	68.8174765670311
CP065317.1_71	BBOX	1	40	225.809610155342
CP065317.1_71	ZnF_RBZ	3	24	8.92238726071025
CP065317.1_71	CxxC_CXXC_SSSS	3	27	5399.50502436158
CP065317.1_71	RPOL9	16	57	2918.00286737246
CP065317.1_71	C1_4	17	34	118628.486377357
CP065317.1_74	ANK	6	36	877.101043123943
CP065317.1_75	TRANS	40	59	0
CP065317.1_79	BHL	2	60	2.59780541311667e-11
CP065317.1_81	TPR	1	33	1602.53406228577
CP065317.1_81	ADSL_C	3	59	46526.559713506
CP065317.1_81	IDEAL	6	42	105739.610530287
CP065317.1_83	TRANS	12	31	0
CP065317.1_93	SIGNAL	1	18	0
CP065317.1_99	CRF	26	59	1295.03256358543
CP065317.1_99	COIL	33	60	0
CP065317.1_100	TRANS	5	24	0
CP065317.1_100	TRANS	40	57	0
CP065317.1_101	VHP	2	36	335.796985056007
CP065317.1_101	DUF1713	7	34	141739.020267572
CP065317.1_102	TRANS	20	42	0
CP065317.1_107	tRNA_SAD	7	52	99863.2659758833
CP065317.1_107	HTH_GNTR	12	59	1617.53433658244
CP065317.1_108	COIL	12	39	0
CP065317.1_110	TRANS	15	34	0
CP065317.1_110	TRANS	41	58	0
CP065317.1_111	TRANS	12	30	0
CP065317.1_111	TRANS	40	59	0
CP065317.1_112	TRANS	21	43	0
CP065317.1_114	EZ_HEAT	21	50	1308.88043710284
CP065317.1_115	Semialdhyde_dh	2	55	61451.9800420954
CP065317.1_119	TRANS	20	42	0
CP065317.1_120	TRANS	34	56	0
CP065317.1_122	SIGNAL	1	25	0
CP065317.1_124	Cullin_Nedd8	1	52	113007.452819652
CP065317.1_124	HTH_DEOR	6	58	2.82690121221834e-12
CP065317.1_124	HTH_GNTR	6	56	422.918063214642
CP065317.1_124	HTH_CRP	8	60	6.88110009139185
CP065317.1_126	Bac_DnaA_C	1	45	2705643.29033246
CP065317.1_126	HTH_LUXR	3	58	141.532325143905
CP065317.1_126	cwf21	6	43	51244.2205127023
CP065317.1_128	HTH_XRE	7	60	0.536931239701705
CP065317.1_132	HTH_LACI	3	60	6.05932044232756e-23
CP065317.1_132	HTH_ARAC	3	60	1414.15581866138
CP065317.1_132	HTH_XRE	5	45	117.383705865407
CP065317.1_132	HTH_MERR	6	59	1357.87385467136
CP065317.1_132	HhH1	7	26	143.657548935229
CP065317.1_133	TRANS	28	50	0
CP065317.1_136	TRANS	5	23	0
CP065317.1_136	BC10	6	49	352311.085481001
CP065317.1_136	TRANS	33	55	0
CP065317.1_137	TRANS	7	29	0
CP065317.1_137	APC2	10	50	118826.50510803
CP065317.1_137	TRANS	34	56	0
CP065317.1_139	RIIa	24	60	634.735029901616
CP065317.1_144	CUE	10	59	2243.09807622789
CP065317.1_144	CoA_binding	15	60	5664.66428990161
CP065317.1_145	H4	1	59	1249.96693022985
CP065317.1_146	TRANS	7	24	0
CP065317.1_146	TRANS	37	59	0
CP065317.1_149	Ftsk_gamma	1	38	69141.4845234841
CP065317.1_149	ADSL_C	4	60	51130.0646485977
CP065317.1_149	DM15	17	52	1346.73591984265
CP065317.1_151	BMC	5	60	1.98774668917536e-14
CP065317.1_152	FDX-ACB	3	51	66545.5066872142
CP065317.1_153	BMC	2	60	5.08863150149405e-12
CP065317.1_159	REC	6	60	25.3277137174056
CP065317.1_161	KOW	21	48	1835.83546949655
CP065317.1_165	TRANS	7	29	0
CP065317.1_166	SIGNAL	1	20	0
CP065317.1_167	TRANS	5	27	0
CP065317.1_167	G3P_acyltransf	8	60	0.00500988483345844
CP065317.1_174	TOPRIM	4	56	0.355349958107567
CP065317.1_175	TRANS	10	32	0
CP065317.1_175	TRANS	39	58	0
CP065317.1_176	Hr1	1	59	2298.1300393012
CP065317.1_176	DM14	1	43	915.314743171455
CP065317.1_176	THEG	33	52	2617.24683809935
CP065317.1_180	E2_bind	1	58	46580.6107534471
CP065317.1_180	IENR1	6	51	667.65998688625
CP065317.1_181	PQQ	12	45	1889.93164108217
CP065317.1_181	TRANS	19	41	0
CP065317.1_186	PRY	2	50	1113.64500503054
CP065317.1_188	TRANS	4	18	0
CP065317.1_188	TRANS	25	47	0
CP065317.1_189	TRANS	28	50	0
CP065317.1_190	zf-C4_ClpX	21	48	109641.903016464
CP065317.1_193	HX	14	59	647.250043870768
CP065317.1_193	NEBU	25	55	1084.10199453757
CP065317.1_196	IKKbetaNEMObind	11	46	23582.8463658378
CP065317.1_197	TRANS	21	43	0
CP065317.1_199	TRANS	17	39	0
CP065317.1_201	HTH_GNTR	15	60	4.14869870260429
CP065317.1_202	SIGNAL	1	22	0
CP065317.1_203	TRANS	7	29	0
CP065317.1_204	TRANS	7	29	0
CP065317.1_207	TRANS	28	50	0
CP065317.1_208	TRANS	7	29	0
CP065317.1_210	TRANS	16	38	0
CP065317.1_211	TRANS	7	29	0
CP065317.1_213	LisH	25	56	2481.16877887292
CP065317.1_214	AgrD	6	39	9099.67027471643
CP065317.1_214	TRANS	7	29	0
CP065317.1_214	TRANS	39	58	0
CP065317.1_215	ZnF_UBR1	9	53	1539.70845797025
CP065317.1_216	Agenet	4	59	266.112614424459
CP065317.1_222	HTH_MERR	4	59	1.8369258243322e-11
CP065317.1_223	SRP54_N	2	60	0.000297286291875333
CP065317.1_223	EFh	9	35	318.808102740297
CP065317.1_226	REC	2	60	1.09659195907803
CP065317.1_227	TRANS	9	31	0
CP065317.1_228	SIGNAL	1	22	0
CP065317.1_229	FerI	1	60	102614.91268565
CP065317.1_230	LRR_SD22	24	45	823.240054276675
CP065317.1_232	HTH_DEOR	7	60	71.7407342495442
CP065317.1_232	HTH_GNTR	9	60	4.82401549098755e-08
CP065317.1_233	CpcD	4	49	56692.8073113097
CP065317.1_233	IENR1	7	52	169.138828128234
CP065317.1_234	GYF	9	58	1614.9892310989
CP065317.1_240	CPSase_sm_chain	9	60	8.58140901212455e-06
CP065317.1_243	CTNS	15	40	2635.12173771817
CP065317.1_243	TRANS	24	46	0
CP065317.1_244	Jag_N	6	39	116295.686937688
CP065317.1_245	S4	13	60	1.99419414051158e-05
CP065317.1_246	SIGNAL	1	20	0
CP065317.1_247	Beta-TrCP_D	12	55	70946.3424174777
CP065317.1_247	ELK	33	54	101405.317005953
CP065317.1_248	HTH_XRE	6	59	153.327664592571
CP065317.1_249	CSP	3	60	1.14326412680224e-14
CP065317.1_250	TRANS	12	34	0
CP065317.1_250	TRANS	39	58	0
CP065317.1_254	TRANS	35	57	0
CP065317.1_255	TRANS	20	42	0
CP065317.1_256	TRANS	4	26	0
CP065317.1_261	DM14	6	56	2067.71550180141
CP065317.1_262	TRANS	35	57	0
CP065317.1_263	SIGNAL	1	26	0
CP065317.1_263	TRANS	2	21	0
CP065317.1_264	TRANS	15	32	0
CP065317.1_266	SIGNAL	1	29	0
CP065317.1_266	TRANS	5	22	0
CP065317.1_267	HTH_XRE	1	54	63.9631803398607
CP065317.1_267	HTH_LACI	5	60	6.9603314237221e-23
CP065317.1_269	TRANS	5	27	0
CP065317.1_269	Col_cuticle_N	8	54	12569.1054206477
CP065317.1_270	Col_cuticle_N	2	54	105.218075879107
CP065317.1_270	TRANS	5	27	0
CP065317.1_273	TRANS	13	35	0
CP065317.1_275	GIYc	15	60	406.218029593471
CP065317.1_276	TRANS	7	29	0
CP065317.1_276	TRANS	34	56	0
CP065317.1_277	TRANS	37	59	0
CP065317.1_278	RPEL	1	20	1079.20977577033
CP065317.1_282	FATC	12	45	168839.853327299
CP065317.1_282	TRANS	12	34	0
CP065317.1_283	TRANS	21	43	0
CP065317.1_284	SIGNAL	1	20	0
CP065317.1_285	TRANS	21	43	0
CP065317.1_285	Col_cuticle_N	23	58	19750.5548947921
CP065317.1_287	IDEAL	6	37	56409.1207465052
CP065317.1_287	COIL	10	54	0
CP065317.1_288	IGR	1	55	112028.210620531
CP065317.1_288	COIL	1	39	0
CP065317.1_288	HALZ	2	39	728.581749470653
CP065317.1_290	CxxC_CXXC_SSSS	1	43	38577.4909780638
CP065317.1_290	TRASH	3	42	19117.4931637374
CP065317.1_290	Copper-fist	18	48	105975.879660417
CP065317.1_290	C1	18	59	1674.86217871825
CP065317.1_290	C1_4	30	51	115052.452701623
CP065317.1_291	ZnF_C2H2	36	60	1621.12614154452
CP065317.1_293	P68HR	11	43	169986.250059887
CP065317.1_295	WRKY	9	56	3345.28336365179
CP065317.1_295	GLUCA	23	44	1202.20097986365
CP065317.1_296	ProRS-C_1	3	57	118223.684112309
CP065317.1_298	TRANS	20	42	0
CP065317.1_299	SIGNAL	1	24	0
CP065317.1_299	TRANS	5	27	0
CP065317.1_300	TRANS	13	32	0
CP065317.1_302	MGS	14	60	195.475038022718
CP065317.1_307	GATase_5	1	60	12.134326925328
CP065317.1_311	AIRC	3	60	2.98829097494242e-06
CP065317.1_312	TRANS	7	29	0
CP065317.1_312	TRANS	39	58	0
CP065317.1_314	TRANS	4	21	0
CP065317.1_319	SIGNAL	1	25	0
CP065317.1_320	TRANS	7	26	0
CP065317.1_321	TRANS	10	29	0
CP065317.1_321	TRANS	36	58	0
CP065317.1_322	SIGNAL	1	28	0
CP065317.1_322	Defensin_propep	11	57	226426.809879537
CP065317.1_325	TRANS	2	19	0
CP065317.1_325	TRANS	34	56	0
CP065317.1_328	CTNS	25	53	2635.12173771817
CP065317.1_330	POU	1	54	1593.91332738364
CP065317.1_331	HTH_GNTR	14	60	7.09291345472899e-06
CP065317.1_331	HTH_DEOR	19	60	136.704747543419
CP065317.1_332	TRANS	7	29	0
CP065317.1_334	TRANS	7	27	0
CP065317.1_334	TRANS	42	59	0
CP065317.1_335	TRANS	7	29	0
CP065317.1_336	HTH_GNTR	2	57	339.364869311026
CP065317.1_336	IENR1	4	51	9.0682388306166
CP065317.1_338	TRANS	9	31	0
CP065317.1_339	BING4CT	7	55	30885.0613127463
CP065317.1_339	TRANS	7	29	0
CP065317.1_340	TRANS	5	27	0
CP065317.1_340	TRANS	37	59	0
CP065317.1_341	AgrB	1	60	45356.6666212955
CP065317.1_341	TRANS	28	50	0
CP065317.1_342	Proteasome_A_N	34	55	58945.8746097134
CP065317.1_343	TRANS	12	34	0
CP065317.1_344	CDC37_C	4	58	66461.0568920168
CP065317.1_344	EFh	15	43	88.2380707732131
CP065317.1_345	HTH_GNTR	2	59	1.26300364363701
CP065317.1_345	H15	3	55	3598.83606323413
CP065317.1_345	DM16	4	37	2561.75699239558
CP065317.1_345	HTH_ICLR	5	59	488.494830838557
CP065317.1_345	HTH_DEOR	6	58	7.44656119049991e-21
CP065317.1_345	HTH_CRP	8	60	126.912988035602
CP065317.1_346	SIGNAL	1	19	0
CP065317.1_347	HDc	19	60	714.849985723606
CP065317.1_348	TRANS	13	32	0
CP065317.1_349	KOW	19	53	2229.5205158176
CP065317.1_354	TRANS	12	34	0
CP065317.1_354	TRANS	39	58	0
CP065317.1_355	TRANS	27	49	0
CP065317.1_356	TRANS	20	42	0
CP065317.1_358	BH4	17	36	1298.37580094672
CP065317.1_360	TRANS	13	35	0
CP065317.1_361	TRANS	21	43	0
CP065317.1_363	Haemolytic	1	60	3.07386835562774e-29
CP065317.1_363	NL	17	37	1619.01500069519
CP065317.1_364	COIL	29	50	0
CP065317.1_366	PHD	4	39	301.501695646013
CP065317.1_366	zf-C4_ClpX	10	49	4.35508990486715e-20
CP065317.1_366	LIM	12	55	477.45546780093
CP065317.1_366	CxxC_CXXC_SSSS	12	47	7821.65977302798
CP065317.1_366	zf-AD	12	58	32238.934046639
CP065317.1_366	RING	13	45	257.056636958903
CP065317.1_369	TRANS	5	19	0
CP065317.1_369	BC10	8	46	65794.879524827
CP065317.1_369	TRANS	26	48	0
CP065317.1_370	CUE	16	56	471.107860493262
CP065317.1_371	HTH_LACI	1	59	9.71271767830224e-13
CP065317.1_371	HTH_MERR	2	44	1271.21301574713
CP065317.1_371	HTH_CRP	2	40	373.76658045332
CP065317.1_371	HTH_XRE	3	51	611.86627579179
CP065317.1_371	HhH1	5	24	114.110727797807
CP065317.1_372	Bac_DnaA_C	2	51	5015414.15032794
CP065317.1_376	IRO	13	29	1489.0942273118
CP065317.1_377	TRANS	4	21	0
CP065317.1_377	Inhibitor_I29	13	46	118084.39765071
CP065317.1_378	Cyanate_lyase	1	49	88879.3691928728
CP065317.1_378	TRANS	10	32	0
CP065317.1_378	TRANS	37	59	0
CP065317.1_379	NIL	1	60	53023.8713448703
CP065317.1_379	TRANS	19	41	0
CP065317.1_381	NADH-G_4Fe-4S_3	9	44	98857.2956277828
CP065317.1_381	TIFY	13	42	77104.8759878601
CP065317.1_387	cwf21	1	53	4501.10655626063
CP065317.1_387	Cation_ATPase_N	12	60	0.396117783765999
CP065317.1_388	TRANS	7	29	0
CP065317.1_388	DUF4210	9	60	113529.321275167
CP065317.1_391	SIGNAL	1	26	0
CP065317.1_391	TRANS	7	29	0
CP065317.1_392	TRANS	13	35	0
CP065317.1_397	HTH_ICLR	1	59	527.517989747703
CP065317.1_397	CUE	10	54	1632.96131536876
CP065317.1_402	HTH_ARSR	15	60	2062.6953484937
CP065317.1_402	HTH_CRP	18	60	2218.89263260713
CP065317.1_405	Enolase_N	4	60	2.21672579979524e-09
CP065317.1_408	Gp_dh_N	3	60	1.01094824236412e-06
CP065317.1_408	SOCS	15	48	1305.66115075318
CP065317.1_409	GASTRIN	31	44	1175.05454938812
CP065317.1_410	TRANS	13	35	0
CP065317.1_412	TRANS	7	29	0
CP065317.1_412	TRANS	39	58	0
CP065317.1_414	Ribosomal_S13_N	1	46	116670.271834355
CP065317.1_415	ITAM	33	53	387.630116190052
CP065317.1_418	KRAB	4	52	1150.19490932546
CP065317.1_419	CBS	5	60	1441.6671209331
CP065317.1_423	TRANS	2	21	0
CP065317.1_427	TRANS	5	27	0
CP065317.1_428	TRANS	7	29	0
CP065317.1_428	dDENN	12	59	7198.12537038679
CP065317.1_429	TRANS	15	37	0
CP065317.1_430	SIGNAL	1	20	0
CP065317.1_431	TRANS	7	29	0
CP065317.1_434	TRANS	13	30	0
CP065317.1_434	TRANS	35	57	0
CP065317.1_436	TRANS	17	39	0
CP065317.1_438	HTH_GNTR	11	60	2.21653546085926e-07
CP065317.1_438	HTH_DEOR	13	60	267.274630629715
CP065317.1_439	TRANS	28	50	0
CP065317.1_441	TRANS	36	58	0
CP065317.1_443	TRANS	28	50	0
CP065317.1_444	TRANS	15	37	0
CP065317.1_445	YajC	1	60	56103.1882475811
CP065317.1_445	TRANS	7	29	0
CP065317.1_446	TRANS	20	42	0
CP065317.1_447	HTH_ARAC	19	60	122.627325583294
CP065317.1_448	TOPRIM	4	59	259.772986656779
CP065317.1_452	TRANS	20	42	0
CP065317.1_452	Op_neuropeptide	25	55	45899.2259969944
CP065317.1_456	Pribosyltran_N	10	60	0.0120570209463764
CP065317.1_458	TRANS	15	37	0
CP065317.1_459	SIGNAL	1	18	0
CP065317.1_463	SIGNAL	1	24	0
CP065317.1_463	TRANS	7	26	0
CP065317.1_464	ELK	2	20	22893.9817424811
CP065317.1_464	TRANS	28	50	0
CP065317.1_466	TRANS	25	47	0
CP065317.1_467	TRANS	7	25	0
CP065317.1_467	TRANS	35	57	0
CP065317.1_468	TPR	11	44	164.391114651714
CP065317.1_468	QLQ	21	56	46118.8389413768
CP065317.1_470	EFh	5	33	367.701734701358
CP065317.1_470	VHP	21	56	1355.64787692242
CP065317.1_472	TRANS	25	47	0
CP065317.1_474	TRANS	7	29	0
CP065317.1_474	TRANS	42	59	0
CP065317.1_476	SIGNAL	1	28	0
CP065317.1_476	TRANS	7	29	0
CP065317.1_477	TRANS	27	49	0
CP065317.1_479	TRANS	10	27	0
CP065317.1_480	Rho_N	4	43	34129.4594390992
CP065317.1_481	LEM	1	36	1056.46808913119
CP065317.1_481	HTH_ARSR	5	60	784.399553653902
CP065317.1_481	HTH_MERR	13	60	1.67681646216006e-05
CP065317.1_482	Elong-fact-P_C	7	52	121749.27606356
CP065317.1_484	Copper-fist	1	29	113130.604160465
CP065317.1_487	TRANS	12	34	0
CP065317.1_488	ZM	8	27	1828.73546039423
CP065317.1_490	NOSIC	1	38	38369.3507300275
CP065317.1_490	TRANS	16	35	0
CP065317.1_490	TRANS	45	59	0
CP065317.1_492	TRANS	30	49	0
CP065317.1_494	SIGNAL	1	24	0
CP065317.1_494	AgrD	8	32	93446.5796489896
CP065317.1_497	TRANS	13	35	0
CP065317.1_498	TRANS	7	26	0
CP065317.1_498	TRANS	36	55	0
CP065317.1_499	TRANS	31	53	0
CP065317.1_503	TRANS	34	56	0
CP065317.1_504	TRANS	5	27	0
CP065317.1_504	TRANS	40	59	0
CP065317.1_505	TRANS	5	22	0
CP065317.1_505	TRANS	29	51	0
CP065317.1_507	CPSase_L_D3	11	60	20875.6655499765
CP065317.1_508	ANK	13	45	326.113335147611
CP065317.1_512	EZ_HEAT	1	32	1597.48801668694
CP065317.1_514	TRANS	7	29	0
CP065317.1_515	TRANS	34	56	0
CP065317.1_516	PTH	4	43	1113.00421623023
CP065317.1_518	TRANS	9	31	0
CP065317.1_518	TRANS	41	59	0
CP065317.1_519	HhH1	17	36	1392.53784289092
CP065317.1_520	BON	3	60	648048.965454667
CP065317.1_525	TRANS	7	26	0
CP065317.1_526	TRANS	10	32	0
CP065317.1_527	TRANS	4	26	0
CP065317.1_532	TRANS	13	35	0
CP065317.1_532	TRANS	39	58	0
CP065317.1_534	REC	2	60	584.245920757966
CP065317.1_535	TRANS	21	43	0
CP065317.1_536	TRANS	21	43	0
CP065317.1_537	SIGNAL	1	19	0
CP065317.1_538	TRANS	21	43	0
CP065317.1_539	TRANS	21	43	0
CP065317.1_541	SIGNAL	1	30	0
CP065317.1_541	TRANS	7	29	0
CP065317.1_542	HTH_XRE	1	59	2322.9491766891
CP065317.1_542	HTH_DEOR	1	42	594.300626939342
CP065317.1_542	HTH_MERR	5	59	0.000980690965815049
CP065317.1_543	DUF167	4	59	115987.44990797
CP065317.1_543	TRANS	13	32	0
CP065317.1_544	BC10	7	50	141766.385523468
CP065317.1_544	TK	18	28	104.429337063533
CP065317.1_544	TRANS	21	43	0
CP065317.1_546	SIGNAL	1	32	0
CP065317.1_546	TRANS	5	27	0
CP065317.1_547	Col_cuticle_N	5	55	114588.114410576
CP065317.1_547	TRANS	5	24	0
CP065317.1_548	TRANS	19	41	0
CP065317.1_549	TRANS	25	47	0
CP065317.1_550	BC10	21	60	108893.905955655
CP065317.1_550	TRANS	21	51	0
CP065317.1_551	SIGNAL	1	22	0
CP065317.1_554	SIGNAL	1	20	0
CP065317.1_555	HTH_LACI	1	56	9.00193120501424e-08
CP065317.1_555	HhH1	5	24	623.053109403282
CP065317.1_555	GIT	11	41	1004.05111193507
CP065317.1_555	IENR2	26	42	98.8281608911213
CP065317.1_556	WHEP-TRS	4	50	35363.1814840276
CP065317.1_558	TRANS	2	21	0
CP065317.1_558	TRANS	36	58	0
CP065317.1_563	NAC	1	56	353624.302158379
CP065317.1_566	HTH_LACI	2	55	3.86196705378286e-05
CP065317.1_566	HTH_XRE	4	47	479.992466456076
CP065317.1_566	HTH_MERR	4	57	1549.27604023569
CP065317.1_566	HhH1	6	25	830.504830093061
CP065317.1_567	FMN_bind	1	56	91705.0047805745
CP065317.1_570	KNOX2	10	56	13598.1835239472
CP065317.1_571	TRANS	20	39	0
CP065317.1_575	TRANS	20	37	0
CP065317.1_576	CP12	3	51	93765.8855014266
CP065317.1_577	TRANS	34	56	0
CP065317.1_580	HYDRO	2	60	314.513441565852
CP065317.1_580	TRANS	20	42	0
CP065317.1_583	TRANS	21	43	0
CP065317.1_584	TRANS	5	24	0
CP065317.1_585	VHP	17	56	413.450406811873
CP065317.1_589	TRANS	13	35	0
CP065317.1_592	TRANS	5	27	0
CP065317.1_592	TRANS	34	56	0
CP065317.1_593	Cpn10	4	58	110946.897275992
CP065317.1_595	TRANS	4	26	0
CP065317.1_596	TRANS	10	29	0
CP065317.1_597	TRANS	7	29	0
CP065317.1_597	TRANS	34	56	0
CP065317.1_605	HALZ	1	40	564.332962662784
CP065317.1_605	COIL	2	29	0
CP065317.1_607	cwf21	2	50	37060.035744892
CP065317.1_607	UBA	5	43	0.0940976780472791
CP065317.1_607	EFP	24	57	144063.901851004
CP065317.1_610	Cir_N	5	33	91672.8932990661
CP065317.1_612	SIGNAL	1	30	0
CP065317.1_612	TRANS	7	24	0
CP065317.1_612	TRANS	37	59	0
CP065317.1_613	HhH1	38	57	110.87298348592
CP065317.1_618	TRANS	40	59	0
CP065317.1_619	EFP	1	49	183502.005802
CP065317.1_620	FBOX	1	40	1331.0858338426
CP065317.1_620	TRANS	15	37	0
CP065317.1_621	KH	5	56	860.247296651618
CP065317.1_621	EFP	6	48	15481.8783971164
CP065317.1_623	DUF1713	25	57	184765.724600558
CP065317.1_629	Hr1	2	53	542.874483801933
CP065317.1_629	Bac_DnaA_C	3	57	2642129.45542122
CP065317.1_629	HTH_ARAC	6	58	1414.15581866138
CP065317.1_629	HTH_ARSR	12	59	0.000203326278722747
CP065317.1_632	BRK	15	58	799.830491960455
CP065317.1_632	Bac_DnaA_C	16	59	3350405.13450155
CP065317.1_632	HTH_GNTR	16	60	0.003631571626651
CP065317.1_633	FF	1	56	1043.35938335888
CP065317.1_636	TRANS	28	50	0
CP065317.1_639	PGAM	6	57	86.6299164733443
CP065317.1_640	CPSase_L_D3	9	59	109429.216293317
CP065317.1_642	NAC	9	53	307550.040890281
CP065317.1_642	Cpl-7	18	57	78757.4766368472
CP065317.1_645	SIGNAL	1	17	0
CP065317.1_647	L27	2	57	1588.38026005095
CP065317.1_647	KRAB	5	57	1584.75210491654
CP065317.1_648	SIGNAL	1	20	0
CP065317.1_648	TRANS	2	21	0
CP065317.1_648	TRANS	41	59	0
CP065317.1_655	Col_cuticle_N	12	56	111902.479264465
CP065317.1_655	TRANS	12	34	0
CP065317.1_656	TRANS	12	34	0
CP065317.1_660	EF-1_beta_acid	7	34	135505.854913189
CP065317.1_661	TRANS	5	27	0
CP065317.1_663	TRANS	13	35	0
CP065317.1_663	CTNS	25	56	1013.18080450169
CP065317.1_669	TRANS	15	37	0
CP065317.1_670	TRANS	10	27	0
CP065317.1_670	DM15	12	50	1148.74791145606
CP065317.1_671	TRANS	15	37	0
CP065317.1_672	TRANS	7	29	0
CP065317.1_674	HTH_XRE	5	60	2.31731042241573e-05
CP065317.1_674	HTH_MERR	15	60	1729.17449354872
CP065317.1_676	Arg_tRNA_synt_N	5	59	2.27470830105685
CP065317.1_681	TRANS	13	35	0
CP065317.1_683	Prim_Zn_Ribbon	4	37	17894.549102199
CP065317.1_683	ZnF_C2C2	7	36	219.768275234948
CP065317.1_683	ZnF_RBZ	8	33	452.923285034173
CP065317.1_683	LIM	8	30	454.732890064591
CP065317.1_683	PADR1	8	43	3095.0478108527
CP065317.1_683	RPOL9	9	58	61.9353566777302
CP065317.1_683	TRASH	9	38	140620.209675397
CP065317.1_683	ZnF_U1	22	54	77.5808628948476
CP065317.1_684	SIGNAL	1	19	0
CP065317.1_684	TRANS	5	24	0
CP065317.1_684	GA	22	58	53741.3773410701
CP065317.1_685	TRANS	20	37	0
CP065317.1_692	HTH_LACI	1	44	370.347040702464
CP065317.1_693	Resolvase	3	60	84.430994443763
CP065317.1_698	TRANS	13	34	0
CP065317.1_701	CxxC_CXXC_SSSS	1	33	34423.6684078432
CP065317.1_701	Resolvase	3	60	429.530249431182
CP065317.1_703	IENR2	21	37	248.724399388508
CP065317.1_706	BIR	2	45	1470.45365449513
CP065317.1_706	TRANS	5	24	0
CP065317.1_706	TRANS	28	45	0
CP065317.1_707	TRANS	5	24	0
CP065317.1_708	SIGNAL	1	27	0
CP065317.1_709	TRANS	15	37	0
CP065317.1_710	CXC	30	58	63981.1738968056
CP065317.1_711	ANTAR	12	58	59179.5143104249
CP065317.1_711	CP12	21	60	86017.4024893163
CP065317.1_713	GIT	19	48	1695.29249332854
CP065317.1_715	COIL	1	28	0
CP065317.1_715	IENR2	13	29	1407.72139363441
CP065317.1_716	SAM_HD_adjacent	7	28	135087.305140631
CP065317.1_718	DUF4187	15	50	125843.148769074
CP065317.1_720	SIGNAL	1	25	0
CP065317.1_722	ASCH	11	59	1536.1006243053
CP065317.1_723	DnaJ	1	50	0.0134235672510244
CP065317.1_723	COIL	30	60	0
CP065317.1_730	Tower	17	57	109751.568666029
CP065317.1_734	SOCS_box	9	42	62852.1725075476
CP065317.1_734	TRANS	9	31	0
CP065317.1_734	Col_cuticle_N	11	47	90386.9666091951
CP065317.1_736	TRANS	10	28	0
CP065317.1_737	SIGNAL	1	34	0
CP065317.1_737	TRANS	12	34	0
CP065317.1_737	AgrD	16	46	101150.734271864
CP065317.1_739	TRANS	21	43	0
CP065317.1_740	zf-AD	20	46	33362.1843238512
CP065317.1_741	CxxC_CXXC_SSSS	1	33	113734.939154839
CP065317.1_741	Resolvase	3	60	901.436812351133
CP065317.1_744	TRANS	27	49	0
CP065317.1_745	CBS	27	60	1334.81945317259
CP065317.1_749	FATC	25	56	58304.0754639567
CP065317.1_751	ZnF_GATA	3	31	1511.38257132735
CP065317.1_752	ZnF_BED	4	52	2537.63852519719
CP065317.1_752	Beta-TrCP_D	13	50	101141.685670569
CP065317.1_752	RPOLCX	23	56	2430.36500614999
CP065317.1_752	AWS	23	53	2597.25475279267
CP065317.1_752	TRASH	27	57	226388.087123835
CP065317.1_753	TRANS	12	34	0
CP065317.1_754	THY	7	36	578.378996279011
CP065317.1_757	TRANS	33	55	0
CP065317.1_758	SIGNAL	1	18	0
CP065317.1_758	TRANS	4	21	0
CP065317.1_758	TRANS	28	50	0
CP065317.1_762	TRANS	7	29	0
CP065317.1_763	CP12	11	59	93765.8855014266
CP065317.1_764	CHZ	7	40	107675.883590032
CP065317.1_766	HALZ	13	54	1958.61836149648
CP065317.1_767	TRANS	5	22	0
CP065317.1_767	TRANS	26	43	0
CP065317.1_769	Tower	1	42	125796.710739919
CP065317.1_769	COIL	8	48	0
CP065317.1_770	TECPR	24	58	1887.08650004464
CP065317.1_773	SIGNAL	1	21	0
CP065317.1_774	ANTAR	7	50	124999.115406599
CP065317.1_777	JmjN	5	24	1214.42169469307
CP065317.1_780	SIGNAL	1	26	0
CP065317.1_782	SIGNAL	1	24	0
CP065317.1_783	Defensin_propep	1	43	12186.730013655
CP065317.1_783	SIGNAL	1	24	0
CP065317.1_784	SIGNAL	1	19	0
CP065317.1_784	TRANS	5	24	0
CP065317.1_786	TRANS	15	37	0
CP065317.1_790	TRASH	34	59	520461.339709096
CP065317.1_795	WD40	13	53	1461.69716897808
CP065317.1_797	FF	4	60	230.368980526073
CP065317.1_797	PUG	9	58	586.222656396311
CP065317.1_799	C1_4	9	32	82146.0449128496
CP065317.1_799	BBOX	16	54	875.075739140771
CP065317.1_799	ZnF_C2C2	19	43	268.081554726385
CP065317.1_799	ZnF_C2HC	20	39	1035.931126393
CP065317.1_801	PGAM	2	60	0.000732004714260662
CP065317.1_803	HAT	17	49	217.82283843766
CP065317.1_804	TRANS	13	35	0
CP065317.1_806	TRANS	7	29	0
CP065317.1_810	HTH_XRE	6	60	4.73715179749595e-11
CP065317.1_812	TRANS	7	29	0
CP065317.1_813	TRANS	10	32	0
CP065317.1_814	TRANS	4	22	0
CP065317.1_816	PWI	3	58	1213.9437487264
CP065317.1_820	TRANS	5	27	0
CP065317.1_821	TRANS	4	23	0
CP065317.1_821	TRANS	30	52	0
CP065317.1_822	NAC	9	52	152913.250687487
CP065317.1_824	GIT	16	42	1932.29341842177
CP065317.1_825	BRLZ	1	53	2071.45421545706
CP065317.1_825	COIL	1	37	0
CP065317.1_825	DSS1_SEM1	7	54	88990.0970560553
CP065317.1_826	TRANS	37	59	0
CP065317.1_827	PUG	4	60	739.697435188704
CP065317.1_828	GIT	2	31	1072.02391388661
CP065317.1_828	HTH_GNTR	16	60	1.60923409965358
CP065317.1_830	HTH_DEOR	21	60	13.4165788461321
CP065317.1_831	TRANS	7	29	0
CP065317.1_831	TRANS	33	52	0
CP065317.1_832	TRANS	5	27	0
CP065317.1_832	TRANS	31	53	0
CP065317.1_833	Cpn10	1	60	4.0094977424225e-10
CP065317.1_839	TRANS	12	31	0
CP065317.1_839	TRANS	35	57	0
CP065317.1_842	TRANS	7	24	0
CP065317.1_842	TRANS	28	50	0
CP065317.1_845	SIGNAL	1	22	0
CP065317.1_845	TRANS	2	24	0
CP065317.1_847	Tbf5	1	59	221810.301673173
CP065317.1_849	TRANS	15	37	0
CP065317.1_850	TRANS	6	28	0
CP065317.1_851	TRANS	15	34	0
CP065317.1_857	TRANS	12	31	0
CP065317.1_857	TRANS	41	58	0
CP065317.1_859	TRANS	15	37	0
CP065317.1_860	FHA	5	56	1312.53584711401
CP065317.1_860	SFM	13	56	416.633620086799
CP065317.1_861	TRANS	17	39	0
CP065317.1_863	CAT_RBD	1	59	1.490916216092e-27
CP065317.1_863	PYNP_C	2	60	93493.3707424949
CP065317.1_867	TAP_C	2	51	21608.650497383
CP065317.1_868	TRANS	9	31	0
CP065317.1_869	TRANS	42	59	0
CP065317.1_871	GCK	5	52	71683.4649232511
CP065317.1_873	TRANS	7	29	0
CP065317.1_873	TRANS	39	58	0
CP065317.1_874	LRRcap	41	59	785.376490430117
CP065317.1_885	PQQ	21	48	490.602566799039
CP065317.1_886	TRANS	7	29	0
CP065317.1_886	TRANS	33	55	0
CP065317.1_889	ZnF_NFX	36	46	2061.67765759987
CP065317.1_889	ZnF_RBZ	37	59	245.934052204251
CP065317.1_893	SEL1	19	53	1052.8791533742
CP065317.1_896	FYVE	13	50	1876.85597701331
CP065317.1_896	FES	15	36	2368.15816443764
CP065317.1_896	ZnF_C2HC	22	35	1745.18428561948
CP065317.1_897	TRANS	21	43	0
CP065317.1_898	SIGNAL	1	20	0
CP065317.1_900	ELM2	3	39	131230.163230735
CP065317.1_900	FF	8	57	1378.34357012711
CP065317.1_905	TRANS	7	29	0
CP065317.1_905	Col_cuticle_N	9	56	123036.503986099
CP065317.1_905	CTNS	24	53	2226.49488328527
CP065317.1_907	TRANS	7	29	0
CP065317.1_907	TRANS	39	58	0
CP065317.1_908	TRANS	10	32	0
CP065317.1_908	TRANS	37	59	0
CP065317.1_909	GA	3	56	24579.1045801015
CP065317.1_909	HTH_XRE	10	58	3.73255548805134e-09
CP065317.1_909	HTH_DEOR	11	60	296.310784503168
CP065317.1_909	HhH1	23	42	1075.50876334375
CP065317.1_910	TRANS	7	29	0
CP065317.1_910	TRANS	39	57	0
CP065317.1_911	SIGNAL	1	22	0
CP065317.1_911	TRANS	7	29	0
CP065317.1_912	TRANS	7	29	0
CP065317.1_914	TRANS	15	37	0
CP065317.1_918	TRANS	28	50	0
CP065317.1_919	SIGNAL	1	20	0
CP065317.1_919	TRANS	5	22	0
CP065317.1_921	TRANS	5	39	0
CP065317.1_922	C1_4	15	38	79667.1076146392
CP065317.1_928	Fungal_trans	1	54	82164.239715102
CP065317.1_928	TRANS	4	26	0
CP065317.1_931	TRANS	35	57	0
CP065317.1_933	TRANS	15	37	0
CP065317.1_933	TRANS	42	59	0
CP065317.1_938	Proteasome_A_N	5	25	110302.036018635
CP065317.1_945	DUF1751	3	59	117707.19416703
CP065317.1_945	TRANS	10	32	0
CP065317.1_947	TRANS	20	39	0
CP065317.1_950	TRANS	12	31	0
CP065317.1_951	SIGNAL	1	22	0
CP065317.1_951	TRANS	5	22	0
CP065317.1_954	zf-AD	25	49	78501.0192037161
CP065317.1_955	CAT_RBD	1	59	2.6581359491014e-24
CP065317.1_957	S1	4	60	0.000350023642919756
CP065317.1_959	TRANS	7	28	0
CP065317.1_959	TRANS	38	57	0
CP065317.1_961	TRANS	10	28	0
CP065317.1_964	SIGNAL	1	22	0
CP065317.1_964	TRANS	5	27	0
CP065317.1_964	EZ_HEAT	9	42	243.598330059277
CP065317.1_966	TRANS	7	29	0
CP065317.1_967	TRANS	13	32	0
CP065317.1_968	CUE	10	51	1941.7652087906
CP065317.1_972	REC	2	60	52.9069549505467
CP065317.1_973	TRANS	9	31	0
CP065317.1_974	TRANS	7	24	0
CP065317.1_974	TRANS	28	45	0
CP065317.1_975	CP12	14	52	118851.837377577
CP065317.1_977	Tbf5	13	60	95351.3796528048
CP065317.1_979	TRANS	20	42	0
CP065317.1_980	TRANS	15	37	0
CP065317.1_981	TRANS	5	27	0
CP065317.1_984	CSP	3	60	1.22307394044333e-23
CP065317.1_985	PolyA	16	52	1531.35840334133
CP065317.1_988	TRANS	7	29	0
CP065317.1_989	TRANS	7	29	0
CP065317.1_990	JmjN	6	52	2037.98032805402
CP065317.1_992	HTH_DEOR	20	60	143.940691513809
CP065317.1_994	IQ	23	45	1807.17375498604
CP065317.1_996	SIGNAL	1	21	0
CP065317.1_996	Col_cuticle_N	3	53	61818.3970405138
CP065317.1_997	SIGNAL	1	21	0
CP065317.1_997	TRANS	4	21	0
CP065317.1_998	Ribosomal_L40e	1	35	293704.957314921
CP065317.1_999	HintC	17	60	977.377942664814
CP065317.1_1000	TRANS	7	29	0
CP065317.1_1001	TRANS	24	46	0
CP065317.1_1003	TRANS	5	27	0
CP065317.1_1004	TRANS	5	27	0
CP065317.1_1004	TRANS	31	50	0
CP065317.1_1005	TRANS	26	48	0
CP065317.1_1006	TRANS	5	27	0
CP065317.1_1007	MADS	1	54	451.468348363057
CP065317.1_1007	TRANS	29	51	0
CP065317.1_1010	TRANS	9	31	0
CP065317.1_1011	TRANS	13	32	0
CP065317.1_1012	COIL	13	40	0
CP065317.1_1013	HTH_XRE	5	60	4.77767100597447e-07
CP065317.1_1014	ETS	8	55	2244.83299995219
CP065317.1_1014	COIL	9	34	0
CP065317.1_1015	Rho_N	15	58	103962.183904957
CP065317.1_1017	TRANS	20	42	0
CP065317.1_1020	HAT	6	38	1343.86856112083
CP065317.1_1021	DKCLD	2	43	81900.9447713371
CP065317.1_1024	Int_alpha	11	59	1549.37855691921
CP065317.1_1025	E2F_TDP	3	48	134671.199579619
CP065317.1_1026	COIL	1	30	0
CP065317.1_1026	HTH_XRE	9	60	1.29975131175281e-08
CP065317.1_1027	DUF4217	11	51	61504.1832147687
CP065317.1_1031	HTH_MERR	1	60	7.99568406090055e-12
CP065317.1_1032	PGAM	4	59	0.00386354403883876
CP065317.1_1035	TRANS	21	43	0
CP065317.1_1037	CSP	3	60	2.24790883219664e-22
CP065317.1_1039	SIGNAL	1	27	0
CP065317.1_1039	TRANS	7	25	0
CP065317.1_1040	AgrD	1	35	66278.2201003004
CP065317.1_1040	SIGNAL	1	22	0
CP065317.1_1040	TRANS	7	24	0
CP065317.1_1042	TRANS	12	34	0
CP065317.1_1043	SIGNAL	1	21	0
CP065317.1_1043	TRANS	5	23	0
CP065317.1_1044	SIGNAL	1	19	0
CP065317.1_1044	TRANS	5	27	0
CP065317.1_1045	SIGNAL	1	24	0
CP065317.1_1045	FANCL_C	5	60	166820.159419418
CP065317.1_1045	TRANS	5	24	0
CP065317.1_1046	Defensin_propep	1	44	40857.7378940353
CP065317.1_1046	SIGNAL	1	22	0
CP065317.1_1047	SIGNAL	1	24	0
CP065317.1_1048	LRR_TYP	3	25	1156.77646608792
CP065317.1_1048	RPOL9	25	60	1684.73214284618
CP065317.1_1048	COIL	29	60	0
CP065317.1_1049	TRANS	23	45	0
CP065317.1_1051	BRLZ	4	55	990.562618242005
CP065317.1_1052	HTH_ARSR	1	54	396.586217475844
CP065317.1_1052	HTH_GNTR	5	55	2059.42951066216
CP065317.1_1052	HTH_LUXR	6	51	2048.53752590462
CP065317.1_1052	STN	9	60	64581.1740757375
CP065317.1_1052	HTH_CRP	19	59	199.477002518804
CP065317.1_1053	TRANS	5	24	0
CP065317.1_1053	TRANS	34	56	0
CP065317.1_1056	HTH_XRE	1	55	6.36634403890928
CP065317.1_1056	HTH_LACI	5	57	3.60477458045639e-07
CP065317.1_1057	THEG	26	45	651.630797902939
CP065317.1_1058	TRANS	5	27	0
CP065317.1_1058	TRANS	37	59	0
CP065317.1_1061	LITAF	1	39	2049.57450838347
CP065317.1_1061	TRANS	4	26	0
CP065317.1_1062	SIGNAL	1	23	0
CP065317.1_1062	TRANS	7	29	0
CP065317.1_1063	SIGNAL	1	26	0
CP065317.1_1063	TRANS	7	26	0
CP065317.1_1064	SIGNAL	1	25	0
CP065317.1_1064	TRANS	7	29	0
CP065317.1_1066	SIGNAL	1	20	0
CP065317.1_1069	Rho_N	3	40	106752.555457702
CP065317.1_1070	SEL1	5	37	179.33559115909
CP065317.1_1071	TRANS	21	43	0
CP065317.1_1074	HTH_GNTR	6	59	1886.30952893601
CP065317.1_1074	HTH_CRP	19	60	80.7422279560879
CP065317.1_1075	PGAM	1	60	0.000170746137297971
CP065317.1_1076	Cullin_Nedd8	4	48	87367.2730720764
CP065317.1_1076	WH2	17	29	782.479602473204
CP065317.1_1078	TRANS	21	43	0
CP065317.1_1079	Ribosomal_S27	7	48	197049.835646471
CP065317.1_1080	TRANS	13	35	0
CP065317.1_1084	IENR2	6	22	1260.46502490078
CP065317.1_1085	BRLZ	1	55	1148.16244753892
CP065317.1_1085	COIL	1	31	0
CP065317.1_1086	TRANS	7	29	0
CP065317.1_1093	SOCS	6	44	59.1600809355437
CP065317.1_1094	FeoA	5	58	114035.757540079
CP065317.1_1094	SH3	10	55	836.210228345453
CP065317.1_1095	ZnF_U1	1	40	696.551948520641
CP065317.1_1095	SIGNAL	1	18	0
CP065317.1_1096	TRANS	25	47	0
CP065317.1_1098	DM15	10	43	1972.09536600702
CP065317.1_1099	TRANS	7	29	0
CP065317.1_1105	L27	3	57	2646.62973663963
CP065317.1_1110	TRANS	5	27	0
CP065317.1_1111	CPSase_L_D3	4	52	23273.6778594134
CP065317.1_1111	HTH_DEOR	16	59	64.7083918678708
CP065317.1_1112	Cation_ATPase_N	2	60	0.00916809113779881
CP065317.1_1113	Romo1	8	60	182427.722911746
CP065317.1_1113	TRANS	13	35	0
CP065317.1_1113	TRANS	40	59	0
CP065317.1_1114	TRANS	26	45	0
CP065317.1_1116	TRANS	5	27	0
CP065317.1_1116	TRANS	34	56	0
CP065317.1_1117	Col_cuticle_N	15	57	13823.8425138469
CP065317.1_1117	TRANS	15	37	0
CP065317.1_1120	TRANS	17	39	0
CP065317.1_1122	SIGNAL	1	25	0
CP065317.1_1122	TRANS	5	24	0
CP065317.1_1124	Romo1	13	60	313550.566789388
CP065317.1_1124	TRANS	20	42	0
CP065317.1_1127	c-clamp	14	42	58383.2255640782
CP065317.1_1128	CNX	19	52	898.730074034479
CP065317.1_1129	Romo1	4	55	336482.07411436
CP065317.1_1129	TRANS	10	32	0
CP065317.1_1130	Defensin_propep	1	60	98674.5317768325
CP065317.1_1130	SIGNAL	1	19	0
CP065317.1_1136	TRANS	7	29	0
CP065317.1_1138	IENR1	14	60	479.798372549669
CP065317.1_1140	TRANS	12	31	0
CP065317.1_1141	Pumilio	9	45	807.719447159597
CP065317.1_1142	TRANS	9	31	0
CP065317.1_1143	SIGNAL	1	19	0
CP065317.1_1145	TRANS	12	34	0
CP065317.1_1146	TRANS	7	29	0
CP065317.1_1146	TRANS	39	58	0
CP065317.1_1147	LMWPc	2	60	0.471254334549268
CP065317.1_1149	SIGNAL	1	27	0
CP065317.1_1149	TRANS	5	27	0
CP065317.1_1149	COIL	27	60	0
CP065317.1_1151	TRANS	7	26	0
CP065317.1_1151	TRANS	36	55	0
CP065317.1_1152	SIGNAL	1	29	0
CP065317.1_1152	TRANS	10	29	0
CP065317.1_1154	Ribosomal_S15	8	59	1.44361266665947e-13
CP065317.1_1154	TK	47	57	1924.56665085127
CP065317.1_1155	GS	2	22	289.544333741727
CP065317.1_1158	TRANS	30	52	0
CP065317.1_1159	Ribosomal_S4	3	60	0.128926294618718
CP065317.1_1160	TRANS	10	32	0
CP065317.1_1161	KASH	4	42	108274.556653384
CP065317.1_1161	TRANS	7	26	0
CP065317.1_1162	CTNS	1	27	2491.22240254717
CP065317.1_1162	TRANS	12	34	0
CP065317.1_1163	TRANS	13	35	0
CP065317.1_1164	SIGNAL	1	24	0
CP065317.1_1168	SIGNAL	1	26	0
CP065317.1_1169	SIGNAL	1	24	0
CP065317.1_1171	TRANS	9	31	0
CP065317.1_1171	TRANS	36	58	0
CP065317.1_1172	SIGNAL	1	21	0
CP065317.1_1172	TRANS	5	27	0
CP065317.1_1175	Matrilin_ccoil	4	44	31269.9362351858
CP065317.1_1175	MamL-1	26	57	92368.0330900248
CP065317.1_1176	KASH	6	57	122063.121566468
CP065317.1_1176	TRANS	13	32	0
CP065317.1_1176	TRANS	37	59	0
CP065317.1_1179	Cir_N	2	34	19962.0582450112
CP065317.1_1181	PWI	3	60	552.584237649209
CP065317.1_1183	SIGNAL	1	21	0
CP065317.1_1183	TRANS	7	26	0
CP065317.1_1184	Cation_ATPase_N	2	52	34044.9439036715
CP065317.1_1184	TRANS	33	55	0
CP065317.1_1185	TRANS	5	27	0
CP065317.1_1188	PKS_PP	7	59	2235.95948492848
CP065317.1_1190	BAF	1	60	119352.663262883
CP065317.1_1190	HhH1	5	24	58.8557094706244
CP065317.1_1194	TRANS	4	21	0
CP065317.1_1194	TRANS	34	56	0
CP065317.1_1195	TRANS	20	42	0
CP065317.1_1196	NAC	5	43	267462.335130146
CP065317.1_1197	Haemolytic	1	33	87936.8609840365
CP065317.1_1198	TRANS	28	50	0
CP065317.1_1204	TRANS	13	34	0
CP065317.1_1205	TRANS	21	40	0
CP065317.1_1206	TRANS	13	35	0
CP065317.1_1207	BC10	3	49	131926.149355189
CP065317.1_1207	TRANS	5	22	0
CP065317.1_1207	TRANS	26	48	0
CP065317.1_1211	GYR	20	37	151.891743324629
CP065317.1_1212	TRANS	12	34	0
CP065317.1_1218	RNA_pol_Rpb6	9	60	9.83629579052645e-07
CP065317.1_1219	UIM	28	47	2363.5827892421
CP065317.1_1220	TRANS	9	31	0
CP065317.1_1227	GA	5	52	57466.3338901598
CP065317.1_1230	TRANS	4	26	0
CP065317.1_1236	TRANS	7	26	0
CP065317.1_1236	TRANS	36	58	0
CP065317.1_1237	TRANS	12	34	0
CP065317.1_1238	HTH_XRE	9	59	68.7974085979998
CP065317.1_1240	GYR	18	31	1703.13610248139
CP065317.1_1241	ANTAR	1	39	114178.051936237
CP065317.1_1241	TRANS	13	35	0
CP065317.1_1242	SIGNAL	1	25	0
CP065317.1_1242	TRANS	7	29	0
CP065317.1_1243	SIGNAL	1	25	0
CP065317.1_1243	TRANS	7	29	0
CP065317.1_1244	HTH_GNTR	7	60	2.1977371253672e-11
CP065317.1_1244	HTH_DEOR	13	58	34.8434115635474
CP065317.1_1244	HTH_CRP	21	60	1909.30789449744
CP065317.1_1247	TRANS	12	34	0
CP065317.1_1248	TRANS	13	32	0
CP065317.1_1248	TRANS	42	59	0
CP065317.1_1249	Pribosyltran_N	10	60	0.003399920814211
CP065317.1_1254	Hr1	5	60	2060.35666839005
CP065317.1_1254	SFM	9	49	1735.03207103361
CP065317.1_1254	COIL	30	60	0
CP065317.1_1256	TRANS	5	22	0
CP065317.1_1259	TRANS	4	26	0
CP065317.1_1259	TRANS	33	50	0
CP065317.1_1261	HTH_LUXR	4	60	2002.37545608462
CP065317.1_1261	HTH_GNTR	9	60	77.6251026319847
CP065317.1_1261	HTH_CRP	19	59	52.673947158569
CP065317.1_1262	TRANS	7	26	0
CP065317.1_1262	TRANS	30	52	0
CP065317.1_1265	cwf21	1	38	11594.6576016193
CP065317.1_1267	ANX	8	55	1287.46873189468
CP065317.1_1269	SIGNAL	1	20	0
CP065317.1_1270	SIGNAL	1	23	0
CP065317.1_1271	SIGNAL	1	19	0
CP065317.1_1272	SIGNAL	1	24	0
CP065317.1_1272	TRANS	7	29	0
CP065317.1_1273	SIGNAL	1	19	0
CP065317.1_1273	TRANS	5	24	0
CP065317.1_1274	SIGNAL	1	19	0
CP065317.1_1275	Defensin_propep	1	53	30195.557606658
CP065317.1_1275	SIGNAL	1	25	0
CP065317.1_1275	TRANS	5	27	0
CP065317.1_1276	TRANS	5	27	0
CP065317.1_1278	TRANS	4	21	0
CP065317.1_1278	TRANS	28	50	0
CP065317.1_1279	TRANS	13	35	0
CP065317.1_1280	REC	1	59	247.556056228494
CP065317.1_1281	TRANS	5	27	0
CP065317.1_1281	TRANS	42	59	0
CP065317.1_1282	SIGNAL	1	18	0
CP065317.1_1282	TRANS	4	23	0
CP065317.1_1283	TRANS	23	45	0
CP065317.1_1287	ZnF_GATA	3	49	870.653124342155
CP065317.1_1290	SIGNAL	1	21	0
CP065317.1_1292	TRANS	20	42	0
CP065317.1_1296	SIGNAL	1	17	0
CP065317.1_1296	TRANS	4	23	0
CP065317.1_1296	TRANS	30	52	0
CP065317.1_1298	HTH_ARSR	4	58	1620.1224705322
CP065317.1_1298	HTH_GNTR	5	59	354.638429638956
CP065317.1_1298	HTH_CRP	12	60	321.482990363949
CP065317.1_1299	BBOX	1	44	263.13786019683
CP065317.1_1299	ZnF_C4	3	42	741.805925027774
CP065317.1_1299	CxxC_CXXC_SSSS	5	40	6782.63451733395
CP065317.1_1299	C1_4	5	34	104956.223328259
CP065317.1_1299	ZnF_BED	8	45	2537.63852519719
CP065317.1_1299	HhH2	20	51	1418.11237210749
CP065317.1_1299	zf-C4_ClpX	23	51	48250.6076820872
CP065317.1_1300	TRANS	7	26	0
CP065317.1_1300	Connexin_CCC	14	60	104127.4976369
CP065317.1_1300	TRANS	41	59	0
CP065317.1_1304	SIGNAL	1	17	0
CP065317.1_1306	TRANS	2	24	0
CP065317.1_1309	KOW	8	41	1390.70580626313
CP065317.1_1310	HNS	5	41	3009.53282654564
CP065317.1_1310	SpoVT_AbrB	7	51	11123.6696368398
CP065317.1_1311	ZnF_DBF	1	39	1085.68730824556
CP065317.1_1311	LITAF	3	57	1538.22149972605
CP065317.1_1311	ZnF_RBZ	4	50	1490.5396735945
CP065317.1_1311	CxxC_CXXC_SSSS	5	33	14643.0544297976
CP065317.1_1311	RPOL9	8	42	2383.64983740325
CP065317.1_1312	IENR1	2	52	650.907371330347
CP065317.1_1312	SFM	2	49	504.934236181587
CP065317.1_1312	Trans_reg_C	5	59	1411.27294575696
CP065317.1_1312	HTH_DEOR	6	59	288.7687730333
CP065317.1_1312	HTH_GNTR	7	59	35.9135040710818
CP065317.1_1312	HTH_CRP	9	59	171.56677944427
CP065317.1_1313	SIGNAL	1	20	0
CP065317.1_1313	TRANS	5	22	0
CP065317.1_1314	TRANS	10	32	0
CP065317.1_1315	SIGNAL	1	24	0
CP065317.1_1316	SIGNAL	1	22	0
CP065317.1_1317	SIGNAL	1	22	0
CP065317.1_1317	TRANS	13	35	0
CP065317.1_1318	SIGNAL	1	24	0
CP065317.1_1319	TRANS	10	29	0
CP065317.1_1319	TRANS	36	58	0
CP065317.1_1320	SIGNAL	1	22	0
CP065317.1_1321	SIGNAL	1	25	0
CP065317.1_1323	TRANS	17	36	0
CP065317.1_1324	TRANS	7	24	0
CP065317.1_1324	TRANS	29	51	0
CP065317.1_1326	SpoVT_AbrB	7	49	0.00118914516610571
CP065317.1_1332	FolB	4	60	5.63739215162237
CP065317.1_1332	UIM	27	44	2165.85852638577
CP065317.1_1333	HTH_XRE	6	60	4.00045391931363e-09
CP065317.1_1333	HTH_CRP	8	52	103.804606886538
CP065317.1_1338	TRANS	13	35	0
CP065317.1_1338	TRANS	40	59	0
CP065317.1_1342	TRANS	22	44	0
CP065317.1_1344	HOX	1	59	1841.78521601602
CP065317.1_1346	TRANS	27	49	0
CP065317.1_1348	REC	1	60	1.85599390596656
CP065317.1_1349	TRANS	21	43	0
CP065317.1_1350	Grip	21	54	1152.10375939393
CP065317.1_1351	IMPDH	11	60	5635.17383781691
CP065317.1_1352	TRANS	15	34	0
CP065317.1_1353	CPSase_L_D3	1	38	32248.9601025814
CP065317.1_1353	ELK	15	36	80182.6098036494
CP065317.1_1355	WAP	12	45	268.429230163318
CP065317.1_1355	CxxC_CXXC_SSSS	14	43	107451.119991925
CP065317.1_1355	RPOLCX	27	56	23.1755361864236
CP065317.1_1357	HTH_LACI	1	58	1335.30986608262
CP065317.1_1359	ADSL_C	17	55	119426.548426169
CP065317.1_1360	TRANS	25	42	0
CP065317.1_1364	TRANS	25	47	0
CP065317.1_1365	TRANS	4	23	0
CP065317.1_1366	HTH_ARSR	5	59	895.037438506844
CP065317.1_1366	HTH_DEOR	6	53	0.280072282740568
CP065317.1_1366	HTH_GNTR	7	60	954.498734519792
CP065317.1_1366	HTH_XRE	10	60	1695.09513491145
CP065317.1_1366	HTH_CRP	11	56	393.018811147387
CP065317.1_1366	cwf21	13	52	112050.771562278
CP065317.1_1370	IENR2	11	27	1214.87720432939
CP065317.1_1370	TRANS	24	46	0
CP065317.1_1372	malic	13	60	41213.3132766212
CP065317.1_1375	SpoVT_AbrB	4	46	87949.9454072977
CP065317.1_1376	PKS_PP	1	48	9798.10195798559
CP065317.1_1379	TRANS	10	32	0
CP065317.1_1380	TRANS	15	32	0
CP065317.1_1382	EF-1_beta_acid	7	34	114255.01831252
CP065317.1_1383	TRANS	4	18	0
CP065317.1_1383	TRANS	25	47	0
CP065317.1_1384	HTH_GNTR	24	60	45.7578415024322
CP065317.1_1384	EFh	27	55	1289.39068087077
CP065317.1_1387	TRANS	21	40	0
CP065317.1_1388	Resolvase	3	60	13375.312741771
CP065317.1_1389	ZnF_U1	1	27	246.374352880206
CP065317.1_1389	TRASH	6	44	353681.173742831
CP065317.1_1389	GLUCA	8	37	511.788761880746
CP065317.1_1389	COIL	33	60	0
CP065317.1_1392	Jag_N	3	54	6.86303306761649e-18
CP065317.1_1393	SIGNAL	1	24	0
CP065317.1_1393	TRANS	7	29	0
CP065317.1_1393	TRANS	39	59	0
CP065317.1_1397	DUF1785	3	59	161001.350799735
CP065317.1_1404	IENR2	25	41	1087.7486830925
CP065317.1_1405	TRANS	9	28	0
CP065317.1_1405	TRANS	32	54	0
CP065317.1_1407	FBOX	1	43	1207.70613777027
CP065317.1_1409	CAT_RBD	1	59	3.18039469555717e-13
CP065317.1_1411	Adenylsucc_synt	3	60	0.00627807076551375
CP065317.1_1414	HTH_DEOR	3	60	10.6370423532316
CP065317.1_1414	Bac_DnaA_C	3	52	885238.157267097
CP065317.1_1414	HTH_GNTR	7	58	2248.37794540044
CP065317.1_1414	HTH_CRP	17	60	250.078372583711
CP065317.1_1414	HTH_LUXR	20	56	785.653787668699
CP065317.1_1417	SIGNAL	1	20	0
CP065317.1_1417	TRANS	3	22	0
CP065317.1_1417	TRANS	32	54	0
CP065317.1_1420	TRANS	12	29	0
CP065317.1_1420	TRANS	34	56	0
CP065317.1_1421	TRANS	7	29	0
CP065317.1_1421	TRANS	34	53	0
CP065317.1_1422	HTH_LUXR	14	58	532.821086912146
CP065317.1_1423	TRANS	21	43	0
CP065317.1_1426	TIFY	12	41	8390.47776220414
CP065317.1_1426	TRANS	17	39	0
CP065317.1_1426	LRR_TYP	21	45	2143.11589136287
CP065317.1_1427	TRANS	13	35	0
CP065317.1_1429	CTLH	1	51	905.653581072357
CP065317.1_1429	Inhibitor_I29	6	40	41311.1243303959
CP065317.1_1430	HTH_DEOR	6	59	0.28739067028787
CP065317.1_1434	zf-3CxxC	4	53	53789.0440909217
CP065317.1_1434	ZnF_RBZ	7	31	105.797478140682
CP065317.1_1434	RPOLCX	7	40	2028.23983343291
CP065317.1_1434	ZnF_A20	8	30	603.079031803371
CP065317.1_1434	CxxC_CXXC_SSSS	8	32	113734.939154839
CP065317.1_1434	C1_4	10	33	68348.1591795763
CP065317.1_1434	Spt4	11	52	71145.1731039854
CP065317.1_1434	TNFR	11	50	1560.90487543553
CP065317.1_1435	TRANS	5	26	0
CP065317.1_1435	TRANS	41	58	0
CP065317.1_1438	HAT	13	45	239.341283473962
CP065317.1_1445	B5	8	56	113736.664527265
CP065317.1_1446	TRANS	7	29	0
CP065317.1_1448	TRANS	13	32	0
CP065317.1_1448	TRANS	42	59	0
CP065317.1_1449	DSX_dimer	4	50	35656.6639144701
CP065317.1_1450	Pumilio	16	51	1090.4119508114
CP065317.1_1451	TRANS	11	33	0
CP065317.1_1453	TIFY	23	48	120048.390683933
CP065317.1_1454	SIGNAL	1	21	0
CP065317.1_1454	TRANS	9	31	0
CP065317.1_1460	VHP	6	38	1481.71818867754
CP065317.1_1463	HTH_XRE	6	59	5.24211014900998
CP065317.1_1463	ITAM	27	48	1127.17007245782
CP065317.1_1466	Defensin_propep	6	48	306161.850825049
CP065317.1_1466	TRANS	7	29	0
CP065317.1_1467	TRANS	7	29	0
CP065317.1_1467	TRANS	33	50	0
CP065317.1_1470	Romo1	2	53	74470.9072349495
CP065317.1_1470	TRANS	4	21	0
CP065317.1_1470	TRANS	28	50	0
CP065317.1_1471	TRANS	13	35	0
CP065317.1_1472	Cir_N	1	31	60511.5757566169
CP065317.1_1472	COIL	5	38	0
CP065317.1_1474	HTH_GNTR	13	58	800.510744261992
CP065317.1_1474	Grip	17	51	4691.44391277182
CP065317.1_1476	SIGNAL	1	32	0
CP065317.1_1476	TRANS	12	31	0
CP065317.1_1476	EFh	26	53	1326.64452633129
CP065317.1_1480	Defensin_propep	1	50	185150.925869219
CP065317.1_1480	SIGNAL	1	24	0
CP065317.1_1480	TRANS	5	22	0
CP065317.1_1481	TRANS	23	45	0
CP065317.1_1482	SIGNAL	1	20	0
CP065317.1_1484	SIGNAL	1	18	0
CP065317.1_1484	TRANS	5	22	0
CP065317.1_1484	TRANS	31	53	0
CP065317.1_1486	IKKbetaNEMObind	5	40	101458.644211293
CP065317.1_1486	LsmAD	6	56	115882.787568659
CP065317.1_1487	CHROMO	11	53	621.773335617169
CP065317.1_1487	HALZ	19	59	451.271751435808
CP065317.1_1487	COIL	33	56	0
CP065317.1_1489	HTH_DEOR	6	59	1752.65150869481
CP065317.1_1490	HTH_DEOR	9	55	1845.16524743757
CP065317.1_1490	LEM	24	60	1972.08996858197
CP065317.1_1495	TRANS	12	34	0
CP065317.1_1497	HTH_ARSR	16	60	801.841789329036
CP065317.1_1497	HTH_DEOR	26	59	393.46580678305
CP065317.1_1499	TRANS	27	49	0
CP065317.1_1502	HTH_GNTR	28	60	191.462753164971
CP065317.1_1504	Cpl-7	8	46	110646.689052484
CP065317.1_1506	Defensin_propep	1	48	136886.938740906
CP065317.1_1506	SIGNAL	1	18	0
CP065317.1_1507	SIGNAL	1	25	0
CP065317.1_1507	TRANS	5	27	0
CP065317.1_1508	TRANS	5	23	0
CP065317.1_1508	TRANS	30	49	0
CP065317.1_1509	CRF	29	59	1408.07475025621
CP065317.1_1510	ZnF_PMZ	23	42	2435.87496480667
CP065317.1_1511	DUF1713	25	48	157599.003448475
CP065317.1_1512	Mago-bind	42	59	146063.889731499
CP065317.1_1515	HTH_LUXR	2	59	74.6162069304809
CP065317.1_1515	HTH_XRE	10	60	310.059272225732
CP065317.1_1515	LysM	11	56	60.2745340966342
CP065317.1_1515	CPSase_L_D3	11	51	63599.7071295237
CP065317.1_1517	TRANS	32	54	0
CP065317.1_1519	HTH_LUXR	11	54	486.283974672415
CP065317.1_1521	KASH	7	48	68633.666082907
CP065317.1_1521	TRANS	10	32	0
CP065317.1_1523	PHD	18	50	1006.02103205354
CP065317.1_1523	ZnF_ZZ	22	57	796.400441849263
CP065317.1_1524	SIGNAL	1	21	0
CP065317.1_1525	SIGNAL	1	20	0
CP065317.1_1525	TRANS	7	29	0
CP065317.1_1526	TRANS	13	35	0
CP065317.1_1527	TRANS	13	30	0
CP065317.1_1527	TRANS	35	57	0
CP065317.1_1528	TRANS	20	42	0
CP065317.1_1530	TRANS	10	32	0
CP065317.1_1539	cwf21	5	49	118255.323357884
CP065317.1_1540	UBA	2	43	1218.57863732123
CP065317.1_1541	TRANS	4	26	0
CP065317.1_1551	TRANS	31	53	0
CP065317.1_1552	TGc	9	52	146497.100111312
CP065317.1_1552	TRANS	21	43	0
CP065317.1_1553	DUF1767	1	59	109692.762649052
CP065317.1_1553	TRANS	27	49	0
CP065317.1_1554	Y1_Tnp	12	60	34633.2024661615
CP065317.1_1554	KOW	20	47	2491.20143825032
CP065317.1_1557	Cpl-7	12	53	113824.415927795
CP065317.1_1558	Col_cuticle_N	5	37	61818.3970405138
CP065317.1_1558	TRANS	5	24	0
CP065317.1_1559	TRANS	5	22	0
CP065317.1_1560	CAT_RBD	1	39	80392.6101887004
CP065317.1_1564	HTH_XRE	4	59	1.663681672517e-06
CP065317.1_1565	TRANS	10	28	0
CP065317.1_1568	SIGNAL	1	24	0
CP065317.1_1569	HNS	14	45	3541.17105582685
CP065317.1_1571	APC2	1	42	104618.105523003
CP065317.1_1582	TRANS	40	57	0
CP065317.1_1583	TRANS	4	26	0
CP065317.1_1583	COIL	33	60	0
CP065317.1_1585	SpoVT_AbrB	6	47	639.733836450867
CP065317.1_1586	HintC	17	60	977.377942664814
CP065317.1_1587	TRANS	7	26	0
CP065317.1_1589	TRANS	42	59	0
CP065317.1_1590	eIF-5a	2	50	118583.730999289
CP065317.1_1591	TRANS	40	59	0
CP065317.1_1593	TRANS	30	52	0
CP065317.1_1594	YajC	5	55	123027.232231426
CP065317.1_1594	TRANS	7	29	0
CP065317.1_1595	TRANS	13	35	0
CP065317.1_1596	TRANS	15	37	0
CP065317.1_1599	TRANS	12	34	0
CP065317.1_1602	FF	3	58	1171.73671375531
CP065317.1_1603	Ca_chan_IQ	4	38	103772.785878276
CP065317.1_1605	TRANS	20	37	0
CP065317.1_1606	CUE	4	44	999.246525934057
CP065317.1_1610	CAT_RBD	29	60	60272.4829054954
CP065317.1_1614	HTH_XRE	1	52	160.95825469961
CP065317.1_1614	HTH_LACI	2	58	1.33245862596173e-10
CP065317.1_1614	HTH_ARAC	2	53	2034.88818675861
CP065317.1_1614	HTH_CRP	2	43	922.761191464046
CP065317.1_1614	HTH_LUXR	3	42	345.162408740806
CP065317.1_1614	HTH_MERR	3	60	1190.07224432476
CP065317.1_1614	HhH1	6	25	360.768840761238
CP065317.1_1616	FATC	13	46	32274.7985482049
CP065317.1_1618	SIGNAL	1	23	0
CP065317.1_1618	TRANS	7	24	0
CP065317.1_1619	SIGNAL	1	21	0
CP065317.1_1619	TRANS	7	26	0
CP065317.1_1621	Romo1	5	60	236387.743157135
CP065317.1_1621	TRANS	12	34	0
CP065317.1_1622	TRANS	5	27	0
CP065317.1_1622	TRANS	34	56	0
CP065317.1_1623	TRANS	13	35	0
CP065317.1_1623	TRANS	40	59	0
CP065317.1_1627	SIGNAL	1	25	0
CP065317.1_1629	TRANS	12	34	0
CP065317.1_1630	TRANS	9	31	0
CP065317.1_1632	PGAM	3	60	6.8882616803042
CP065317.1_1636	EKR	8	40	37275.039852378
CP065317.1_1641	Ribosomal_S10	7	60	4.21691231421861e-06
CP065317.1_1649	IENR2	5	21	1128.57704997528
CP065317.1_1652	Ribosomal_L14	1	60	1.16968611610194e-05
CP065317.1_1653	KOW	2	29	0.000101382147451121
CP065317.1_1655	FerB	6	39	197219.447382514
CP065317.1_1655	Copper-fist	6	31	46789.0542032152
CP065317.1_1655	ZnF_ZZ	18	54	31.3354286433947
CP065317.1_1655	BBOX	19	53	1721.5222282473
CP065317.1_1655	ZnF_C2C2	22	46	291.910860865274
CP065317.1_1655	CxxC_CXXC_SSSS	23	54	54290.2369151999
CP065317.1_1657	SpoVT_AbrB	2	35	34298.1786373888
CP065317.1_1659	NAC	6	56	286808.709623044
CP065317.1_1662	TRANS	19	41	0
CP065317.1_1664	eIF1a	2	58	2056.41105649674
CP065317.1_1664	S1	4	60	149.880346644104
CP065317.1_1664	CDC48_N	6	60	114934.420476602
CP065317.1_1665	GAL4	1	38	1704.55058793008
CP065317.1_1665	JmjN	3	33	828.976331311992
CP065317.1_1666	HhH1	17	36	139.581743876962
CP065317.1_1670	SIGNAL	1	21	0
CP065317.1_1670	TRANS	5	22	0
CP065317.1_1670	TRANS	27	46	0
CP065317.1_1671	CPSase_L_D3	3	50	74849.9537499227
CP065317.1_1674	TRANS	26	48	0
CP065317.1_1677	MORN	10	31	1037.77523602128
CP065317.1_1677	TRANS	11	33	0
CP065317.1_1677	TRANS	37	59	0
CP065317.1_1681	SIGNAL	1	27	0
CP065317.1_1681	TRANS	5	27	0
CP065317.1_1682	TRANS	5	27	0
CP065317.1_1682	TRANS	37	58	0
CP065317.1_1684	Mac	8	60	1.14166067651468e-14
CP065317.1_1685	HTH_ARSR	4	60	1272.31122496276
CP065317.1_1685	HTH_DEOR	6	52	108.387865959975
CP065317.1_1686	Defensin_propep	1	43	76704.4446151746
CP065317.1_1686	SIGNAL	1	24	0
CP065317.1_1691	TRANS	12	34	0
CP065317.1_1692	S4	1	60	3.11592835530786e-07
CP065317.1_1692	HintC	2	43	321.508936804769
CP065317.1_1693	TRANS	40	59	0
CP065317.1_1694	S1	4	60	8.21933093605928e-10
CP065317.1_1695	TAF	14	59	8293.45880735443
CP065317.1_1697	TRANS	12	29	0
CP065317.1_1699	HTH_CRP	3	52	1562.48315241451
CP065317.1_1700	COIL	2	29	0
CP065317.1_1707	NOSIC	1	47	90658.8612758154
CP065317.1_1707	PKS_PP	3	59	1117.91572840584
CP065317.1_1709	Defensin_propep	1	43	321941.61717844
CP065317.1_1714	PYNP_C	10	52	116207.62802047
CP065317.1_1715	IBR	21	60	2912.27009728451
CP065317.1_1715	ZnF_Rad18	33	55	348.704203186104
CP065317.1_1715	CxxC_CXXC_SSSS	35	60	70138.9213555762
CP065317.1_1715	RING	36	57	1964.42630061449
CP065317.1_1717	RIIa	25	60	912.940427913789
CP065317.1_1718	LIM	6	44	144.517851838194
CP065317.1_1719	CRS1_YhbY	3	60	1.07431832074987e-10
CP065317.1_1723	GASTRIN	21	34	812.620357799606
CP065317.1_1727	TRANS	15	37	0
CP065317.1_1728	TRANS	7	29	0
CP065317.1_1730	TRANS	24	43	0
CP065317.1_1731	WHEP-TRS	17	59	44274.1624425007
CP065317.1_1733	TRANS	33	55	0
CP065317.1_1734	ZnF_GATA	3	35	380.257400293329
CP065317.1_1734	ZnF_AN1	9	41	1279.28558208624
CP065317.1_1736	TRANS	34	56	0
CP065317.1_1739	TRANS	12	34	0
CP065317.1_1739	TRANS	44	59	0
CP065317.1_1740	TRANS	33	55	0
CP065317.1_1743	TRANS	17	39	0
CP065317.1_1744	RPEL	36	59	1578.15839730209
CP065317.1_1745	CBM49	1	56	104788.729794924
CP065317.1_1746	TRANS	4	25	0
CP065317.1_1749	TRANS	4	26	0
CP065317.1_1750	Kelch	2	44	1014.13873961344
CP065317.1_1753	COIL	5	35	0
CP065317.1_1753	CUE	7	46	1089.75800723326
CP065317.1_1754	TRANS	9	26	0
CP065317.1_1754	TRANS	36	58	0
CP065317.1_1759	TRANS	10	32	0
CP065317.1_1760	TRANS	7	29	0
CP065317.1_1760	TRANS	39	58	0
CP065317.1_1761	TRANS	10	32	0
CP065317.1_1762	TRANS	13	35	0
CP065317.1_1763	TRANS	9	31	0
CP065317.1_1765	TRANS	7	24	0
CP065317.1_1765	TRANS	28	45	0
CP065317.1_1767	HhH1	12	31	3.76565018664255
CP065317.1_1772	COIL	10	60	0
CP065317.1_1772	HAMP	18	57	1097.22940245065
CP065317.1_1772	cwf21	19	57	9339.79608058758
CP065317.1_1775	YajC	6	53	117918.093982678
CP065317.1_1775	TRANS	7	25	0
CP065317.1_1775	TRANS	35	57	0
CP065317.1_1779	TK	30	40	1462.8018907754
CP065317.1_1780	TRANS	17	39	0
CP065317.1_1781	IENR2	5	21	1631.07475358489
CP065317.1_1781	TRANS	13	35	0
CP065317.1_1783	TRANS	10	32	0
CP065317.1_1783	TRANS	37	59	0
CP065317.1_1784	PKS_PP	4	58	983.900039365198
CP065317.1_1785	TRANS	7	29	0
CP065317.1_1787	TRANS	21	43	0
CP065317.1_1788	Haemolytic	1	50	38005.5636289369
CP065317.1_1792	LIM	5	50	443.780048674739
CP065317.1_1793	TRANS	5	27	0
CP065317.1_1794	TRANS	23	45	0
CP065317.1_1799	TRANS	7	29	0
CP065317.1_1799	TRANS	39	59	0
CP065317.1_1800	TRANS	20	38	0
CP065317.1_1801	CBS	12	59	6.49808337298411
CP065317.1_1802	Prim_Zn_Ribbon	5	49	75664.5267462537
CP065317.1_1802	ZnF_RBZ	6	26	700.461928848172
CP065317.1_1802	PostSET	6	23	1838.84627537068
CP065317.1_1802	ZnF_C4	7	43	462.407508170785
CP065317.1_1802	C1_4	9	49	64283.5466115414
CP065317.1_1802	RING	10	40	1813.18398677959
CP065317.1_1803	TRANS	33	55	0
CP065317.1_1804	NGN	5	58	0.448535028173604
CP065317.1_1805	SIGNAL	1	28	0
CP065317.1_1805	TRANS	7	29	0
CP065317.1_1806	HTH_LUXR	9	53	186.207372243866
CP065317.1_1807	SIGNAL	1	24	0
CP065317.1_1810	Ftsk_gamma	10	49	65355.459024276
CP065317.1_1813	RL11	9	60	0.00242376155247595
CP065317.1_1814	NAC	5	55	361945.853032019
CP065317.1_1818	SH3b	7	60	1201.04999908848
CP065317.1_1818	THY	9	41	1332.22682139279
CP065317.1_1819	COIL	1	58	0
CP065317.1_1819	CPSase_L_D3	5	60	29723.9642916586
CP065317.1_1819	BRLZ	7	58	1468.35286426595
CP065317.1_1822	TRANS	4	21	0
CP065317.1_1822	TRANS	34	56	0
CP065317.1_1825	Grip	4	39	1063.99260325599
CP065317.1_1826	TRANS	12	34	0
CP065317.1_1830	IDEAL	31	48	70195.8587499011
CP065317.1_1833	MADS	1	44	918.069107185718
CP065317.1_1833	SANT	14	59	1520.15860583824
CP065317.1_1835	TRANS	26	48	0
CP065317.1_1836	PHD	20	51	247.419108239784
CP065317.1_1836	CxxC_CXXC_SSSS	22	59	10401.437423941
CP065317.1_1836	ZnF_C2C2	26	56	232.607487450149
CP065317.1_1837	Beta-TrCP_D	13	50	101141.685670569
CP065317.1_1837	IBR	15	58	745.528224452497
CP065317.1_1837	PHD	18	50	1352.39252034328
CP065317.1_1837	RPOLCX	23	56	588.310111632835
CP065317.1_1837	AWS	23	53	2194.4215415763
CP065317.1_1837	EGF_CA	27	59	1589.37856189115
CP065317.1_1837	TRASH	28	57	462150.274793641
CP065317.1_1839	TRANS	20	37	0
CP065317.1_1841	Romo1	2	52	253690.680503484
CP065317.1_1841	TRANS	10	31	0
CP065317.1_1841	TRANS	33	50	0
CP065317.1_1842	TRANS	7	29	0
CP065317.1_1843	TRANS	4	18	0
CP065317.1_1843	TRANS	25	47	0
CP065317.1_1844	TRANS	21	43	0
CP065317.1_1845	RAP	2	57	100932.342632092
CP065317.1_1846	TRANS	12	31	0
CP065317.1_1847	TRANS	13	30	0
CP065317.1_1848	TRANS	7	29	0
CP065317.1_1848	TRANS	34	51	0
CP065317.1_1849	TRANS	11	33	0
CP065317.1_1849	TRANS	40	59	0
CP065317.1_1850	TRANS	2	19	0
CP065317.1_1850	TRANS	34	56	0
CP065317.1_1851	GYR	31	49	2650.38718505184
CP065317.1_1854	SIGNAL	1	25	0
CP065317.1_1857	Haemolytic	1	41	107817.25138512
CP065317.1_1857	SIGNAL	1	21	0
CP065317.1_1857	TRANS	5	27	0
CP065317.1_1860	TAF	1	60	19386.1452630774
CP065317.1_1860	SpoVT_AbrB	7	56	0.0710087464556367
CP065317.1_1860	Jag_N	19	53	61499.7603521781
CP065317.1_1861	COIL	1	32	0
CP065317.1_1863	RPEL	1	33	2098.13167843767
CP065317.1_1863	EFh	24	50	750.258403615959
CP065317.1_1865	PTH	19	44	1570.81695312143
CP065317.1_1867	ZnF_BED	4	45	1844.0506348062
CP065317.1_1867	C1	11	52	1518.10661707722
CP065317.1_1868	TRANS	17	39	0
CP065317.1_1869	TRANS	15	37	0
CP065317.1_1871	ASCH	9	59	109.544253437094
CP065317.1_1873	SIGNAL	1	25	0
CP065317.1_1883	LY	18	59	1910.30215818205
CP065317.1_1888	COIL	7	48	0
CP065317.1_1888	THEG	33	52	1533.92158302005
CP065317.1_1891	COIL	1	56	0
CP065317.1_1891	BRLZ	4	48	1787.50039982295
CP065317.1_1891	HLH	8	59	1774.20343703321
CP065317.1_1892	TRANS	7	29	0
CP065317.1_1893	HintC	17	60	977.377942664814
CP065317.1_1899	TRANS	4	18	0
CP065317.1_1899	TRANS	31	53	0
CP065317.1_1901	BSD	4	49	3519.12739343413
CP065317.1_1903	Ribosomal_L40e	4	53	11584.2953432608
CP065317.1_1903	FES	22	44	785.628488239951
CP065317.1_1903	c-clamp	38	56	56580.6631791447
CP065317.1_1904	SIGNAL	1	18	0
CP065317.1_1904	TRANS	5	27	0
CP065317.1_1904	CTNS	25	56	1071.83590281099
CP065317.1_1904	TRANS	34	56	0
CP065317.1_1906	FBD	1	51	2572.66777873292
CP065317.1_1908	TRANS	9	31	0
CP065317.1_1909	SIGNAL	1	17	0
CP065317.1_1909	TRANS	4	21	0
CP065317.1_1909	TRANS	28	47	0
CP065317.1_1912	ZnF_A20	9	26	1393.92447241814
CP065317.1_1913	TRANS	2	24	0
CP065317.1_1914	HTH_GNTR	17	60	0.489903628682794
CP065317.1_1915	GA	8	49	36755.9750295915
CP065317.1_1918	TRANS	5	22	0
CP065317.1_1918	TRANS	26	45	0
CP065317.1_1919	TRANS	5	24	0
CP065317.1_1919	TRANS	31	50	0
CP065317.1_1920	SIGNAL	1	27	0
CP065317.1_1920	TRANS	7	29	0
CP065317.1_1921	SIGNAL	1	20	0
CP065317.1_1921	TRANS	5	27	0
CP065317.1_1926	UTG	7	60	805.230897406567
CP065317.1_1927	TRANS	5	27	0
CP065317.1_1927	AgrD	8	50	17645.9275390478
CP065317.1_1927	LRR_BAC	32	51	1449.16327708469
CP065317.1_1928	PTH	25	58	1475.47080189523
CP065317.1_1929	REC	3	59	28.636291732472
CP065317.1_1930	TRANS	7	29	0
CP065317.1_1931	SIGNAL	1	25	0
CP065317.1_1931	TRANS	7	29	0
CP065317.1_1934	SIGNAL	1	28	0
CP065317.1_1934	TRANS	5	27	0
CP065317.1_1935	SIGNAL	1	24	0
CP065317.1_1935	TRANS	5	27	0
CP065317.1_1936	SIGNAL	1	20	0
CP065317.1_1937	ANK	13	43	569.033219959154
CP065317.1_1940	ELK	2	24	123313.176452298
CP065317.1_1940	AgrD	9	43	28422.0375046142
CP065317.1_1940	SpoVT_AbrB	9	55	132.808133865187
CP065317.1_1945	TRANS	12	34	0
CP065317.1_1947	Romo1	4	57	242020.457581859
CP065317.1_1947	TRANS	5	24	0
CP065317.1_1947	TRANS	37	59	0
CP065317.1_1948	B5	2	39	108212.383025496
CP065317.1_1949	SIGNAL	1	23	0
CP065317.1_1949	TRANS	7	25	0
CP065317.1_1949	TRANS	35	54	0
CP065317.1_1951	TRANS	7	29	0
CP065317.1_1952	Defensin_propep	1	49	42969.6063027518
CP065317.1_1952	SIGNAL	1	20	0
CP065317.1_1952	HAMP	3	60	840.918570438677
CP065317.1_1952	Col_cuticle_N	5	55	111902.479264465
CP065317.1_1952	TRANS	5	27	0
CP065317.1_1952	COIL	27	59	0
CP065317.1_1954	TRANS	12	34	0
CP065317.1_1954	TRANS	39	59	0
CP065317.1_1955	TRANS	12	29	0
CP065317.1_1955	TRANS	33	55	0
CP065317.1_1956	TRANS	20	42	0
CP065317.1_1957	TRANS	15	35	0
CP065317.1_1957	TRANS	42	59	0
CP065317.1_1959	TRANS	9	31	0
CP065317.1_1959	YajC	15	52	82212.819152044
CP065317.1_1959	TRANS	35	54	0
CP065317.1_1960	SFM	3	60	193.071267541437
CP065317.1_1961	CBM_X	7	57	30601.5385722893
CP065317.1_1961	IKKbetaNEMObind	18	55	98707.3478102765
CP065317.1_1962	HhH1	13	32	679.167454388599
CP065317.1_1963	TRANS	33	55	0
CP065317.1_1964	HTH_ARSR	8	60	1139.90477918509
CP065317.1_1964	HTH_DEOR	10	55	1.07102995755492
CP065317.1_1965	BSD	5	54	4113.91974010564
CP065317.1_1966	TRANS	23	45	0
CP065317.1_1971	TRANS	5	27	0
CP065317.1_1973	TRANS	20	42	0
CP065317.1_1975	Col_cuticle_N	3	53	18390.4132464698
CP065317.1_1975	TRANS	4	21	0
CP065317.1_1976	SIGNAL	1	20	0
CP065317.1_1976	TRANS	2	19	0
CP065317.1_1976	TRANS	23	45	0
CP065317.1_1977	TRANS	19	41	0
CP065317.1_1978	LRR_BAC	3	22	1788.86081356043
CP065317.1_1978	HTH_DEOR	4	43	789.036157825479
CP065317.1_1978	HTH_CRP	9	59	544.726201420346
CP065317.1_1978	HTH_MERR	17	60	0.968576960059449
CP065317.1_1979	HTH_ICLR	8	60	296.389529934165
CP065317.1_1985	SIGNAL	1	28	0
CP065317.1_1986	TRANS	7	29	0
CP065317.1_1987	TRANS	7	29	0
CP065317.1_1990	HNS	5	38	657.588229345967
CP065317.1_1995	TRANS	4	26	0
CP065317.1_1995	TRANS	38	59	0
CP065317.1_1997	SIGNAL	1	27	0
CP065317.1_1997	LysM	30	60	27.9231921555428
CP065317.1_2002	TRANS	25	42	0
CP065317.1_2007	SIGNAL	1	19	0
CP065317.1_2007	TRANS	3	25	0
CP065317.1_2007	TRANS	35	57	0
CP065317.1_2008	TRANS	2	24	0
CP065317.1_2008	BMC	3	60	67499.8355760208
CP065317.1_2008	TRANS	34	56	0
CP065317.1_2012	GA	2	35	73468.2780098801
CP065317.1_2014	Defensin_propep	1	40	298563.521182756
CP065317.1_2015	TRANS	28	50	0
CP065317.1_2018	SIGNAL	1	24	0
CP065317.1_2018	Col_cuticle_N	6	56	56214.771248163
CP065317.1_2018	TRANS	7	29	0
CP065317.1_2020	TRANS	4	26	0
CP065317.1_2020	Romo1	7	54	215134.839150835
CP065317.1_2020	TRANS	39	58	0
CP065317.1_2021	TRANS	7	26	0
CP065317.1_2022	TRANS	21	43	0
CP065317.1_2026	EFP	24	53	137255.281072629
CP065317.1_2027	FeoA	2	60	610.95842178317
CP065317.1_2030	Cir_N	18	51	93811.8968425145
CP065317.1_2030	DUF1713	20	50	134416.429107545
CP065317.1_2036	HOX	2	59	476.453027513319
CP065317.1_2036	IENR2	5	21	1631.07475358489
CP065317.1_2042	ENT	1	57	38484.1583390161
CP065317.1_2042	HTH_GNTR	2	59	0.991265351743921
CP065317.1_2042	Zalpha	4	57	1430.61645011175
CP065317.1_2042	WSN	5	58	698.400841492222
CP065317.1_2042	HTH_ARSR	5	60	1244.655702525
CP065317.1_2042	HTH_ICLR	5	60	151.240849959917
CP065317.1_2042	HTH_DEOR	6	58	5.51117003208127e-24
CP065317.1_2042	HTH_CRP	10	60	133.452862218405
CP065317.1_2048	GS	2	22	1000.24727803276
CP065317.1_2048	TRANS	30	52	0
CP065317.1_2053	Resolvase	2	60	25.5746171086491
CP065317.1_2055	HhH2	13	40	328.271125085214
CP065317.1_2058	SIGNAL	1	16	0
CP065317.1_2060	HhH1	2	21	90.6395854177518
CP065317.1_2062	IBR	15	55	400.974997236605
CP065317.1_2062	WR1	26	56	1241.87599652615
CP065317.1_2062	PostSET	42	59	861.339308695016
CP065317.1_2063	Tower	21	60	194603.840324555
CP065317.1_2065	TRANS	17	39	0
CP065317.1_2067	TRANS	10	27	0
CP065317.1_2070	COIL	1	32	0
CP065317.1_2070	PTH	15	52	1343.16413638152
CP065317.1_2071	S_TK_X	3	50	1009.71764621192
CP065317.1_2075	TRANS	31	48	0
CP065317.1_2076	S4	1	59	4.47407722705876e-08
CP065317.1_2078	DSX_dimer	17	59	25822.2797782781
CP065317.1_2078	RIIa	17	54	1123.54091706454
CP065317.1_2079	SIGNAL	1	19	0
CP065317.1_2079	TRANS	30	52	0
CP065317.1_2081	TRANS	25	47	0
CP065317.1_2082	HTH_DEOR	6	59	68.1339042497299
CP065317.1_2086	TRANS	42	59	0
CP065317.1_2088	RNA_pol_Rpb6	17	55	357232.988355349
CP065317.1_2091	SIGNAL	1	19	0
CP065317.1_2091	TRANS	5	24	0
CP065317.1_2091	Col_cuticle_N	10	58	72999.0822161936
CP065317.1_2092	FoP_duplication	1	58	117565.004702883
CP065317.1_2092	COIL	32	51	0
CP065317.1_2095	TRANS	21	43	0
CP065317.1_2098	HTH_DEOR	18	56	1191.38957896774
CP065317.1_2105	TRANS	10	27	0
CP065317.1_2105	TRANS	32	54	0
CP065317.1_2106	TRANS	15	37	0
CP065317.1_2108	TRANS	22	39	0
CP065317.1_2109	TRANS	7	26	0
CP065317.1_2110	Defensin_propep	1	58	263301.214011139
CP065317.1_2110	SIGNAL	1	22	0
CP065317.1_2112	ZnF_GATA	1	51	602.55798368648
CP065317.1_2112	ZnF_ZZ	1	44	372.155840572236
CP065317.1_2112	TRASH	2	37	410356.11382863
CP065317.1_2116	SIGNAL	1	28	0
CP065317.1_2116	TRANS	5	27	0
CP065317.1_2117	SIGNAL	1	27	0
CP065317.1_2118	SIGNAL	1	26	0
CP065317.1_2118	TRANS	5	27	0
CP065317.1_2120	Romo1	2	44	134284.597229152
CP065317.1_2120	TRANS	12	29	0
CP065317.1_2120	TRANS	39	58	0
CP065317.1_2122	LysM	2	43	1026.74179226936
CP065317.1_2123	Zalpha	1	58	616.693675496439
CP065317.1_2123	HTH_ARSR	1	58	1359.01137268902
CP065317.1_2123	FBOX	2	38	581.832753262399
CP065317.1_2123	HTH_DEOR	6	58	1.96515927824327e-20
CP065317.1_2123	E2F_TDP	6	60	160201.09425183
CP065317.1_2123	HTH_GNTR	8	59	0.696867680101678
CP065317.1_2123	HTH_CRP	13	60	31.0766070505425
CP065317.1_2124	TRANS	15	37	0
CP065317.1_2125	GS	21	48	721.948238267313
CP065317.1_2127	COIL	15	44	0
CP065317.1_2130	HTH_LACI	5	46	1301.52685387494
CP065317.1_2132	GoLoco	4	22	726.730833690666
CP065317.1_2132	AT_hook	14	26	424.432133868015
CP065317.1_2134	TRANS	5	27	0
CP065317.1_2134	TRANS	34	56	0
CP065317.1_2135	HTH_LACI	17	53	2011.61903707631
CP065317.1_2136	TRANS	13	32	0
CP065317.1_2136	TRANS	37	59	0
CP065317.1_2139	TRANS	7	26	0
CP065317.1_2140	TRANS	17	34	0
CP065317.1_2140	TRANS	39	56	0
CP065317.1_2142	TRANS	34	56	0
CP065317.1_2144	DM9	3	59	2308.32431361088
CP065317.1_2145	TRANS	4	21	0
CP065317.1_2145	TRANS	34	53	0
CP065317.1_2146	SIGNAL	1	21	0
CP065317.1_2146	TRANS	4	21	0
CP065317.1_2147	Defensin_propep	1	55	338531.848217677
CP065317.1_2147	SIGNAL	1	23	0
CP065317.1_2147	TRANS	4	26	0
CP065317.1_2147	COIL	27	51	0
CP065317.1_2150	TRANS	13	32	0
CP065317.1_2151	THEG	16	35	409.695528852994
CP065317.1_2153	SIGNAL	1	26	0
CP065317.1_2153	MORN	29	47	1137.94487527946
CP065317.1_2154	Defensin_propep	1	46	130165.373167314
CP065317.1_2154	SIGNAL	1	26	0
CP065317.1_2155	SIGNAL	1	25	0
CP065317.1_2156	SIGNAL	1	26	0
CP065317.1_2156	Col_cuticle_N	6	59	88267.0208414172
CP065317.1_2156	TRANS	7	24	0
CP065317.1_2156	PBD	27	55	794.11961159875
CP065317.1_2157	SIGNAL	1	25	0
CP065317.1_2158	SIGNAL	1	27	0
CP065317.1_2158	TRANS	7	26	0
CP065317.1_2160	SIGNAL	1	25	0
CP065317.1_2161	ING	7	60	364847.321760915
CP065317.1_2162	TRANS	19	41	0
CP065317.1_2163	TRANS	15	34	0
CP065317.1_2165	SIGNAL	1	26	0
CP065317.1_2165	TRANS	7	26	0
CP065317.1_2166	HNS	6	41	1797.09197281715
CP065317.1_2167	GS	22	56	1033.38653232462
CP065317.1_2168	TRANS	7	26	0
CP065317.1_2170	CTNS	17	47	2635.12173771817
CP065317.1_2173	ZnF_U1	31	53	852.41088147349
CP065317.1_2175	TRANS	4	26	0
CP065317.1_2176	TRANS	15	37	0
CP065317.1_2177	SIGNAL	1	21	0
CP065317.1_2177	TRANS	12	34	0
CP065317.1_2178	TRANS	5	24	0
CP065317.1_2179	TRANS	4	18	0
CP065317.1_2179	TRANS	31	53	0
CP065317.1_2180	TRANS	21	43	0
CP065317.1_2182	CSP	3	60	7.8276731925389e-22
CP065317.1_2183	TRANS	9	31	0
CP065317.1_2185	TRANS	12	34	0
CP065317.1_2185	TRANS	39	56	0
CP065317.1_2187	TRANS	27	44	0
CP065317.1_2189	TRANS	13	35	0
CP065317.1_2192	TRANS	13	32	0
CP065317.1_2192	IDEAL	22	58	92246.6682326489
CP065317.1_2193	TRANS	20	37	0
CP065317.1_2194	TRANS	35	57	0
CP065317.1_2196	TRANS	15	37	0
CP065317.1_2200	TRANS	5	27	0
CP065317.1_2201	SIGNAL	1	23	0
CP065317.1_2201	TRANS	5	27	0
CP065317.1_2203	DUF1713	2	29	153475.400975376
CP065317.1_2203	TRANS	29	51	0
CP065317.1_2205	TRANS	7	29	0
CP065317.1_2205	TRANS	39	58	0
CP065317.1_2206	TRANS	10	29	0
CP065317.1_2206	TRANS	36	58	0
CP065317.1_2207	SIGNAL	1	22	0
CP065317.1_2207	TRANS	5	22	0
CP065317.1_2209	CTNS	5	31	985.066445224968
CP065317.1_2209	TRANS	22	41	0
CP065317.1_2210	SIGNAL	1	18	0
CP065317.1_2210	TRANS	7	25	0
CP065317.1_2211	TRANS	4	23	0
CP065317.1_2211	TRANS	30	52	0
CP065317.1_2212	EFh	25	51	1763.60094147724
CP065317.1_2214	S4	1	60	0.000341971896124036
CP065317.1_2214	HTH_XRE	2	46	2752.23236333508
CP065317.1_2215	QLQ	24	55	104786.174856385
CP065317.1_2218	GS	2	26	8.51157268419525
CP065317.1_2220	THEG	35	54	751.619493931199
CP065317.1_2221	SIGNAL	1	25	0
CP065317.1_2221	HTH_LUXR	2	50	597.29828011479
CP065317.1_2221	HTH_ARSR	3	55	914.936207797046
CP065317.1_2221	HTH_DEOR	10	50	5.43949425211825
CP065317.1_2225	TRANS	4	26	0
CP065317.1_2226	TRANS	30	52	0
CP065317.1_2227	TRANS	31	53	0
CP065317.1_2228	TRANS	2	24	0
CP065317.1_2228	TRANS	34	56	0
CP065317.1_2230	KOW	24	53	2707.36528083365
CP065317.1_2231	Elong-fact-P_C	18	52	102954.98311814
CP065317.1_2232	Rho_N	4	41	106752.555457702
CP065317.1_2234	LRR_TYP	39	60	1258.32018300058
CP065317.1_2235	PUG	1	53	377.774473932235
CP065317.1_2243	TRANS	4	26	0
CP065317.1_2243	HALZ	16	56	410.033930366831
CP065317.1_2247	BH4	36	58	872.279426030572
CP065317.1_2249	TRANS	21	43	0
CP065317.1_2250	NAT_PEP	16	39	634.998818428755
CP065317.1_2250	TRANS	26	48	0
CP065317.1_2251	LRR_SD22	1	21	895.982901165743
CP065317.1_2253	TRANS	29	51	0
CP065317.1_2254	SIGNAL	1	28	0
CP065317.1_2254	TRANS	7	29	0
CP065317.1_2255	TRANS	20	42	0
CP065317.1_2259	HTH_XRE	12	60	0.00028099086304599
CP065317.1_2259	HTH_GNTR	12	60	2248.37794540044
CP065317.1_2259	HTH_CRP	14	54	159.111776854175
CP065317.1_2259	LysM	15	60	1077.19439902936
CP065317.1_2259	HTH_LACI	21	58	87.9466704754215
CP065317.1_2260	TAP_C	1	54	6245.59920575483
CP065317.1_2260	Cation_ATPase_N	2	60	0.0058560377024398
CP065317.1_2260	UTG	3	57	868.458441136839
CP065317.1_2261	TRANS	13	35	0
CP065317.1_2262	HTH_XRE	11	60	8.19292957615391e-06
CP065317.1_2264	HTH_DEOR	16	57	186.285556275492
CP065317.1_2267	Fapy_DNA_glyco	2	60	0.0048199868792975
CP065317.1_2269	ZnF_C2C2	1	40	0.94120861304152
CP065317.1_2269	ZnF_RBZ	3	37	1773.99350197286
CP065317.1_2269	DM	3	31	1218.94684254886
CP065317.1_2271	HLH	12	48	1283.90893600151
CP065317.1_2271	IDEAL	12	45	94800.3645748423
CP065317.1_2271	RIIa	16	51	489.53875959177
CP065317.1_2272	YajC	4	48	31618.2716122464
CP065317.1_2272	TRANS	5	23	0
CP065317.1_2273	TRANS	20	42	0
CP065317.1_2275	SIGNAL	1	28	0
CP065317.1_2275	TRANS	7	29	0
CP065317.1_2276	TRANS	12	34	0
CP065317.1_2277	SIGNAL	1	27	0
CP065317.1_2277	TRANS	5	27	0
CP065317.1_2278	TRANS	12	31	0
CP065317.1_2278	TRANS	35	57	0
CP065317.1_2280	LRR_CC	28	53	661.681526686702
CP065317.1_2282	SIGNAL	1	29	0
CP065317.1_2282	TRANS	7	24	0
CP065317.1_2284	AgrD	19	58	29184.5598925456
CP065317.1_2285	YajC	3	60	0.00030706092046725
CP065317.1_2285	TRANS	5	22	0
CP065317.1_2288	HAT	20	52	674.315999241182
CP065317.1_2293	TRANS	20	39	0
CP065317.1_2294	SIGNAL	1	21	0
CP065317.1_2294	TRANS	7	29	0
CP065317.1_2295	TRANS	6	25	0
CP065317.1_2295	TRANS	38	55	0
CP065317.1_2296	TRANS	12	34	0
CP065317.1_2298	Bac_DnaA_C	2	59	4670917.93802049
CP065317.1_2301	DUF167	9	53	122158.799116428
CP065317.1_2302	BHD_3	1	48	114402.301691676
CP065317.1_2302	DUF1713	10	49	53078.0734737163
CP065317.1_2302	FA	25	60	87336.2844380044
CP065317.1_2305	TRANS	7	29	0
CP065317.1_2307	HhH1	29	48	1277.67201000236
CP065317.1_2308	TRANS	35	57	0
CP065317.1_2309	TRANS	12	34	0
CP065317.1_2309	TRANS	38	57	0
CP065317.1_2310	HTH_ARSR	3	48	672.466603343472
CP065317.1_2310	EFP	5	56	93160.9695360853
CP065317.1_2312	TRANS	4	23	0
CP065317.1_2312	TRANS	36	55	0
CP065317.1_2313	REC	2	60	22.4013816689789
CP065317.1_2314	TRANS	12	31	0
CP065317.1_2314	TRANS	36	58	0
CP065317.1_2315	TRANS	5	24	0
CP065317.1_2315	TRANS	37	59	0
CP065317.1_2316	TRANS	28	50	0
CP065317.1_2318	TRANS	42	59	0
CP065317.1_2319	TRANS	30	52	0
CP065317.1_2322	CAT_RBD	5	46	123790.46816413
CP065317.1_2322	TOPRIM	8	60	1013.96446142749
CP065317.1_2322	FolB	11	59	89727.6259961566
CP065317.1_2322	NADH_4Fe-4S	25	56	82758.3956495326
CP065317.1_2323	Lipid_DES	1	34	108237.594945397
CP065317.1_2324	TRANS	9	31	0
CP065317.1_2324	TRANS	36	58	0
CP065317.1_2326	RPEL	12	30	2235.12961441032
CP065317.1_2326	MGS	14	60	1032.61351771001
CP065317.1_2327	TRANS	10	30	0
CP065317.1_2327	TRANS	37	59	0
CP065317.1_2328	TRANS	25	47	0
CP065317.1_2330	TRANS	7	24	0
CP065317.1_2330	TRANS	39	58	0
CP065317.1_2331	TRANS	9	28	0
CP065317.1_2337	BMC	7	58	55308.6568690318
CP065317.1_2340	HTH_XRE	1	44	325.48726381345
CP065317.1_2340	HTH_LACI	2	57	5.08292632824554e-16
CP065317.1_2340	HTH_MERR	3	44	1806.83618639229
CP065317.1_2340	HTH_CRP	3	42	1099.90930590771
CP065317.1_2340	ORANGE	7	53	163089.000539444
CP065317.1_2344	TRANS	13	34	0
CP065317.1_2345	RBD	1	54	1540.23746947957
CP065317.1_2346	efhand_Ca_insen	10	54	165864.502370212
CP065317.1_2348	FF	2	54	473.62571600222
CP065317.1_2348	SWAP	11	57	803.393266882875
CP065317.1_2350	TRANS	12	34	0
CP065317.1_2350	TRANS	38	59	0
CP065317.1_2351	TRANS	11	33	0
CP065317.1_2353	HTH_MERR	2	60	0.000125162006148606
CP065317.1_2357	TRANS	12	34	0
CP065317.1_2358	TRANS	4	23	0
CP065317.1_2365	UBA	15	59	689.360069485367
CP065317.1_2366	WH2	29	47	154.054688177665
CP065317.1_2367	S4	4	60	1.62226694964637
CP065317.1_2368	HTH_DEOR	6	55	1664.7636756024
CP065317.1_2370	TRANS	12	34	0
CP065317.1_2372	TRANS	4	26	0
CP065317.1_2373	SpoVT_AbrB	10	51	6941.74166683152
CP065317.1_2376	TRANS	25	47	0
CP065317.1_2377	TRANS	6	28	0
CP065317.1_2378	PTH	19	55	477.323856158229
CP065317.1_2381	FtsA	7	60	1.2362881139419
CP065317.1_2383	IGc2	8	58	823.125752163646
CP065317.1_2385	TRANS	37	59	0
CP065317.1_2387	COIL	27	60	0
CP065317.1_2390	HTH_GNTR	5	59	1449.27519614298
CP065317.1_2390	HTH_CRP	14	57	1815.99856331758
CP065317.1_2391	TRANS	4	23	0
CP065317.1_2395	TOP1Bc	1	58	494.436139574495
CP065317.1_2395	Zalpha	1	60	70.4098462584102
CP065317.1_2395	HTH_ICLR	1	54	703.688572809905
CP065317.1_2395	HTH_LUXR	3	58	611.100440164626
CP065317.1_2395	HTH_DEOR	4	57	35.7538299037081
CP065317.1_2395	HTH_GNTR	4	58	527.024344257248
CP065317.1_2395	HTH_CRP	6	59	74.8798931240308
CP065317.1_2395	HTH_XRE	7	59	568.89406339444
CP065317.1_2395	HTH_ARSR	7	58	1656.09815513025
CP065317.1_2397	TRANS	31	53	0
CP065317.1_2399	TRANS	5	20	0
CP065317.1_2399	TRANS	30	47	0
CP065317.1_2400	FerA	7	53	89502.5947393529
CP065317.1_2402	Rho_N	6	35	93509.2304312415
CP065317.1_2403	TRANS	31	53	0
CP065317.1_2406	TRANS	15	33	0
CP065317.1_2409	HTH_DEOR	6	57	0.0105815146319521
CP065317.1_2409	Bac_DnaA_C	6	55	1529589.42424439
CP065317.1_2409	HTH_GNTR	6	59	69.5317409176004
CP065317.1_2409	HTH_CRP	11	59	1862.07062231357
CP065317.1_2411	TRANS	12	34	0
CP065317.1_2413	PKS_PP_betabranch	2	43	42204.151144068
CP065317.1_2414	TRANS	7	29	0
CP065317.1_2416	GS	21	49	171.73666657149
CP065317.1_2417	SIGNAL	1	22	0
CP065317.1_2419	SIGNAL	1	17	0
CP065317.1_2419	RPOL9	5	53	1123.4581395921
CP065317.1_2419	CHZ	25	55	77536.3794025598
CP065317.1_2420	NDK	2	60	0.0179319451120315
CP065317.1_2422	SIGNAL	1	19	0
CP065317.1_2424	TRANS	7	29	0
CP065317.1_2425	TRANS	12	34	0
CP065317.1_2426	TRANS	9	31	0
CP065317.1_2426	THEG	24	43	836.544673431045
CP065317.1_2427	TRANS	5	24	0
CP065317.1_2427	TRANS	34	53	0
CP065317.1_2428	POLIIIAc	6	60	7.26831801739988e-07
CP065317.1_2432	ZnF_C4	12	47	2231.7732530289
CP065317.1_2432	Ribosomal_S27	16	49	253295.265036963
CP065317.1_2432	ZnF_ZZ	24	55	118.794033618289
CP065317.1_2432	Prim_Zn_Ribbon	25	52	84525.4599791754
CP065317.1_2432	ZnF_RBZ	26	49	163.671827085898
CP065317.1_2432	Spt4	27	58	280767.79438946
CP065317.1_2432	ZnF_C2C2	28	52	1076.20430976701
CP065317.1_2432	CxxC_CXXC_SSSS	29	56	5399.50502436158
CP065317.1_2432	C1_4	29	48	104956.223328259
CP065317.1_2432	ZnF_C2HC	29	45	110.416624172239
CP065317.1_2434	REC	2	60	61.9531126790636
CP065317.1_2435	TRANS	13	35	0
CP065317.1_2440	HTH_ARSR	1	58	0.00912536436941025
CP065317.1_2440	HTH_CRP	4	40	93.8794985307683
CP065317.1_2442	HTH_ARSR	8	60	1.90982066834541e-09
CP065317.1_2443	FYRN	3	51	1737.0864307839
CP065317.1_2445	TRANS	15	37	0
CP065317.1_2446	TRANS	15	37	0
CP065317.1_2448	CALCITONIN	5	50	829.461940549813
CP065317.1_2448	TRANS	7	24	0
CP065317.1_2448	TRANS	28	47	0
CP065317.1_2449	CUE	13	53	1886.52556275992
CP065317.1_2450	PostSET	8	20	1444.83520251313
CP065317.1_2451	SIGNAL	1	30	0
CP065317.1_2451	TRANS	9	31	0
CP065317.1_2452	TRANS	5	27	0
CP065317.1_2453	GoLoco	42	59	547.61910709386
CP065317.1_2454	TRANS	27	49	0
CP065317.1_2457	TRANS	33	55	0
CP065317.1_2460	TRANS	12	34	0
CP065317.1_2460	TRANS	39	58	0
CP065317.1_2462	DUF1713	2	30	194820.979838014
CP065317.1_2462	TRANS	42	59	0
CP065317.1_2464	Col_cuticle_N	7	50	86196.6665590339
CP065317.1_2464	TRANS	12	34	0
CP065317.1_2465	TRANS	5	27	0
CP065317.1_2466	TRANS	30	52	0
CP065317.1_2468	HTH_CRP	7	59	305.733241626777
CP065317.1_2468	LRR_BAC	21	40	2275.2525581678
CP065317.1_2471	Integrin_b_cyt	17	50	68215.3155712688
CP065317.1_2472	RRM	5	58	1926.17119716191
CP065317.1_2474	TRANS	7	29	0
CP065317.1_2474	LRR_CC	12	37	2209.16735173872
CP065317.1_2475	SIGNAL	1	21	0
CP065317.1_2475	TRANS	5	27	0
CP065317.1_2477	TRANS	12	34	0
CP065317.1_2478	REC	1	60	9.31968337305341
CP065317.1_2479	TRANS	7	29	0
CP065317.1_2480	LIM	14	49	1464.21041124494
CP065317.1_2483	TRANS	15	34	0
CP065317.1_2484	SIGNAL	1	28	0
CP065317.1_2484	TRANS	7	24	0
CP065317.1_2485	SIGNAL	1	19	0
CP065317.1_2485	TRANS	5	24	0
CP065317.1_2485	COIL	31	59	0
CP065317.1_2487	TRANS	13	32	0
CP065317.1_2488	SIGNAL	1	25	0
CP065317.1_2488	TRANS	5	27	0
CP065317.1_2489	TRANS	10	32	0
CP065317.1_2490	cwf21	10	47	85570.7872970047
CP065317.1_2490	COIL	12	49	0
CP065317.1_2496	HTH_MERR	3	60	1.15577611192132e-17
CP065317.1_2496	GYR	35	55	1392.76829658991
CP065317.1_2497	SCY	21	58	581.476674970426
CP065317.1_2498	CxxC_CXXC_SSSS	18	49	18392.6852710865
CP065317.1_2498	RPOLCX	23	60	111.617524780005
CP065317.1_2500	IENR1	3	50	1259.81146856218
CP065317.1_2501	BTK	2	32	68.5689343768214
CP065317.1_2501	FES	18	38	1221.74978099424
CP065317.1_2504	TRANS	17	39	0
CP065317.1_2509	Defensin_propep	1	52	3726.99280841019
CP065317.1_2509	SIGNAL	1	21	0
CP065317.1_2509	NAT_PEP	2	25	749.344143814042
CP065317.1_2514	Mac	8	59	0.142017492224025
CP065317.1_2518	Kelch	2	44	2167.67288644947
CP065317.1_2520	HTH_XRE	1	55	1960.48929896099
CP065317.1_2520	HTH_DEOR	1	34	328.499685177696
CP065317.1_2520	HTH_CRP	1	45	37.0528722465855
CP065317.1_2520	HTH_LACI	4	60	6.02486600375509e-07
CP065317.1_2520	P-II	4	57	26556.6575843372
CP065317.1_2520	HTH_ARAC	4	60	1270.53172452491
CP065317.1_2520	GIT	19	44	2275.49837958749
CP065317.1_2520	IENR2	29	45	231.023638321219
CP065317.1_2521	GS	1	23	1478.76961940114
CP065317.1_2521	LisH	15	47	1560.64813688429
CP065317.1_2526	TRANS	7	29	0
CP065317.1_2526	TRANS	39	58	0
CP065317.1_2529	NAT_PEP	11	34	1577.64500317137
CP065317.1_2532	SIGNAL	1	28	0
CP065317.1_2532	COIL	30	56	0
CP065317.1_2535	TRANS	29	48	0
CP065317.1_2536	NOSIC	14	51	93049.8254427109
CP065317.1_2536	IENR1	15	57	977.340669176784
CP065317.1_2536	HTH_CRP	15	58	1771.06314443713
CP065317.1_2538	SIGNAL	1	25	0
CP065317.1_2538	TRANS	7	25	0
CP065317.1_2539	SIGNAL	1	26	0
CP065317.1_2539	TRANS	7	29	0
CP065317.1_2540	TRANS	13	30	0
CP065317.1_2541	TRANS	20	42	0
CP065317.1_2542	TRANS	7	25	0
CP065317.1_2542	TRANS	35	57	0
CP065317.1_2543	TRANS	12	34	0
CP065317.1_2543	Tower	26	60	60186.4437572167
CP065317.1_2544	TRANS	7	24	0
CP065317.1_2544	TRANS	28	47	0
CP065317.1_2547	HTH_XRE	7	55	2008.58932998498
CP065317.1_2548	TRANS	15	37	0
CP065317.1_2549	SIGNAL	1	21	0
CP065317.1_2549	TRANS	7	29	0
CP065317.1_2550	TRANS	13	35	0
CP065317.1_2550	Pumilio	17	52	563.35776163625
CP065317.1_2550	SEL1	23	49	1831.9872220736
CP065317.1_2552	TRANS	4	25	0
CP065317.1_2553	TRANS	13	32	0
CP065317.1_2553	TRANS	37	59	0
CP065317.1_2554	TRANS	7	29	0
CP065317.1_2554	TRANS	33	55	0
CP065317.1_2555	YajC	3	47	99513.1269323244
CP065317.1_2555	TRANS	5	27	0
CP065317.1_2556	SIGNAL	1	21	0
CP065317.1_2556	WR1	7	43	1241.87599652615
CP065317.1_2556	PD	29	56	1491.68069556133
CP065317.1_2559	TRANS	9	28	0
CP065317.1_2563	THEG	8	27	2352.16029666263
CP065317.1_2565	TRANS	25	47	0
CP065317.1_2566	TRANS	33	55	0
CP065317.1_2567	SIGNAL	1	25	0
CP065317.1_2567	TRANS	7	26	0
CP065317.1_2572	Zalpha	3	59	88.60316304863
CP065317.1_2572	HTH_LUXR	5	58	378.202549680514
CP065317.1_2572	HTH_ARSR	6	60	379.509241270097
CP065317.1_2572	HTH_GNTR	7	59	204.536018921263
CP065317.1_2572	HTH_DEOR	11	60	2.66015272813583e-08
CP065317.1_2572	HTH_CRP	13	59	329.659394125359
CP065317.1_2572	B5	20	60	43028.191218735
CP065317.1_2575	TRANS	10	32	0
CP065317.1_2575	TRANS	39	58	0
CP065317.1_2576	Jag_N	21	57	64365.1581925029
CP065317.1_2587	TPR	1	30	1974.89578701976
CP065317.1_2593	HTH_XRE	4	51	3340.47009564152
CP065317.1_2593	STI1	10	55	662.465666637136
CP065317.1_2594	DUF1785	5	56	183991.772545131
CP065317.1_2594	TRANS	5	27	0
CP065317.1_2595	Cation_ATPase_N	8	56	45998.0607263928
CP065317.1_2595	TRANS	36	58	0
CP065317.1_2598	COIL	33	60	0
CP065317.1_2602	CUE	6	42	7.50406473568181
CP065317.1_2602	Rho_N	24	46	101244.524836279
CP065317.1_2603	HTH_GNTR	11	60	0.0389168160752952
CP065317.1_2607	TRANS	31	53	0
CP065317.1_2612	ZnF_CHCC	1	44	2290.91739559541
CP065317.1_2613	DUF4210	4	58	90880.546597491
CP065317.1_2613	TRANS	17	36	0
CP065317.1_2616	Rho_N	9	51	2.9476502048612e-08
CP065317.1_2619	FBOX	19	59	478.797336800455
CP065317.1_2622	SIGNAL	1	26	0
CP065317.1_2622	TRANS	7	24	0
CP065317.1_2623	TRANS	4	26	0
CP065317.1_2623	TRANS	38	59	0
CP065317.1_2626	GA	1	47	71846.117790825
CP065317.1_2628	Semialdhyde_dh	6	59	45.7323752664722
CP065317.1_2631	DUF1713	15	38	170644.3529947
CP065317.1_2632	Rho_N	13	55	118680.585774457
CP065317.1_2634	TRANS	7	29	0
CP065317.1_2637	TRANS	5	27	0
CP065317.1_2637	TRANS	37	59	0
CP065317.1_2638	REC	2	60	0.289132871299523
CP065317.1_2639	TRANS	13	35	0
CP065317.1_2640	TRANS	7	29	0
CP065317.1_2641	TRANS	7	25	0
CP065317.1_2643	TRANS	15	37	0
CP065317.1_2644	TRANS	5	24	0
CP065317.1_2644	TRANS	31	53	0
CP065317.1_2645	TRANS	4	23	0
CP065317.1_2645	TRANS	30	52	0
CP065317.1_2647	UBA	16	48	890.86154734536
CP065317.1_2648	YqgFc	1	60	0.0898418987884342
CP065317.1_2650	HTH_XRE	7	57	0.00838955969554129
CP065317.1_2651	malic	18	59	10731.9996482227
CP065317.1_2652	TRANS	24	46	0
CP065317.1_2653	RNA_pol_Rpb6	6	45	357232.988355349
CP065317.1_2653	TRANS	7	29	0
CP065317.1_2654	REC	1	60	564.132293081781
CP065317.1_2654	RPOL9	2	33	1590.01031064306
CP065317.1_2656	TRANS	7	29	0
CP065317.1_2659	TRANS	15	37	0
CP065317.1_2660	TRANS	7	24	0
CP065317.1_2661	SIGNAL	1	19	0
CP065317.1_2662	TRANS	7	29	0
CP065317.1_2663	YajC	5	56	103826.396706769
CP065317.1_2663	TRANS	7	29	0
CP065317.1_2665	SIGNAL	1	25	0
CP065317.1_2668	HTH_XRE	5	59	2.50028370517114e-10
CP065317.1_2674	TRANS	4	26	0
CP065317.1_2675	TRANS	5	27	0
CP065317.1_2676	TRANS	15	37	0
CP065317.1_2677	TRANS	12	34	0
CP065317.1_2678	SIGNAL	1	20	0
CP065317.1_2679	TRANS	15	46	0
CP065317.1_2679	AgrD	25	54	19617.9543378834
CP065317.1_2684	HTH_LACI	1	60	9.40463341744005e-20
CP065317.1_2684	HTH_LUXR	3	42	1009.98438748886
CP065317.1_2685	Defensin_propep	1	48	147624.658223096
CP065317.1_2685	SIGNAL	1	25	0
CP065317.1_2686	HTH_GNTR	10	60	0.000558873646544944
CP065317.1_2689	TRANS	10	32	0
CP065317.1_2691	TRANS	4	23	0
CP065317.1_2691	TRANS	36	55	0
CP065317.1_2693	TRANS	20	42	0
CP065317.1_2694	SIGNAL	1	18	0
CP065317.1_2695	TRANS	5	24	0
CP065317.1_2696	TRANS	5	27	0
CP065317.1_2696	TRANS	37	59	0
CP065317.1_2698	TRANS	4	21	0
CP065317.1_2698	TRANS	28	46	0
CP065317.1_2700	TRANS	5	23	0
CP065317.1_2700	TRANS	27	49	0
CP065317.1_2702	REC	1	60	243.25414360235
CP065317.1_2702	UBA	8	43	1814.88427896604
CP065317.1_2703	TRANS	4	26	0
CP065317.1_2705	TRANS	17	39	0
CP065317.1_2706	TRANS	12	34	0
CP065317.1_2706	TPR	14	47	1082.74771770453
CP065317.1_2710	SIGNAL	1	31	0
CP065317.1_2710	TRANS	5	24	0
CP065317.1_2714	IENR2	45	57	1572.12599741421
CP065317.1_2715	MADS	1	41	1425.87919422843
CP065317.1_2717	TRANS	20	37	0
CP065317.1_2717	TRANS	41	58	0
CP065317.1_2719	HTH_ARSR	2	60	784.399553653902
CP065317.1_2719	HTH_XRE	7	60	4.28758034857957e-09
CP065317.1_2720	TRANS	13	35	0
CP065317.1_2722	PADR1	15	50	9836.45997186656
CP065317.1_2722	RPOLCX	19	58	2288.18982626063
CP065317.1_2722	ZnF_C2C2	21	57	246.196348493319
CP065317.1_2722	CxxC_CXXC_SSSS	22	57	68171.3820130883
CP065317.1_2722	TRASH	23	57	163187.007736901
CP065317.1_2723	TRANS	4	21	0
CP065317.1_2724	DUF1713	13	42	54506.9899533618
CP065317.1_2729	VHP	12	36	626.691334414984
CP065317.1_2734	TRANS	5	24	0
CP065317.1_2734	TRANS	29	51	0
CP065317.1_2735	SIGNAL	1	25	0
CP065317.1_2735	TRANS	7	29	0
CP065317.1_2740	Cir_N	8	35	50305.0505349102
CP065317.1_2740	COIL	15	35	0
CP065317.1_2741	GLA	10	60	1398.03177144312
CP065317.1_2742	TRANS	7	29	0
CP065317.1_2743	TRANS	13	35	0
CP065317.1_2744	HTH_ARSR	2	49	2251.93465632812
CP065317.1_2745	E2F_TDP	13	59	44792.3627210217
CP065317.1_2746	Cation_ATPase_N	16	57	41311.514460998
CP065317.1_2747	SIGNAL	1	17	0
CP065317.1_2747	TRANS	24	46	0
CP065317.1_2749	HTH_DEOR	5	59	3.60013831994705
CP065317.1_2750	BRLZ	3	49	2122.96974181839
CP065317.1_2750	COIL	23	60	0
CP065317.1_2752	DnaJ	5	60	2.3054632862743e-27
CP065317.1_2755	CBF	2	50	597.728933817021
CP065317.1_2755	GS	19	40	849.800032766098
CP065317.1_2758	HTH_XRE	7	60	7.24159509065532e-07
CP065317.1_2761	TRANS	13	30	0
CP065317.1_2763	NOD	4	55	69473.8374093335
CP065317.1_2763	TRANS	21	43	0
CP065317.1_2764	TRANS	10	32	0
CP065317.1_2765	YajC	1	60	125664.026805191
CP065317.1_2765	TRANS	4	23	0
CP065317.1_2767	DBP10CT	16	58	16572.3584818178
CP065317.1_2770	HTH_GNTR	11	60	1.26226851087804e-11
CP065317.1_2770	HTH_DEOR	12	60	58.3653254518371
CP065317.1_2774	SIGNAL	1	22	0
CP065317.1_2774	TRANS	6	25	0
CP065317.1_2777	TRANS	17	39	0
CP065317.1_2778	TRANS	39	57	0
CP065317.1_2779	SIGNAL	1	33	0
CP065317.1_2779	RPOL9	11	48	1375.8144161685
CP065317.1_2780	EFP	11	45	174835.722940512
CP065317.1_2783	TRANS	7	26	0
CP065317.1_2783	TRANS	36	58	0
CP065317.1_2784	Cation_ATPase_N	20	60	1947.41501718568
CP065317.1_2785	EFh	11	56	1573.81890987889
CP065317.1_2794	SIGNAL	1	20	0
CP065317.1_2794	RPOL9	8	44	748.992537141867
CP065317.1_2797	TRANS	12	29	0
CP065317.1_2797	Pumilio	20	55	1709.7014269666
CP065317.1_2797	TRANS	33	52	0
CP065317.1_2798	TRANS	4	23	0
CP065317.1_2798	TRANS	32	54	0
CP065317.1_2799	CSP	3	60	1.63857274276934e-24
CP065317.1_2801	HTH_XRE	6	59	6.15642062631606e-10
CP065317.1_2802	TRANS	20	42	0
CP065317.1_2804	HTH_DEOR	5	51	143.940691513809
CP065317.1_2804	HTH_GNTR	6	60	0.0898683626398874
CP065317.1_2804	HTH_LUXR	22	59	1184.97342543547
CP065317.1_2806	PADR1	1	47	28067.0473239981
CP065317.1_2806	Prim_Zn_Ribbon	3	37	347.152073380918
CP065317.1_2806	FYVE	3	48	1390.56857072372
CP065317.1_2806	ZnF_C2C2	6	34	0.816594058843367
CP065317.1_2806	RPOLCX	7	42	244.925290611855
CP065317.1_2806	C1_4	7	33	68348.1591795763
CP065317.1_2806	RPOL9	8	53	9.68434608341453
CP065317.1_2806	CxxC_CXXC_SSSS	8	33	25890.5198204948
CP065317.1_2807	TRANS	5	24	0
CP065317.1_2807	TRANS	31	53	0
CP065317.1_2808	TRANS	10	29	0
CP065317.1_2808	TRANS	42	59	0
CP065317.1_2814	LsmAD	13	54	185867.113728148
CP065317.1_2814	DSS1_SEM1	14	45	322730.123008424
CP065317.1_2815	TRANS	4	23	0
CP065317.1_2816	TRANS	7	25	0
CP065317.1_2816	TRANS	40	57	0
CP065317.1_2818	TRANS	25	47	0
CP065317.1_2820	SFM	4	44	1319.18869919522
CP065317.1_2829	SIGNAL	1	22	0
CP065317.1_2829	RNA_pol_Rpb6	5	57	348286.718205335
CP065317.1_2829	TRANS	7	24	0
CP065317.1_2830	TRANS	10	32	0
CP065317.1_2830	TRANS	39	58	0
