CP065318.1_2	TRASH	1	34	536150.703184675
CP065318.1_2	EGF_CA	12	37	639.276652483124
CP065318.1_3	LRR_RI	30	57	905.085276098345
CP065318.1_4	TRANS	7	29	0
CP065318.1_5	TRANS	37	59	0
CP065318.1_6	GYF	4	49	1154.57486009188
CP065318.1_8	SCPU	1	44	102898.388302632
CP065318.1_8	SIGNAL	1	21	0
CP065318.1_8	TRANS	7	29	0
CP065318.1_10	HTH_LUXR	3	57	1212.32863868715
CP065318.1_11	CUE	2	43	288.062384349113
CP065318.1_11	PKS_PP_betabranch	7	49	173087.380516324
CP065318.1_13	IBR	12	54	1634.48746015342
CP065318.1_13	FYVE	19	60	1672.45315323531
CP065318.1_13	ZnF_C2C2	31	60	226.096812091285
CP065318.1_13	RING	33	54	904.816631723221
CP065318.1_16	TRANS	7	25	0
CP065318.1_16	TRANS	35	57	0
CP065318.1_18	HTH_LUXR	3	57	1558.18069544143
CP065318.1_21	SANT	3	47	371.359256197573
CP065318.1_22	SPT2	2	56	80230.3642378046
CP065318.1_25	HLH	11	58	2085.40184666015
CP065318.1_25	SWAP	19	57	327.312867680458
CP065318.1_26	TRANS	4	26	0
CP065318.1_31	PBD	29	54	1454.25584769238
CP065318.1_32	BBOX	6	44	2781.07190124234
CP065318.1_32	ZnF_U1	20	57	828.176760423668
CP065318.1_32	ZnF_C2H2	23	42	420.414751171839
CP065318.1_33	TRANS	13	35	0
CP065318.1_36	COIL	1	34	0
CP065318.1_36	DCP2	2	57	50220.6781402851
CP065318.1_37	BRLZ	9	52	813.509553510186
CP065318.1_37	COIL	13	52	0
CP065318.1_38	HTH_XRE	7	59	5.27863059203447e-09
CP065318.1_38	VHP	18	41	54.7445581147621
CP065318.1_39	HOX	1	54	734.660180961987
CP065318.1_39	Zalpha	1	59	2205.61718357844
CP065318.1_39	IENR1	4	54	1543.34146079754
CP065318.1_39	HTH_ARSR	6	59	875.570827929132
CP065318.1_39	HTH_GNTR	7	48	642.439017835416
CP065318.1_39	HTH_XRE	10	60	0.00258218992045064
CP065318.1_39	HTH_DEOR	11	57	768.968428911068
CP065318.1_39	HTH_LACI	19	56	370.347040702464
CP065318.1_39	PTH	19	57	1475.47080189523
CP065318.1_40	SIGNAL	1	18	0
CP065318.1_40	Kelch	10	56	937.444409682586
CP065318.1_40	ZnF_C2C2	12	49	646.088198462424
CP065318.1_41	SIGNAL	1	21	0
CP065318.1_42	SIGNAL	1	19	0
CP065318.1_42	Kelch	6	52	252.584160398506
CP065318.1_42	PLEC	11	48	217.810852257572
CP065318.1_42	HTH_LACI	13	56	544.232952676881
CP065318.1_44	Col_cuticle_N	3	59	114588.114410576
CP065318.1_44	TRANS	4	26	0
CP065318.1_46	TRANS	7	29	0
CP065318.1_46	TRANS	39	59	0
CP065318.1_49	ANTAR	4	44	8211.778213732
CP065318.1_49	IENR2	32	48	1407.72139363441
CP065318.1_50	TRANS	4	26	0
CP065318.1_51	TRANS	20	39	0
CP065318.1_52	TRANS	9	31	0
CP065318.1_54	SIGNAL	1	24	0
CP065318.1_55	TRANS	21	38	0
CP065318.1_55	TRANS	42	59	0
CP065318.1_57	Rho_N	17	46	4077.13821003354
CP065318.1_59	TRANS	10	27	0
CP065318.1_61	TRANS	2	19	0
CP065318.1_61	TRANS	29	48	0
CP065318.1_62	TRANS	29	51	0
CP065318.1_64	TRANS	6	25	0
CP065318.1_64	TRANS	37	59	0
CP065318.1_66	TRANS	10	32	0
CP065318.1_66	AgrD	11	48	41171.1250577416
CP065318.1_67	HTH_LUXR	4	56	1913.13887652629
CP065318.1_68	TRANS	7	29	0
CP065318.1_69	TRANS	10	32	0
CP065318.1_70	SEL1	22	60	1233.49762411301
CP065318.1_72	TRANS	7	24	0
CP065318.1_75	TRANS	21	43	0
CP065318.1_79	CPSase_sm_chain	2	60	2.80102247606071e-06
CP065318.1_80	S4	15	60	6.04011135776692
CP065318.1_82	G3P_acyltransf	5	57	196890.756369565
CP065318.1_82	TRANS	13	35	0
CP065318.1_82	TRANS	40	57	0
CP065318.1_85	MADS	1	30	2691.41100378524
CP065318.1_86	COIL	34	60	0
CP065318.1_89	TRANS	30	52	0
CP065318.1_90	TRANS	13	32	0
CP065318.1_90	TRANS	36	58	0
CP065318.1_92	Defensin_propep	17	60	185150.925869219
CP065318.1_92	TRANS	20	39	0
CP065318.1_98	TRANS	13	35	0
CP065318.1_100	HTH_LACI	1	52	3.48493521057753e-05
CP065318.1_100	HTH_ARAC	1	56	2264.58901505356
CP065318.1_100	HTH_XRE	3	52	902.187172871444
CP065318.1_100	IENR2	26	42	752.380154430201
CP065318.1_103	TRANS	4	26	0
CP065318.1_103	TRANS	35	57	0
CP065318.1_104	TRANS	12	31	0
CP065318.1_104	TRANS	36	58	0
CP065318.1_105	REC	1	60	648.985988791399
CP065318.1_106	TRANS	7	26	0
CP065318.1_106	TRANS	41	59	0
CP065318.1_107	TRANS	7	29	0
CP065318.1_107	TRANS	39	58	0
CP065318.1_109	HTH_CRP	2	51	114.77882032147
CP065318.1_110	Cyt-b5	6	60	2.44112645541463
CP065318.1_112	HTH_XRE	5	59	6.49875656240308e-09
CP065318.1_114	IENR2	29	45	432.651234712346
CP065318.1_119	FeoA	2	58	309.923030621422
CP065318.1_119	ZnF_ZZ	7	44	1164.67288284616
CP065318.1_119	BBOX	23	56	3239.08953662111
CP065318.1_124	DM15	2	39	1077.9446468041
CP065318.1_125	TRANS	13	32	0
CP065318.1_126	TRANS	19	41	0
CP065318.1_127	TRANS	7	29	0
CP065318.1_129	KOW	12	39	1210.36079924966
CP065318.1_132	IRO	21	38	1666.78353080532
CP065318.1_133	TRANS	21	38	0
CP065318.1_136	TRANS	4	23	0
CP065318.1_136	TRANS	44	59	0
CP065318.1_137	TRANS	24	46	0
CP065318.1_138	YL1_C	9	28	45708.4007502517
CP065318.1_141	SIGNAL	1	29	0
CP065318.1_143	TRANS	4	26	0
CP065318.1_143	DysFN	11	58	1832.82205826308
CP065318.1_146	TRANS	4	18	0
CP065318.1_146	TRANS	25	44	0
CP065318.1_147	HTH_XRE	1	50	14.1896778683908
CP065318.1_147	H15	1	53	3042.28069641856
CP065318.1_147	HTH_LACI	4	60	4.88891904370336e-18
CP065318.1_147	HhH1	8	27	931.642305582561
CP065318.1_149	TRANS	7	29	0
CP065318.1_150	TRANS	5	22	0
CP065318.1_150	TRANS	26	43	0
CP065318.1_151	LRR_TYP	35	53	2083.93222547651
CP065318.1_153	HALZ	1	35	1068.62297911121
CP065318.1_153	TRANS	21	43	0
CP065318.1_154	TRANS	6	23	0
CP065318.1_154	TRANS	28	46	0
CP065318.1_160	TRANS	5	27	0
CP065318.1_160	G3P_acyltransf	10	60	0.0160779043296432
CP065318.1_162	TOPRIM	22	60	86.916639890665
CP065318.1_164	COIL	32	59	0
CP065318.1_167	TRANS	10	32	0
CP065318.1_168	TRANS	7	25	0
CP065318.1_168	Kelch	14	56	1317.98070692412
CP065318.1_170	TRANS	20	42	0
CP065318.1_175	IDEAL	15	42	31763.0206033066
CP065318.1_176	BHL	2	60	1.37112991545982e-10
CP065318.1_178	TECPR	9	43	1660.33454028635
CP065318.1_180	TRANS	42	59	0
CP065318.1_183	LITAF	5	54	2730.29218692644
CP065318.1_183	TRANS	12	34	0
CP065318.1_184	S4	2	59	3.41345006534483e-13
CP065318.1_185	LysM	13	50	1214.40651657376
CP065318.1_191	POLIIIAc	4	60	2.49279691059384e-05
CP065318.1_192	SIGNAL	1	22	0
CP065318.1_192	TRANS	7	26	0
CP065318.1_192	TRANS	36	53	0
CP065318.1_197	ZnF_CHCC	1	30	2112.12956772254
CP065318.1_198	ZnF_CHCC	35	60	0.000116428608274285
CP065318.1_203	TRANS	38	57	0
CP065318.1_204	EFP	1	50	29092.6717608514
CP065318.1_204	TAP_C	6	54	13826.9882429832
CP065318.1_206	IENR1	2	56	1028.25976523845
CP065318.1_206	Trans_reg_C	2	60	107230.6840945
CP065318.1_206	E2F_TDP	3	55	164902.366716274
CP065318.1_206	HTH_GNTR	5	60	55.7883049434959
CP065318.1_206	HTH_CRP	10	56	602.269099549899
CP065318.1_207	TRANS	20	42	0
CP065318.1_211	APC2	11	59	41949.5087616746
CP065318.1_213	SIGNAL	1	19	0
CP065318.1_213	TRANS	7	26	0
CP065318.1_214	Sm	10	39	1129.82437736248
CP065318.1_219	TRANS	13	30	0
CP065318.1_219	TRANS	35	57	0
CP065318.1_220	SpoVT_AbrB	6	55	20317.0433240988
CP065318.1_227	DnaJ	4	60	3.04207704355402e-27
CP065318.1_229	COIL	22	60	0
CP065318.1_230	HTH_LUXR	1	50	1707.01328940119
CP065318.1_230	HTH_DEOR	5	60	20.271113018791
CP065318.1_232	Cu_FIST	24	52	154.897256841207
CP065318.1_232	Copper-fist	24	52	5750.83509582628
CP065318.1_233	CTNS	19	52	1042.09636916362
CP065318.1_236	SCAN	2	59	1746.70421170497
CP065318.1_236	RNA_pol_Rpb6	3	39	49211.4357152452
CP065318.1_241	DysFC	30	56	1877.06713787848
CP065318.1_242	TRANS	5	27	0
CP065318.1_243	TRANS	12	34	0
CP065318.1_245	IENR2	3	19	809.960803790295
CP065318.1_247	TAP_C	1	52	12520.1282249707
CP065318.1_247	HLH	4	52	2200.78022961028
CP065318.1_247	UBA	5	43	10.4067364061757
CP065318.1_247	EF-1_beta_acid	27	53	124428.660417233
CP065318.1_250	GIYc	5	56	425.292352481669
CP065318.1_250	ZnF_U1	15	47	1606.9290945253
CP065318.1_253	SIGNAL	1	19	0
CP065318.1_253	TRANS	4	23	0
CP065318.1_253	ORANGE	14	58	163089.000539444
CP065318.1_255	HTH_GNTR	12	58	1970.97597593856
CP065318.1_258	TRANS	2	21	0
CP065318.1_258	TRANS	31	53	0
CP065318.1_260	IRO	1	17	948.350852920116
CP065318.1_261	BHD_3	12	54	17335.7665590338
CP065318.1_264	GIYc	16	60	79.6109215672163
CP065318.1_267	LRR_CC	20	45	941.927878768341
CP065318.1_268	FYVE	2	44	836.682200431592
CP065318.1_268	AWS	8	51	1683.55935899847
CP065318.1_268	zf-C4_ClpX	10	49	2.68087230404682e-20
CP065318.1_268	CxxC_CXXC_SSSS	12	47	4298.38974139847
CP065318.1_268	PHD	12	39	602.09723344769
CP065318.1_268	zf-AD	12	59	20652.9284913509
CP065318.1_268	RING	13	45	336.016628334633
CP065318.1_268	BowB	13	42	547.769113123291
CP065318.1_274	Ribosomal_S15	8	59	1.47825936238186e-10
CP065318.1_278	SIGNAL	1	19	0
CP065318.1_280	TRANS	13	30	0
CP065318.1_281	TRANS	7	29	0
CP065318.1_284	Tbf5	1	58	105631.265653503
CP065318.1_284	SFM	14	56	827.58825790898
CP065318.1_285	TRANS	21	43	0
CP065318.1_287	ITAM	27	44	1645.38011657662
CP065318.1_294	TRANS	4	26	0
CP065318.1_298	Y1_Tnp	12	60	26795.9140076758
CP065318.1_299	TRANS	21	43	0
CP065318.1_302	TRANS	4	23	0
CP065318.1_306	Semialdhyde_dh	6	59	103.755661787909
CP065318.1_313	WD40	7	50	759.304035242535
CP065318.1_313	Ftsk_gamma	10	37	96919.8925730634
CP065318.1_315	Pribosyltran_N	10	60	0.0448098123636668
CP065318.1_317	TPR	33	60	1334.64049115332
CP065318.1_318	PGAM	3	60	0.0355043733236646
CP065318.1_321	Ftsk_gamma	8	58	39360.8119722116
CP065318.1_325	CSP	3	60	7.6723155684391e-07
CP065318.1_327	Cpl-7	5	34	107557.387512133
CP065318.1_327	ZM	7	32	62.7226585397813
CP065318.1_327	STI1	14	50	1102.00312405383
CP065318.1_327	COIL	26	58	0
CP065318.1_329	TRANS	7	29	0
CP065318.1_332	FtsA	7	60	5.06193176012528
CP065318.1_333	COIL	8	35	0
CP065318.1_335	AlaDh_PNT_C	4	60	102653.186442419
CP065318.1_335	TRANS	12	29	0
CP065318.1_335	PYNP_C	13	60	44592.7247443266
CP065318.1_336	TRANS	6	28	0
CP065318.1_337	TRANS	20	42	0
CP065318.1_338	TRANS	42	59	0
CP065318.1_340	SpoVT_AbrB	8	49	1231.63997500101
CP065318.1_341	TRANS	4	25	0
CP065318.1_341	TRANS	37	59	0
CP065318.1_342	TRANS	12	34	0
CP065318.1_343	TRANS	25	47	0
CP065318.1_345	IBR	2	50	444.647819066778
CP065318.1_345	CxxC_CXXC_SSSS	5	32	85592.5197868493
CP065318.1_345	ZnF_RBZ	10	26	964.246723179215
CP065318.1_345	ZnF_U1	15	48	438.942508577951
CP065318.1_345	ZnF_Rad18	17	38	18.1755081368206
CP065318.1_345	ZnF_C2H2	18	52	763.955542916768
CP065318.1_351	HintC	8	57	735.559902006021
CP065318.1_351	NAC	17	58	273762.02267894
CP065318.1_355	RPOLCX	20	45	1013.22198928275
CP065318.1_355	ZnF_C2H2	22	45	517.507758491784
CP065318.1_355	TRASH	24	57	262697.324374032
CP065318.1_360	GYF	1	48	1614.9892310989
CP065318.1_361	COIL	1	32	0
CP065318.1_361	BRLZ	2	46	1877.5545943173
CP065318.1_363	TRANS	27	46	0
CP065318.1_364	TRANS	13	35	0
CP065318.1_370	TRANS	15	37	0
CP065318.1_371	TRANS	6	28	0
CP065318.1_372	TRANS	15	37	0
CP065318.1_373	TRANS	7	29	0
CP065318.1_374	TRANS	10	32	0
CP065318.1_379	TRANS	29	51	0
CP065318.1_380	HTH_XRE	1	50	92.0743064370789
CP065318.1_380	HTH_LACI	5	60	6.65008006590728e-20
CP065318.1_382	SIGNAL	1	18	0
CP065318.1_383	TRANS	4	26	0
CP065318.1_383	HisKA	5	56	1098.17459536357
CP065318.1_383	Col_cuticle_N	6	58	1873.38742586397
CP065318.1_384	HTH_LUXR	5	42	1488.69175416837
CP065318.1_384	QLQ	6	38	61214.0932295846
CP065318.1_384	TRANS	36	58	0
CP065318.1_391	NADH_4Fe-4S	19	56	35280.0386766907
CP065318.1_392	SAP	6	40	165223.671666608
CP065318.1_393	TRANS	21	40	0
CP065318.1_395	YqgFc	1	60	0.1220783935448
CP065318.1_396	GASTRIN	8	21	1305.56396697741
CP065318.1_396	UBA	16	48	1764.00214753657
CP065318.1_400	YajC	18	60	0.0121417276606008
CP065318.1_400	TRANS	20	38	0
CP065318.1_406	TRANS	4	21	0
CP065318.1_409	ARM	2	57	1754.81170628566
CP065318.1_409	TRANS	7	29	0
CP065318.1_409	TRANS	34	56	0
CP065318.1_410	HTH_XRE	16	58	503.871678006047
CP065318.1_413	SIGNAL	1	25	0
CP065318.1_413	TRANS	7	26	0
CP065318.1_415	TRANS	20	42	0
CP065318.1_416	TRANS	7	29	0
CP065318.1_416	TRANS	33	55	0
CP065318.1_417	TRANS	10	32	0
CP065318.1_422	TRANS	27	49	0
CP065318.1_423	CTNS	6	30	1380.65910760728
CP065318.1_423	TRANS	7	29	0
CP065318.1_423	TRANS	34	51	0
CP065318.1_424	TRANS	7	29	0
CP065318.1_425	TRANS	20	42	0
CP065318.1_429	TRANS	4	23	0
CP065318.1_429	YajC	5	56	34422.399336215
CP065318.1_429	COIL	28	58	0
CP065318.1_430	Ribosomal_S4	3	60	0.00375914021896914
CP065318.1_431	TRANS	20	39	0
CP065318.1_432	HTH_LUXR	3	57	943.123665092593
CP065318.1_433	TRANS	9	26	0
CP065318.1_433	TRANS	36	58	0
CP065318.1_435	TRANS	13	35	0
CP065318.1_435	TRANS	40	59	0
CP065318.1_439	PLP	7	49	1858.26671761262
CP065318.1_441	TRANS	21	43	0
CP065318.1_443	TRANS	4	26	0
CP065318.1_443	TRANS	33	50	0
CP065318.1_445	IENR2	26	42	1460.52402313843
CP065318.1_446	TRANS	2	24	0
CP065318.1_446	TRANS	39	58	0
CP065318.1_448	HTH_GNTR	8	60	1.80038623999419e-07
CP065318.1_448	HTH_DEOR	13	58	55.4308957910583
CP065318.1_450	Mac	5	59	4.22469241155462e-18
CP065318.1_450	HLH	21	59	183.814065775645
CP065318.1_453	CBM_X	5	53	47201.8794803708
CP065318.1_454	TRANS	12	34	0
CP065318.1_454	CBM_10	28	52	93719.7058987976
CP065318.1_455	WH2	3	20	1183.3638391548
CP065318.1_455	HTH_XRE	7	60	4.03467178518326e-05
CP065318.1_455	Rho_N	16	59	77675.7416683398
CP065318.1_456	LisH	20	52	1821.57204641227
CP065318.1_456	Proteasome_A_N	37	59	99371.0376101359
CP065318.1_458	TRANS	15	37	0
CP065318.1_459	CSP	1	50	855.899161049878
CP065318.1_460	NAC	1	50	152913.250687487
CP065318.1_460	PRY	2	49	1657.8402047866
CP065318.1_462	TRANS	20	42	0
CP065318.1_463	PAC	5	47	289.806284677533
CP065318.1_465	CP12	1	50	34001.2472453386
CP065318.1_467	EFh	12	40	424.08771554127
CP065318.1_468	TRANS	15	37	0
CP065318.1_469	Romo1	2	57	313550.566789388
CP065318.1_469	TRANS	5	27	0
CP065318.1_470	TRANS	15	37	0
CP065318.1_471	TRANS	36	58	0
CP065318.1_472	TRANS	7	26	0
CP065318.1_472	TRANS	36	58	0
CP065318.1_473	TRANS	12	29	0
CP065318.1_479	HLH	1	52	1184.13248092948
CP065318.1_479	ELM2	8	44	191432.421489116
CP065318.1_481	LAB_N	5	53	81405.0610860208
CP065318.1_484	TRANS	7	25	0
CP065318.1_484	TRANS	40	59	0
CP065318.1_485	TRANS	13	30	0
CP065318.1_485	TRANS	35	57	0
CP065318.1_486	HTH_DEOR	6	53	609.814573249466
CP065318.1_486	GS	23	45	1431.38930769383
CP065318.1_489	SIGNAL	1	24	0
CP065318.1_491	RIIa	4	31	1183.36319782641
CP065318.1_491	TRANS	7	26	0
CP065318.1_491	TRANS	41	59	0
CP065318.1_492	COIL	33	60	0
CP065318.1_493	HTH_XRE	5	60	2.29547988860244
CP065318.1_493	LRR_CC	12	37	1340.60278816876
CP065318.1_497	TRANS	22	44	0
CP065318.1_500	NEBU	1	31	1249.94447224187
CP065318.1_500	Beta-TrCP_D	2	38	115051.304213523
CP065318.1_505	Lipid_DES	1	30	71695.4897281712
CP065318.1_506	DUF1713	28	52	189726.991428669
CP065318.1_508	TRANS	32	54	0
CP065318.1_509	TRANS	2	24	0
CP065318.1_509	TRANS	29	51	0
CP065318.1_512	TRANS	9	31	0
CP065318.1_512	BC10	19	60	305185.773969009
CP065318.1_512	TRANS	36	55	0
CP065318.1_514	Defensin_propep	1	49	84835.431138699
CP065318.1_514	YajC	3	57	191996.024631172
CP065318.1_514	TRANS	5	22	0
CP065318.1_516	DUF1751	3	58	176280.57817104
CP065318.1_516	TRANS	7	29	0
CP065318.1_516	TRANS	39	56	0
CP065318.1_521	TRANS	16	38	0
CP065318.1_521	TRANS	42	59	0
CP065318.1_522	BRK	22	58	1717.44343981507
CP065318.1_523	Mac	5	59	2.09827798078888e-13
CP065318.1_524	TRANS	4	26	0
CP065318.1_524	TRANS	31	53	0
CP065318.1_525	TRANS	7	29	0
CP065318.1_526	REC	1	60	136.39073288281
CP065318.1_527	SIGNAL	1	30	0
CP065318.1_527	LysM	33	60	348.516932593155
CP065318.1_530	TRANS	13	35	0
CP065318.1_530	TRANS	40	59	0
CP065318.1_534	TRANS	13	30	0
CP065318.1_535	TRANS	10	32	0
CP065318.1_535	TRANS	39	58	0
CP065318.1_536	TRANS	29	51	0
CP065318.1_548	Zalpha	1	60	927.512185831685
CP065318.1_548	HTH_GNTR	2	60	147.006529944728
CP065318.1_550	SIGNAL	1	22	0
CP065318.1_551	TRANS	20	42	0
CP065318.1_552	TRANS	13	35	0
CP065318.1_552	TRANS	40	59	0
CP065318.1_553	Enolase_N	4	59	5.31413906206532e-07
CP065318.1_556	Gp_dh_N	3	60	3.77299224743278e-06
CP065318.1_556	SOCS	15	50	436.375128306457
CP065318.1_558	TRANS	28	50	0
CP065318.1_561	Tower	7	49	52501.395460018
CP065318.1_564	TRANS	13	32	0
CP065318.1_564	TRANS	42	59	0
CP065318.1_565	LRR_SD22	13	36	1531.33316049608
CP065318.1_567	TRANS	4	23	0
CP065318.1_567	TRANS	36	58	0
CP065318.1_571	SIGNAL	1	24	0
CP065318.1_571	TRANS	5	27	0
CP065318.1_579	TRANS	20	42	0
CP065318.1_580	SWAP	8	54	1593.28215752736
CP065318.1_581	TRANS	7	29	0
CP065318.1_581	TRANS	34	56	0
CP065318.1_582	TRANS	36	58	0
CP065318.1_583	COIL	14	50	0
CP065318.1_584	cwf21	9	57	83293.612248641
CP065318.1_584	BRLZ	9	54	1787.50039982295
CP065318.1_586	LITAF	1	58	681.572395717237
CP065318.1_586	LIM	2	34	392.845337187974
CP065318.1_586	C1_4	2	51	4314.69483302822
CP065318.1_586	zf-AD	2	58	7138.62027584794
CP065318.1_586	RING	3	49	1425.62471280909
CP065318.1_586	ZnF_AN1	21	51	1105.76649075751
CP065318.1_586	ZnF_ZZ	25	59	382.409941685287
CP065318.1_587	ZnF_RBZ	33	44	2050.82755956812
CP065318.1_589	TRANS	13	32	0
CP065318.1_589	TRANS	37	59	0
CP065318.1_590	SIGNAL	1	18	0
CP065318.1_590	TRANS	7	24	0
CP065318.1_590	TRANS	34	56	0
CP065318.1_591	HTH_LUXR	3	57	943.123665092593
CP065318.1_592	TRANS	12	34	0
CP065318.1_594	SIGNAL	1	21	0
CP065318.1_594	TRANS	7	24	0
CP065318.1_594	TRANS	29	51	0
CP065318.1_596	TRANS	9	31	0
CP065318.1_596	TRANS	37	59	0
CP065318.1_599	Cpn10	1	60	1.53231099832101e-06
CP065318.1_600	HTH_DEOR	27	60	18.2838999221251
CP065318.1_601	TDU	23	38	1624.53480500735
CP065318.1_609	DKCLD	1	36	69840.0643031045
CP065318.1_609	FF	3	53	1067.86003320819
CP065318.1_610	STN	2	42	102322.536232875
CP065318.1_611	PbH1	24	45	1512.13927239813
CP065318.1_613	GASTRIN	17	30	1057.56451806526
CP065318.1_617	YajC	9	60	35161.4339284021
CP065318.1_617	COIL	12	60	0
CP065318.1_617	BRLZ	19	58	1397.87940902036
CP065318.1_619	P-II	4	60	27598.781658649
CP065318.1_621	NEBU	27	56	748.563785897046
CP065318.1_622	HhH1	13	32	12.2341166659338
CP065318.1_627	ZnF_C2H2	8	30	825.827211617265
CP065318.1_630	COIL	3	37	0
CP065318.1_630	BHD_2	14	55	59694.4484829674
CP065318.1_630	ANTAR	19	57	66284.4400359329
CP065318.1_631	TRANS	7	24	0
CP065318.1_634	ANTAR	1	35	46111.4985941739
CP065318.1_634	TRANS	9	31	0
CP065318.1_635	Y1_Tnp	12	60	26795.9140076758
CP065318.1_637	TRANS	2	24	0
CP065318.1_637	TRANS	34	53	0
CP065318.1_639	CPSase_L_D3	6	47	118700.716396085
CP065318.1_641	TRANS	5	27	0
CP065318.1_642	TRANS	15	37	0
CP065318.1_644	AT_hook	2	12	999.117594184534
CP065318.1_645	RL11	9	60	0.00272730732312146
CP065318.1_646	NGN	5	60	3.78822535479396
CP065318.1_647	TRANS	31	50	0
CP065318.1_648	ZnF_RBZ	1	16	1252.28097896297
CP065318.1_648	Ribosomal_L40e	1	37	78338.592227002
CP065318.1_648	ZnF_C2C2	8	45	226.096812091285
CP065318.1_649	SpoU_sub_bind	8	59	2004.6272347433
CP065318.1_652	TRANS	7	29	0
CP065318.1_652	TRANS	39	58	0
CP065318.1_653	GAL4	4	48	730.22170390907
CP065318.1_653	ZnF_RBZ	6	30	319.513665939239
CP065318.1_653	DM	6	51	978.321652668498
CP065318.1_653	RPOLCX	6	41	268.169958832837
CP065318.1_653	Spt4	7	52	223398.612155825
CP065318.1_653	C1_4	9	42	108219.479822612
CP065318.1_657	PLDc	15	42	734.293304415743
CP065318.1_658	SIGNAL	1	20	0
CP065318.1_658	TRANS	7	29	0
CP065318.1_660	HTH_CRP	13	54	2275.14821395852
CP065318.1_660	TRANS	20	42	0
CP065318.1_663	PGAM	3	60	0.00031862355838955
CP065318.1_664	TRANS	5	27	0
CP065318.1_667	SprT	4	60	2500.69422572731
CP065318.1_671	HTH_GNTR	9	60	1.04098330561286e-12
CP065318.1_671	HTH_DEOR	14	60	159.581571345919
CP065318.1_673	TRANS	5	27	0
CP065318.1_673	TRANS	34	56	0
CP065318.1_674	TRANS	7	25	0
CP065318.1_676	HLH	7	52	1007.20056765094
CP065318.1_678	TRANS	32	54	0
CP065318.1_679	SIGNAL	1	19	0
CP065318.1_680	HTH_LUXR	3	57	943.123665092593
CP065318.1_681	HTH_XRE	7	58	1.71513006169997
CP065318.1_682	COIL	1	37	0
CP065318.1_682	BRLZ	2	46	2122.96974181839
CP065318.1_683	GYF	1	48	1614.9892310989
CP065318.1_686	PQQ	15	46	1280.53049027112
CP065318.1_688	HTH_CRP	4	53	2007.39593330198
CP065318.1_690	TRANS	13	32	0
CP065318.1_691	HAMP	6	57	1363.8631462677
CP065318.1_691	TRANS	35	52	0
CP065318.1_693	S1	4	60	8.94417898640602e-11
CP065318.1_694	TRANS	38	55	0
CP065318.1_695	S4	1	56	3.68973769150906e-09
CP065318.1_696	HTH_CRP	15	57	505.203632408654
CP065318.1_698	CBS	12	59	30.4382158677862
CP065318.1_701	TRANS	36	58	0
CP065318.1_705	TRANS	13	35	0
CP065318.1_707	TRANS	15	37	0
CP065318.1_707	TRANS	42	59	0
CP065318.1_708	PKS_PP	2	58	72.4445764528643
CP065318.1_709	TRANS	7	29	0
CP065318.1_710	Beta-TrCP_D	4	37	62358.8919147103
CP065318.1_711	TRANS	27	49	0
CP065318.1_714	TRANS	13	35	0
CP065318.1_714	TRANS	40	59	0
CP065318.1_715	TRANS	4	21	0
CP065318.1_716	LMWPc	1	60	0.00219014236647109
CP065318.1_717	PGAM	4	60	0.00237829033070927
CP065318.1_722	TRANS	11	33	0
CP065318.1_723	TRANS	13	32	0
CP065318.1_724	TRANS	24	46	0
CP065318.1_727	TRANS	5	27	0
CP065318.1_733	Col_cuticle_N	6	58	120153.584237417
CP065318.1_733	DUF1518	11	54	176473.793992208
CP065318.1_734	Pribosyltran_N	10	60	0.00790647577002806
CP065318.1_735	IQ	1	22	1807.17375498604
CP065318.1_735	Pumilio	16	51	95.6806143442938
CP065318.1_737	TRANS	10	29	0
CP065318.1_737	TRANS	34	56	0
CP065318.1_739	TRANS	4	26	0
CP065318.1_739	YajC	6	60	113020.673123377
CP065318.1_743	HTH_LACI	1	42	1033.3956768461
CP065318.1_743	TOPRIM	5	60	33.6479173087949
CP065318.1_744	Ftsk_gamma	19	57	20581.8742280067
CP065318.1_751	Mago-bind	14	40	167582.957248705
CP065318.1_756	SIGNAL	1	18	0
CP065318.1_758	TRANS	32	54	0
CP065318.1_760	FMN_bind	16	60	20219.5409751544
CP065318.1_761	TRANS	7	29	0
CP065318.1_761	TRANS	39	58	0
CP065318.1_762	TRANS	5	27	0
CP065318.1_763	Col_cuticle_N	9	56	66384.0019429928
CP065318.1_763	YajC	9	60	32990.5744688823
CP065318.1_763	TRANS	9	28	0
CP065318.1_765	TRANS	28	50	0
CP065318.1_766	cwf21	1	38	97922.3734160079
CP065318.1_767	TRANS	27	49	0
CP065318.1_769	TRANS	20	42	0
CP065318.1_771	TRANS	29	51	0
CP065318.1_772	SIGNAL	1	19	0
CP065318.1_772	TRANS	7	29	0
CP065318.1_773	E2F_TDP	6	60	73311.9178319483
CP065318.1_773	HTH_GNTR	11	60	2105.12871022999
CP065318.1_773	HTH_CRP	18	60	48.8493643673923
CP065318.1_775	TRANS	20	39	0
CP065318.1_777	TRANS	9	27	0
CP065318.1_777	TRANS	31	53	0
CP065318.1_778	TRANS	10	29	0
CP065318.1_782	L27	5	58	188.487703270505
CP065318.1_784	TRANS	32	49	0
CP065318.1_787	TRANS	13	35	0
CP065318.1_789	TRANS	4	26	0
CP065318.1_790	Ribosomal_S15	5	59	123757.383093757
CP065318.1_790	SANT	11	55	1413.45021051011
CP065318.1_790	TRANS	33	51	0
CP065318.1_791	TRANS	15	37	0
CP065318.1_792	TRANS	12	31	0
CP065318.1_792	TRANS	36	58	0
CP065318.1_793	Cyt-b5	4	60	14.7930788042569
CP065318.1_794	Semialdhyde_dh	3	60	23409.1928406396
CP065318.1_797	TRANS	21	43	0
CP065318.1_798	Molybdop_Fe4S4	1	50	75841.9640399614
CP065318.1_803	TRANS	29	51	0
CP065318.1_804	PGAM	3	60	1.33395420288261e-06
CP065318.1_806	MGS	13	60	9.97039177132113
CP065318.1_811	GATase_5	1	60	7.93216452119424
CP065318.1_814	GRAM	8	52	1543.80588730166
CP065318.1_816	AIRC	2	59	0.000117482929678883
CP065318.1_819	THY	1	38	167.727936383089
CP065318.1_819	Jag_N	5	44	34796.5186899118
CP065318.1_820	TRANS	12	31	0
CP065318.1_820	TRANS	36	54	0
CP065318.1_823	S_100	1	36	305954.371303701
CP065318.1_829	HTH_CRP	12	59	43.0821047252449
CP065318.1_829	HTH_DEOR	19	56	1501.95675727373
CP065318.1_829	Jag_N	23	60	53645.2664035892
CP065318.1_830	TRANS	9	31	0
CP065318.1_831	TRANS	13	32	0
CP065318.1_831	TRANS	36	58	0
CP065318.1_832	TRANS	12	34	0
CP065318.1_833	REC	1	60	1.45187279969606
CP065318.1_834	IMPDH	11	60	3542.37912552396
CP065318.1_835	HTH_GNTR	7	59	1481.46860941122
CP065318.1_835	HTH_XRE	12	56	3032.16404680223
CP065318.1_835	HTH_CRP	12	57	39.9539273384284
CP065318.1_835	HTH_LACI	13	57	75.3889524259373
CP065318.1_835	HTH_LUXR	19	54	315.007212048063
CP065318.1_840	PAPA-1	3	59	144637.23829987
CP065318.1_842	CxxC_CXXC_SSSS	18	45	93214.6305918528
CP065318.1_842	RPOLCX	29	58	795.771073396558
CP065318.1_845	IENR2	8	24	752.380154430201
CP065318.1_845	ParB	21	60	785.302071132053
CP065318.1_847	Inhibitor_I29	18	59	22284.2744315592
CP065318.1_849	TRANS	4	23	0
CP065318.1_849	TRANS	36	58	0
CP065318.1_850	TRANS	13	32	0
CP065318.1_850	TRANS	37	59	0
CP065318.1_852	TRANS	9	26	0
CP065318.1_853	cwf21	1	46	28286.7634866043
CP065318.1_854	TRANS	21	43	0
CP065318.1_860	HTH_LACI	2	59	2.85618758870746e-10
CP065318.1_860	HTH_ARAC	2	57	29.738714266512
CP065318.1_860	HTH_XRE	4	48	358.68359482975
CP065318.1_860	HTH_LUXR	4	38	860.800401740497
CP065318.1_861	TRANS	20	42	0
CP065318.1_862	CPSase_sm_chain	1	60	2.0074374466599e-08
CP065318.1_864	TRANS	31	50	0
CP065318.1_867	DnaJ	8	55	1171.03729422312
CP065318.1_874	PTH	18	53	981.875432547911
CP065318.1_875	Adenylsucc_synt	3	60	0.010921974077865
CP065318.1_876	FYRN	16	50	1958.6949638073
CP065318.1_878	TRANS	7	29	0
CP065318.1_879	TRANS	19	41	0
CP065318.1_885	TRANS	40	58	0
CP065318.1_886	TRANS	12	34	0
CP065318.1_887	TRANS	12	34	0
CP065318.1_888	REC	1	60	0.506833135743218
CP065318.1_890	TRANS	7	26	0
CP065318.1_894	Rho_N	20	45	81904.7399199759
CP065318.1_895	HTH_LACI	1	60	5.2749448248507e-23
CP065318.1_895	HTH_ARAC	1	60	1476.04204836143
CP065318.1_895	HTH_LUXR	2	40	1957.25028718169
CP065318.1_895	HTH_XRE	3	50	1822.97798078082
CP065318.1_895	HhH1	5	24	416.571663460287
CP065318.1_900	TRANS	5	27	0
CP065318.1_900	TRANS	37	59	0
CP065318.1_902	TRANS	13	35	0
CP065318.1_905	HTH_XRE	4	59	255.319818196682
CP065318.1_907	SpoVT_AbrB	21	58	62608.3862340021
CP065318.1_909	TRANS	13	30	0
CP065318.1_909	TRANS	40	59	0
CP065318.1_912	CTNS	11	31	2104.84251037706
CP065318.1_916	TRANS	4	26	0
CP065318.1_916	TRANS	33	55	0
CP065318.1_918	TRANS	12	34	0
CP065318.1_919	COIL	28	56	0
CP065318.1_920	HTH_LUXR	3	57	943.123665092593
CP065318.1_921	TRANS	10	27	0
CP065318.1_922	TRANS	10	32	0
CP065318.1_923	TRANS	21	43	0
CP065318.1_925	TRANS	24	46	0
CP065318.1_929	TRANS	2	21	0
CP065318.1_929	TRANS	31	48	0
CP065318.1_934	TRANS	4	22	0
CP065318.1_935	UBA	14	53	1365.52774840003
CP065318.1_936	TRANS	12	34	0
CP065318.1_938	TRANS	5	27	0
CP065318.1_939	TRANS	7	29	0
CP065318.1_940	KASH	9	56	81190.9486764847
CP065318.1_940	TRANS	13	35	0
CP065318.1_941	REC	3	59	0.39647583371665
CP065318.1_942	TRANS	25	47	0
CP065318.1_943	LisH	7	37	2181.46696207977
CP065318.1_944	POU	2	54	475.733499932495
CP065318.1_944	HTH_XRE	6	59	7.35250372087877e-08
CP065318.1_944	HTH_CRP	8	50	329.659394125359
CP065318.1_945	DUF1713	25	52	83367.2240760065
CP065318.1_945	IQ	35	57	451.082060050058
CP065318.1_947	TRANS	11	33	0
CP065318.1_947	PLDc	23	60	1218.33611584865
CP065318.1_947	TRANS	37	59	0
CP065318.1_949	GS	19	39	1216.25498419599
CP065318.1_950	TRANS	21	38	0
CP065318.1_950	TRANS	42	59	0
CP065318.1_962	TRANS	34	56	0
CP065318.1_968	Pumilio	18	53	1815.28446592946
CP065318.1_970	TRANS	26	44	0
CP065318.1_972	Jag_N	3	55	1.18696526956259e-12
CP065318.1_972	GASTRIN	39	52	902.946126466428
CP065318.1_978	TRANS	7	29	0
CP065318.1_983	HTH_XRE	9	58	2819.70140823478
CP065318.1_985	TRANS	21	43	0
CP065318.1_986	SIGNAL	1	16	0
CP065318.1_986	TRANS	20	42	0
CP065318.1_989	DnaJ	6	53	347.549622067715
CP065318.1_991	TRANS	33	55	0
CP065318.1_992	HLH	3	57	1636.42917910991
CP065318.1_992	NOSIC	4	54	10969.3302286146
CP065318.1_993	SIGNAL	1	28	0
CP065318.1_993	TRANS	5	22	0
CP065318.1_994	LMWPc	2	60	0.00223287110687339
CP065318.1_995	P-II	4	48	57328.8103830812
CP065318.1_995	NAC	6	46	280209.662725176
CP065318.1_999	TRANS	5	27	0
CP065318.1_999	TRANS	34	56	0
CP065318.1_1000	TRANS	29	51	0
CP065318.1_1001	TRANS	9	40	0
CP065318.1_1002	TRANS	12	29	0
CP065318.1_1004	TRANS	6	28	0
CP065318.1_1005	REC	4	59	14.1978293378597
CP065318.1_1006	TRANS	13	35	0
CP065318.1_1007	TRANS	30	52	0
CP065318.1_1008	TRANS	7	29	0
CP065318.1_1008	TRANS	39	58	0
CP065318.1_1010	GIT	8	38	1695.29249332854
CP065318.1_1014	Mac	2	49	56637.2499519152
CP065318.1_1015	TRANS	4	23	0
CP065318.1_1016	EF-1_beta_acid	1	28	160697.113723327
CP065318.1_1016	SANT	5	58	336.924058218393
CP065318.1_1017	TRANS	5	27	0
CP065318.1_1019	SIGNAL	1	27	0
CP065318.1_1021	HTH_GNTR	2	56	11.4260494940062
CP065318.1_1021	HTH_ARSR	4	50	1889.30954304846
CP065318.1_1021	HTH_DEOR	6	48	1752.65150869481
CP065318.1_1021	HTH_XRE	9	51	3422.30867686657
CP065318.1_1021	HTH_CRP	9	60	2.78474294699259
CP065318.1_1024	TRANS	9	31	0
CP065318.1_1025	FA	1	43	53125.4826796251
CP065318.1_1025	Semialdhyde_dh	2	59	93448.2855009172
CP065318.1_1028	SIGNAL	1	24	0
CP065318.1_1028	TRANS	7	29	0
CP065318.1_1030	TRANS	24	46	0
CP065318.1_1031	TRANS	5	27	0
CP065318.1_1031	TRANS	37	59	0
CP065318.1_1034	ANX	18	46	1204.60153901292
CP065318.1_1036	HTH_ARSR	2	58	355.261789775837
CP065318.1_1036	HisKA	6	57	1069.87993767948
CP065318.1_1036	HTH_GNTR	10	60	218.501614883543
CP065318.1_1036	HTH_CRP	17	59	602.269099549899
CP065318.1_1036	STI1	23	54	2397.88286341076
CP065318.1_1040	TRANS	7	24	0
CP065318.1_1043	TRANS	33	55	0
CP065318.1_1044	TRANS	7	24	0
CP065318.1_1044	TRANS	34	53	0
CP065318.1_1045	DnaJ	26	57	445.202744834628
CP065318.1_1050	Cyt-b5	5	60	0.000784543227149627
CP065318.1_1051	Cyt-b5	6	55	53.7619059641694
CP065318.1_1052	Cyt-b5	6	60	1.46399114750146
CP065318.1_1056	TRANS	20	42	0
CP065318.1_1057	PSP	1	51	1806.3878971079
CP065318.1_1057	LRR_BAC	3	22	2275.2525581678
CP065318.1_1057	FBOX	9	41	502.707479934923
CP065318.1_1057	HhH1	17	36	1045.06385968375
CP065318.1_1058	TRANS	11	33	0
CP065318.1_1065	TRANS	13	35	0
CP065318.1_1066	GS	33	56	1385.52277649366
CP065318.1_1069	CAT_RBD	1	34	123790.46816413
CP065318.1_1069	HTH_ARSR	21	60	63.7954218282733
CP065318.1_1070	TRANS	21	40	0
CP065318.1_1071	HTH_XRE	1	47	56.6490984364659
CP065318.1_1071	HTH_LACI	2	58	3.99766063012268e-23
CP065318.1_1071	HTH_MERR	3	58	1243.57051887582
CP065318.1_1071	HhH1	6	25	350.538617281912
CP065318.1_1073	TRANS	5	27	0
CP065318.1_1073	TRANS	40	59	0
CP065318.1_1074	TRANS	10	29	0
CP065318.1_1074	TRANS	36	58	0
CP065318.1_1076	Y1_Tnp	12	60	26795.9140076758
CP065318.1_1077	BBOX	19	53	529.494144826441
CP065318.1_1077	ZnF_Rad18	21	38	1776.97082482004
CP065318.1_1079	TRANS	7	26	0
CP065318.1_1080	SIGNAL	1	28	0
CP065318.1_1080	TRANS	7	29	0
CP065318.1_1081	TRANS	13	35	0
CP065318.1_1081	TRANS	40	59	0
CP065318.1_1082	TRANS	7	29	0
CP065318.1_1083	SIGNAL	1	24	0
CP065318.1_1083	TRANS	4	26	0
CP065318.1_1084	TRANS	6	25	0
CP065318.1_1087	TRANS	12	31	0
CP065318.1_1087	TRANS	36	58	0
CP065318.1_1089	PGAM	5	60	0.86103302423043
CP065318.1_1090	TRANS	21	43	0
CP065318.1_1091	TRANS	12	46	0
CP065318.1_1092	TRANS	26	48	0
CP065318.1_1092	Thiol-ester_cl	29	51	191095.095868873
CP065318.1_1093	PbH1	14	39	1896.01534614859
CP065318.1_1096	TRANS	27	49	0
CP065318.1_1098	TRANS	13	35	0
CP065318.1_1099	TRANS	12	34	0
CP065318.1_1101	DUF4187	9	47	136089.31755315
CP065318.1_1101	HTH_ARSR	13	60	110.623558966224
CP065318.1_1102	TRANS	4	26	0
CP065318.1_1102	TRANS	33	52	0
CP065318.1_1104	TRANS	5	27	0
CP065318.1_1104	TRANS	37	59	0
CP065318.1_1105	TRANS	4	21	0
CP065318.1_1106	SIGNAL	1	16	0
CP065318.1_1106	LysM	26	60	2.46128412937205
CP065318.1_1107	TRANS	7	29	0
CP065318.1_1107	TRANS	39	58	0
CP065318.1_1109	TRANS	35	57	0
CP065318.1_1110	HTH_XRE	3	58	7.74712162744883e-16
CP065318.1_1110	HTH_CRP	3	47	1413.40870646623
CP065318.1_1111	BRLZ	2	58	428.831220900653
CP065318.1_1111	HALZ	14	52	1424.00369849292
CP065318.1_1112	TRANS	5	27	0
CP065318.1_1112	MORN	38	54	285.394226988846
CP065318.1_1112	TRANS	40	59	0
CP065318.1_1114	LMWPc	5	60	0.0269986666019434
CP065318.1_1115	TRANS	13	32	0
CP065318.1_1115	TRANS	42	59	0
CP065318.1_1116	HTH_ARSR	8	59	5.83901405603835e-05
CP065318.1_1117	LysM	5	45	130.095431589584
CP065318.1_1117	HTH_CRP	5	46	1486.08234261189
CP065318.1_1117	HTH_MERR	6	59	749.838831322169
CP065318.1_1119	TRANS	5	22	0
CP065318.1_1119	TRANS	35	57	0
CP065318.1_1120	TRANS	7	29	0
CP065318.1_1121	TRANS	13	35	0
CP065318.1_1121	TRANS	40	59	0
CP065318.1_1122	L27	3	52	1588.38026005095
CP065318.1_1122	GoLoco	7	32	877.548358993327
CP065318.1_1125	TRANS	4	26	0
CP065318.1_1125	TRANS	33	52	0
CP065318.1_1127	SIGNAL	1	21	0
CP065318.1_1137	KRAB	1	55	360.560162895459
CP065318.1_1137	HTH_XRE	6	60	3.48259741328867e-09
CP065318.1_1138	A1pp	3	60	19.4802039449399
CP065318.1_1139	TRANS	10	29	0
CP065318.1_1139	TRANS	36	58	0
CP065318.1_1140	TRANS	13	30	0
CP065318.1_1140	TRANS	40	59	0
CP065318.1_1141	HTH_LUXR	2	39	1827.86729778297
CP065318.1_1141	HTH_MERR	2	60	5.52129145793858e-15
CP065318.1_1144	TRANS	18	36	0
CP065318.1_1146	TRANS	12	34	0
CP065318.1_1146	TRANS	39	58	0
CP065318.1_1147	REC	2	60	433.759828424649
CP065318.1_1149	GYF	2	51	145.145782666372
CP065318.1_1149	TRANS	21	43	0
CP065318.1_1150	COIL	21	49	0
CP065318.1_1150	LRR_BAC	38	56	2207.89178382847
CP065318.1_1152	TAF	3	49	13877.2883303599
CP065318.1_1159	P-II	1	57	39780.1745053826
CP065318.1_1159	HTH_LACI	2	57	4.63989042492249e-10
CP065318.1_1159	HTH_ARAC	2	55	1217.24438232404
CP065318.1_1159	HTH_CRP	3	42	633.279106997651
CP065318.1_1159	HTH_XRE	4	53	2438.28528134474
CP065318.1_1159	HhH1	6	25	641.223724589604
CP065318.1_1159	CAT_RBD	17	59	2247.81761851177
CP065318.1_1160	TRANS	12	30	0
CP065318.1_1160	TRANS	34	56	0
CP065318.1_1161	Romo1	3	55	285380.535044349
CP065318.1_1161	TRANS	9	31	0
CP065318.1_1161	TRANS	36	58	0
CP065318.1_1163	HTH_ASNC	1	60	0.000151918757098445
CP065318.1_1163	Zalpha	1	58	2262.46153781678
CP065318.1_1163	HTH_GNTR	2	52	123.263333344276
CP065318.1_1163	HTH_ARSR	2	60	895.037438506844
CP065318.1_1163	HTH_DEOR	5	56	68.1339042497299
CP065318.1_1163	Matrilin_ccoil	6	47	16510.3565748768
CP065318.1_1163	HTH_CRP	10	56	1127.84749771732
CP065318.1_1164	HTH_LUXR	3	57	943.123665092593
CP065318.1_1165	ETS	1	56	2296.53390498289
CP065318.1_1166	TRANS	21	43	0
CP065318.1_1167	ORANGE	3	45	163089.000539444
CP065318.1_1167	HTH_MERR	9	55	1767.58009497344
CP065318.1_1170	TRANS	26	48	0
CP065318.1_1173	TRANS	10	32	0
CP065318.1_1177	PKS_PP_betabranch	3	54	51640.5095205864
CP065318.1_1179	TRANS	12	30	0
CP065318.1_1179	TRANS	35	57	0
CP065318.1_1181	TRANS	12	34	0
CP065318.1_1182	SIGNAL	1	24	0
CP065318.1_1182	TRANS	5	27	0
CP065318.1_1182	TRANS	36	58	0
CP065318.1_1185	BMC	4	60	8.6521700055717e-15
CP065318.1_1192	TGc	1	48	146497.100111312
CP065318.1_1192	BMC	2	60	3.25672415001468e-10
CP065318.1_1193	BMC	3	60	2.2639566081823e-18
CP065318.1_1194	SAM_PNT	2	58	346.426333451763
CP065318.1_1194	VHP	33	60	129.688648058122
CP065318.1_1202	HNHc	1	45	907.881204718139
CP065318.1_1204	PGAM	7	58	2440.89308354317
CP065318.1_1205	TRANS	4	25	0
CP065318.1_1205	TRANS	32	51	0
CP065318.1_1211	A_amylase_inhib	7	56	78200.9283053467
CP065318.1_1213	HTH_GNTR	9	60	0.0464148770750047
CP065318.1_1215	TRANS	13	35	0
CP065318.1_1219	TRANS	13	32	0
CP065318.1_1219	TRANS	42	59	0
CP065318.1_1224	TRANS	7	29	0
CP065318.1_1224	TRANS	39	58	0
CP065318.1_1226	TRANS	17	36	0
CP065318.1_1227	HTH_XRE	8	58	1.64957206462913e-10
CP065318.1_1228	TRANS	7	29	0
CP065318.1_1228	TRANS	39	56	0
CP065318.1_1229	TRANS	7	29	0
CP065318.1_1229	BC10	8	51	189019.924997964
CP065318.1_1229	TRANS	36	55	0
CP065318.1_1233	BRK	1	37	1804.17324972251
CP065318.1_1233	HTH_XRE	5	60	2.59187258709906
CP065318.1_1234	TRANS	20	42	0
CP065318.1_1235	SIGNAL	1	19	0
CP065318.1_1236	SIGNAL	1	17	0
CP065318.1_1236	TRANS	5	24	0
CP065318.1_1236	TRANS	29	51	0
CP065318.1_1237	TRANS	12	34	0
CP065318.1_1238	TRANS	15	37	0
CP065318.1_1239	HhH1	32	51	1206.39213314239
CP065318.1_1240	TRANS	12	34	0
CP065318.1_1241	TRANS	5	27	0
CP065318.1_1242	HhH2	2	30	310.936267615908
CP065318.1_1245	HTH_LUXR	3	57	943.123665092593
CP065318.1_1247	TRANS	13	35	0
CP065318.1_1248	FU	1	33	1519.27828288445
CP065318.1_1248	ChtBD1	1	21	1461.47058264734
CP065318.1_1248	RPOL9	2	60	2.40797027966897
CP065318.1_1248	DM	2	41	585.411764145131
CP065318.1_1248	ZnF_C2C2	2	27	143.550304517706
CP065318.1_1248	PHD	3	34	1178.01828345437
CP065318.1_1248	ZnF_C2HC	3	20	407.740066269463
CP065318.1_1248	ZnF_UBP	3	43	315.512389052119
CP065318.1_1248	Prim_Zn_Ribbon	4	31	82217.6854059258
CP065318.1_1248	RING	4	27	1034.31341870466
CP065318.1_1248	CxxC_CXXC_SSSS	4	30	78592.1797032435
CP065318.1_1251	Spt4	1	43	42767.1663754508
CP065318.1_1251	RPOLCX	1	35	1013.22198928275
CP065318.1_1251	ChtBD1	1	21	1321.07761907004
CP065318.1_1251	RPOL9	2	59	0.548848456572409
CP065318.1_1251	DM	2	42	804.539264292549
CP065318.1_1251	ZnF_C2C2	2	27	1107.13022467805
CP065318.1_1251	ZnF_RBZ	3	24	18.4661162520671
CP065318.1_1251	CxxC_CXXC_SSSS	3	30	7601.84442396731
CP065318.1_1251	Prim_Zn_Ribbon	4	25	69632.326070604
CP065318.1_1251	ZnF_GATA	12	57	114.807290755688
CP065318.1_1251	ZnF_U1	13	41	1561.32145726368
CP065318.1_1251	DUF1713	20	54	55974.3333763201
CP065318.1_1251	IENR2	21	37	277.849151091262
CP065318.1_1251	COIL	30	59	0
CP065318.1_1252	TRANS	13	30	0
CP065318.1_1253	TRANS	15	33	0
CP065318.1_1253	IENR2	40	56	322.051436054221
CP065318.1_1254	MADS	1	58	2440.9835272592
CP065318.1_1254	SIGNAL	1	19	0
CP065318.1_1258	TRANS	13	35	0
CP065318.1_1258	TRANS	39	58	0
CP065318.1_1260	Cation_ATPase_N	3	60	1.57024227352202
CP065318.1_1262	PepX_N	1	59	1.17490011595186
CP065318.1_1262	BSD	2	51	297.118819449268
CP065318.1_1264	TRANS	7	29	0
CP065318.1_1265	TRANS	12	34	0
CP065318.1_1266	SIGNAL	1	21	0
CP065318.1_1266	TRANS	4	26	0
CP065318.1_1267	TRANS	21	43	0
CP065318.1_1268	TRANS	20	42	0
CP065318.1_1269	TRANS	30	52	0
CP065318.1_1273	SIGNAL	1	20	0
CP065318.1_1273	TRANS	10	29	0
CP065318.1_1274	TRANS	24	46	0
CP065318.1_1275	TRANS	36	58	0
CP065318.1_1277	TRANS	13	35	0
CP065318.1_1278	LEM	23	52	294.520577849213
CP065318.1_1279	COIL	30	58	0
CP065318.1_1280	SIGNAL	1	18	0
CP065318.1_1280	Romo1	2	48	81839.4634859983
CP065318.1_1280	TRANS	4	21	0
CP065318.1_1280	TRANS	28	50	0
CP065318.1_1281	TRANS	4	22	0
CP065318.1_1281	TRANS	29	51	0
CP065318.1_1283	PGAM	4	60	0.0058560377024398
CP065318.1_1284	TRANS	21	43	0
CP065318.1_1285	COIL	6	50	0
CP065318.1_1285	Cir_N	14	45	33967.1511129729
CP065318.1_1288	SIGNAL	1	16	0
CP065318.1_1289	TRANS	12	34	0
CP065318.1_1296	TRANS	21	43	0
CP065318.1_1298	ZnF_C2H2	6	36	388.89718689868
CP065318.1_1300	HTH_LACI	2	50	216.021965594585
CP065318.1_1301	LEM	16	56	1056.46808913119
CP065318.1_1304	TRANS	10	29	0
CP065318.1_1304	TRANS	36	58	0
CP065318.1_1305	SIGNAL	1	31	0
CP065318.1_1305	TRANS	7	29	0
CP065318.1_1306	TRANS	7	26	0
CP065318.1_1307	NADH-G_4Fe-4S_3	13	49	120907.531551383
CP065318.1_1307	NMU	30	53	845.52567242108
CP065318.1_1309	TRANS	13	35	0
CP065318.1_1309	TRANS	39	58	0
CP065318.1_1310	IENR2	4	20	1631.07475358489
CP065318.1_1311	SIGNAL	1	18	0
CP065318.1_1312	NAC	1	52	123972.680433033
CP065318.1_1313	SIGNAL	1	21	0
CP065318.1_1313	TRANS	5	27	0
CP065318.1_1314	SIGNAL	1	23	0
CP065318.1_1316	TRANS	7	29	0
CP065318.1_1316	PYNP_C	11	60	97650.9954891528
CP065318.1_1317	TRANS	25	47	0
CP065318.1_1318	ZnF_UBP	14	44	434.457570948163
CP065318.1_1320	TRANS	21	43	0
CP065318.1_1321	TRANS	24	46	0
CP065318.1_1326	NADH-G_4Fe-4S_3	12	44	123987.996316569
CP065318.1_1328	Romo1	3	53	285380.535044349
CP065318.1_1328	TRANS	10	32	0
CP065318.1_1328	TRANS	37	59	0
CP065318.1_1329	TRANS	2	21	0
CP065318.1_1329	TRANS	31	53	0
CP065318.1_1333	UreE_N	6	56	221.863269403961
CP065318.1_1337	TRANS	2	21	0
CP065318.1_1337	TRANS	36	58	0
CP065318.1_1338	TRANS	7	24	0
CP065318.1_1338	TRANS	39	58	0
CP065318.1_1339	TRANS	7	26	0
CP065318.1_1339	DALR_2	9	51	46071.8109988281
CP065318.1_1339	TRANS	41	58	0
CP065318.1_1343	TRANS	5	24	0
CP065318.1_1344	TRANS	23	45	0
CP065318.1_1345	TRANS	12	34	0
CP065318.1_1348	TRANS	7	29	0
CP065318.1_1348	TRANS	34	56	0
CP065318.1_1349	TRANS	10	32	0
CP065318.1_1350	TRANS	10	32	0
CP065318.1_1351	TRANS	5	27	0
CP065318.1_1352	QLQ	21	50	46118.8389413768
CP065318.1_1353	TRANS	25	42	0
CP065318.1_1354	TRANS	13	35	0
CP065318.1_1355	CoA_binding	1	59	90116.2333778892
CP065318.1_1356	YajC	1	55	110648.612557454
CP065318.1_1356	TRANS	2	19	0
CP065318.1_1356	IDEAL	26	57	89761.5751116648
CP065318.1_1359	HTH_XRE	8	60	2.98604438542485e-08
CP065318.1_1359	HTH_CRP	10	55	413.262034586873
CP065318.1_1359	HTH_LACI	17	59	1681.5570003426
CP065318.1_1361	TRANS	5	27	0
CP065318.1_1363	FATC	15	47	21971.8128015978
CP065318.1_1366	TRANS	10	27	0
CP065318.1_1366	TRANS	29	51	0
CP065318.1_1367	Thiol-ester_cl	25	57	349786.55309752
CP065318.1_1368	WH2	31	45	1432.0605176211
CP065318.1_1371	TRANS	13	35	0
CP065318.1_1371	YajC	16	60	191996.024631172
CP065318.1_1372	TRANS	31	53	0
CP065318.1_1374	TRANS	7	26	0
CP065318.1_1376	TRANS	13	32	0
CP065318.1_1377	TRANS	7	29	0
CP065318.1_1382	Inhibitor_I29	6	47	13168.9390309735
CP065318.1_1392	TRANS	7	26	0
CP065318.1_1392	TRANS	36	58	0
CP065318.1_1393	HTH_LUXR	3	39	785.653787668699
CP065318.1_1393	HTH_CRP	9	55	617.57969404366
CP065318.1_1396	TRANS	13	35	0
CP065318.1_1396	TRANS	40	59	0
CP065318.1_1397	IGR	4	52	42955.3387533909
CP065318.1_1399	TRANS	21	39	0
CP065318.1_1401	TRANS	2	21	0
CP065318.1_1401	TRANS	27	49	0
CP065318.1_1402	TRANS	21	43	0
CP065318.1_1403	HTH_GNTR	4	45	2059.42951066216
CP065318.1_1403	HTH_DEOR	6	46	354.91469430424
CP065318.1_1403	HTH_XRE	7	50	1178.15600015097
CP065318.1_1403	HTH_CRP	11	49	393.018811147387
CP065318.1_1403	HTH_LACI	18	52	1769.92254520937
CP065318.1_1403	HTH_MERR	19	55	10.4570427392172
CP065318.1_1406	TRANS	10	32	0
CP065318.1_1406	TRANS	37	59	0
CP065318.1_1407	TRANS	20	42	0
CP065318.1_1408	TRANS	15	37	0
CP065318.1_1409	SIGNAL	1	23	0
CP065318.1_1409	TRANS	7	29	0
CP065318.1_1412	TRANS	26	48	0
CP065318.1_1413	YajC	1	60	172700.862717244
CP065318.1_1413	ELK	4	25	182297.580432364
CP065318.1_1413	TRANS	20	42	0
CP065318.1_1414	TRANS	13	35	0
CP065318.1_1415	HTH_GNTR	5	59	324.748753891577
CP065318.1_1415	PUG	6	60	429.899328114021
CP065318.1_1415	HTH_DEOR	9	53	1463.80030543059
CP065318.1_1415	HTH_CRP	16	58	84.9032327120195
CP065318.1_1415	HTH_DTXR	23	60	2425.53398235603
CP065318.1_1416	CSP	3	60	8.38949240070018e-22
CP065318.1_1416	EFP	9	58	64766.440804662
CP065318.1_1418	TRANS	5	27	0
CP065318.1_1418	TRANS	34	56	0
CP065318.1_1419	TRANS	13	35	0
CP065318.1_1420	PYNP_C	5	56	35088.171746799
CP065318.1_1421	TRANS	20	42	0
CP065318.1_1426	QLQ	3	39	90970.4014147632
CP065318.1_1427	HTH_ARSR	13	59	1516.80548919743
CP065318.1_1430	SpoVT_AbrB	1	44	37099.9557811916
CP065318.1_1431	FANCL_C	15	58	196549.531482642
CP065318.1_1435	Ribosomal_S10	7	60	3.78434395074535e-08
CP065318.1_1441	HTH_LUXR	14	58	1913.13887652629
CP065318.1_1444	HLH	19	59	1318.99818112272
CP065318.1_1446	Ribosomal_L14	1	60	2.64124299021875e-05
CP065318.1_1447	KOW	2	29	3.84166501456871e-05
CP065318.1_1448	THY	15	53	1373.99132573681
CP065318.1_1449	RPOLCX	6	40	726.837571997931
CP065318.1_1449	FN2	8	40	38.7165561047387
CP065318.1_1449	CxxC_CXXC_SSSS	8	38	51285.6090339259
CP065318.1_1449	C1	14	58	1759.18867924395
CP065318.1_1449	ZnF_ZZ	18	54	7.21372083887228
CP065318.1_1449	BBOX	19	53	306.634418228339
CP065318.1_1456	TRANS	20	42	0
CP065318.1_1458	eIF1a	3	58	1637.68206398325
CP065318.1_1458	S1	4	58	25.3753565872399
CP065318.1_1458	Elong-fact-P_C	9	59	39442.0482694424
CP065318.1_1459	ZnF_GATA	5	39	380.257400293329
CP065318.1_1459	GAL4	5	38	1467.8990736418
CP065318.1_1460	HhH2	7	37	1111.56279227448
CP065318.1_1460	HhH1	17	36	659.923389002082
CP065318.1_1466	TRANS	29	51	0
CP065318.1_1471	TRANS	13	35	0
CP065318.1_1474	GS	21	48	388.410116694599
CP065318.1_1476	SIGNAL	1	24	0
CP065318.1_1478	EFP	19	52	154913.420041368
CP065318.1_1482	TRANS	27	49	0
CP065318.1_1483	TRANS	21	43	0
CP065318.1_1485	SAP	17	46	157.032811825177
CP065318.1_1486	Ca_chan_IQ	13	44	38348.4370427324
CP065318.1_1487	Tbf5	1	47	227553.715018736
CP065318.1_1488	LysM	22	60	1214.40651657376
CP065318.1_1490	HTH_LUXR	3	57	943.123665092593
CP065318.1_1492	HTH_LUXR	3	57	1558.18069544143
CP065318.1_1495	TRANS	7	29	0
CP065318.1_1495	TRANS	39	58	0
CP065318.1_1498	GIDA_assoc_3	15	58	83519.6339448454
CP065318.1_1501	TRANS	9	31	0
CP065318.1_1502	TRANS	7	29	0
CP065318.1_1504	SIGNAL	1	18	0
CP065318.1_1504	TRANS	3	25	0
CP065318.1_1504	TRANS	30	47	0
CP065318.1_1505	TRANS	13	35	0
CP065318.1_1506	BAF	1	59	97442.443015537
CP065318.1_1506	TRANS	25	47	0
CP065318.1_1510	UIM	33	52	504.039802054048
CP065318.1_1517	TRANS	12	34	0
CP065318.1_1517	TRANS	39	58	0
CP065318.1_1518	Jag_N	10	56	5614.57300826957
CP065318.1_1520	SAM_PNT	2	59	1462.7936063737
CP065318.1_1521	TRANS	13	35	0
CP065318.1_1521	TRANS	40	59	0
CP065318.1_1522	TRANS	10	32	0
CP065318.1_1522	TRANS	37	59	0
CP065318.1_1523	TRANS	28	50	0
CP065318.1_1530	TRANS	20	42	0
CP065318.1_1532	EFP	2	48	24548.9214040608
CP065318.1_1532	TRANS	13	35	0
CP065318.1_1533	SIGNAL	1	21	0
CP065318.1_1535	TRANS	7	29	0
CP065318.1_1537	TRANS	21	43	0
CP065318.1_1538	TRANS	15	37	0
CP065318.1_1540	Lig_chan-Glu_bd	7	55	10124.8798618373
CP065318.1_1542	TRANS	13	35	0
CP065318.1_1543	TRANS	12	29	0
CP065318.1_1544	TRANS	5	27	0
CP065318.1_1544	TRANS	37	59	0
CP065318.1_1549	EFP	2	48	30538.9536970421
CP065318.1_1549	TRANS	13	35	0
CP065318.1_1550	Alpha-amyl_C2	3	60	56647.0861912972
CP065318.1_1551	TRANS	7	26	0
CP065318.1_1551	TRANS	36	58	0
CP065318.1_1554	TRANS	12	34	0
CP065318.1_1555	TRANS	16	38	0
CP065318.1_1557	HTH_GNTR	15	59	2.39215024751703
CP065318.1_1559	TRANS	20	42	0
CP065318.1_1563	TRANS	13	32	0
CP065318.1_1563	TRANS	36	58	0
CP065318.1_1564	ZnF_ZZ	1	43	28.1052043188503
CP065318.1_1564	FYVE	1	38	917.681755813689
CP065318.1_1564	RING	3	32	1673.54866323367
CP065318.1_1564	TRASH	3	40	200984.432160153
CP065318.1_1567	LY	1	49	1533.67901360745
CP065318.1_1570	TRANS	7	24	0
CP065318.1_1570	TRANS	39	57	0
CP065318.1_1571	ZnF_CDGSH	11	47	704.052707951364
CP065318.1_1571	YL1_C	35	51	28827.5984221611
CP065318.1_1575	GYF	1	48	1614.9892310989
CP065318.1_1576	COIL	1	37	0
CP065318.1_1576	BRLZ	2	46	2122.96974181839
CP065318.1_1577	HTH_LUXR	3	57	1212.32863868715
CP065318.1_1579	LY	18	60	1197.76604146857
CP065318.1_1581	HTH_XRE	1	47	103.961724832254
CP065318.1_1581	HTH_LACI	4	47	0.00577742144933299
CP065318.1_1581	HhH1	8	27	294.965111155579
CP065318.1_1582	TDU	21	36	2700.24609734123
CP065318.1_1582	NADH_4Fe-4S	22	55	41843.1367072105
CP065318.1_1583	TRANS	4	23	0
CP065318.1_1584	HTH_LUXR	3	46	24.8987464630154
CP065318.1_1584	4.1m	38	56	1215.43651473686
CP065318.1_1586	TRANS	15	37	0
CP065318.1_1588	C1_4	3	57	4588.03653120464
CP065318.1_1590	TRANS	7	29	0
CP065318.1_1590	LysM	34	58	955.448270197065
CP065318.1_1591	ANX	3	49	424.429098457873
CP065318.1_1592	TRANS	7	29	0
CP065318.1_1595	HTH_LUXR	3	57	943.123665092593
CP065318.1_1597	Antimicrobial21	18	40	57770.8353848419
CP065318.1_1597	BBOX	19	46	3239.08953662111
CP065318.1_1597	ZnF_NFX	24	38	658.033805730987
CP065318.1_1603	LAB_N	3	53	51572.4012148449
CP065318.1_1603	TRANS	12	29	0
CP065318.1_1603	TRANS	34	56	0
CP065318.1_1604	LRRcap	26	44	421.266307065448
CP065318.1_1605	TRANS	5	27	0
CP065318.1_1605	TRANS	37	59	0
CP065318.1_1606	TRANS	13	32	0
CP065318.1_1606	TRANS	36	58	0
CP065318.1_1608	TRANS	13	35	0
CP065318.1_1613	TRANS	25	47	0
CP065318.1_1614	TRANS	37	59	0
CP065318.1_1620	HTH_XRE	1	53	19.4578544284612
CP065318.1_1620	HTH_DEOR	1	32	1845.16524743757
CP065318.1_1620	HTH_LACI	4	60	2.06687239851037e-06
CP065318.1_1620	HTH_CRP	4	52	877.596209535456
CP065318.1_1620	HhH1	8	27	854.712581898407
CP065318.1_1620	PTH	18	53	788.415580081412
CP065318.1_1622	TRANS	5	24	0
CP065318.1_1622	TRANS	28	50	0
CP065318.1_1623	TRANS	13	35	0
CP065318.1_1623	TRANS	40	59	0
CP065318.1_1624	GIT	27	55	2062.90400623095
CP065318.1_1625	ASCH	4	59	341.914808054661
CP065318.1_1626	FolB	1	60	26.8179096784373
CP065318.1_1632	TRANS	4	23	0
CP065318.1_1632	TRANS	35	54	0
CP065318.1_1633	KOW	3	32	2707.36528083365
CP065318.1_1636	Arg_tRNA_synt_N	1	60	0.832794216065516
CP065318.1_1636	CUE	3	42	1089.75800723326
CP065318.1_1638	EFh	24	49	1253.18041723382
CP065318.1_1641	SIGNAL	1	22	0
CP065318.1_1642	BRLZ	1	41	116.1706973009
CP065318.1_1642	COIL	1	37	0
CP065318.1_1642	HLH	14	48	1355.0442391829
CP065318.1_1645	TRANS	21	43	0
CP065318.1_1649	TRANS	10	32	0
CP065318.1_1653	Thiol-ester_cl	18	43	361722.427142762
CP065318.1_1653	TRANS	31	53	0
CP065318.1_1654	TRANS	15	33	0
CP065318.1_1656	Fapy_DNA_glyco	2	60	0.0880077259861297
CP065318.1_1656	ANX	8	48	1835.51008150669
CP065318.1_1656	TDU	35	49	2401.64097663374
CP065318.1_1658	ZnF_C2C2	1	40	27.646347222461
CP065318.1_1658	DM	2	31	661.576394875095
CP065318.1_1659	TRANS	28	47	0
CP065318.1_1660	HALZ	22	60	971.062276814166
CP065318.1_1662	FA	25	60	27655.6681679333
CP065318.1_1663	IENR2	4	20	1755.66208363674
CP065318.1_1665	LIM	12	50	107.839833160055
CP065318.1_1666	CRS1_YhbY	3	60	2.05286283377488e-07
CP065318.1_1668	SFM	14	55	1783.20670292222
CP065318.1_1673	IBR	9	46	108.954774495241
CP065318.1_1673	RING	18	46	1007.01282766568
CP065318.1_1673	ZnF_RBZ	26	49	1826.20604427362
CP065318.1_1673	Prim_Zn_Ribbon	28	52	3677.43256105888
CP065318.1_1673	ZnF_C2C2	28	52	88.5827999521558
CP065318.1_1673	ZnF_C2HC	29	45	98.7175956908436
CP065318.1_1673	CxxC_CXXC_SSSS	30	56	1934.71824588085
CP065318.1_1674	REC	2	60	30.1834175753306
CP065318.1_1675	TRANS	21	43	0
CP065318.1_1676	TRANS	9	31	0
CP065318.1_1676	TRANS	36	58	0
CP065318.1_1677	TRANS	13	31	0
CP065318.1_1677	TRANS	36	58	0
CP065318.1_1678	GIDA_assoc_3	2	60	36695.2975165418
CP065318.1_1679	SIGNAL	1	28	0
CP065318.1_1679	TRANS	7	26	0
CP065318.1_1686	SIGNAL	1	20	0
CP065318.1_1686	LysM	31	58	0.610125646573159
CP065318.1_1687	GS	5	29	20.5583145466272
CP065318.1_1690	TRANS	13	35	0
CP065318.1_1691	TRANS	24	46	0
CP065318.1_1692	ZnF_GATA	3	49	288.458462717495
CP065318.1_1692	C1_4	8	48	58634.5290295203
CP065318.1_1692	ZnF_AN1	9	41	288.679313296417
CP065318.1_1694	TRANS	7	29	0
CP065318.1_1697	TRANS	5	20	0
CP065318.1_1697	Ca_chan_IQ	26	53	9621.45220579122
CP065318.1_1698	TRANS	7	26	0
CP065318.1_1706	HTH_LUXR	3	57	943.123665092593
CP065318.1_1710	LY	9	53	1576.37347594201
CP065318.1_1711	FerA	2	54	108702.944394271
CP065318.1_1711	NEBU	4	33	863.191405656562
CP065318.1_1711	NOSIC	20	58	95503.664341911
CP065318.1_1716	SIGNAL	1	17	0
CP065318.1_1716	TRANS	4	26	0
CP065318.1_1720	S4	3	60	1511.81460571957
CP065318.1_1722	EFP	8	51	137255.281072629
CP065318.1_1722	PLDc	11	39	1363.33255329079
CP065318.1_1726	HTH_LACI	1	54	618.725699398555
CP065318.1_1728	GA	1	54	98198.9884748239
CP065318.1_1728	MIT	4	58	71492.3783019792
CP065318.1_1728	QLQ	6	39	114059.981458985
CP065318.1_1728	COIL	7	27	0
CP065318.1_1729	LA	2	47	882.11353677978
CP065318.1_1730	S4	4	60	0.781522386467526
CP065318.1_1731	HTH_DEOR	6	57	345.881871432663
CP065318.1_1733	Ftsk_gamma	17	52	86603.5041151078
CP065318.1_1735	RNA_pol_Rpb6	9	60	4.05595941929151e-08
CP065318.1_1742	GYR	18	35	1773.04134978096
CP065318.1_1748	HhH1	6	25	255.441974474093
CP065318.1_1748	CALCITONIN	17	54	1215.98543732145
CP065318.1_1750	PKS_PP	10	60	7452.82207346178
CP065318.1_1752	Rho_N	2	53	53585.5094490553
CP065318.1_1753	MAGE_N	8	55	347603.743278477
CP065318.1_1755	DSX_dimer	1	52	101702.997998065
CP065318.1_1755	SRP54_N	2	60	0.00443804668122202
CP065318.1_1760	TRANS	33	55	0
CP065318.1_1764	TRANS	5	27	0
CP065318.1_1764	YajC	10	59	62386.8904768029
CP065318.1_1764	TRANS	37	59	0
CP065318.1_1765	Romo1	10	58	321015.871536832
CP065318.1_1765	TRANS	20	42	0
CP065318.1_1766	SIGNAL	1	20	0
CP065318.1_1766	DSS1_SEM1	25	59	244505.023601196
CP065318.1_1771	TRANS	7	29	0
CP065318.1_1773	CBS	4	54	1911.70512582801
CP065318.1_1777	HTH_LACI	1	56	1.48019397902266e-06
CP065318.1_1777	HTH_ARAC	1	58	587.280352309421
CP065318.1_1777	HTH_CRP	2	43	103.804606886538
CP065318.1_1777	HTH_XRE	3	49	1267.09007355194
CP065318.1_1778	TK	22	32	1924.56665085127
CP065318.1_1778	TRANS	27	49	0
CP065318.1_1780	SIGNAL	1	22	0
CP065318.1_1782	TRANS	30	52	0
CP065318.1_1784	TRANS	21	43	0
CP065318.1_1790	LIM	2	50	1778.77787326067
CP065318.1_1792	TRANS	21	43	0
CP065318.1_1794	TRANS	15	37	0
CP065318.1_1801	TRANS	40	59	0
CP065318.1_1804	G_patch	24	59	907.333405580689
CP065318.1_1805	Spt4	9	52	361881.124560799
CP065318.1_1807	TRANS	20	42	0
CP065318.1_1808	HTH_CRP	1	45	700.16578228511
CP065318.1_1808	HTH_MERR	6	59	284.661702404093
CP065318.1_1811	ZnF_RBZ	9	26	2111.15881271961
CP065318.1_1811	ZnF_C2C2	18	60	59.5217758779569
CP065318.1_1811	LIM	19	54	1960.47021794804
CP065318.1_1812	SFM	1	55	1554.96104952519
CP065318.1_1816	HTH_LACI	2	60	1033.3956768461
CP065318.1_1817	SWAP	1	54	1631.32517436187
CP065318.1_1820	GS	29	49	1797.73676621615
CP065318.1_1826	TRANS	5	23	0
CP065318.1_1826	TRANS	27	49	0
CP065318.1_1830	Matrilin_ccoil	18	60	93039.2501321617
CP065318.1_1834	TRANS	36	58	0
CP065318.1_1835	TRANS	27	49	0
CP065318.1_1837	TRANS	25	47	0
CP065318.1_1845	TRANS	30	52	0
CP065318.1_1846	TRANS	5	27	0
CP065318.1_1846	NOD	7	60	189385.603077243
CP065318.1_1846	TRANS	32	51	0
CP065318.1_1848	TRANS	7	29	0
CP065318.1_1848	TRANS	39	58	0
CP065318.1_1854	HTH_GNTR	13	60	0.0273588295425736
CP065318.1_1856	TRANS	20	42	0
CP065318.1_1858	SAP	7	35	165223.671666608
CP065318.1_1858	IENR2	34	50	322.051436054221
CP065318.1_1859	TRANS	12	34	0
CP065318.1_1859	TRANS	38	57	0
CP065318.1_1860	SpoVT_AbrB	7	49	0.174844041773609
CP065318.1_1862	AgrD	1	29	66278.2201003004
CP065318.1_1862	DUF1900	3	51	186556.569660235
CP065318.1_1863	TRANS	7	29	0
CP065318.1_1866	H-kinase_dim	7	49	98306.4583391287
CP065318.1_1866	WH2	32	49	1041.98785992068
CP065318.1_1867	SIGNAL	1	19	0
CP065318.1_1868	TRANS	7	25	0
CP065318.1_1870	Romo1	13	57	144124.922621696
CP065318.1_1870	TRANS	13	35	0
CP065318.1_1870	TRANS	40	59	0
CP065318.1_1871	TRANS	4	26	0
CP065318.1_1871	TRANS	33	55	0
CP065318.1_1872	KOW	3	38	2942.22204214745
CP065318.1_1873	SpoVT_AbrB	6	46	972.903957688961
CP065318.1_1878	SH3b	8	60	59.4837889423236
CP065318.1_1883	HTH_LUXR	3	57	943.123665092593
CP065318.1_1884	TRANS	7	29	0
CP065318.1_1885	SIGNAL	1	28	0
CP065318.1_1886	HTH_XRE	4	60	9.62067713724973
CP065318.1_1887	NEBU	13	43	327.386626945837
CP065318.1_1892	TRANS	13	32	0
CP065318.1_1895	TRANS	7	26	0
CP065318.1_1897	TRANS	10	32	0
CP065318.1_1898	Y1_Tnp	12	60	26795.9140076758
CP065318.1_1900	CTNS	2	35	1042.09636916362
CP065318.1_1902	G5	1	57	181298.597311623
CP065318.1_1907	SIGNAL	1	24	0
CP065318.1_1907	TRANS	7	24	0
CP065318.1_1908	CCP	1	60	1705.63579648491
CP065318.1_1913	TRANS	15	37	0
CP065318.1_1916	STI1	1	36	1400.02511323431
CP065318.1_1919	COIL	20	54	0
CP065318.1_1924	TRANS	21	43	0
