CP065322.1_3	Excalibur	15	41	33698.5313744788
CP065322.1_4	DUF1713	1	33	210.470557600991
CP065322.1_5	SIGNAL	1	21	0
CP065322.1_5	TRANS	4	22	0
CP065322.1_6	Defensin_propep	1	52	159203.293996864
CP065322.1_6	SIGNAL	1	19	0
CP065322.1_7	SIGNAL	1	17	0
CP065322.1_8	TRANS	4	23	0
CP065322.1_8	DUF1713	25	48	95201.0540601058
CP065322.1_9	REC	2	60	4.87022776283739
CP065322.1_11	SIGNAL	1	26	0
CP065322.1_13	AT_hook	41	53	664.703412215095
CP065322.1_14	THEG	23	42	1899.60104804082
CP065322.1_15	TRANS	5	22	0
CP065322.1_15	TRANS	37	59	0
CP065322.1_16	SIGNAL	1	20	0
CP065322.1_16	AgrD	3	33	32444.5314337982
CP065322.1_16	TRANS	5	27	0
CP065322.1_17	SIGNAL	1	21	0
CP065322.1_19	DM9	14	57	2565.77786264625
CP065322.1_20	TRANS	27	49	0
CP065322.1_21	TRANS	27	49	0
CP065322.1_22	Kelch	2	44	405.036792701644
CP065322.1_23	G5	5	54	53107.0024565493
CP065322.1_24	Cpl-7	4	37	61020.4311957654
CP065322.1_25	ANTAR	11	58	106679.561854376
CP065322.1_25	HALZ	17	60	46.6719907092025
CP065322.1_27	TRANS	5	24	0
CP065322.1_27	TRANS	37	59	0
CP065322.1_28	SIGNAL	1	23	0
CP065322.1_28	TRANS	5	22	0
CP065322.1_28	TRANS	32	54	0
CP065322.1_29	SIGNAL	1	22	0
CP065322.1_31	Jag_N	23	57	124502.510733176
CP065322.1_32	JmjN	9	47	1929.96458830843
CP065322.1_33	MORN	32	55	91.4616085722749
CP065322.1_35	CBM_10	22	51	49267.0912953783
CP065322.1_38	ZnF_UBR1	4	50	835.545245743574
CP065322.1_42	TRANS	20	37	0
CP065322.1_43	TRANS	16	33	0
CP065322.1_44	SIGNAL	1	32	0
CP065322.1_44	RING	9	60	1247.25184785601
CP065322.1_46	TRANS	7	29	0
CP065322.1_49	SIGNAL	1	17	0
CP065322.1_49	TRANS	2	20	0
CP065322.1_50	SIGNAL	1	17	0
CP065322.1_57	HAT	1	31	813.934182615152
CP065322.1_60	TRANS	5	23	0
CP065322.1_61	Mac	1	51	98130.531880673
CP065322.1_63	TRANS	5	27	0
CP065322.1_64	TRANS	35	57	0
CP065322.1_65	TRANS	12	34	0
CP065322.1_66	GoLoco	8	23	850.400612699141
CP065322.1_68	SIGNAL	1	23	0
CP065322.1_69	SIGNAL	1	22	0
CP065322.1_70	SIGNAL	1	18	0
CP065322.1_72	DCP2	4	57	105253.688194918
CP065322.1_74	HTH_CRP	9	53	393.018811147387
CP065322.1_74	HTH_DEOR	10	49	201.268707476794
CP065322.1_74	HTH_MERR	15	60	0.359418673094533
CP065322.1_76	TRANS	20	42	0
CP065322.1_78	SIGNAL	1	22	0
CP065322.1_78	TRANS	4	26	0
CP065322.1_80	TRANS	29	51	0
CP065322.1_82	SIGNAL	1	27	0
CP065322.1_82	TRANS	5	27	0
CP065322.1_83	CUE	12	54	611.207939214194
CP065322.1_87	TRANS	20	39	0
CP065322.1_88	TRANS	7	29	0
CP065322.1_93	HTH_GNTR	21	60	0.190027461383533
CP065322.1_94	Ribosomal_S27	1	44	44832.0332072385
CP065322.1_94	HNHc	4	43	573.529659025261
CP065322.1_94	ZnF_ZZ	11	52	392.946363015495
CP065322.1_94	BBOX	12	50	2968.88185434003
CP065322.1_94	ZnF_RBZ	13	44	88.8528447964345
CP065322.1_94	RPOLCX	13	50	820.170743883479
CP065322.1_94	CxxC_CXXC_SSSS	14	45	52766.5752712409
CP065322.1_94	ZnF_C2C2	15	47	787.947089965684
CP065322.1_94	LIM	16	41	1067.00254213111
CP065322.1_94	ZnF_Rad18	16	37	2410.46739939029
CP065322.1_94	C1_4	16	45	111583.85245951
CP065322.1_95	SIGNAL	1	21	0
CP065322.1_96	TRANS	29	51	0
CP065322.1_97	Enolase_N	8	59	3.24005670115311e-05
CP065322.1_100	SIGNAL	1	21	0
CP065322.1_101	LY	5	50	1858.59609821791
CP065322.1_104	YqgFc	5	59	202.243414091091
CP065322.1_111	KOW	28	55	1429.87409445626
CP065322.1_113	TRANS	4	26	0
CP065322.1_113	TRANS	39	58	0
CP065322.1_114	TRANS	7	29	0
CP065322.1_114	TRANS	33	52	0
CP065322.1_115	SIGNAL	1	19	0
CP065322.1_118	ANX	2	53	1503.61869638953
CP065322.1_119	MGS	15	60	96.4774470316698
CP065322.1_122	SIGNAL	1	25	0
CP065322.1_124	SIGNAL	1	21	0
CP065322.1_126	HisKA	2	57	1042.31238947914
CP065322.1_127	A_amylase_inhib	11	60	92111.9562905522
CP065322.1_128	TRANS	13	35	0
CP065322.1_130	SIGNAL	1	21	0
CP065322.1_133	SIGNAL	1	24	0
CP065322.1_134	TRANS	31	53	0
CP065322.1_137	TRANS	21	43	0
CP065322.1_139	TRANS	21	43	0
CP065322.1_142	TRANS	5	22	0
CP065322.1_142	Kelch	11	52	1804.73101398163
CP065322.1_142	Cir_N	20	52	118137.80408968
CP065322.1_143	SIGNAL	1	17	0
CP065322.1_143	TRANS	4	26	0
CP065322.1_146	S1	1	52	125.494390560485
CP065322.1_146	eIF1a	2	52	220.192580899441
CP065322.1_150	GIYc	1	59	338.094419619115
CP065322.1_151	TRANS	32	54	0
CP065322.1_152	TRANS	10	32	0
CP065322.1_153	SIGNAL	1	20	0
CP065322.1_154	TRANS	22	44	0
CP065322.1_159	Mago-bind	1	25	156454.991364909
CP065322.1_159	TRANS	26	48	0
CP065322.1_160	TRANS	15	33	0
CP065322.1_160	TRANS	40	59	0
CP065322.1_164	CPSase_sm_chain	1	60	3.5967746003853e-09
CP065322.1_165	ChW	17	57	1845.46231334522
CP065322.1_168	TRANS	4	23	0
CP065322.1_168	PYNP_C	6	49	116207.62802047
CP065322.1_169	Haemolytic	2	60	2.24887865670783e-13
CP065322.1_171	Antimicrobial21	6	36	193802.597918137
CP065322.1_171	FoP_duplication	8	56	194538.89782473
CP065322.1_174	SIGNAL	1	21	0
CP065322.1_179	Semialdhyde_dh	6	59	31.3338477584224
CP065322.1_181	SIGNAL	1	21	0
CP065322.1_183	TRANS	13	32	0
CP065322.1_184	SIGNAL	1	24	0
CP065322.1_187	AlcB	9	52	57192.808512622
CP065322.1_188	SIGNAL	1	21	0
CP065322.1_190	SIGNAL	1	23	0
CP065322.1_192	TRANS	15	37	0
CP065322.1_192	TDU	31	46	1284.65793536614
CP065322.1_192	TRANS	42	59	0
CP065322.1_193	TRANS	13	35	0
CP065322.1_196	SIGNAL	1	22	0
CP065322.1_196	Defensin_propep	3	50	1056.71915455999
CP065322.1_197	SIGNAL	1	29	0
CP065322.1_202	SIGNAL	1	27	0
CP065322.1_203	SIGNAL	1	26	0
CP065322.1_205	SIGNAL	1	27	0
CP065322.1_205	TRANS	9	28	0
CP065322.1_206	Ftsk_gamma	5	57	21775.8853444773
CP065322.1_208	TRANS	20	42	0
CP065322.1_209	TRANS	37	59	0
CP065322.1_210	TRANS	21	43	0
CP065322.1_211	HX	3	47	995.333374650682
CP065322.1_214	SIGNAL	1	21	0
CP065322.1_215	SIGNAL	1	20	0
CP065322.1_215	PTI	29	55	728.962619386276
CP065322.1_218	CPSase_L_D3	1	35	34050.2383191871
CP065322.1_218	Rho_N	8	56	33235.4477047598
CP065322.1_218	Mac	9	54	18.1449636714624
CP065322.1_220	TRANS	5	24	0
CP065322.1_220	TRANS	34	53	0
CP065322.1_222	BowB	26	57	895.500029903031
CP065322.1_225	Sm	7	56	1339.33051621125
CP065322.1_228	TRANS	28	50	0
CP065322.1_230	TRANS	15	32	0
CP065322.1_230	TRANS	37	59	0
CP065322.1_231	TRANS	21	43	0
CP065322.1_232	LRRNT	1	34	1295.52730821212
CP065322.1_233	HhH1	15	34	34.5994463911867
CP065322.1_234	TRANS	10	32	0
CP065322.1_236	TRANS	21	43	0
CP065322.1_238	PKS_PP_betabranch	7	39	201287.368477663
CP065322.1_238	TRANS	25	44	0
CP065322.1_239	Defensin_propep	1	45	52565.9473448898
CP065322.1_239	SIGNAL	1	17	0
CP065322.1_239	CALCITONIN	27	60	1519.75060857997
CP065322.1_240	TRANS	26	48	0
CP065322.1_241	TRANS	24	46	0
CP065322.1_243	SIGNAL	1	18	0
CP065322.1_243	TRANS	5	22	0
CP065322.1_245	TRANS	13	35	0
CP065322.1_246	SIGNAL	1	20	0
CP065322.1_248	IRO	3	20	701.859053652641
CP065322.1_248	TRANS	12	34	0
CP065322.1_249	Cpl-7	13	44	20755.2432886194
CP065322.1_250	Kelch	3	55	2344.70141710138
CP065322.1_251	TRANS	34	56	0
CP065322.1_252	SIGNAL	1	22	0
CP065322.1_255	TRASH	23	59	448620.544761491
CP065322.1_256	TRANS	25	59	0
CP065322.1_257	DSL	5	45	1745.57923822532
CP065322.1_260	LRRNT	1	33	1663.77911192697
CP065322.1_268	Cpn10	3	60	4.07090519435678e-11
CP065322.1_270	SIGNAL	1	22	0
CP065322.1_271	SIGNAL	1	23	0
CP065322.1_271	TRANS	3	25	0
CP065322.1_271	TRANS	40	59	0
CP065322.1_272	SIGNAL	1	26	0
CP065322.1_273	SIGNAL	1	21	0
CP065322.1_274	TRANS	29	51	0
CP065322.1_275	SIGNAL	1	21	0
CP065322.1_278	Gp_dh_N	2	60	0.000365736380701319
CP065322.1_279	UreE_N	1	38	40800.5695552528
CP065322.1_280	SIGNAL	1	20	0
CP065322.1_285	SIGNAL	1	31	0
CP065322.1_285	TRANS	13	35	0
CP065322.1_287	Defensin_propep	1	42	62704.2512448816
CP065322.1_287	SIGNAL	1	19	0
CP065322.1_288	POLIIIAc	3	59	1.76275361414234
CP065322.1_292	TRANS	10	32	0
CP065322.1_292	TRANS	37	59	0
CP065322.1_293	SIGNAL	1	17	0
CP065322.1_294	THY	12	41	596.546224246484
CP065322.1_295	TRANS	13	35	0
CP065322.1_295	TRANS	40	59	0
CP065322.1_296	SIGNAL	1	21	0
CP065322.1_297	LRRNT	15	45	1447.91953084633
CP065322.1_300	SIGNAL	1	24	0
CP065322.1_300	TRANS	7	24	0
CP065322.1_301	SIGNAL	1	26	0
CP065322.1_304	S4	1	59	1.62226694964637
CP065322.1_308	SIGNAL	1	26	0
CP065322.1_308	TRANS	5	27	0
CP065322.1_310	Semialdhyde_dh	5	59	4.73110936335025
CP065322.1_310	LRRCT	17	58	1432.38574314136
CP065322.1_311	LRRNT	13	44	1530.69227764936
CP065322.1_313	SEL1	34	59	356.532400293005
CP065322.1_315	SIGNAL	1	21	0
CP065322.1_319	TRANS	28	50	0
CP065322.1_322	DUF167	1	60	3.35992801703182e-09
CP065322.1_324	DnaJ	4	60	6.92958560464726e-31
CP065322.1_327	SIGNAL	1	21	0
CP065322.1_329	TRANS	20	39	0
CP065322.1_332	TRANS	19	41	0
CP065322.1_333	TRANS	5	24	0
CP065322.1_334	EKR	1	30	88402.0804394021
CP065322.1_334	TRANS	12	34	0
CP065322.1_335	Cullin_Nedd8	1	49	69132.667188516
CP065322.1_335	zf-C4_ClpX	15	43	103180.200305249
CP065322.1_336	FeoA	2	60	75316.4310510128
CP065322.1_337	SIGNAL	1	18	0
CP065322.1_342	SIGNAL	1	18	0
CP065322.1_342	TRANS	4	26	0
CP065322.1_344	SIGNAL	1	21	0
CP065322.1_346	TRANS	30	52	0
CP065322.1_347	TRANS	10	32	0
CP065322.1_347	TRANS	39	57	0
CP065322.1_348	Defensin_propep	1	50	5439.6906470994
CP065322.1_348	SIGNAL	1	24	0
CP065322.1_350	SIGNAL	1	26	0
CP065322.1_350	LRR_CC	12	38	588.181902162172
CP065322.1_353	GS	6	34	119.915820738453
CP065322.1_353	ZnF_C3H1	20	44	118.114666233395
CP065322.1_353	CLIP	26	56	784.985676749583
CP065322.1_354	TRANS	20	38	0
CP065322.1_357	SIGNAL	1	22	0
CP065322.1_357	YajC	2	44	101646.930136885
CP065322.1_360	MORN	29	45	2376.78329187354
CP065322.1_363	SIGNAL	1	27	0
CP065322.1_363	TRANS	5	27	0
CP065322.1_364	SIGNAL	1	20	0
CP065322.1_365	TRANS	26	48	0
CP065322.1_366	SIGNAL	1	20	0
CP065322.1_367	TRANS	5	27	0
CP065322.1_367	CxxC_CXXC_SSSS	32	52	104440.210137715
CP065322.1_367	ZnF_RBZ	38	52	1534.43120622048
CP065322.1_372	TRANS	5	27	0
CP065322.1_373	Proteasome_A_N	22	44	15133.8784460087
CP065322.1_374	CTNS	1	24	702.706927814237
CP065322.1_374	SIGNAL	1	25	0
CP065322.1_374	TRANS	12	29	0
CP065322.1_375	TRANS	5	27	0
CP065322.1_376	TRANS	40	59	0
CP065322.1_378	TRANS	26	48	0
CP065322.1_379	TRANS	21	43	0
CP065322.1_381	PAH	1	33	221.515249060789
CP065322.1_382	TRANS	12	34	0
CP065322.1_383	PAC	12	50	799.529649816244
CP065322.1_386	ENT	3	58	104388.831905621
CP065322.1_387	TRANS	13	35	0
CP065322.1_388	TRANS	13	35	0
CP065322.1_389	TRANS	12	34	0
CP065322.1_392	HX	4	49	1839.38321971487
CP065322.1_392	TRANS	7	29	0
CP065322.1_392	TIFY	10	44	86133.6833722171
CP065322.1_402	TRANS	15	37	0
CP065322.1_407	TSP1	18	57	1845.28444857117
CP065322.1_407	ZnF_C3H1	36	54	2168.70596405774
CP065322.1_409	SIGNAL	1	25	0
CP065322.1_409	FU	3	34	1140.25346183139
CP065322.1_409	PHD	5	49	1379.31970830329
CP065322.1_409	TRANS	7	24	0
CP065322.1_410	SIGNAL	1	20	0
CP065322.1_411	SIGNAL	1	18	0
CP065322.1_412	TRANS	10	32	0
CP065322.1_414	AgrD	1	34	68053.7896168259
CP065322.1_414	TRANS	7	29	0
CP065322.1_414	TRANS	33	55	0
CP065322.1_415	TRANS	5	27	0
CP065322.1_416	TRANS	10	32	0
CP065322.1_418	TRANS	15	33	0
CP065322.1_420	DUF1713	20	50	161833.056910434
CP065322.1_421	IQ	12	33	1910.15387858603
CP065322.1_422	Col_cuticle_N	3	45	47601.1004367783
CP065322.1_422	TRANS	5	27	0
CP065322.1_423	TRANS	9	31	0
CP065322.1_424	SIGNAL	1	20	0
CP065322.1_427	TRANS	10	29	0
CP065322.1_427	TRANS	36	58	0
CP065322.1_428	SIGNAL	1	25	0
CP065322.1_428	Defensin_propep	4	49	52565.9473448898
CP065322.1_428	MbtH	21	56	28119.3172740399
CP065322.1_431	Cir_N	18	50	118137.80408968
CP065322.1_432	SIGNAL	1	21	0
CP065322.1_439	SIGNAL	1	25	0
CP065322.1_441	RNA_pol_Rpb6	8	60	8287.57417491165
CP065322.1_444	NDK	6	59	0.20607470939445
CP065322.1_447	TRANS	21	43	0
CP065322.1_456	SIGNAL	1	30	0
CP065322.1_456	TRANS	13	35	0
CP065322.1_457	Defensin_propep	1	54	313952.930390273
CP065322.1_457	SIGNAL	1	23	0
CP065322.1_459	TRANS	21	43	0
CP065322.1_462	TRANS	20	39	0
CP065322.1_463	TRANS	10	32	0
CP065322.1_463	TK	14	24	1632.51418309451
CP065322.1_464	SH3	4	53	1006.5849712991
CP065322.1_466	TRANS	5	24	0
CP065322.1_467	SIGNAL	1	22	0
CP065322.1_468	TRANS	4	23	0
CP065322.1_468	TRANS	30	52	0
CP065322.1_469	TRANS	2	19	0
CP065322.1_469	TRANS	23	45	0
CP065322.1_470	TRANS	10	27	0
CP065322.1_470	TRANS	34	53	0
CP065322.1_471	TRANS	7	24	0
CP065322.1_471	TRANS	28	50	0
CP065322.1_472	TRANS	7	26	0
CP065322.1_472	TRANS	36	58	0
CP065322.1_474	TRANS	20	42	0
CP065322.1_479	TRANS	7	29	0
CP065322.1_480	Defensin_propep	1	49	347143.7224723
CP065322.1_480	SIGNAL	1	20	0
CP065322.1_481	ZnF_PMZ	1	18	1457.72447642488
CP065322.1_481	TRANS	10	32	0
CP065322.1_484	SIGNAL	1	18	0
CP065322.1_486	SIGNAL	1	25	0
CP065322.1_486	PD	15	59	1416.42210294553
CP065322.1_488	Defensin_propep	1	42	44066.1108504014
CP065322.1_488	SIGNAL	1	24	0
CP065322.1_488	TRANS	4	23	0
CP065322.1_491	SIGNAL	1	20	0
CP065322.1_493	SIGNAL	1	20	0
CP065322.1_495	SIGNAL	1	28	0
CP065322.1_495	Col_cuticle_N	10	57	34948.2300307988
CP065322.1_496	GS	1	28	1033.38653232462
CP065322.1_496	TRANS	36	58	0
CP065322.1_498	SIGNAL	1	23	0
CP065322.1_498	TRANS	3	25	0
CP065322.1_498	TRANS	40	59	0
CP065322.1_499	SIGNAL	1	20	0
CP065322.1_505	FeoA	1	50	14929.9013678718
CP065322.1_505	NOSIC	2	40	83847.3958047207
CP065322.1_507	BRK	1	38	2546.65079420216
CP065322.1_507	ORANGE	12	54	163089.000539444
CP065322.1_508	SIGNAL	1	19	0
CP065322.1_510	Fe_hyd_SSU	16	56	104432.664245369
CP065322.1_511	RING	6	39	622.068293733615
CP065322.1_511	BowB	7	39	607.509194451049
CP065322.1_511	FYVE	11	52	408.669457761689
CP065322.1_511	ZnF_ZZ	16	50	1569.66367005278
CP065322.1_511	ZnF_RBZ	18	42	189.293416890674
CP065322.1_511	Spt4	19	53	8175.05715217935
CP065322.1_511	RPOL9	20	60	771.005116165888
CP065322.1_511	ZnF_C2C2	20	46	610.459227400792
CP065322.1_511	CxxC_CXXC_SSSS	21	45	9548.95963634052
CP065322.1_511	zf-AD	21	60	78501.0192037161
CP065322.1_511	ZnF_AN1	22	47	306.051150045724
CP065322.1_512	MADS	1	53	3040.73829144398
CP065322.1_517	WAP	26	49	1284.58666402899
CP065322.1_518	SIGNAL	1	16	0
CP065322.1_519	TRANS	5	27	0
CP065322.1_523	SIGNAL	1	27	0
CP065322.1_524	SIGNAL	1	22	0
CP065322.1_525	SIGNAL	1	20	0
CP065322.1_527	SIGNAL	1	24	0
CP065322.1_528	TRANS	5	27	0
CP065322.1_528	TRANS	34	56	0
CP065322.1_531	HTH_GNTR	13	60	0.0200996120113852
CP065322.1_531	HTH_DEOR	15	60	642.066714050587
CP065322.1_535	TRANS	33	55	0
CP065322.1_537	SIGNAL	1	18	0
CP065322.1_540	TRANS	4	23	0
CP065322.1_541	Defensin_propep	1	56	256763.790603989
CP065322.1_541	SIGNAL	1	18	0
CP065322.1_542	TRANS	26	45	0
CP065322.1_544	DEFSN	30	49	1110.21304361624
CP065322.1_545	HLH	4	41	790.049592143336
CP065322.1_547	PYNP_C	4	58	72004.5657908309
CP065322.1_548	FATC	7	36	40889.5697522639
CP065322.1_549	TRANS	12	31	0
CP065322.1_550	TRANS	20	41	0
CP065322.1_551	CRF	2	27	1126.39029641282
CP065322.1_552	LMWPc	5	59	1.75332670720282
CP065322.1_553	TRANS	7	29	0
CP065322.1_557	TRANS	40	59	0
CP065322.1_558	LisH	6	38	1371.95135204898
CP065322.1_562	TRANS	20	42	0
CP065322.1_564	TRANS	15	34	0
CP065322.1_565	SIGNAL	1	19	0
CP065322.1_570	TRANS	10	32	0
CP065322.1_571	HOX	2	51	242.113413887799
CP065322.1_571	HTH_XRE	7	59	123.22571380962
CP065322.1_572	HTH_MERR	2	57	686.66160490408
CP065322.1_573	AgrD	5	38	17645.9275390478
CP065322.1_576	TRANS	40	59	0
CP065322.1_581	DSS1_SEM1	14	51	291752.013759464
CP065322.1_590	Ribosomal_S13_N	1	46	166464.263124237
CP065322.1_590	AT_hook	9	21	76.4475248620676
CP065322.1_597	TDU	30	46	1826.75738455178
CP065322.1_603	C1	16	46	1802.92539770999
CP065322.1_609	CoA_binding	4	60	114.949299610042
CP065322.1_612	TRANS	5	22	0
CP065322.1_612	TRANS	26	48	0
CP065322.1_613	TRANS	16	38	0
CP065322.1_614	TRANS	20	42	0
CP065322.1_619	SIGNAL	1	21	0
CP065322.1_619	TRANS	5	27	0
CP065322.1_620	SIGNAL	1	19	0
CP065322.1_623	TRANS	7	29	0
CP065322.1_624	REC	6	60	38.5840804284098
CP065322.1_625	TRANS	32	51	0
CP065322.1_626	ALAD	3	60	18.5231403051336
CP065322.1_627	SIGNAL	1	20	0
CP065322.1_629	SAM_HD_adjacent	23	50	656134.840558908
CP065322.1_631	TRANS	13	35	0
CP065322.1_634	P-II	1	51	89197.1777526072
CP065322.1_635	TRANS	42	59	0
CP065322.1_638	SIGNAL	1	20	0
CP065322.1_639	TRANS	13	35	0
CP065322.1_639	TRANS	39	56	0
CP065322.1_648	RPEL	7	32	1186.80387690202
CP065322.1_649	SIGNAL	1	21	0
CP065322.1_650	DUF4187	11	58	132584.663743813
CP065322.1_652	SIGNAL	1	23	0
CP065322.1_654	DM14	6	51	1834.35606331551
CP065322.1_660	AT_hook	18	30	135.38499921024
CP065322.1_662	SIGNAL	1	26	0
CP065322.1_663	TRANS	7	26	0
CP065322.1_664	Defensin_propep	1	52	21218.1673693975
CP065322.1_664	SIGNAL	1	18	0
CP065322.1_667	HTH_DEOR	4	50	66.3990639327383
CP065322.1_667	HTH_ASNC	6	57	173.691843102611
CP065322.1_667	CPSase_L_D3	6	40	12453.291260882
CP065322.1_667	HTH_CRP	8	54	717.962158499866
CP065322.1_669	TRANS	12	34	0
CP065322.1_673	SIGNAL	1	20	0
CP065322.1_673	TRANS	7	29	0
CP065322.1_674	TRANS	4	26	0
CP065322.1_676	TRANS	37	59	0
CP065322.1_677	GLA	2	31	1234.0484354522
CP065322.1_681	HTH_XRE	1	55	2959.62670802032
CP065322.1_681	COIL	3	36	0
CP065322.1_682	COIL	9	53	0
CP065322.1_683	TRANS	13	35	0
CP065322.1_684	TRANS	15	37	0
CP065322.1_686	SIGNAL	1	19	0
CP065322.1_686	TRANS	4	26	0
CP065322.1_687	SIGNAL	1	22	0
CP065322.1_688	SIGNAL	1	26	0
CP065322.1_689	TRANS	4	26	0
CP065322.1_695	SIGNAL	1	29	0
CP065322.1_697	SIGNAL	1	25	0
CP065322.1_699	TRANS	2	19	0
CP065322.1_699	TRANS	29	48	0
CP065322.1_700	SIGNAL	1	17	0
CP065322.1_701	SIGNAL	1	21	0
CP065322.1_704	HTH_MERR	21	60	0.546237480306518
CP065322.1_708	SIGNAL	1	17	0
CP065322.1_709	SIGNAL	1	23	0
CP065322.1_709	TRANS	7	24	0
CP065322.1_710	zf-PARP	5	58	138627.511708036
CP065322.1_711	IlGF	14	60	1568.61674785175
CP065322.1_715	PUA	2	60	673.876275161846
CP065322.1_718	SIGNAL	1	20	0
CP065322.1_719	S4	4	60	1.78963088881818e-07
CP065322.1_722	TRANS	7	29	0
CP065322.1_728	TRANS	15	34	0
CP065322.1_729	SIGNAL	1	20	0
CP065322.1_730	SIGNAL	1	18	0
CP065322.1_733	UBA	20	57	1530.14516576487
CP065322.1_736	SIGNAL	1	22	0
CP065322.1_739	SIGNAL	1	20	0
CP065322.1_742	SIGNAL	1	24	0
CP065322.1_743	TRANS	32	54	0
CP065322.1_748	SIGNAL	1	26	0
CP065322.1_749	TRANS	7	29	0
CP065322.1_750	TRANS	9	31	0
CP065322.1_751	ARM	9	47	1229.41352309374
CP065322.1_752	TRANS	5	22	0
CP065322.1_755	SIGNAL	1	20	0
CP065322.1_755	TRANS	4	26	0
CP065322.1_758	TRANS	12	34	0
CP065322.1_759	TRANS	10	32	0
CP065322.1_760	TRANS	13	35	0
CP065322.1_766	TRANS	10	32	0
CP065322.1_766	TECPR	31	60	1414.74041511054
CP065322.1_768	Defensin_propep	1	57	17343.60344641
CP065322.1_768	SIGNAL	1	22	0
CP065322.1_768	TRANS	5	22	0
CP065322.1_769	TRANS	19	41	0
CP065322.1_770	TRANS	20	42	0
CP065322.1_771	c-clamp	27	49	42664.6796392396
CP065322.1_773	TRANS	13	35	0
CP065322.1_775	TRANS	15	34	0
CP065322.1_776	Lipid_DES	18	54	44756.3773205571
CP065322.1_776	TRANS	39	56	0
CP065322.1_779	ZnF_UBR1	5	52	670.358487263402
CP065322.1_781	SIGNAL	1	29	0
CP065322.1_783	TRANS	35	57	0
CP065322.1_785	SIGNAL	1	21	0
CP065322.1_788	POLIIIAc	1	59	2950.36157232135
CP065322.1_790	BHL	1	60	0.0287070825711071
CP065322.1_792	TRANS	5	24	0
CP065322.1_792	TRANS	31	48	0
CP065322.1_794	ChtBD3	16	54	1219.43923989133
CP065322.1_798	SIGNAL	1	20	0
CP065322.1_800	PKS_PP_betabranch	6	37	32793.7644592152
CP065322.1_801	SIGNAL	1	24	0
CP065322.1_801	Ftsk_gamma	22	55	91617.0081586638
CP065322.1_802	SIGNAL	1	22	0
CP065322.1_802	Col_cuticle_N	3	56	12569.1054206477
CP065322.1_803	SIGNAL	1	21	0
CP065322.1_805	TRANS	5	23	0
CP065322.1_805	TRANS	33	55	0
CP065322.1_809	SIGNAL	1	19	0
CP065322.1_810	TRANS	31	53	0
CP065322.1_813	SIGNAL	1	23	0
CP065322.1_815	TRANS	5	27	0
CP065322.1_817	SIGNAL	1	20	0
CP065322.1_819	TRANS	22	44	0
CP065322.1_820	TRANS	5	27	0
CP065322.1_823	SIGNAL	1	30	0
CP065322.1_824	ANX	6	49	1679.83020341137
CP065322.1_825	UBA	5	40	424.614376403582
CP065322.1_826	TRANS	33	50	0
CP065322.1_827	TRANS	5	27	0
CP065322.1_827	TRANS	42	59	0
CP065322.1_830	TRANS	12	31	0
CP065322.1_834	SIGNAL	1	26	0
CP065322.1_836	SIGNAL	1	22	0
CP065322.1_836	Defensin_propep	8	56	84835.431138699
CP065322.1_843	TRANS	20	37	0
CP065322.1_847	ZnF_C2HC	22	31	1344.68185151409
CP065322.1_847	ITAM	36	56	566.215260365098
CP065322.1_848	KASH	5	57	67005.5331136106
CP065322.1_848	TRANS	13	35	0
CP065322.1_850	Defensin_propep	1	43	61144.2607043607
CP065322.1_850	SIGNAL	1	18	0
CP065322.1_851	SIGNAL	1	19	0
CP065322.1_855	TRANS	5	27	0
CP065322.1_855	TRANS	34	52	0
CP065322.1_856	c-clamp	22	50	136078.339642743
CP065322.1_858	SIGNAL	1	19	0
CP065322.1_859	TRANS	10	32	0
CP065322.1_860	SIGNAL	1	35	0
CP065322.1_860	TRANS	12	34	0
CP065322.1_860	Defensin_propep	15	60	256763.790603989
CP065322.1_860	ANATO	28	60	1349.54339734664
CP065322.1_867	SIGNAL	1	20	0
CP065322.1_867	Zalpha	2	57	1992.12133322067
CP065322.1_867	TRANS	4	26	0
CP065322.1_869	SIGNAL	1	20	0
CP065322.1_869	TRANS	7	25	0
CP065322.1_873	TRANS	27	49	0
CP065322.1_874	SIGNAL	1	19	0
CP065322.1_875	SIGNAL	1	25	0
CP065322.1_876	SIGNAL	1	21	0
CP065322.1_876	TRANS	7	29	0
CP065322.1_877	SIGNAL	1	25	0
CP065322.1_880	TRANS	34	56	0
CP065322.1_882	TRANS	20	38	0
CP065322.1_884	HhH1	14	31	1433.06896472611
CP065322.1_885	TRANS	12	34	0
CP065322.1_885	TRANS	38	57	0
CP065322.1_886	B5	1	41	70851.6840670352
CP065322.1_887	HAMP	7	58	1331.30317076584
CP065322.1_888	TRANS	7	29	0
CP065322.1_891	TRANS	7	29	0
CP065322.1_893	HTH_DEOR	13	58	38.6303074257784
CP065322.1_899	SIGNAL	1	21	0
CP065322.1_900	SIGNAL	1	33	0
CP065322.1_900	TRANS	10	32	0
CP065322.1_901	RPEL	4	26	1735.35848485279
CP065322.1_901	Mac	6	60	77278.334960687
CP065322.1_903	SIGNAL	1	22	0
CP065322.1_903	TRANS	7	26	0
CP065322.1_904	SIGNAL	1	21	0
CP065322.1_907	ChtBD3	5	41	1277.57217185187
CP065322.1_909	EFh	14	42	564.095655611674
CP065322.1_911	TRANS	12	34	0
CP065322.1_914	TRANS	7	29	0
CP065322.1_914	TRANS	35	57	0
CP065322.1_917	TRANS	20	42	0
CP065322.1_918	PASTA	2	53	460355.709896898
CP065322.1_919	PUR	5	59	1.1034046085925e-06
CP065322.1_922	TRANS	42	59	0
CP065322.1_923	SIGNAL	1	27	0
CP065322.1_924	TRANS	10	32	0
CP065322.1_925	SIGNAL	1	18	0
CP065322.1_926	SIGNAL	1	20	0
CP065322.1_929	TRANS	38	57	0
CP065322.1_930	Matrilin_ccoil	4	48	134955.308461301
CP065322.1_930	GLUCA	34	56	1711.03275446469
CP065322.1_931	TRANS	36	55	0
CP065322.1_932	Y1_Tnp	9	60	43886.3002758979
CP065322.1_933	EKR	7	51	104464.901754965
CP065322.1_934	LRR_RI	24	53	1793.05323701848
CP065322.1_936	ORANGE	14	57	163089.000539444
CP065322.1_939	SIGNAL	1	26	0
CP065322.1_939	TRANS	5	27	0
CP065322.1_946	SPT2	2	58	100262.932485082
CP065322.1_951	DCP2	6	54	88445.4212684896
CP065322.1_951	GASTRIN	39	52	1003.29236275207
CP065322.1_955	TRANS	9	31	0
CP065322.1_956	TRANS	29	47	0
CP065322.1_958	SIGNAL	1	24	0
CP065322.1_958	Defensin_propep	7	53	106418.052786691
CP065322.1_959	Frataxin_Cyay	1	60	179464.427064534
CP065322.1_959	GS	1	24	1000.24727803276
CP065322.1_961	TRANS	20	42	0
CP065322.1_964	KASH	1	36	113593.176101402
CP065322.1_964	SIGNAL	1	21	0
CP065322.1_965	TRANS	20	42	0
CP065322.1_967	TRANS	32	51	0
CP065322.1_969	DM15	17	42	486.476296817745
CP065322.1_969	TRANS	33	55	0
CP065322.1_975	TRANS	23	45	0
CP065322.1_976	TRANS	18	40	0
CP065322.1_978	CALCITONIN	14	47	452.434462095468
CP065322.1_980	TRANS	13	35	0
CP065322.1_980	TRANS	39	58	0
CP065322.1_986	TRANS	13	30	0
CP065322.1_986	TRANS	40	59	0
CP065322.1_988	TRANS	5	22	0
CP065322.1_988	TRANS	27	44	0
CP065322.1_989	TRANS	19	41	0
CP065322.1_990	SIGNAL	1	22	0
CP065322.1_995	SIGNAL	1	18	0
CP065322.1_1002	SIGNAL	1	20	0
CP065322.1_1005	SIGNAL	1	28	0
CP065322.1_1005	TRANS	2	24	0
CP065322.1_1006	SIGNAL	1	20	0
CP065322.1_1007	SIGNAL	1	22	0
CP065322.1_1008	SIGNAL	1	22	0
CP065322.1_1009	SIGNAL	1	24	0
CP065322.1_1011	TRANS	37	56	0
CP065322.1_1013	RING	38	59	1151.10382280366
CP065322.1_1016	PAH	2	40	782.070213681922
CP065322.1_1019	TRANS	24	46	0
CP065322.1_1020	FYVE	1	42	728.369969839701
CP065322.1_1020	RPOLCX	9	43	1370.25723186461
CP065322.1_1020	EGF_Lam	11	60	220.3346363868
CP065322.1_1020	ZnF_C2C2	11	42	500.516485747192
CP065322.1_1020	C1_4	12	38	28954.6650738596
CP065322.1_1020	RING	13	36	835.0242326877
CP065322.1_1020	RPOL9	13	58	2.47880996812137
CP065322.1_1020	CxxC_CXXC_SSSS	13	46	7388.20526085058
CP065322.1_1020	TRASH	13	44	304819.385912288
CP065322.1_1020	ZnF_Rad18	30	48	337.065502456994
CP065322.1_1022	Adenylsucc_synt	2	60	0.0083463968464663
CP065322.1_1023	CRAL_TRIO_N	13	37	2842.38471733839
CP065322.1_1025	SIGNAL	1	23	0
CP065322.1_1032	TRANS	35	57	0
CP065322.1_1033	SIGNAL	1	19	0
CP065322.1_1034	SIGNAL	1	19	0
CP065322.1_1037	TRANS	5	27	0
CP065322.1_1038	LY	10	46	1492.13755074645
CP065322.1_1039	HTH_XRE	11	60	24.2117043111957
CP065322.1_1039	HTH_DEOR	11	46	1191.38957896774
CP065322.1_1041	TRANS	15	34	0
CP065322.1_1043	TRANS	21	43	0
CP065322.1_1045	SIGNAL	1	26	0
CP065322.1_1045	TRANS	7	26	0
CP065322.1_1047	HhH2	17	55	1307.55790301463
CP065322.1_1047	HhH1	32	51	1015.47857698012
CP065322.1_1048	UBA	6	40	1087.41001179497
CP065322.1_1051	SIGNAL	1	19	0
CP065322.1_1051	TRANS	5	22	0
CP065322.1_1055	SIGNAL	1	16	0
CP065322.1_1055	TRANS	30	49	0
CP065322.1_1058	SIGNAL	1	20	0
CP065322.1_1061	SIGNAL	1	18	0
CP065322.1_1062	SIGNAL	1	26	0
CP065322.1_1062	TIFY	6	39	39656.5061763012
CP065322.1_1062	TRANS	12	34	0
CP065322.1_1063	SIGNAL	1	33	0
CP065322.1_1063	TRANS	13	35	0
CP065322.1_1063	Defensin_propep	15	57	232193.671240162
CP065322.1_1067	SIGNAL	1	20	0
CP065322.1_1068	Arg_tRNA_synt_N	5	60	20.0647107622515
CP065322.1_1072	SIGNAL	1	22	0
CP065322.1_1076	GS	25	54	770.606265219888
CP065322.1_1087	CHZ	24	54	55818.9279155349
CP065322.1_1094	LEM	16	44	2026.29086505689
CP065322.1_1095	Matrilin_ccoil	12	48	200944.374516558
CP065322.1_1098	TRANS	21	43	0
CP065322.1_1099	SIGNAL	1	20	0
CP065322.1_1099	TRANS	5	24	0
CP065322.1_1099	TRANS	28	47	0
CP065322.1_1100	TY	2	42	237.327004673989
CP065322.1_1103	TRANS	13	35	0
CP065322.1_1104	SIGNAL	1	20	0
CP065322.1_1104	TRANS	5	27	0
CP065322.1_1112	Knot1	16	59	1661.55805176622
CP065322.1_1112	EGF_CA	23	54	508.995885927307
CP065322.1_1112	EGF	25	54	973.604865122882
CP065322.1_1120	TRANS	12	34	0
CP065322.1_1121	TRANS	25	47	0
CP065322.1_1122	SIGNAL	1	19	0
CP065322.1_1122	TRANS	7	29	0
CP065322.1_1124	S4	12	60	0.516660622551163
CP065322.1_1126	SIGNAL	1	21	0
CP065322.1_1127	P68HR	9	38	285325.512805664
CP065322.1_1128	TRANS	7	26	0
CP065322.1_1128	TRANS	31	53	0
CP065322.1_1129	TRANS	7	29	0
CP065322.1_1129	IRO	36	49	650.971915829813
CP065322.1_1131	SIGNAL	1	29	0
CP065322.1_1134	SIGNAL	1	25	0
CP065322.1_1134	TRANS	9	31	0
CP065322.1_1135	Defensin_propep	13	56	291153.202049301
CP065322.1_1135	TRANS	20	42	0
CP065322.1_1137	Defensin_propep	1	38	306161.850825049
CP065322.1_1137	SIGNAL	1	19	0
CP065322.1_1141	TRANS	10	30	0
CP065322.1_1141	TRANS	37	59	0
CP065322.1_1142	SIGNAL	1	19	0
CP065322.1_1143	SIGNAL	1	24	0
CP065322.1_1143	TRANS	10	32	0
CP065322.1_1145	TRANS	33	55	0
CP065322.1_1146	Kelch	2	40	800.999145190841
CP065322.1_1146	ELK	28	49	90172.8106067472
CP065322.1_1149	SIGNAL	1	17	0
CP065322.1_1150	TRANS	5	27	0
CP065322.1_1150	TRANS	37	59	0
CP065322.1_1152	TRANS	5	27	0
CP065322.1_1153	TRANS	5	27	0
CP065322.1_1155	UBA	19	58	518.398706296831
CP065322.1_1155	TRANS	26	48	0
CP065322.1_1158	TRANS	27	49	0
CP065322.1_1159	SFM	4	32	1512.93353774771
CP065322.1_1159	BRLZ	4	49	701.791136659048
CP065322.1_1159	HLH	5	46	690.318272559851
CP065322.1_1160	ZnF_TAZ	11	50	1691.47751736268
CP065322.1_1163	TRANS	10	32	0
CP065322.1_1163	TRANS	41	58	0
CP065322.1_1166	THEG	14	33	2352.16029666263
CP065322.1_1166	TRANS	20	42	0
CP065322.1_1170	SIGNAL	1	23	0
CP065322.1_1170	TRANS	7	29	0
CP065322.1_1171	SIGNAL	1	24	0
CP065322.1_1172	TRANS	5	24	0
CP065322.1_1173	ZnF_C3H1	4	25	2231.94350023586
CP065322.1_1173	TRANS	37	59	0
CP065322.1_1174	TRANS	15	37	0
CP065322.1_1175	ZnF_RBZ	1	13	1773.99350197286
CP065322.1_1175	ZnF_ZZ	1	47	1447.00722786646
CP065322.1_1175	BBOX	2	42	241.111252306377
CP065322.1_1175	ZnF_C4	4	38	394.988938465298
CP065322.1_1175	ZnF_C2C2	5	40	268.081554726385
CP065322.1_1175	LIM	6	58	443.780048674739
CP065322.1_1175	RING	7	35	230.935945897906
CP065322.1_1175	TRASH	7	39	213308.900300535
CP065322.1_1178	SIGNAL	1	21	0
CP065322.1_1181	CRF	17	43	1447.90109941816
CP065322.1_1182	Defensin_propep	1	45	39841.035310957
CP065322.1_1182	SIGNAL	1	16	0
CP065322.1_1186	TRANS	20	42	0
CP065322.1_1189	HhH1	40	59	1474.77540732472
CP065322.1_1190	HhH1	27	46	330.939518045155
CP065322.1_1191	SIGNAL	1	20	0
CP065322.1_1197	KRBA1	11	55	70931.6141401288
CP065322.1_1200	SIGNAL	1	20	0
CP065322.1_1205	IRO	7	21	1281.22313248163
CP065322.1_1205	TRANS	13	35	0
CP065322.1_1205	TRANS	40	59	0
CP065322.1_1207	NOSIC	7	47	58225.3037912813
CP065322.1_1209	TRANS	4	26	0
CP065322.1_1209	TRANS	33	55	0
CP065322.1_1211	SIGNAL	1	20	0
CP065322.1_1213	IBR	5	51	1738.90874574014
CP065322.1_1213	FYVE	10	60	1267.93239526972
CP065322.1_1213	WAP	17	52	1250.98662666718
CP065322.1_1218	TK	30	40	844.572828480566
CP065322.1_1219	TRANS	4	21	0
CP065322.1_1221	TRANS	21	43	0
CP065322.1_1222	SIGNAL	1	21	0
CP065322.1_1223	FF	4	53	531.987943502409
CP065322.1_1224	TRANS	10	32	0
CP065322.1_1225	SIGNAL	1	19	0
CP065322.1_1231	AIRC	1	59	77.4768088727126
CP065322.1_1232	SIGNAL	1	19	0
CP065322.1_1233	DUF167	3	46	146453.751160132
CP065322.1_1236	SIGNAL	1	20	0
CP065322.1_1237	TRANS	33	55	0
CP065322.1_1238	SIGNAL	1	22	0
CP065322.1_1239	ZnF_GATA	1	54	954.530467610921
CP065322.1_1239	RING	2	31	835.0242326877
CP065322.1_1239	PHD	2	32	1434.78734207732
CP065322.1_1239	BowB	3	31	656.545358211284
CP065322.1_1239	ZnF_C2C2	5	37	1275.56988819459
CP065322.1_1239	RPOLCX	6	47	537.335358525528
CP065322.1_1239	CxxC_CXXC_SSSS	7	40	4956.91279583632
CP065322.1_1240	TRANS	23	45	0
CP065322.1_1245	DSX_dimer	1	41	28754.9627944322
CP065322.1_1246	EKR	3	53	110441.292489147
CP065322.1_1250	SIGNAL	1	17	0
CP065322.1_1251	TRANS	7	24	0
CP065322.1_1252	TRANS	10	28	0
CP065322.1_1252	TRANS	41	58	0
CP065322.1_1254	TRANS	12	34	0
CP065322.1_1255	TRANS	13	35	0
CP065322.1_1257	TRANS	3	25	0
CP065322.1_1257	TRANS	35	57	0
CP065322.1_1258	TRANS	31	53	0
CP065322.1_1259	TRANS	7	29	0
CP065322.1_1260	SIGNAL	1	18	0
CP065322.1_1261	SIGNAL	1	19	0
CP065322.1_1261	TRANS	5	24	0
CP065322.1_1261	Defensin_propep	8	50	291153.202049301
CP065322.1_1264	TRANS	12	34	0
CP065322.1_1265	TRANS	9	31	0
CP065322.1_1267	FtsA	7	60	1398.0628882349
CP065322.1_1268	TRANS	20	42	0
CP065322.1_1270	TRANS	20	42	0
CP065322.1_1271	TRANS	31	53	0
CP065322.1_1274	KOW	26	53	2356.74167070635
CP065322.1_1275	TRANS	10	32	0
CP065322.1_1277	WHEP-TRS	15	60	51428.0933585865
CP065322.1_1277	Tower	16	50	23765.0371685192
CP065322.1_1278	Ribosomal_S13_N	1	51	162292.32589339
CP065322.1_1278	DUF1713	13	43	194820.979838014
CP065322.1_1278	TDU	21	35	1689.33002746187
CP065322.1_1278	TRANS	37	59	0
CP065322.1_1281	TRANS	10	32	0
CP065322.1_1282	TRANS	5	27	0
CP065322.1_1282	TRANS	37	59	0
CP065322.1_1285	TRANS	5	22	0
CP065322.1_1285	TRANS	37	59	0
CP065322.1_1286	TRANS	20	42	0
CP065322.1_1288	SIGNAL	1	21	0
CP065322.1_1289	SIGNAL	1	17	0
CP065322.1_1290	SIGNAL	1	23	0
CP065322.1_1290	TRANS	7	29	0
CP065322.1_1292	TRANS	4	26	0
CP065322.1_1292	Col_cuticle_N	9	52	54894.9706562072
CP065322.1_1292	COIL	30	60	0
CP065322.1_1296	TRANS	24	46	0
CP065322.1_1298	TRANS	20	42	0
CP065322.1_1299	TRANS	4	26	0
CP065322.1_1299	TRANS	39	58	0
CP065322.1_1300	SIGNAL	1	24	0
CP065322.1_1301	SIGNAL	1	24	0
CP065322.1_1302	SIGNAL	1	22	0
CP065322.1_1302	TRANS	7	24	0
CP065322.1_1304	TRANS	15	32	0
CP065322.1_1305	SIGNAL	1	20	0
CP065322.1_1306	SIGNAL	1	24	0
CP065322.1_1306	TRANS	7	29	0
CP065322.1_1308	SIGNAL	1	18	0
CP065322.1_1312	SIGNAL	1	21	0
CP065322.1_1312	TRANS	10	32	0
CP065322.1_1315	TRANS	28	50	0
CP065322.1_1317	TRANS	15	37	0
CP065322.1_1320	TRANS	12	34	0
CP065322.1_1322	Semialdhyde_dh	2	58	23905.7692528524
CP065322.1_1322	Kelch	2	44	2225.14970390843
CP065322.1_1325	CXC	11	34	80340.7165001829
CP065322.1_1325	CBM_10	15	43	103725.94401093
CP065322.1_1325	RINGv	16	45	2650.06409407345
CP065322.1_1327	SIGNAL	1	20	0
CP065322.1_1333	HTH_XRE	6	60	28.6985382119992
CP065322.1_1335	tRNA_SAD	3	47	91635.9636900051
CP065322.1_1335	HTH_XRE	17	59	3.82280392579012
CP065322.1_1335	HTH_CRP	20	56	1602.14029974044
CP065322.1_1336	COIL	10	56	0
CP065322.1_1337	TK	34	44	1821.84780632002
CP065322.1_1338	SIGNAL	1	22	0
CP065322.1_1339	LAB_N	12	55	110328.635898776
CP065322.1_1339	TRANS	23	42	0
CP065322.1_1340	Cation_ATPase_N	4	60	0.00237829033070927
CP065322.1_1341	SIGNAL	1	32	0
CP065322.1_1341	TRANS	10	27	0
CP065322.1_1342	TRANS	13	32	0
CP065322.1_1343	TRANS	13	32	0
CP065322.1_1343	TRANS	42	59	0
CP065322.1_1347	SIGNAL	1	25	0
CP065322.1_1348	SIGNAL	1	27	0
CP065322.1_1349	SIGNAL	1	25	0
CP065322.1_1353	SIGNAL	1	30	0
CP065322.1_1354	SIGNAL	1	21	0
CP065322.1_1357	TRANS	20	37	0
CP065322.1_1360	HormR	3	60	897.293867991893
CP065322.1_1360	ZnF_C2C2	5	34	86.1025467206677
CP065322.1_1361	TRANS	4	26	0
CP065322.1_1362	SIGNAL	1	25	0
CP065322.1_1363	S4	14	60	0.882683372809538
CP065322.1_1367	HTH_GNTR	8	60	331.976426879782
CP065322.1_1367	HTH_ARSR	10	59	2203.06201721402
CP065322.1_1367	HTH_CRP	17	60	1602.14029974044
CP065322.1_1367	HTH_DTXR	26	60	3578.17828922173
CP065322.1_1368	STI1	3	38	724.729969567747
CP065322.1_1368	FISNA	5	53	146980.932609038
CP065322.1_1368	RNA_pol_Rpb6	5	59	136101.50568303
CP065322.1_1368	S1	18	60	86.0458967449851
CP065322.1_1369	SIGNAL	1	21	0
CP065322.1_1369	TRANS	5	22	0
CP065322.1_1371	SIGNAL	1	21	0
CP065322.1_1374	TRANS	5	27	0
CP065322.1_1381	SIGNAL	1	19	0
CP065322.1_1381	TRANS	5	27	0
CP065322.1_1382	TRANS	7	29	0
CP065322.1_1382	TRANS	33	55	0
CP065322.1_1383	HOX	11	58	912.173447072679
CP065322.1_1384	HTH_XRE	9	59	333.486694415117
CP065322.1_1386	TRANS	37	56	0
CP065322.1_1388	Ribosomal_S27	11	49	208360.285617334
CP065322.1_1388	Ribosomal_L40e	12	58	340080.339616864
CP065322.1_1388	ZnF_GATA	24	60	844.361858596312
CP065322.1_1388	Prim_Zn_Ribbon	25	57	51339.3201444803
CP065322.1_1388	BBOX	25	60	1798.28979892085
CP065322.1_1388	CxxC_CXXC_SSSS	29	55	11657.5744935004
CP065322.1_1388	ZnF_C2HC	29	45	17.7219538275609
CP065322.1_1388	ChtBD1	32	56	684.738803968712
CP065322.1_1394	TRANS	26	48	0
CP065322.1_1395	TRANS	32	54	0
CP065322.1_1397	SIGNAL	1	20	0
CP065322.1_1398	TRANS	25	47	0
CP065322.1_1398	YajC	30	60	4977.53235230371
CP065322.1_1402	SIGNAL	1	21	0
CP065322.1_1404	Cpn10	1	60	115501.240307325
CP065322.1_1404	BHL	5	60	0.261358061055575
CP065322.1_1405	SIGNAL	1	25	0
CP065322.1_1408	TRANS	32	54	0
CP065322.1_1409	TRANS	13	35	0
CP065322.1_1410	TRANS	10	32	0
CP065322.1_1411	TRANS	41	58	0
CP065322.1_1413	SIGNAL	1	22	0
CP065322.1_1415	AgrD	2	46	32444.5314337982
CP065322.1_1415	GoLoco	11	32	1164.27217798745
CP065322.1_1416	Ribosomal_L14	1	60	0.0049081154529501
CP065322.1_1418	cwf21	3	34	92781.6331777841
CP065322.1_1421	HTH_LACI	14	60	685.588514829184
CP065322.1_1421	HhH1	19	38	931.642305582561
CP065322.1_1422	SIGNAL	1	21	0
CP065322.1_1422	COIL	20	60	0
CP065322.1_1423	IRO	25	43	253.975330106515
CP065322.1_1428	Ribosomal_S10	7	60	2.98180729388793e-06
CP065322.1_1435	REC	4	59	197.103755173282
CP065322.1_1436	TRANS	10	32	0
CP065322.1_1439	SIGNAL	1	20	0
CP065322.1_1439	VHP	33	58	1355.64787692242
CP065322.1_1441	TRANS	7	29	0
CP065322.1_1446	GYF	2	54	356.030396158522
CP065322.1_1447	TRANS	20	39	0
CP065322.1_1449	SIGNAL	1	31	0
CP065322.1_1450	TRANS	9	31	0
CP065322.1_1454	SIGNAL	1	24	0
CP065322.1_1454	TRANS	5	27	0
CP065322.1_1455	4.1m	1	22	881.311081680704
CP065322.1_1456	SIGNAL	1	30	0
CP065322.1_1457	SIGNAL	1	22	0
CP065322.1_1461	TRANS	26	45	0
CP065322.1_1462	ZnF_A20	26	47	414.077717627882
CP065322.1_1462	END	27	48	1113.0943719373
CP065322.1_1466	TRANS	35	57	0
CP065322.1_1467	TRANS	20	39	0
CP065322.1_1467	ZnF_C2HC	33	49	2102.14261195444
CP065322.1_1468	SIGNAL	1	24	0
CP065322.1_1468	LRR_CC	3	24	1599.18301384519
CP065322.1_1468	HTH_LUXR	6	58	386.945101064852
CP065322.1_1469	SIGNAL	1	23	0
CP065322.1_1470	TRANS	27	49	0
CP065322.1_1473	TECPR	20	58	2077.19112624576
CP065322.1_1475	PLP	4	57	847.703194564632
CP065322.1_1476	tRNA_SAD	13	49	118591.980612608
CP065322.1_1477	TRANS	13	35	0
CP065322.1_1480	TRANS	33	55	0
CP065322.1_1481	SIGNAL	1	22	0
CP065322.1_1481	TRANS	9	31	0
CP065322.1_1481	ZnF_C2HC	31	45	740.627840237011
CP065322.1_1482	SIGNAL	1	19	0
CP065322.1_1484	AgrD	1	38	30771.4545944752
CP065322.1_1484	SIGNAL	1	23	0
CP065322.1_1484	TRANS	7	24	0
CP065322.1_1485	GluR_Homer-bdg	9	50	117987.888439238
CP065322.1_1487	POLIIIAc	6	60	1.99058176329462e-13
CP065322.1_1492	TRANS	27	44	0
CP065322.1_1493	SIGNAL	1	19	0
CP065322.1_1493	TRANS	4	26	0
CP065322.1_1494	TRANS	5	27	0
CP065322.1_1494	EZ_HEAT	27	55	1042.22404142103
CP065322.1_1496	Ribosomal_S15	2	60	4.41364720437157e-09
CP065322.1_1497	Mac	6	60	4.52791321382919e-18
CP065322.1_1504	SIGNAL	1	23	0
CP065322.1_1504	TRANS	7	29	0
CP065322.1_1505	TRANS	21	40	0
CP065322.1_1507	TRANS	13	35	0
CP065322.1_1508	SEL1	6	42	2089.95923209972
CP065322.1_1509	HTH_LACI	1	57	1335.30986608262
CP065322.1_1511	TRANS	13	35	0
CP065322.1_1512	Excalibur	16	42	102238.707039728
CP065322.1_1513	TRANS	5	27	0
CP065322.1_1519	COIL	29	57	0
CP065322.1_1521	TRANS	9	28	0
CP065322.1_1522	Molybdop_Fe4S4	1	60	72280.8234997328
CP065322.1_1522	PostSET	44	60	1547.92061547168
CP065322.1_1523	SIGNAL	1	23	0
CP065322.1_1525	SIGNAL	1	25	0
CP065322.1_1531	SIGNAL	1	18	0
CP065322.1_1531	Defensin_propep	4	45	96220.5341622687
CP065322.1_1532	TRANS	21	43	0
CP065322.1_1533	RPOL9	1	33	1375.8144161685
CP065322.1_1533	RPOLCX	1	34	1500.09415185344
CP065322.1_1538	SRP54_N	1	59	1028.89389274022
CP065322.1_1538	H-kinase_dim	13	59	110132.557518648
CP065322.1_1541	SIGNAL	1	20	0
CP065322.1_1546	SIGNAL	1	23	0
CP065322.1_1547	TRANS	7	26	0
CP065322.1_1548	SIGNAL	1	22	0
CP065322.1_1548	TRANS	7	29	0
CP065322.1_1549	TRANS	41	58	0
CP065322.1_1550	Ribosomal_S4	3	60	1.71987648948287
CP065322.1_1556	HhH1	8	27	588.239758660417
CP065322.1_1556	HhH1	40	59	152.169539438297
CP065322.1_1557	SIGNAL	1	19	0
CP065322.1_1564	SIGNAL	1	19	0
CP065322.1_1564	AT_hook	25	37	1128.97048571029
CP065322.1_1566	SIGNAL	1	31	0
CP065322.1_1566	TRANS	12	34	0
CP065322.1_1567	SIGNAL	1	20	0
CP065322.1_1568	SIGNAL	1	19	0
CP065322.1_1569	TRANS	28	50	0
CP065322.1_1574	SIGNAL	1	22	0
CP065322.1_1576	BMC	1	55	70554.1436506171
CP065322.1_1576	Amb_V_allergen	1	40	100722.138821535
CP065322.1_1577	SIGNAL	1	16	0
CP065322.1_1578	SIGNAL	1	24	0
CP065322.1_1578	TRANS	5	27	0
CP065322.1_1579	SIGNAL	1	32	0
CP065322.1_1581	Zalpha	1	59	15.604107050604
CP065322.1_1581	HTH_GNTR	3	60	3.96992267570253
CP065322.1_1581	HTH_DEOR	7	59	7.39696709144508e-16
CP065322.1_1581	Jag_N	9	54	88519.4629143987
CP065322.1_1584	BBOX	15	46	616.985237387437
CP065322.1_1586	SIGNAL	1	26	0
CP065322.1_1586	Defensin_propep	10	52	220802.851905442
CP065322.1_1587	TRANS	4	26	0
CP065322.1_1589	B12-binding_2	1	60	52619.256131089
CP065322.1_1589	Defensin_propep	1	51	34250.4385063544
CP065322.1_1589	SIGNAL	1	23	0
CP065322.1_1590	SIGNAL	1	22	0
CP065322.1_1592	KU	9	56	1808.11333508399
CP065322.1_1593	SIGNAL	1	26	0
CP065322.1_1594	SIGNAL	1	16	0
CP065322.1_1595	LRRNT	27	48	160.485603433526
CP065322.1_1597	PostSET	3	14	1602.18065122233
CP065322.1_1599	YL1_C	16	36	104702.507499177
CP065322.1_1602	ORANGE	8	54	163089.000539444
CP065322.1_1603	TRANS	9	31	0
CP065322.1_1604	SIGNAL	1	23	0
CP065322.1_1608	TRANS	12	34	0
CP065322.1_1609	TRANS	5	24	0
CP065322.1_1609	ANATO	19	55	1640.68962235016
CP065322.1_1609	TRANS	37	59	0
CP065322.1_1610	SIGNAL	1	21	0
CP065322.1_1610	TRANS	4	21	0
CP065322.1_1610	TRANS	34	56	0
CP065322.1_1612	AlcB	10	57	17401.6076256217
CP065322.1_1614	TRANS	21	40	0
CP065322.1_1619	CRF	13	49	1259.40074015829
CP065322.1_1621	ANATO	18	40	839.423142225107
CP065322.1_1622	TRANS	20	42	0
CP065322.1_1623	HhH2	4	36	781.667563204545
CP065322.1_1623	TRANS	13	35	0
CP065322.1_1624	SIGNAL	1	20	0
CP065322.1_1625	SIGNAL	1	19	0
CP065322.1_1626	SIGNAL	1	26	0
CP065322.1_1628	TRANS	20	39	0
CP065322.1_1629	SIGNAL	1	17	0
CP065322.1_1630	SIGNAL	1	22	0
CP065322.1_1634	DUF1713	6	32	124134.046781884
CP065322.1_1635	SIGNAL	1	22	0
CP065322.1_1636	TRANS	20	42	0
CP065322.1_1637	TRANS	33	55	0
CP065322.1_1638	Sm	2	51	397.08518246629
CP065322.1_1638	COIL	12	34	0
CP065322.1_1638	TPR	13	46	1202.12943591637
CP065322.1_1638	SEL1	13	44	767.008023632877
CP065322.1_1639	SIGNAL	1	19	0
CP065322.1_1640	SIGNAL	1	20	0
CP065322.1_1641	TRANS	7	29	0
CP065322.1_1643	HAMP	1	52	926.356681745661
CP065322.1_1646	HhH1	10	29	659.923389002082
CP065322.1_1649	DSX_dimer	14	55	193654.165196832
CP065322.1_1650	GATase_5	1	60	28754.4881647598
CP065322.1_1653	TRANS	7	29	0
CP065322.1_1654	TRANS	15	37	0
CP065322.1_1654	PYNP_C	17	59	19057.3905085324
CP065322.1_1657	FerB	11	58	57312.2386176283
CP065322.1_1659	SIGNAL	1	25	0
CP065322.1_1659	TRANS	6	28	0
CP065322.1_1660	TRANS	19	41	0
CP065322.1_1661	TRANS	20	42	0
CP065322.1_1662	SIGNAL	1	28	0
CP065322.1_1662	TRANS	7	29	0
CP065322.1_1662	Defensin_propep	10	55	226426.809879537
CP065322.1_1664	SIGNAL	1	23	0
CP065322.1_1664	TRANS	5	27	0
CP065322.1_1665	LEM	4	46	250.183651648588
CP065322.1_1670	TRANS	24	46	0
CP065322.1_1671	CxxC_CXXC_SSSS	1	51	0.0197863649927073
CP065322.1_1671	FYVE	9	50	1672.45315323531
CP065322.1_1671	BBOX	13	49	1648.02501159841
CP065322.1_1671	ZnF_RBZ	17	45	1673.99155033826
CP065322.1_1671	RINGv	17	43	1874.63226148381
CP065322.1_1671	RING	18	42	1120.72714027109
CP065322.1_1675	SIGNAL	1	24	0
CP065322.1_1675	TRANS	10	32	0
CP065322.1_1678	TRANS	15	37	0
CP065322.1_1679	TRANS	15	37	0
CP065322.1_1680	SIGNAL	1	25	0
CP065322.1_1682	TRANS	13	30	0
CP065322.1_1682	TRANS	35	53	0
CP065322.1_1684	C1	7	47	1076.07614454591
CP065322.1_1684	Prim_Zn_Ribbon	13	57	3576.7335921364
CP065322.1_1684	CxxC_CXXC_SSSS	13	40	54290.2369151999
CP065322.1_1684	PHD	17	51	534.799018591575
CP065322.1_1684	ZnF_C2HC	17	37	1248.12313781819
CP065322.1_1686	Thiol-ester_cl	21	53	46517.5547483825
CP065322.1_1689	SIGNAL	1	20	0
CP065322.1_1689	TRANS	10	27	0
CP065322.1_1690	cwf21	7	47	72783.1743423172
CP065322.1_1691	TRANS	31	50	0
CP065322.1_1692	TRANS	10	29	0
CP065322.1_1693	SIGNAL	1	25	0
CP065322.1_1694	TRANS	7	29	0
CP065322.1_1695	TRANS	4	23	0
CP065322.1_1696	SIGNAL	1	23	0
CP065322.1_1697	HTH_GNTR	2	55	1163.34535781644
CP065322.1_1697	HTH_XRE	5	60	3340.47009564152
CP065322.1_1697	IENR1	6	53	82.9644790494868
CP065322.1_1700	SIGNAL	1	19	0
CP065322.1_1701	SIGNAL	1	19	0
CP065322.1_1701	TRANS	5	24	0
CP065322.1_1702	Gp_dh_N	2	57	10275.5086900363
CP065322.1_1703	SIGNAL	1	20	0
CP065322.1_1703	TRANS	5	27	0
CP065322.1_1705	SIGNAL	1	23	0
CP065322.1_1709	SIGNAL	1	21	0
CP065322.1_1710	ZnF_RBZ	7	37	1052.03957860725
CP065322.1_1710	ZnF_Rad18	8	32	134.772338762607
CP065322.1_1710	C1_4	10	36	95743.3953629947
CP065322.1_1710	CxxC_CXXC_SSSS	11	45	9548.95963634052
CP065322.1_1712	TRANS	10	29	0
CP065322.1_1714	NADH_4Fe-4S	23	56	64089.2845714688
CP065322.1_1720	SIGNAL	1	22	0
CP065322.1_1720	TRANS	5	27	0
CP065322.1_1722	TRANS	34	53	0
CP065322.1_1723	MORN	29	50	0.00120930687485225
CP065322.1_1724	SIGNAL	1	27	0
CP065322.1_1724	RNA_pol_Rpb6	3	50	184629.858795249
CP065322.1_1729	SIGNAL	1	23	0
CP065322.1_1729	TRANS	7	29	0
CP065322.1_1730	SIGNAL	1	18	0
CP065322.1_1734	SIGNAL	1	20	0
CP065322.1_1737	ChtBD2	16	59	167.236982604999
CP065322.1_1737	NL	31	58	759.022538878744
CP065322.1_1740	DUF1751	2	55	193213.861437672
CP065322.1_1740	TRANS	2	19	0
CP065322.1_1740	TRANS	34	53	0
CP065322.1_1741	SIGNAL	1	22	0
CP065322.1_1741	TRANS	7	29	0
CP065322.1_1742	SIGNAL	1	21	0
CP065322.1_1744	TRANS	21	38	0
CP065322.1_1745	SIGNAL	1	20	0
CP065322.1_1747	HOX	9	57	1044.247097915
CP065322.1_1747	HTH_XRE	13	60	503.871678006047
CP065322.1_1747	HTH_LUXR	13	55	1240.31407518086
CP065322.1_1748	RINGv	1	33	2512.66495385978
CP065322.1_1749	TRANS	20	39	0
CP065322.1_1754	CUE	18	59	1334.05295020764
CP065322.1_1758	TRANS	10	29	0
CP065322.1_1758	TRANS	34	56	0
CP065322.1_1761	SIGNAL	1	24	0
CP065322.1_1762	TRANS	23	45	0
CP065322.1_1763	SIGNAL	1	22	0
CP065322.1_1763	TRANS	10	27	0
CP065322.1_1768	TRANS	29	51	0
CP065322.1_1770	SpoVT_AbrB	14	54	33412.0394701916
CP065322.1_1772	TRANS	13	35	0
CP065322.1_1773	TRANS	13	35	0
CP065322.1_1776	TRANS	20	42	0
CP065322.1_1776	EZ_HEAT	21	50	1012.95752562785
CP065322.1_1779	SIGNAL	1	21	0
CP065322.1_1779	TRANS	7	29	0
CP065322.1_1780	TRANS	10	32	0
CP065322.1_1781	TRANS	20	42	0
CP065322.1_1781	ZnF_C2HC	41	51	1619.94442211656
CP065322.1_1783	TRANS	28	50	0
CP065322.1_1784	Tower	10	32	90661.0567690319
CP065322.1_1785	TRANS	7	29	0
CP065322.1_1785	Cu_FIST	33	59	1698.640971838
CP065322.1_1786	Cir_N	7	40	43795.1858203542
CP065322.1_1790	SIGNAL	1	23	0
CP065322.1_1791	SIGNAL	1	23	0
CP065322.1_1794	UBA	1	43	48.5822975085343
CP065322.1_1794	TAP_C	1	52	12834.8066943783
CP065322.1_1794	GCK	13	57	113779.758190836
CP065322.1_1798	SIGNAL	1	19	0
CP065322.1_1799	SIGNAL	1	22	0
CP065322.1_1802	SIGNAL	1	20	0
CP065322.1_1802	TRANS	5	27	0
CP065322.1_1803	TRANS	5	27	0
CP065322.1_1804	GS	36	59	556.127830724981
CP065322.1_1808	SIGNAL	1	18	0
CP065322.1_1809	TRANS	32	54	0
CP065322.1_1811	SIGNAL	1	22	0
CP065322.1_1813	TRANS	40	59	0
CP065322.1_1815	SIGNAL	1	23	0
CP065322.1_1815	TRANS	10	32	0
CP065322.1_1816	SIGNAL	1	18	0
CP065322.1_1817	SIGNAL	1	22	0
CP065322.1_1818	SIGNAL	1	23	0
CP065322.1_1819	SIGNAL	1	22	0
CP065322.1_1820	TRANS	19	36	0
CP065322.1_1820	TRANS	41	58	0
CP065322.1_1821	SIGNAL	1	22	0
CP065322.1_1821	TRANS	7	29	0
CP065322.1_1823	TRANS	5	27	0
CP065322.1_1823	TRANS	37	54	0
CP065322.1_1827	Defensin_propep	1	56	244170.64854288
CP065322.1_1827	SIGNAL	1	16	0
CP065322.1_1827	COIL	29	60	0
CP065322.1_1828	FN2	21	47	1009.03702277889
CP065322.1_1831	TRANS	13	35	0
CP065322.1_1832	TRANS	5	23	0
CP065322.1_1832	TRANS	30	52	0
CP065322.1_1833	Pumilio	24	59	832.332088418056
CP065322.1_1835	TRANS	20	42	0
CP065322.1_1838	TRANS	9	31	0
CP065322.1_1838	TRANS	42	59	0
CP065322.1_1840	TRANS	12	29	0
CP065322.1_1840	TRANS	33	55	0
CP065322.1_1841	ZM	27	44	2761.50580289076
CP065322.1_1845	SIGNAL	1	19	0
CP065322.1_1847	FHA	25	60	44.9118791460403
CP065322.1_1853	SIGNAL	1	25	0
CP065322.1_1853	TRANS	7	24	0
CP065322.1_1855	IRO	2	19	1102.31588460616
CP065322.1_1859	TRANS	34	56	0
CP065322.1_1860	SIGNAL	1	16	0
CP065322.1_1860	TRANS	5	22	0
CP065322.1_1863	IMPDH	6	60	21506.7090097658
CP065322.1_1864	HTH_DEOR	18	56	969.594023101423
CP065322.1_1865	Mac	4	58	1.31142374093035e-14
CP065322.1_1868	TRANS	5	27	0
CP065322.1_1869	TRANS	15	37	0
CP065322.1_1870	HTH_CRP	18	60	994.896934537137
CP065322.1_1871	TRANS	13	35	0
CP065322.1_1872	TRANS	10	32	0
CP065322.1_1875	DKCLD	8	28	4941.58691722731
CP065322.1_1878	TRANS	10	32	0
CP065322.1_1884	TPR	6	39	975.199600737688
CP065322.1_1886	HhH1	7	26	1353.14915130959
CP065322.1_1890	SIGNAL	1	18	0
CP065322.1_1890	EFh	31	59	28.9766042924393
CP065322.1_1890	IENR2	43	59	359.756243166712
CP065322.1_1894	TRANS	20	39	0
CP065322.1_1895	SIGNAL	1	25	0
CP065322.1_1897	SIGNAL	1	24	0
CP065322.1_1897	TRANS	5	24	0
CP065322.1_1898	PGAM	15	60	0.00193177202072596
CP065322.1_1901	TRANS	13	35	0
CP065322.1_1907	SIGNAL	1	16	0
CP065322.1_1913	EGF_CA	21	54	925.678030107112
CP065322.1_1926	MORN	30	55	1368.16448145394
CP065322.1_1927	FerA	3	52	40125.0104684386
CP065322.1_1930	TRANS	15	33	0
CP065322.1_1935	Ribosomal_S13_N	1	45	262809.226745732
CP065322.1_1935	NL	4	35	1712.36294042271
CP065322.1_1935	FOLN	26	49	173.446857398317
CP065322.1_1940	ZnF_PMZ	7	31	1271.07381418222
CP065322.1_1947	RINGv	15	49	3646.83227927117
CP065322.1_1948	TRANS	40	59	0
CP065322.1_1950	HLH	18	54	790.049592143336
CP065322.1_1950	COIL	19	41	0
CP065322.1_1956	TRANS	21	43	0
CP065322.1_1958	SIGNAL	1	20	0
CP065322.1_1963	SIGNAL	1	20	0
CP065322.1_1964	SIGNAL	1	20	0
CP065322.1_1965	TRANS	4	26	0
CP065322.1_1965	G3P_acyltransf	6	60	0.00904887940595622
CP065322.1_1966	FN1	11	57	1471.70229627795
CP065322.1_1966	ZnF_C2HC	39	54	456.033515032718
CP065322.1_1971	SIGNAL	1	22	0
CP065322.1_1974	TRANS	7	29	0
CP065322.1_1974	TRANS	42	59	0
CP065322.1_1986	TRANS	12	34	0
CP065322.1_1986	TRANS	38	57	0
CP065322.1_1988	TRANS	20	42	0
CP065322.1_1989	Defensin_propep	1	45	111914.744735802
CP065322.1_1989	SIGNAL	1	20	0
CP065322.1_1990	SIGNAL	1	24	0
CP065322.1_1992	Defensin_propep	1	41	270004.623765391
CP065322.1_1992	SIGNAL	1	20	0
CP065322.1_1993	SIGNAL	1	19	0
CP065322.1_1993	TRANS	7	26	0
CP065322.1_1994	SIGNAL	1	26	0
CP065322.1_1995	SIGNAL	1	28	0
CP065322.1_1998	REC	6	60	141.258741482854
CP065322.1_2000	TRANS	6	28	0
CP065322.1_2001	TRANS	34	56	0
CP065322.1_2002	TRANS	12	34	0
CP065322.1_2007	SIGNAL	1	19	0
CP065322.1_2009	ZnF_C2C2	1	40	156.314350705401
CP065322.1_2009	CHROMO	7	60	473.673793041871
CP065322.1_2009	Mago-bind	10	38	55748.4744992966
CP065322.1_2010	LRR_RI	7	32	68.8565854550168
CP065322.1_2011	TRANS	23	45	0
CP065322.1_2012	Inhibitor_I29	2	56	24983.405415527
CP065322.1_2013	LEM	10	52	1056.46808913119
CP065322.1_2014	TRANS	13	35	0
CP065322.1_2015	Enolase_N	6	60	4.03730876613005e-06
CP065322.1_2017	SIGNAL	1	22	0
CP065322.1_2019	SIGNAL	1	18	0
CP065322.1_2022	SIGNAL	1	21	0
CP065322.1_2024	TRANS	24	46	0
CP065322.1_2025	BHL	1	60	0.136924372810824
CP065322.1_2027	TRANS	4	26	0
CP065322.1_2027	TRANS	33	52	0
CP065322.1_2029	PAC	13	57	1054.22931380012
CP065322.1_2030	TRANS	12	31	0
CP065322.1_2030	TRANS	36	53	0
CP065322.1_2031	ZnF_C3H1	19	41	1026.33297463481
CP065322.1_2034	SIGNAL	1	34	0
CP065322.1_2039	SIGNAL	1	20	0
CP065322.1_2040	TRANS	13	35	0
CP065322.1_2041	SIGNAL	1	24	0
CP065322.1_2042	TRANS	26	48	0
CP065322.1_2044	TRANS	24	46	0
CP065322.1_2046	ZnF_C2C2	29	54	1205.32736812922
CP065322.1_2047	SIGNAL	1	22	0
CP065322.1_2048	zf-AD	13	40	39592.7282332327
CP065322.1_2050	SIGNAL	1	17	0
CP065322.1_2051	HhH1	26	45	641.223724589604
CP065322.1_2054	SIGNAL	1	21	0
CP065322.1_2054	TRANS	4	26	0
CP065322.1_2055	zf-C4_ClpX	34	59	65403.9126752069
CP065322.1_2060	HTH_MERR	7	60	0.0379947825666994
CP065322.1_2060	YL1_C	33	54	6588.57246766388
CP065322.1_2062	KASH	5	42	27545.8150560462
CP065322.1_2062	TRANS	10	32	0
CP065322.1_2063	SIGNAL	1	29	0
CP065322.1_2063	TRANS	12	34	0
CP065322.1_2064	SIGNAL	1	21	0
CP065322.1_2065	TRANS	20	42	0
CP065322.1_2066	Defensin_propep	1	51	215318.27211988
CP065322.1_2066	SIGNAL	1	21	0
CP065322.1_2069	TOPRIM	3	56	897.931351660012
CP065322.1_2070	SIGNAL	1	19	0
CP065322.1_2071	SIGNAL	1	19	0
CP065322.1_2072	SIGNAL	1	21	0
CP065322.1_2073	SIGNAL	1	22	0
CP065322.1_2073	TRANS	5	22	0
CP065322.1_2075	SIGNAL	1	16	0
CP065322.1_2076	TRANS	7	29	0
CP065322.1_2076	Defensin_propep	17	59	176063.729277385
CP065322.1_2077	TRANS	26	48	0
CP065322.1_2078	SIGNAL	1	26	0
CP065322.1_2078	TRANS	5	22	0
CP065322.1_2079	LRRCT	10	53	1747.34891070829
CP065322.1_2079	CNX	12	41	1035.65446522259
CP065322.1_2080	HTH_XRE	1	60	1396.18316080108
CP065322.1_2080	IQ	20	42	1910.15387858603
CP065322.1_2081	TRANS	26	48	0
CP065322.1_2082	SIGNAL	1	23	0
CP065322.1_2087	RIIa	14	57	722.735226341011
CP065322.1_2089	SIGNAL	1	16	0
CP065322.1_2092	SIGNAL	1	20	0
CP065322.1_2093	SIGNAL	1	25	0
CP065322.1_2095	LysM	2	45	226.134564702061
CP065322.1_2095	KOW	4	32	0.0259538280902994
CP065322.1_2099	YL1_C	21	43	17093.5445845662
CP065322.1_2106	PKS_PP	15	59	12419.8199671717
CP065322.1_2106	TRANS	20	42	0
CP065322.1_2108	GASTRIN	11	24	1450.52769880171
CP065322.1_2117	AlcB	1	47	41349.9132556247
CP065322.1_2117	PYNP_C	9	60	24756.6530170555
CP065322.1_2119	Defensin_propep	1	42	276878.210424765
CP065322.1_2119	SIGNAL	1	22	0
CP065322.1_2119	PhnA_Zn_Ribbon	6	43	84699.7020822256
CP065322.1_2121	TRANS	4	25	0
CP065322.1_2122	Defensin_propep	1	47	17343.60344641
CP065322.1_2122	SIGNAL	1	20	0
CP065322.1_2122	TRANS	7	29	0
CP065322.1_2123	Defensin_propep	1	41	365027.781544988
CP065322.1_2123	SIGNAL	1	20	0
CP065322.1_2123	TRANS	7	24	0
CP065322.1_2124	SIGNAL	1	22	0
CP065322.1_2129	KRBA1	13	55	98582.9853885879
CP065322.1_2132	EZ_HEAT	9	51	2184.4562647088
CP065322.1_2133	TRANS	17	39	0
CP065322.1_2134	END	5	22	659.740826727481
CP065322.1_2134	TNFR	7	41	593.983184645636
CP065322.1_2134	ZnF_C2HC	15	25	1811.37876123866
CP065322.1_2135	Ribosomal_S27	5	48	283186.332616513
CP065322.1_2136	Ribosomal_S13_N	1	34	256229.035889004
CP065322.1_2136	TRANS	13	35	0
CP065322.1_2137	SIGNAL	1	17	0
CP065322.1_2138	SIGNAL	1	20	0
CP065322.1_2140	TRANS	12	34	0
CP065322.1_2142	SIGNAL	1	20	0
CP065322.1_2148	PKS_PP	7	59	15.9374313668144
CP065322.1_2148	PKS_PP_betabranch	8	58	47877.2414675571
CP065322.1_2150	SIGNAL	1	28	0
CP065322.1_2150	AgrD	7	48	48254.7053726294
CP065322.1_2150	TRANS	12	28	0
CP065322.1_2151	TRANS	12	34	0
CP065322.1_2157	TRANS	21	43	0
CP065322.1_2161	SIGNAL	1	20	0
CP065322.1_2162	SIGNAL	1	20	0
CP065322.1_2162	TRANS	5	27	0
CP065322.1_2164	LRRcap	33	52	1154.51316234516
CP065322.1_2165	NH	7	53	1017.37893968556
CP065322.1_2167	Defensin_propep	1	58	338531.848217677
CP065322.1_2167	SIGNAL	1	20	0
CP065322.1_2169	SIGNAL	1	22	0
CP065322.1_2170	SIGNAL	1	19	0
CP065322.1_2173	SIGNAL	1	17	0
CP065322.1_2173	TRANS	4	26	0
CP065322.1_2175	SIGNAL	1	19	0
CP065322.1_2175	TRANS	4	26	0
CP065322.1_2176	SIGNAL	1	22	0
CP065322.1_2178	SEL1	23	56	215.785611103278
CP065322.1_2179	CNX	8	41	1327.22852017213
CP065322.1_2180	SIGNAL	1	22	0
CP065322.1_2181	TRANS	15	37	0
CP065322.1_2182	SpoVT_AbrB	6	48	73243.8198094157
CP065322.1_2184	PLP	18	59	1713.48530278146
CP065322.1_2186	RPOLCX	17	59	125.963214388803
CP065322.1_2186	ZnF_ZZ	32	56	1370.59429326262
CP065322.1_2187	Defensin_propep	1	48	204753.57513462
CP065322.1_2187	SIGNAL	1	21	0
CP065322.1_2190	Pumilio	4	41	1927.36328765187
CP065322.1_2190	TRANS	5	24	0
CP065322.1_2190	Grip	8	42	2620.3820210893
CP065322.1_2190	TRANS	39	58	0
CP065322.1_2191	SIGNAL	1	20	0
CP065322.1_2195	SIGNAL	1	19	0
CP065322.1_2196	SO	1	48	1910.35243972735
CP065322.1_2196	CxxC_CXXC_SSSS	1	34	5881.60836801302
CP065322.1_2196	Copper-fist	1	37	46789.0542032152
CP065322.1_2196	RING	2	22	1765.39435747994
CP065322.1_2196	ZnF_C2C2	2	28	744.509074415602
CP065322.1_2196	ZnF_RBZ	3	25	358.925963330414
CP065322.1_2196	LIM	3	44	513.683757296037
CP065322.1_2196	ZnF_C2HC	3	21	260.553283355131
CP065322.1_2196	Molybdop_Fe4S4	12	55	62567.7971932529
CP065322.1_2200	Defensin_propep	1	44	44066.1108504014
CP065322.1_2200	SIGNAL	1	19	0
CP065322.1_2201	TRANS	7	24	0
CP065322.1_2201	TRANS	34	54	0
CP065322.1_2204	SIGNAL	1	17	0
CP065322.1_2205	SIGNAL	1	24	0
CP065322.1_2205	Defensin_propep	11	47	59623.056784614
CP065322.1_2206	SIGNAL	1	22	0
CP065322.1_2208	CAT_RBD	3	42	101211.872114416
CP065322.1_2209	TRANS	27	49	0
CP065322.1_2211	SIGNAL	1	23	0
CP065322.1_2215	PRY	4	48	1786.18525108752
CP065322.1_2217	RL11	9	60	0.00815779811673712
CP065322.1_2218	NGN	8	60	386.602843453333
CP065322.1_2219	TRANS	38	57	0
CP065322.1_2221	LsmAD	8	54	38418.8896155274
CP065322.1_2222	PHD	3	38	1067.36969461444
CP065322.1_2222	ZnF_RBZ	5	17	1992.21459100331
CP065322.1_2222	zf-C4_ClpX	8	48	0.0173722519825621
CP065322.1_2222	C1_4	10	43	68348.1591795763
CP065322.1_2222	zf-AD	10	54	114334.655465681
CP065322.1_2225	SIGNAL	1	21	0
CP065322.1_2226	TRANS	4	26	0
CP065322.1_2227	NMU	1	24	573.492444808825
CP065322.1_2228	TRANS	42	59	0
CP065322.1_2230	TRANS	13	35	0
CP065322.1_2231	SIGNAL	1	25	0
CP065322.1_2232	SIGNAL	1	24	0
CP065322.1_2233	SIGNAL	1	20	0
CP065322.1_2233	TRANS	5	27	0
CP065322.1_2233	PADR1	14	59	53493.3327823954
CP065322.1_2233	CxxC_CXXC_SSSS	34	60	25890.5198204948
CP065322.1_2234	TRANS	7	29	0
CP065322.1_2235	TRANS	25	47	0
CP065322.1_2236	TRANS	4	23	0
CP065322.1_2237	SIGNAL	1	26	0
CP065322.1_2238	HTH_ARSR	6	59	0.00222934412879762
CP065322.1_2238	cwf21	23	60	20453.1785914941
CP065322.1_2240	GASTRIN	14	27	98.5106337980304
CP065322.1_2245	SIGNAL	1	22	0
CP065322.1_2248	EFh	5	33	1404.40348066789
CP065322.1_2249	SIGNAL	1	34	0
CP065322.1_2249	Defensin_propep	19	60	283926.269109923
CP065322.1_2253	HTH_ARSR	10	59	2108.46481958194
CP065322.1_2253	HTH_GNTR	15	60	975.71941413692
CP065322.1_2256	SIGNAL	1	21	0
CP065322.1_2257	ZnF_C2C2	9	45	147.684806947787
CP065322.1_2257	LDLa	25	58	273.362051838184
CP065322.1_2258	SIGNAL	1	17	0
CP065322.1_2258	TRANS	4	23	0
CP065322.1_2260	FeoA	5	60	0.215258264675802
CP065322.1_2261	FeoA	20	60	31414.3476889128
CP065322.1_2262	TRANS	7	29	0
CP065322.1_2269	SIGNAL	1	28	0
CP065322.1_2270	TRANS	10	32	0
CP065322.1_2271	TRANS	10	32	0
CP065322.1_2273	Defensin_propep	1	42	250388.265060986
CP065322.1_2273	SIGNAL	1	23	0
CP065322.1_2273	TRANS	4	23	0
CP065322.1_2273	PKS_PP_betabranch	6	44	31976.7159510939
CP065322.1_2275	TRANS	20	42	0
